Checking whether the ASM compiler is GNU using "--version" did not match "(GNU assembler)|(GCC)|(Free Software Foundation)":
Apple clang version 14.0.3 (clang-1403.0.22.14.1)
Target: x86_64-apple-darwin22.4.0
Thread model: posix
InstalledDir: /Applications/Xcode.app/Contents/Developer/Toolchains/XcodeDefault.xctoolchain/usr/bin
Determining if the include file link.h exists failed with the following output:
Change Dir: /Users/bangcle/apple-llvm-project_ios/build/NATIVE/CMakeFiles/CMakeTmp

Run Build Command(s):/usr/bin/xcodebuild -project CMAKE_TRY_COMPILE.xcodeproj build -target cmTC_7e474 -parallelizeTargets -configuration Debug -hideShellScriptEnvironment && 2023-05-09 11:10:59.795 xcodebuild[17782:5397331] DVTCoreDeviceEnabledState: DVTCoreDeviceEnabledState_Disabled set via user default (DVTEnableCoreDevice=disabled)
Command line invocation:
    /Applications/Xcode.app/Contents/Developer/usr/bin/xcodebuild -project CMAKE_TRY_COMPILE.xcodeproj build -target cmTC_7e474 -parallelizeTargets -configuration Debug -hideShellScriptEnvironment

User defaults from command line:
    HideShellScriptEnvironment = YES
    IDEPackageSupportToolchainOverrideForManifestLoading = com.apple.dt.toolchain.XcodeDefault
    IDEPackageSupportUseBuiltinSCM = YES

Build settings from command line:
    TOOLCHAINS = com.apple.dt.toolchain.XcodeDefault

Computing target dependency graph and provisioning inputs

Create build description
Build description signature: 509df0f240d479e0e19b78b218134fc6
Build description path: /Users/bangcle/apple-llvm-project_ios/build/NATIVE/CMakeFiles/CMakeTmp/build/XCBuildData/509df0f240d479e0e19b78b218134fc6.xcbuilddata

note: Building targets in dependency order
warning: The iOS deployment target 'IPHONEOS_DEPLOYMENT_TARGET' is set to 10.0, but the range of supported deployment target versions is 11.0 to 16.4.99.
note: Using global toolchain override 'Xcode Default'.
CreateBuildDirectory /Users/bangcle/apple-llvm-project_ios/build/NATIVE/CMakeFiles/CMakeTmp
    cd /Users/bangcle/apple-llvm-project_ios/build/NATIVE/CMakeFiles/CMakeTmp/CMAKE_TRY_COMPILE.xcodeproj
    builtin-create-build-directory /Users/bangcle/apple-llvm-project_ios/build/NATIVE/CMakeFiles/CMakeTmp

ClangStatCache /Applications/Xcode.app/Contents/Developer/Toolchains/XcodeDefault.xctoolchain/usr/bin/clang-stat-cache /Applications/Xcode.app/Contents/Developer/Platforms/iPhoneOS.platform/Developer/SDKs/iPhoneOS16.4.sdk /var/folders/30/2gj68zcd49l4mylgmzd1d7n40000gn/C/com.apple.DeveloperTools/14.3-14E222b/Xcode/14.3-14E222b/Xcode/SDKStatCaches.noindex/iphoneos16.4-20E238-com_apple_dt_toolchain_XcodeDefault_com_apple_dt_toolchain_XcodeDefault.sdkstatcache
    cd /Users/bangcle/apple-llvm-project_ios/build/NATIVE/CMakeFiles/CMakeTmp/CMAKE_TRY_COMPILE.xcodeproj
    /Applications/Xcode.app/Contents/Developer/Toolchains/XcodeDefault.xctoolchain/usr/bin/clang-stat-cache /Applications/Xcode.app/Contents/Developer/Platforms/iPhoneOS.platform/Developer/SDKs/iPhoneOS16.4.sdk -o /var/folders/30/2gj68zcd49l4mylgmzd1d7n40000gn/C/com.apple.DeveloperTools/14.3-14E222b/Xcode/14.3-14E222b/Xcode/SDKStatCaches.noindex/iphoneos16.4-20E238-com_apple_dt_toolchain_XcodeDefault_com_apple_dt_toolchain_XcodeDefault.sdkstatcache

CreateBuildDirectory /Users/bangcle/apple-llvm-project_ios/build/NATIVE/CMakeFiles/CMakeTmp/Debug
    cd /Users/bangcle/apple-llvm-project_ios/build/NATIVE/CMakeFiles/CMakeTmp/CMAKE_TRY_COMPILE.xcodeproj
    builtin-create-build-directory /Users/bangcle/apple-llvm-project_ios/build/NATIVE/CMakeFiles/CMakeTmp/Debug

CreateBuildDirectory /Users/bangcle/apple-llvm-project_ios/build/NATIVE/CMakeFiles/CMakeTmp/EagerLinkingTBDs/Debug-iphoneos
    cd /Users/bangcle/apple-llvm-project_ios/build/NATIVE/CMakeFiles/CMakeTmp/CMAKE_TRY_COMPILE.xcodeproj
    builtin-create-build-directory /Users/bangcle/apple-llvm-project_ios/build/NATIVE/CMakeFiles/CMakeTmp/EagerLinkingTBDs/Debug-iphoneos

WriteAuxiliaryFile /Users/bangcle/apple-llvm-project_ios/build/NATIVE/CMakeFiles/CMakeTmp/CMAKE_TRY_COMPILE.build/Debug-iphoneos/cmTC_7e474.build/Objects-normal/arm64/cmTC_7e474.LinkFileList (in target 'cmTC_7e474' from project 'CMAKE_TRY_COMPILE')
    cd /Users/bangcle/apple-llvm-project_ios/build/NATIVE/CMakeFiles/CMakeTmp
    write-file /Users/bangcle/apple-llvm-project_ios/build/NATIVE/CMakeFiles/CMakeTmp/CMAKE_TRY_COMPILE.build/Debug-iphoneos/cmTC_7e474.build/Objects-normal/arm64/cmTC_7e474.LinkFileList

CompileC /Users/bangcle/apple-llvm-project_ios/build/NATIVE/CMakeFiles/CMakeTmp/CMAKE_TRY_COMPILE.build/Debug-iphoneos/cmTC_7e474.build/Objects-normal/arm64/CheckIncludeFile.o /Users/bangcle/apple-llvm-project_ios/build/NATIVE/CMakeFiles/CMakeTmp/CheckIncludeFile.c normal arm64 c com.apple.compilers.llvm.clang.1_0.compiler (in target 'cmTC_7e474' from project 'CMAKE_TRY_COMPILE')
    cd /Users/bangcle/apple-llvm-project_ios/build/NATIVE/CMakeFiles/CMakeTmp
    /Applications/Xcode.app/Contents/Developer/Toolchains/XcodeDefault.xctoolchain/usr/bin/clang -x c -ivfsstatcache /var/folders/30/2gj68zcd49l4mylgmzd1d7n40000gn/C/com.apple.DeveloperTools/14.3-14E222b/Xcode/14.3-14E222b/Xcode/SDKStatCaches.noindex/iphoneos16.4-20E238-com_apple_dt_toolchain_XcodeDefault_com_apple_dt_toolchain_XcodeDefault.sdkstatcache -target arm64-apple-ios16.4 -fmessage-length\=0 -fdiagnostics-show-note-include-stack -fmacro-backtrace-limit\=0 -Wno-trigraphs -fpascal-strings -O0 -Wno-missing-field-initializers -Wno-missing-prototypes -Wno-return-type -Wno-missing-braces -Wparentheses -Wswitch -Wno-unused-function -Wno-unused-label -Wno-unused-parameter -Wno-unused-variable -Wunused-value -Wno-empty-body -Wno-uninitialized -Wno-unknown-pragmas -Wno-shadow -Wno-four-char-constants -Wno-conversion -Wno-constant-conversion -Wno-int-conversion -Wno-bool-conversion -Wno-enum-conversion -Wno-float-conversion -Wno-non-literal-null-conversion -Wno-objc-literal-conversion -Wshorten-64-to-32 -Wpointer-sign -Wno-newline-eof -Wno-implicit-fallthrough -DCMAKE_INTDIR\=\"Debug-iphoneos\" -isysroot /Applications/Xcode.app/Contents/Developer/Platforms/iPhoneOS.platform/Developer/SDKs/iPhoneOS16.4.sdk -fstrict-aliasing -Wdeprecated-declarations -g -Wno-sign-conversion -Wno-infinite-recursion -Wno-comma -Wno-block-capture-autoreleasing -Wno-strict-prototypes -Wno-semicolon-before-method-body -I/Users/bangcle/apple-llvm-project_ios/build/NATIVE/CMakeFiles/CMakeTmp/Debug/include -I/Users/bangcle/apple-llvm-project_ios/build/NATIVE/CMakeFiles/CMakeTmp/CMAKE_TRY_COMPILE.build/Debug-iphoneos/cmTC_7e474.build/DerivedSources-normal/arm64 -I/Users/bangcle/apple-llvm-project_ios/build/NATIVE/CMakeFiles/CMakeTmp/CMAKE_TRY_COMPILE.build/Debug-iphoneos/cmTC_7e474.build/DerivedSources/arm64 -I/Users/bangcle/apple-llvm-project_ios/build/NATIVE/CMakeFiles/CMakeTmp/CMAKE_TRY_COMPILE.build/Debug-iphoneos/cmTC_7e474.build/DerivedSources -F/Users/bangcle/apple-llvm-project_ios/build/NATIVE/CMakeFiles/CMakeTmp/Debug -DWITH_BKS -DWITH_FBS -DWITH_LOCKDOWN -MMD -MT dependencies -MF /Users/bangcle/apple-llvm-project_ios/build/NATIVE/CMakeFiles/CMakeTmp/CMAKE_TRY_COMPILE.build/Debug-iphoneos/cmTC_7e474.build/Objects-normal/arm64/CheckIncludeFile.d --serialize-diagnostics /Users/bangcle/apple-llvm-project_ios/build/NATIVE/CMakeFiles/CMakeTmp/CMAKE_TRY_COMPILE.build/Debug-iphoneos/cmTC_7e474.build/Objects-normal/arm64/CheckIncludeFile.dia -c /Users/bangcle/apple-llvm-project_ios/build/NATIVE/CMakeFiles/CMakeTmp/CheckIncludeFile.c -o /Users/bangcle/apple-llvm-project_ios/build/NATIVE/CMakeFiles/CMakeTmp/CMAKE_TRY_COMPILE.build/Debug-iphoneos/cmTC_7e474.build/Objects-normal/arm64/CheckIncludeFile.o
/Users/bangcle/apple-llvm-project_ios/build/NATIVE/CMakeFiles/CMakeTmp/CheckIncludeFile.c:1:10: fatal error: 'link.h' file not found
#include <link.h>
         ^~~~~~~~
1 error generated.

note: Using global toolchain override 'Xcode Default'. (in target 'cmTC_7e474' from project 'CMAKE_TRY_COMPILE')
** BUILD FAILED **


The following build commands failed:
	CompileC /Users/bangcle/apple-llvm-project_ios/build/NATIVE/CMakeFiles/CMakeTmp/CMAKE_TRY_COMPILE.build/Debug-iphoneos/cmTC_7e474.build/Objects-normal/arm64/CheckIncludeFile.o /Users/bangcle/apple-llvm-project_ios/build/NATIVE/CMakeFiles/CMakeTmp/CheckIncludeFile.c normal arm64 c com.apple.compilers.llvm.clang.1_0.compiler (in target 'cmTC_7e474' from project 'CMAKE_TRY_COMPILE')
(1 failure)



Determining if the include file valgrind/valgrind.h exists failed with the following output:
Change Dir: /Users/bangcle/apple-llvm-project_ios/build/NATIVE/CMakeFiles/CMakeTmp

Run Build Command(s):/usr/bin/xcodebuild -project CMAKE_TRY_COMPILE.xcodeproj build -target cmTC_1c269 -parallelizeTargets -configuration Debug -hideShellScriptEnvironment && 2023-05-09 11:11:31.502 xcodebuild[18027:5399440] DVTCoreDeviceEnabledState: DVTCoreDeviceEnabledState_Disabled set via user default (DVTEnableCoreDevice=disabled)
Command line invocation:
    /Applications/Xcode.app/Contents/Developer/usr/bin/xcodebuild -project CMAKE_TRY_COMPILE.xcodeproj build -target cmTC_1c269 -parallelizeTargets -configuration Debug -hideShellScriptEnvironment

User defaults from command line:
    HideShellScriptEnvironment = YES
    IDEPackageSupportToolchainOverrideForManifestLoading = com.apple.dt.toolchain.XcodeDefault
    IDEPackageSupportUseBuiltinSCM = YES

Build settings from command line:
    TOOLCHAINS = com.apple.dt.toolchain.XcodeDefault

Computing target dependency graph and provisioning inputs

Create build description
Build description signature: 9c49971486862c85ef6cf2f891c3ada5
Build description path: /Users/bangcle/apple-llvm-project_ios/build/NATIVE/CMakeFiles/CMakeTmp/build/XCBuildData/9c49971486862c85ef6cf2f891c3ada5.xcbuilddata

note: Building targets in dependency order
warning: The iOS deployment target 'IPHONEOS_DEPLOYMENT_TARGET' is set to 10.0, but the range of supported deployment target versions is 11.0 to 16.4.99.
note: Using global toolchain override 'Xcode Default'.
CreateBuildDirectory /Users/bangcle/apple-llvm-project_ios/build/NATIVE/CMakeFiles/CMakeTmp
    cd /Users/bangcle/apple-llvm-project_ios/build/NATIVE/CMakeFiles/CMakeTmp/CMAKE_TRY_COMPILE.xcodeproj
    builtin-create-build-directory /Users/bangcle/apple-llvm-project_ios/build/NATIVE/CMakeFiles/CMakeTmp

ClangStatCache /Applications/Xcode.app/Contents/Developer/Toolchains/XcodeDefault.xctoolchain/usr/bin/clang-stat-cache /Applications/Xcode.app/Contents/Developer/Platforms/iPhoneOS.platform/Developer/SDKs/iPhoneOS16.4.sdk /var/folders/30/2gj68zcd49l4mylgmzd1d7n40000gn/C/com.apple.DeveloperTools/14.3-14E222b/Xcode/14.3-14E222b/Xcode/SDKStatCaches.noindex/iphoneos16.4-20E238-com_apple_dt_toolchain_XcodeDefault_com_apple_dt_toolchain_XcodeDefault.sdkstatcache
    cd /Users/bangcle/apple-llvm-project_ios/build/NATIVE/CMakeFiles/CMakeTmp/CMAKE_TRY_COMPILE.xcodeproj
    /Applications/Xcode.app/Contents/Developer/Toolchains/XcodeDefault.xctoolchain/usr/bin/clang-stat-cache /Applications/Xcode.app/Contents/Developer/Platforms/iPhoneOS.platform/Developer/SDKs/iPhoneOS16.4.sdk -o /var/folders/30/2gj68zcd49l4mylgmzd1d7n40000gn/C/com.apple.DeveloperTools/14.3-14E222b/Xcode/14.3-14E222b/Xcode/SDKStatCaches.noindex/iphoneos16.4-20E238-com_apple_dt_toolchain_XcodeDefault_com_apple_dt_toolchain_XcodeDefault.sdkstatcache

CreateBuildDirectory /Users/bangcle/apple-llvm-project_ios/build/NATIVE/CMakeFiles/CMakeTmp/Debug
    cd /Users/bangcle/apple-llvm-project_ios/build/NATIVE/CMakeFiles/CMakeTmp/CMAKE_TRY_COMPILE.xcodeproj
    builtin-create-build-directory /Users/bangcle/apple-llvm-project_ios/build/NATIVE/CMakeFiles/CMakeTmp/Debug

CreateBuildDirectory /Users/bangcle/apple-llvm-project_ios/build/NATIVE/CMakeFiles/CMakeTmp/EagerLinkingTBDs/Debug-iphoneos
    cd /Users/bangcle/apple-llvm-project_ios/build/NATIVE/CMakeFiles/CMakeTmp/CMAKE_TRY_COMPILE.xcodeproj
    builtin-create-build-directory /Users/bangcle/apple-llvm-project_ios/build/NATIVE/CMakeFiles/CMakeTmp/EagerLinkingTBDs/Debug-iphoneos

WriteAuxiliaryFile /Users/bangcle/apple-llvm-project_ios/build/NATIVE/CMakeFiles/CMakeTmp/CMAKE_TRY_COMPILE.build/Debug-iphoneos/cmTC_1c269.build/Objects-normal/arm64/cmTC_1c269.LinkFileList (in target 'cmTC_1c269' from project 'CMAKE_TRY_COMPILE')
    cd /Users/bangcle/apple-llvm-project_ios/build/NATIVE/CMakeFiles/CMakeTmp
    write-file /Users/bangcle/apple-llvm-project_ios/build/NATIVE/CMakeFiles/CMakeTmp/CMAKE_TRY_COMPILE.build/Debug-iphoneos/cmTC_1c269.build/Objects-normal/arm64/cmTC_1c269.LinkFileList

CompileC /Users/bangcle/apple-llvm-project_ios/build/NATIVE/CMakeFiles/CMakeTmp/CMAKE_TRY_COMPILE.build/Debug-iphoneos/cmTC_1c269.build/Objects-normal/arm64/CheckIncludeFile.o /Users/bangcle/apple-llvm-project_ios/build/NATIVE/CMakeFiles/CMakeTmp/CheckIncludeFile.c normal arm64 c com.apple.compilers.llvm.clang.1_0.compiler (in target 'cmTC_1c269' from project 'CMAKE_TRY_COMPILE')
    cd /Users/bangcle/apple-llvm-project_ios/build/NATIVE/CMakeFiles/CMakeTmp
    /Applications/Xcode.app/Contents/Developer/Toolchains/XcodeDefault.xctoolchain/usr/bin/clang -x c -ivfsstatcache /var/folders/30/2gj68zcd49l4mylgmzd1d7n40000gn/C/com.apple.DeveloperTools/14.3-14E222b/Xcode/14.3-14E222b/Xcode/SDKStatCaches.noindex/iphoneos16.4-20E238-com_apple_dt_toolchain_XcodeDefault_com_apple_dt_toolchain_XcodeDefault.sdkstatcache -target arm64-apple-ios16.4 -fmessage-length\=0 -fdiagnostics-show-note-include-stack -fmacro-backtrace-limit\=0 -Wno-trigraphs -fpascal-strings -O0 -Wno-missing-field-initializers -Wno-missing-prototypes -Wno-return-type -Wno-missing-braces -Wparentheses -Wswitch -Wno-unused-function -Wno-unused-label -Wno-unused-parameter -Wno-unused-variable -Wunused-value -Wno-empty-body -Wno-uninitialized -Wno-unknown-pragmas -Wno-shadow -Wno-four-char-constants -Wno-conversion -Wno-constant-conversion -Wno-int-conversion -Wno-bool-conversion -Wno-enum-conversion -Wno-float-conversion -Wno-non-literal-null-conversion -Wno-objc-literal-conversion -Wshorten-64-to-32 -Wpointer-sign -Wno-newline-eof -Wno-implicit-fallthrough -DCMAKE_INTDIR\=\"Debug-iphoneos\" -isysroot /Applications/Xcode.app/Contents/Developer/Platforms/iPhoneOS.platform/Developer/SDKs/iPhoneOS16.4.sdk -fstrict-aliasing -Wdeprecated-declarations -g -Wno-sign-conversion -Wno-infinite-recursion -Wno-comma -Wno-block-capture-autoreleasing -Wno-strict-prototypes -Wno-semicolon-before-method-body -I/Users/bangcle/apple-llvm-project_ios/build/NATIVE/CMakeFiles/CMakeTmp/Debug/include -I/Users/bangcle/apple-llvm-project_ios/build/NATIVE/CMakeFiles/CMakeTmp/CMAKE_TRY_COMPILE.build/Debug-iphoneos/cmTC_1c269.build/DerivedSources-normal/arm64 -I/Users/bangcle/apple-llvm-project_ios/build/NATIVE/CMakeFiles/CMakeTmp/CMAKE_TRY_COMPILE.build/Debug-iphoneos/cmTC_1c269.build/DerivedSources/arm64 -I/Users/bangcle/apple-llvm-project_ios/build/NATIVE/CMakeFiles/CMakeTmp/CMAKE_TRY_COMPILE.build/Debug-iphoneos/cmTC_1c269.build/DerivedSources -F/Users/bangcle/apple-llvm-project_ios/build/NATIVE/CMakeFiles/CMakeTmp/Debug -DWITH_BKS -DWITH_FBS -DWITH_LOCKDOWN -MMD -MT dependencies -MF /Users/bangcle/apple-llvm-project_ios/build/NATIVE/CMakeFiles/CMakeTmp/CMAKE_TRY_COMPILE.build/Debug-iphoneos/cmTC_1c269.build/Objects-normal/arm64/CheckIncludeFile.d --serialize-diagnostics /Users/bangcle/apple-llvm-project_ios/build/NATIVE/CMakeFiles/CMakeTmp/CMAKE_TRY_COMPILE.build/Debug-iphoneos/cmTC_1c269.build/Objects-normal/arm64/CheckIncludeFile.dia -c /Users/bangcle/apple-llvm-project_ios/build/NATIVE/CMakeFiles/CMakeTmp/CheckIncludeFile.c -o /Users/bangcle/apple-llvm-project_ios/build/NATIVE/CMakeFiles/CMakeTmp/CMAKE_TRY_COMPILE.build/Debug-iphoneos/cmTC_1c269.build/Objects-normal/arm64/CheckIncludeFile.o
/Users/bangcle/apple-llvm-project_ios/build/NATIVE/CMakeFiles/CMakeTmp/CheckIncludeFile.c:1:10: fatal error: 'valgrind/valgrind.h' file not found
#include <valgrind/valgrind.h>
         ^~~~~~~~~~~~~~~~~~~~~
1 error generated.

note: Using global toolchain override 'Xcode Default'. (in target 'cmTC_1c269' from project 'CMAKE_TRY_COMPILE')
** BUILD FAILED **


The following build commands failed:
	CompileC /Users/bangcle/apple-llvm-project_ios/build/NATIVE/CMakeFiles/CMakeTmp/CMAKE_TRY_COMPILE.build/Debug-iphoneos/cmTC_1c269.build/Objects-normal/arm64/CheckIncludeFile.o /Users/bangcle/apple-llvm-project_ios/build/NATIVE/CMakeFiles/CMakeTmp/CheckIncludeFile.c normal arm64 c com.apple.compilers.llvm.clang.1_0.compiler (in target 'cmTC_1c269' from project 'CMAKE_TRY_COMPILE')
(1 failure)



Determining if the include file histedit.h exists failed with the following output:
Change Dir: /Users/bangcle/apple-llvm-project_ios/build/NATIVE/CMakeFiles/CMakeTmp

Run Build Command(s):/usr/bin/xcodebuild -project CMAKE_TRY_COMPILE.xcodeproj build -target cmTC_83d4c -parallelizeTargets -configuration Debug -hideShellScriptEnvironment && 2023-05-09 11:11:42.432 xcodebuild[18112:5400168] DVTCoreDeviceEnabledState: DVTCoreDeviceEnabledState_Disabled set via user default (DVTEnableCoreDevice=disabled)
Command line invocation:
    /Applications/Xcode.app/Contents/Developer/usr/bin/xcodebuild -project CMAKE_TRY_COMPILE.xcodeproj build -target cmTC_83d4c -parallelizeTargets -configuration Debug -hideShellScriptEnvironment

User defaults from command line:
    HideShellScriptEnvironment = YES
    IDEPackageSupportToolchainOverrideForManifestLoading = com.apple.dt.toolchain.XcodeDefault
    IDEPackageSupportUseBuiltinSCM = YES

Build settings from command line:
    TOOLCHAINS = com.apple.dt.toolchain.XcodeDefault

Computing target dependency graph and provisioning inputs

Create build description
Build description signature: eb97772a316dab2bb897ab7783cf559a
Build description path: /Users/bangcle/apple-llvm-project_ios/build/NATIVE/CMakeFiles/CMakeTmp/build/XCBuildData/eb97772a316dab2bb897ab7783cf559a.xcbuilddata

note: Building targets in dependency order
warning: The iOS deployment target 'IPHONEOS_DEPLOYMENT_TARGET' is set to 10.0, but the range of supported deployment target versions is 11.0 to 16.4.99.
note: Using global toolchain override 'Xcode Default'.
CreateBuildDirectory /Users/bangcle/apple-llvm-project_ios/build/NATIVE/CMakeFiles/CMakeTmp
    cd /Users/bangcle/apple-llvm-project_ios/build/NATIVE/CMakeFiles/CMakeTmp/CMAKE_TRY_COMPILE.xcodeproj
    builtin-create-build-directory /Users/bangcle/apple-llvm-project_ios/build/NATIVE/CMakeFiles/CMakeTmp

ClangStatCache /Applications/Xcode.app/Contents/Developer/Toolchains/XcodeDefault.xctoolchain/usr/bin/clang-stat-cache /Applications/Xcode.app/Contents/Developer/Platforms/iPhoneOS.platform/Developer/SDKs/iPhoneOS16.4.sdk /var/folders/30/2gj68zcd49l4mylgmzd1d7n40000gn/C/com.apple.DeveloperTools/14.3-14E222b/Xcode/14.3-14E222b/Xcode/SDKStatCaches.noindex/iphoneos16.4-20E238-com_apple_dt_toolchain_XcodeDefault_com_apple_dt_toolchain_XcodeDefault.sdkstatcache
    cd /Users/bangcle/apple-llvm-project_ios/build/NATIVE/CMakeFiles/CMakeTmp/CMAKE_TRY_COMPILE.xcodeproj
    /Applications/Xcode.app/Contents/Developer/Toolchains/XcodeDefault.xctoolchain/usr/bin/clang-stat-cache /Applications/Xcode.app/Contents/Developer/Platforms/iPhoneOS.platform/Developer/SDKs/iPhoneOS16.4.sdk -o /var/folders/30/2gj68zcd49l4mylgmzd1d7n40000gn/C/com.apple.DeveloperTools/14.3-14E222b/Xcode/14.3-14E222b/Xcode/SDKStatCaches.noindex/iphoneos16.4-20E238-com_apple_dt_toolchain_XcodeDefault_com_apple_dt_toolchain_XcodeDefault.sdkstatcache

CreateBuildDirectory /Users/bangcle/apple-llvm-project_ios/build/NATIVE/CMakeFiles/CMakeTmp/Debug
    cd /Users/bangcle/apple-llvm-project_ios/build/NATIVE/CMakeFiles/CMakeTmp/CMAKE_TRY_COMPILE.xcodeproj
    builtin-create-build-directory /Users/bangcle/apple-llvm-project_ios/build/NATIVE/CMakeFiles/CMakeTmp/Debug

CreateBuildDirectory /Users/bangcle/apple-llvm-project_ios/build/NATIVE/CMakeFiles/CMakeTmp/EagerLinkingTBDs/Debug-iphoneos
    cd /Users/bangcle/apple-llvm-project_ios/build/NATIVE/CMakeFiles/CMakeTmp/CMAKE_TRY_COMPILE.xcodeproj
    builtin-create-build-directory /Users/bangcle/apple-llvm-project_ios/build/NATIVE/CMakeFiles/CMakeTmp/EagerLinkingTBDs/Debug-iphoneos

WriteAuxiliaryFile /Users/bangcle/apple-llvm-project_ios/build/NATIVE/CMakeFiles/CMakeTmp/CMAKE_TRY_COMPILE.build/Debug-iphoneos/cmTC_83d4c.build/Objects-normal/arm64/cmTC_83d4c.LinkFileList (in target 'cmTC_83d4c' from project 'CMAKE_TRY_COMPILE')
    cd /Users/bangcle/apple-llvm-project_ios/build/NATIVE/CMakeFiles/CMakeTmp
    write-file /Users/bangcle/apple-llvm-project_ios/build/NATIVE/CMakeFiles/CMakeTmp/CMAKE_TRY_COMPILE.build/Debug-iphoneos/cmTC_83d4c.build/Objects-normal/arm64/cmTC_83d4c.LinkFileList

CompileC /Users/bangcle/apple-llvm-project_ios/build/NATIVE/CMakeFiles/CMakeTmp/CMAKE_TRY_COMPILE.build/Debug-iphoneos/cmTC_83d4c.build/Objects-normal/arm64/CheckIncludeFile.o /Users/bangcle/apple-llvm-project_ios/build/NATIVE/CMakeFiles/CMakeTmp/CheckIncludeFile.c normal arm64 c com.apple.compilers.llvm.clang.1_0.compiler (in target 'cmTC_83d4c' from project 'CMAKE_TRY_COMPILE')
    cd /Users/bangcle/apple-llvm-project_ios/build/NATIVE/CMakeFiles/CMakeTmp
    /Applications/Xcode.app/Contents/Developer/Toolchains/XcodeDefault.xctoolchain/usr/bin/clang -x c -ivfsstatcache /var/folders/30/2gj68zcd49l4mylgmzd1d7n40000gn/C/com.apple.DeveloperTools/14.3-14E222b/Xcode/14.3-14E222b/Xcode/SDKStatCaches.noindex/iphoneos16.4-20E238-com_apple_dt_toolchain_XcodeDefault_com_apple_dt_toolchain_XcodeDefault.sdkstatcache -target arm64-apple-ios16.4 -fmessage-length\=0 -fdiagnostics-show-note-include-stack -fmacro-backtrace-limit\=0 -Wno-trigraphs -fpascal-strings -O0 -Wno-missing-field-initializers -Wno-missing-prototypes -Wno-return-type -Wno-missing-braces -Wparentheses -Wswitch -Wno-unused-function -Wno-unused-label -Wno-unused-parameter -Wno-unused-variable -Wunused-value -Wno-empty-body -Wno-uninitialized -Wno-unknown-pragmas -Wno-shadow -Wno-four-char-constants -Wno-conversion -Wno-constant-conversion -Wno-int-conversion -Wno-bool-conversion -Wno-enum-conversion -Wno-float-conversion -Wno-non-literal-null-conversion -Wno-objc-literal-conversion -Wshorten-64-to-32 -Wpointer-sign -Wno-newline-eof -Wno-implicit-fallthrough -DCMAKE_INTDIR\=\"Debug-iphoneos\" -isysroot /Applications/Xcode.app/Contents/Developer/Platforms/iPhoneOS.platform/Developer/SDKs/iPhoneOS16.4.sdk -fstrict-aliasing -Wdeprecated-declarations -g -Wno-sign-conversion -Wno-infinite-recursion -Wno-comma -Wno-block-capture-autoreleasing -Wno-strict-prototypes -Wno-semicolon-before-method-body -I/Users/bangcle/apple-llvm-project_ios/build/NATIVE/CMakeFiles/CMakeTmp/Debug/include -I/Users/bangcle/apple-llvm-project_ios/build/NATIVE/CMakeFiles/CMakeTmp/CMAKE_TRY_COMPILE.build/Debug-iphoneos/cmTC_83d4c.build/DerivedSources-normal/arm64 -I/Users/bangcle/apple-llvm-project_ios/build/NATIVE/CMakeFiles/CMakeTmp/CMAKE_TRY_COMPILE.build/Debug-iphoneos/cmTC_83d4c.build/DerivedSources/arm64 -I/Users/bangcle/apple-llvm-project_ios/build/NATIVE/CMakeFiles/CMakeTmp/CMAKE_TRY_COMPILE.build/Debug-iphoneos/cmTC_83d4c.build/DerivedSources -F/Users/bangcle/apple-llvm-project_ios/build/NATIVE/CMakeFiles/CMakeTmp/Debug -DWITH_BKS -DWITH_FBS -DWITH_LOCKDOWN -MMD -MT dependencies -MF /Users/bangcle/apple-llvm-project_ios/build/NATIVE/CMakeFiles/CMakeTmp/CMAKE_TRY_COMPILE.build/Debug-iphoneos/cmTC_83d4c.build/Objects-normal/arm64/CheckIncludeFile.d --serialize-diagnostics /Users/bangcle/apple-llvm-project_ios/build/NATIVE/CMakeFiles/CMakeTmp/CMAKE_TRY_COMPILE.build/Debug-iphoneos/cmTC_83d4c.build/Objects-normal/arm64/CheckIncludeFile.dia -c /Users/bangcle/apple-llvm-project_ios/build/NATIVE/CMakeFiles/CMakeTmp/CheckIncludeFile.c -o /Users/bangcle/apple-llvm-project_ios/build/NATIVE/CMakeFiles/CMakeTmp/CMAKE_TRY_COMPILE.build/Debug-iphoneos/cmTC_83d4c.build/Objects-normal/arm64/CheckIncludeFile.o
/Users/bangcle/apple-llvm-project_ios/build/NATIVE/CMakeFiles/CMakeTmp/CheckIncludeFile.c:1:10: fatal error: 'histedit.h' file not found
#include <histedit.h>
         ^~~~~~~~~~~~
1 error generated.

note: Using global toolchain override 'Xcode Default'. (in target 'cmTC_83d4c' from project 'CMAKE_TRY_COMPILE')
** BUILD FAILED **


The following build commands failed:
	CompileC /Users/bangcle/apple-llvm-project_ios/build/NATIVE/CMakeFiles/CMakeTmp/CMAKE_TRY_COMPILE.build/Debug-iphoneos/cmTC_83d4c.build/Objects-normal/arm64/CheckIncludeFile.o /Users/bangcle/apple-llvm-project_ios/build/NATIVE/CMakeFiles/CMakeTmp/CheckIncludeFile.c normal arm64 c com.apple.compilers.llvm.clang.1_0.compiler (in target 'cmTC_83d4c' from project 'CMAKE_TRY_COMPILE')
(1 failure)



Determining if the include file CrashReporterClient.h exists failed with the following output:
Change Dir: /Users/bangcle/apple-llvm-project_ios/build/NATIVE/CMakeFiles/CMakeTmp

Run Build Command(s):/usr/bin/xcodebuild -project CMAKE_TRY_COMPILE.xcodeproj build -target cmTC_beeb8 -parallelizeTargets -configuration Debug -hideShellScriptEnvironment && 2023-05-09 11:11:44.662 xcodebuild[18127:5400313] DVTCoreDeviceEnabledState: DVTCoreDeviceEnabledState_Disabled set via user default (DVTEnableCoreDevice=disabled)
Command line invocation:
    /Applications/Xcode.app/Contents/Developer/usr/bin/xcodebuild -project CMAKE_TRY_COMPILE.xcodeproj build -target cmTC_beeb8 -parallelizeTargets -configuration Debug -hideShellScriptEnvironment

User defaults from command line:
    HideShellScriptEnvironment = YES
    IDEPackageSupportToolchainOverrideForManifestLoading = com.apple.dt.toolchain.XcodeDefault
    IDEPackageSupportUseBuiltinSCM = YES

Build settings from command line:
    TOOLCHAINS = com.apple.dt.toolchain.XcodeDefault

Computing target dependency graph and provisioning inputs

Create build description
Build description signature: df23ce1e30872536c914e8e587d8e807
Build description path: /Users/bangcle/apple-llvm-project_ios/build/NATIVE/CMakeFiles/CMakeTmp/build/XCBuildData/df23ce1e30872536c914e8e587d8e807.xcbuilddata

note: Building targets in dependency order
warning: The iOS deployment target 'IPHONEOS_DEPLOYMENT_TARGET' is set to 10.0, but the range of supported deployment target versions is 11.0 to 16.4.99.
note: Using global toolchain override 'Xcode Default'.
CreateBuildDirectory /Users/bangcle/apple-llvm-project_ios/build/NATIVE/CMakeFiles/CMakeTmp
    cd /Users/bangcle/apple-llvm-project_ios/build/NATIVE/CMakeFiles/CMakeTmp/CMAKE_TRY_COMPILE.xcodeproj
    builtin-create-build-directory /Users/bangcle/apple-llvm-project_ios/build/NATIVE/CMakeFiles/CMakeTmp

ClangStatCache /Applications/Xcode.app/Contents/Developer/Toolchains/XcodeDefault.xctoolchain/usr/bin/clang-stat-cache /Applications/Xcode.app/Contents/Developer/Platforms/iPhoneOS.platform/Developer/SDKs/iPhoneOS16.4.sdk /var/folders/30/2gj68zcd49l4mylgmzd1d7n40000gn/C/com.apple.DeveloperTools/14.3-14E222b/Xcode/14.3-14E222b/Xcode/SDKStatCaches.noindex/iphoneos16.4-20E238-com_apple_dt_toolchain_XcodeDefault_com_apple_dt_toolchain_XcodeDefault.sdkstatcache
    cd /Users/bangcle/apple-llvm-project_ios/build/NATIVE/CMakeFiles/CMakeTmp/CMAKE_TRY_COMPILE.xcodeproj
    /Applications/Xcode.app/Contents/Developer/Toolchains/XcodeDefault.xctoolchain/usr/bin/clang-stat-cache /Applications/Xcode.app/Contents/Developer/Platforms/iPhoneOS.platform/Developer/SDKs/iPhoneOS16.4.sdk -o /var/folders/30/2gj68zcd49l4mylgmzd1d7n40000gn/C/com.apple.DeveloperTools/14.3-14E222b/Xcode/14.3-14E222b/Xcode/SDKStatCaches.noindex/iphoneos16.4-20E238-com_apple_dt_toolchain_XcodeDefault_com_apple_dt_toolchain_XcodeDefault.sdkstatcache

CreateBuildDirectory /Users/bangcle/apple-llvm-project_ios/build/NATIVE/CMakeFiles/CMakeTmp/Debug
    cd /Users/bangcle/apple-llvm-project_ios/build/NATIVE/CMakeFiles/CMakeTmp/CMAKE_TRY_COMPILE.xcodeproj
    builtin-create-build-directory /Users/bangcle/apple-llvm-project_ios/build/NATIVE/CMakeFiles/CMakeTmp/Debug

CreateBuildDirectory /Users/bangcle/apple-llvm-project_ios/build/NATIVE/CMakeFiles/CMakeTmp/EagerLinkingTBDs/Debug-iphoneos
    cd /Users/bangcle/apple-llvm-project_ios/build/NATIVE/CMakeFiles/CMakeTmp/CMAKE_TRY_COMPILE.xcodeproj
    builtin-create-build-directory /Users/bangcle/apple-llvm-project_ios/build/NATIVE/CMakeFiles/CMakeTmp/EagerLinkingTBDs/Debug-iphoneos

WriteAuxiliaryFile /Users/bangcle/apple-llvm-project_ios/build/NATIVE/CMakeFiles/CMakeTmp/CMAKE_TRY_COMPILE.build/Debug-iphoneos/cmTC_beeb8.build/Objects-normal/arm64/cmTC_beeb8.LinkFileList (in target 'cmTC_beeb8' from project 'CMAKE_TRY_COMPILE')
    cd /Users/bangcle/apple-llvm-project_ios/build/NATIVE/CMakeFiles/CMakeTmp
    write-file /Users/bangcle/apple-llvm-project_ios/build/NATIVE/CMakeFiles/CMakeTmp/CMAKE_TRY_COMPILE.build/Debug-iphoneos/cmTC_beeb8.build/Objects-normal/arm64/cmTC_beeb8.LinkFileList

CompileC /Users/bangcle/apple-llvm-project_ios/build/NATIVE/CMakeFiles/CMakeTmp/CMAKE_TRY_COMPILE.build/Debug-iphoneos/cmTC_beeb8.build/Objects-normal/arm64/CheckIncludeFile.o /Users/bangcle/apple-llvm-project_ios/build/NATIVE/CMakeFiles/CMakeTmp/CheckIncludeFile.c normal arm64 c com.apple.compilers.llvm.clang.1_0.compiler (in target 'cmTC_beeb8' from project 'CMAKE_TRY_COMPILE')
    cd /Users/bangcle/apple-llvm-project_ios/build/NATIVE/CMakeFiles/CMakeTmp
    /Applications/Xcode.app/Contents/Developer/Toolchains/XcodeDefault.xctoolchain/usr/bin/clang -x c -ivfsstatcache /var/folders/30/2gj68zcd49l4mylgmzd1d7n40000gn/C/com.apple.DeveloperTools/14.3-14E222b/Xcode/14.3-14E222b/Xcode/SDKStatCaches.noindex/iphoneos16.4-20E238-com_apple_dt_toolchain_XcodeDefault_com_apple_dt_toolchain_XcodeDefault.sdkstatcache -target arm64-apple-ios16.4 -fmessage-length\=0 -fdiagnostics-show-note-include-stack -fmacro-backtrace-limit\=0 -Wno-trigraphs -fpascal-strings -O0 -Wno-missing-field-initializers -Wno-missing-prototypes -Wno-return-type -Wno-missing-braces -Wparentheses -Wswitch -Wno-unused-function -Wno-unused-label -Wno-unused-parameter -Wno-unused-variable -Wunused-value -Wno-empty-body -Wno-uninitialized -Wno-unknown-pragmas -Wno-shadow -Wno-four-char-constants -Wno-conversion -Wno-constant-conversion -Wno-int-conversion -Wno-bool-conversion -Wno-enum-conversion -Wno-float-conversion -Wno-non-literal-null-conversion -Wno-objc-literal-conversion -Wshorten-64-to-32 -Wpointer-sign -Wno-newline-eof -Wno-implicit-fallthrough -DCMAKE_INTDIR\=\"Debug-iphoneos\" -isysroot /Applications/Xcode.app/Contents/Developer/Platforms/iPhoneOS.platform/Developer/SDKs/iPhoneOS16.4.sdk -fstrict-aliasing -Wdeprecated-declarations -g -Wno-sign-conversion -Wno-infinite-recursion -Wno-comma -Wno-block-capture-autoreleasing -Wno-strict-prototypes -Wno-semicolon-before-method-body -I/Users/bangcle/apple-llvm-project_ios/build/NATIVE/CMakeFiles/CMakeTmp/Debug/include -I/Users/bangcle/apple-llvm-project_ios/build/NATIVE/CMakeFiles/CMakeTmp/CMAKE_TRY_COMPILE.build/Debug-iphoneos/cmTC_beeb8.build/DerivedSources-normal/arm64 -I/Users/bangcle/apple-llvm-project_ios/build/NATIVE/CMakeFiles/CMakeTmp/CMAKE_TRY_COMPILE.build/Debug-iphoneos/cmTC_beeb8.build/DerivedSources/arm64 -I/Users/bangcle/apple-llvm-project_ios/build/NATIVE/CMakeFiles/CMakeTmp/CMAKE_TRY_COMPILE.build/Debug-iphoneos/cmTC_beeb8.build/DerivedSources -F/Users/bangcle/apple-llvm-project_ios/build/NATIVE/CMakeFiles/CMakeTmp/Debug -DWITH_BKS -DWITH_FBS -DWITH_LOCKDOWN -MMD -MT dependencies -MF /Users/bangcle/apple-llvm-project_ios/build/NATIVE/CMakeFiles/CMakeTmp/CMAKE_TRY_COMPILE.build/Debug-iphoneos/cmTC_beeb8.build/Objects-normal/arm64/CheckIncludeFile.d --serialize-diagnostics /Users/bangcle/apple-llvm-project_ios/build/NATIVE/CMakeFiles/CMakeTmp/CMAKE_TRY_COMPILE.build/Debug-iphoneos/cmTC_beeb8.build/Objects-normal/arm64/CheckIncludeFile.dia -c /Users/bangcle/apple-llvm-project_ios/build/NATIVE/CMakeFiles/CMakeTmp/CheckIncludeFile.c -o /Users/bangcle/apple-llvm-project_ios/build/NATIVE/CMakeFiles/CMakeTmp/CMAKE_TRY_COMPILE.build/Debug-iphoneos/cmTC_beeb8.build/Objects-normal/arm64/CheckIncludeFile.o
/Users/bangcle/apple-llvm-project_ios/build/NATIVE/CMakeFiles/CMakeTmp/CheckIncludeFile.c:1:10: fatal error: 'CrashReporterClient.h' file not found
#include <CrashReporterClient.h>
         ^~~~~~~~~~~~~~~~~~~~~~~
1 error generated.

note: Using global toolchain override 'Xcode Default'. (in target 'cmTC_beeb8' from project 'CMAKE_TRY_COMPILE')
** BUILD FAILED **


The following build commands failed:
	CompileC /Users/bangcle/apple-llvm-project_ios/build/NATIVE/CMakeFiles/CMakeTmp/CMAKE_TRY_COMPILE.build/Debug-iphoneos/cmTC_beeb8.build/Objects-normal/arm64/CheckIncludeFile.o /Users/bangcle/apple-llvm-project_ios/build/NATIVE/CMakeFiles/CMakeTmp/CheckIncludeFile.c normal arm64 c com.apple.compilers.llvm.clang.1_0.compiler (in target 'cmTC_beeb8' from project 'CMAKE_TRY_COMPILE')
(1 failure)



Determining if the function clock_gettime exists in the rt failed with the following output:
Change Dir: /Users/bangcle/apple-llvm-project_ios/build/NATIVE/CMakeFiles/CMakeTmp

Run Build Command(s):/usr/bin/xcodebuild -project CMAKE_TRY_COMPILE.xcodeproj build -target cmTC_4796c -parallelizeTargets -configuration Debug -hideShellScriptEnvironment && 2023-05-09 11:11:56.439 xcodebuild[18239:5401207] DVTCoreDeviceEnabledState: DVTCoreDeviceEnabledState_Disabled set via user default (DVTEnableCoreDevice=disabled)
Command line invocation:
    /Applications/Xcode.app/Contents/Developer/usr/bin/xcodebuild -project CMAKE_TRY_COMPILE.xcodeproj build -target cmTC_4796c -parallelizeTargets -configuration Debug -hideShellScriptEnvironment

User defaults from command line:
    HideShellScriptEnvironment = YES
    IDEPackageSupportToolchainOverrideForManifestLoading = com.apple.dt.toolchain.XcodeDefault
    IDEPackageSupportUseBuiltinSCM = YES

Build settings from command line:
    TOOLCHAINS = com.apple.dt.toolchain.XcodeDefault

Computing target dependency graph and provisioning inputs

Create build description
Build description signature: 689ad72d9517a05207f06c3b3379ee88
Build description path: /Users/bangcle/apple-llvm-project_ios/build/NATIVE/CMakeFiles/CMakeTmp/build/XCBuildData/689ad72d9517a05207f06c3b3379ee88.xcbuilddata

note: Building targets in dependency order
warning: The iOS deployment target 'IPHONEOS_DEPLOYMENT_TARGET' is set to 10.0, but the range of supported deployment target versions is 11.0 to 16.4.99.
note: Using global toolchain override 'Xcode Default'.
CreateBuildDirectory /Users/bangcle/apple-llvm-project_ios/build/NATIVE/CMakeFiles/CMakeTmp
    cd /Users/bangcle/apple-llvm-project_ios/build/NATIVE/CMakeFiles/CMakeTmp/CMAKE_TRY_COMPILE.xcodeproj
    builtin-create-build-directory /Users/bangcle/apple-llvm-project_ios/build/NATIVE/CMakeFiles/CMakeTmp

ClangStatCache /Applications/Xcode.app/Contents/Developer/Toolchains/XcodeDefault.xctoolchain/usr/bin/clang-stat-cache /Applications/Xcode.app/Contents/Developer/Platforms/iPhoneOS.platform/Developer/SDKs/iPhoneOS16.4.sdk /var/folders/30/2gj68zcd49l4mylgmzd1d7n40000gn/C/com.apple.DeveloperTools/14.3-14E222b/Xcode/14.3-14E222b/Xcode/SDKStatCaches.noindex/iphoneos16.4-20E238-com_apple_dt_toolchain_XcodeDefault_com_apple_dt_toolchain_XcodeDefault.sdkstatcache
    cd /Users/bangcle/apple-llvm-project_ios/build/NATIVE/CMakeFiles/CMakeTmp/CMAKE_TRY_COMPILE.xcodeproj
    /Applications/Xcode.app/Contents/Developer/Toolchains/XcodeDefault.xctoolchain/usr/bin/clang-stat-cache /Applications/Xcode.app/Contents/Developer/Platforms/iPhoneOS.platform/Developer/SDKs/iPhoneOS16.4.sdk -o /var/folders/30/2gj68zcd49l4mylgmzd1d7n40000gn/C/com.apple.DeveloperTools/14.3-14E222b/Xcode/14.3-14E222b/Xcode/SDKStatCaches.noindex/iphoneos16.4-20E238-com_apple_dt_toolchain_XcodeDefault_com_apple_dt_toolchain_XcodeDefault.sdkstatcache

CreateBuildDirectory /Users/bangcle/apple-llvm-project_ios/build/NATIVE/CMakeFiles/CMakeTmp/Debug
    cd /Users/bangcle/apple-llvm-project_ios/build/NATIVE/CMakeFiles/CMakeTmp/CMAKE_TRY_COMPILE.xcodeproj
    builtin-create-build-directory /Users/bangcle/apple-llvm-project_ios/build/NATIVE/CMakeFiles/CMakeTmp/Debug

CreateBuildDirectory /Users/bangcle/apple-llvm-project_ios/build/NATIVE/CMakeFiles/CMakeTmp/EagerLinkingTBDs/Debug-iphoneos
    cd /Users/bangcle/apple-llvm-project_ios/build/NATIVE/CMakeFiles/CMakeTmp/CMAKE_TRY_COMPILE.xcodeproj
    builtin-create-build-directory /Users/bangcle/apple-llvm-project_ios/build/NATIVE/CMakeFiles/CMakeTmp/EagerLinkingTBDs/Debug-iphoneos

WriteAuxiliaryFile /Users/bangcle/apple-llvm-project_ios/build/NATIVE/CMakeFiles/CMakeTmp/CMAKE_TRY_COMPILE.build/Debug-iphoneos/cmTC_4796c.build/Objects-normal/arm64/cmTC_4796c.LinkFileList (in target 'cmTC_4796c' from project 'CMAKE_TRY_COMPILE')
    cd /Users/bangcle/apple-llvm-project_ios/build/NATIVE/CMakeFiles/CMakeTmp
    write-file /Users/bangcle/apple-llvm-project_ios/build/NATIVE/CMakeFiles/CMakeTmp/CMAKE_TRY_COMPILE.build/Debug-iphoneos/cmTC_4796c.build/Objects-normal/arm64/cmTC_4796c.LinkFileList

CompileC /Users/bangcle/apple-llvm-project_ios/build/NATIVE/CMakeFiles/CMakeTmp/CMAKE_TRY_COMPILE.build/Debug-iphoneos/cmTC_4796c.build/Objects-normal/arm64/CheckFunctionExists.o /Applications/CMake.app/Contents/share/cmake-3.24/Modules/CheckFunctionExists.c normal arm64 c com.apple.compilers.llvm.clang.1_0.compiler (in target 'cmTC_4796c' from project 'CMAKE_TRY_COMPILE')
    cd /Users/bangcle/apple-llvm-project_ios/build/NATIVE/CMakeFiles/CMakeTmp
    /Applications/Xcode.app/Contents/Developer/Toolchains/XcodeDefault.xctoolchain/usr/bin/clang -x c -ivfsstatcache /var/folders/30/2gj68zcd49l4mylgmzd1d7n40000gn/C/com.apple.DeveloperTools/14.3-14E222b/Xcode/14.3-14E222b/Xcode/SDKStatCaches.noindex/iphoneos16.4-20E238-com_apple_dt_toolchain_XcodeDefault_com_apple_dt_toolchain_XcodeDefault.sdkstatcache -target arm64-apple-ios16.4 -fmessage-length\=0 -fdiagnostics-show-note-include-stack -fmacro-backtrace-limit\=0 -Wno-trigraphs -fpascal-strings -O0 -Wno-missing-field-initializers -Wno-missing-prototypes -Wno-return-type -Wno-missing-braces -Wparentheses -Wswitch -Wno-unused-function -Wno-unused-label -Wno-unused-parameter -Wno-unused-variable -Wunused-value -Wno-empty-body -Wno-uninitialized -Wno-unknown-pragmas -Wno-shadow -Wno-four-char-constants -Wno-conversion -Wno-constant-conversion -Wno-int-conversion -Wno-bool-conversion -Wno-enum-conversion -Wno-float-conversion -Wno-non-literal-null-conversion -Wno-objc-literal-conversion -Wshorten-64-to-32 -Wpointer-sign -Wno-newline-eof -Wno-implicit-fallthrough -DCMAKE_INTDIR\=\"Debug-iphoneos\" -isysroot /Applications/Xcode.app/Contents/Developer/Platforms/iPhoneOS.platform/Developer/SDKs/iPhoneOS16.4.sdk -fstrict-aliasing -Wdeprecated-declarations -g -Wno-sign-conversion -Wno-infinite-recursion -Wno-comma -Wno-block-capture-autoreleasing -Wno-strict-prototypes -Wno-semicolon-before-method-body -I/Users/bangcle/apple-llvm-project_ios/build/NATIVE/CMakeFiles/CMakeTmp/Debug/include -I/Users/bangcle/apple-llvm-project_ios/build/NATIVE/CMakeFiles/CMakeTmp/CMAKE_TRY_COMPILE.build/Debug-iphoneos/cmTC_4796c.build/DerivedSources-normal/arm64 -I/Users/bangcle/apple-llvm-project_ios/build/NATIVE/CMakeFiles/CMakeTmp/CMAKE_TRY_COMPILE.build/Debug-iphoneos/cmTC_4796c.build/DerivedSources/arm64 -I/Users/bangcle/apple-llvm-project_ios/build/NATIVE/CMakeFiles/CMakeTmp/CMAKE_TRY_COMPILE.build/Debug-iphoneos/cmTC_4796c.build/DerivedSources -F/Users/bangcle/apple-llvm-project_ios/build/NATIVE/CMakeFiles/CMakeTmp/Debug -DCHECK_FUNCTION_EXISTS\=clock_gettime -DWITH_BKS -DWITH_FBS -DWITH_LOCKDOWN -MMD -MT dependencies -MF /Users/bangcle/apple-llvm-project_ios/build/NATIVE/CMakeFiles/CMakeTmp/CMAKE_TRY_COMPILE.build/Debug-iphoneos/cmTC_4796c.build/Objects-normal/arm64/CheckFunctionExists.d --serialize-diagnostics /Users/bangcle/apple-llvm-project_ios/build/NATIVE/CMakeFiles/CMakeTmp/CMAKE_TRY_COMPILE.build/Debug-iphoneos/cmTC_4796c.build/Objects-normal/arm64/CheckFunctionExists.dia -c /Applications/CMake.app/Contents/share/cmake-3.24/Modules/CheckFunctionExists.c -o /Users/bangcle/apple-llvm-project_ios/build/NATIVE/CMakeFiles/CMakeTmp/CMAKE_TRY_COMPILE.build/Debug-iphoneos/cmTC_4796c.build/Objects-normal/arm64/CheckFunctionExists.o

Ld /Users/bangcle/apple-llvm-project_ios/build/NATIVE/CMakeFiles/CMakeTmp/Debug/cmTC_4796c normal (in target 'cmTC_4796c' from project 'CMAKE_TRY_COMPILE')
    cd /Users/bangcle/apple-llvm-project_ios/build/NATIVE/CMakeFiles/CMakeTmp
    /Applications/Xcode.app/Contents/Developer/Toolchains/XcodeDefault.xctoolchain/usr/bin/clang -Xlinker -reproducible -target arm64-apple-ios16.4 -isysroot /Applications/Xcode.app/Contents/Developer/Platforms/iPhoneOS.platform/Developer/SDKs/iPhoneOS16.4.sdk -L/Users/bangcle/apple-llvm-project_ios/build/NATIVE/CMakeFiles/CMakeTmp/EagerLinkingTBDs/Debug-iphoneos -L/Users/bangcle/apple-llvm-project_ios/build/NATIVE/CMakeFiles/CMakeTmp/Debug -F/Users/bangcle/apple-llvm-project_ios/build/NATIVE/CMakeFiles/CMakeTmp/EagerLinkingTBDs/Debug-iphoneos -F/Users/bangcle/apple-llvm-project_ios/build/NATIVE/CMakeFiles/CMakeTmp/Debug -filelist /Users/bangcle/apple-llvm-project_ios/build/NATIVE/CMakeFiles/CMakeTmp/CMAKE_TRY_COMPILE.build/Debug-iphoneos/cmTC_4796c.build/Objects-normal/arm64/cmTC_4796c.LinkFileList -dead_strip -Xlinker -object_path_lto -Xlinker /Users/bangcle/apple-llvm-project_ios/build/NATIVE/CMakeFiles/CMakeTmp/CMAKE_TRY_COMPILE.build/Debug-iphoneos/cmTC_4796c.build/Objects-normal/arm64/cmTC_4796c_lto.o -Xlinker -no_deduplicate -Wl,-search_paths_first -Wl,-headerpad_max_install_names -lrt -Xlinker -dependency_info -Xlinker /Users/bangcle/apple-llvm-project_ios/build/NATIVE/CMakeFiles/CMakeTmp/CMAKE_TRY_COMPILE.build/Debug-iphoneos/cmTC_4796c.build/Objects-normal/arm64/cmTC_4796c_dependency_info.dat -o /Users/bangcle/apple-llvm-project_ios/build/NATIVE/CMakeFiles/CMakeTmp/Debug/cmTC_4796c
ld: library not found for -lrt
clang: error: linker command failed with exit code 1 (use -v to see invocation)

note: Using global toolchain override 'Xcode Default'. (in target 'cmTC_4796c' from project 'CMAKE_TRY_COMPILE')
** BUILD FAILED **


The following build commands failed:
	Ld /Users/bangcle/apple-llvm-project_ios/build/NATIVE/CMakeFiles/CMakeTmp/Debug/cmTC_4796c normal (in target 'cmTC_4796c' from project 'CMAKE_TRY_COMPILE')
(1 failure)



Determining if the function pfm_initialize exists in the pfm failed with the following output:
Change Dir: /Users/bangcle/apple-llvm-project_ios/build/NATIVE/CMakeFiles/CMakeTmp

Run Build Command(s):/usr/bin/xcodebuild -project CMAKE_TRY_COMPILE.xcodeproj build -target cmTC_44733 -parallelizeTargets -configuration Debug -hideShellScriptEnvironment && 2023-05-09 11:11:58.546 xcodebuild[18255:5401335] DVTCoreDeviceEnabledState: DVTCoreDeviceEnabledState_Disabled set via user default (DVTEnableCoreDevice=disabled)
Command line invocation:
    /Applications/Xcode.app/Contents/Developer/usr/bin/xcodebuild -project CMAKE_TRY_COMPILE.xcodeproj build -target cmTC_44733 -parallelizeTargets -configuration Debug -hideShellScriptEnvironment

User defaults from command line:
    HideShellScriptEnvironment = YES
    IDEPackageSupportToolchainOverrideForManifestLoading = com.apple.dt.toolchain.XcodeDefault
    IDEPackageSupportUseBuiltinSCM = YES

Build settings from command line:
    TOOLCHAINS = com.apple.dt.toolchain.XcodeDefault

Computing target dependency graph and provisioning inputs

Create build description
Build description signature: 920ef1d2721d4556c9e76725c97bbe62
Build description path: /Users/bangcle/apple-llvm-project_ios/build/NATIVE/CMakeFiles/CMakeTmp/build/XCBuildData/920ef1d2721d4556c9e76725c97bbe62.xcbuilddata

note: Building targets in dependency order
warning: The iOS deployment target 'IPHONEOS_DEPLOYMENT_TARGET' is set to 10.0, but the range of supported deployment target versions is 11.0 to 16.4.99.
note: Using global toolchain override 'Xcode Default'.
CreateBuildDirectory /Users/bangcle/apple-llvm-project_ios/build/NATIVE/CMakeFiles/CMakeTmp
    cd /Users/bangcle/apple-llvm-project_ios/build/NATIVE/CMakeFiles/CMakeTmp/CMAKE_TRY_COMPILE.xcodeproj
    builtin-create-build-directory /Users/bangcle/apple-llvm-project_ios/build/NATIVE/CMakeFiles/CMakeTmp

ClangStatCache /Applications/Xcode.app/Contents/Developer/Toolchains/XcodeDefault.xctoolchain/usr/bin/clang-stat-cache /Applications/Xcode.app/Contents/Developer/Platforms/iPhoneOS.platform/Developer/SDKs/iPhoneOS16.4.sdk /var/folders/30/2gj68zcd49l4mylgmzd1d7n40000gn/C/com.apple.DeveloperTools/14.3-14E222b/Xcode/14.3-14E222b/Xcode/SDKStatCaches.noindex/iphoneos16.4-20E238-com_apple_dt_toolchain_XcodeDefault_com_apple_dt_toolchain_XcodeDefault.sdkstatcache
    cd /Users/bangcle/apple-llvm-project_ios/build/NATIVE/CMakeFiles/CMakeTmp/CMAKE_TRY_COMPILE.xcodeproj
    /Applications/Xcode.app/Contents/Developer/Toolchains/XcodeDefault.xctoolchain/usr/bin/clang-stat-cache /Applications/Xcode.app/Contents/Developer/Platforms/iPhoneOS.platform/Developer/SDKs/iPhoneOS16.4.sdk -o /var/folders/30/2gj68zcd49l4mylgmzd1d7n40000gn/C/com.apple.DeveloperTools/14.3-14E222b/Xcode/14.3-14E222b/Xcode/SDKStatCaches.noindex/iphoneos16.4-20E238-com_apple_dt_toolchain_XcodeDefault_com_apple_dt_toolchain_XcodeDefault.sdkstatcache

CreateBuildDirectory /Users/bangcle/apple-llvm-project_ios/build/NATIVE/CMakeFiles/CMakeTmp/Debug
    cd /Users/bangcle/apple-llvm-project_ios/build/NATIVE/CMakeFiles/CMakeTmp/CMAKE_TRY_COMPILE.xcodeproj
    builtin-create-build-directory /Users/bangcle/apple-llvm-project_ios/build/NATIVE/CMakeFiles/CMakeTmp/Debug

CreateBuildDirectory /Users/bangcle/apple-llvm-project_ios/build/NATIVE/CMakeFiles/CMakeTmp/EagerLinkingTBDs/Debug-iphoneos
    cd /Users/bangcle/apple-llvm-project_ios/build/NATIVE/CMakeFiles/CMakeTmp/CMAKE_TRY_COMPILE.xcodeproj
    builtin-create-build-directory /Users/bangcle/apple-llvm-project_ios/build/NATIVE/CMakeFiles/CMakeTmp/EagerLinkingTBDs/Debug-iphoneos

WriteAuxiliaryFile /Users/bangcle/apple-llvm-project_ios/build/NATIVE/CMakeFiles/CMakeTmp/CMAKE_TRY_COMPILE.build/Debug-iphoneos/cmTC_44733.build/Objects-normal/arm64/cmTC_44733.LinkFileList (in target 'cmTC_44733' from project 'CMAKE_TRY_COMPILE')
    cd /Users/bangcle/apple-llvm-project_ios/build/NATIVE/CMakeFiles/CMakeTmp
    write-file /Users/bangcle/apple-llvm-project_ios/build/NATIVE/CMakeFiles/CMakeTmp/CMAKE_TRY_COMPILE.build/Debug-iphoneos/cmTC_44733.build/Objects-normal/arm64/cmTC_44733.LinkFileList

CompileC /Users/bangcle/apple-llvm-project_ios/build/NATIVE/CMakeFiles/CMakeTmp/CMAKE_TRY_COMPILE.build/Debug-iphoneos/cmTC_44733.build/Objects-normal/arm64/CheckFunctionExists.o /Applications/CMake.app/Contents/share/cmake-3.24/Modules/CheckFunctionExists.c normal arm64 c com.apple.compilers.llvm.clang.1_0.compiler (in target 'cmTC_44733' from project 'CMAKE_TRY_COMPILE')
    cd /Users/bangcle/apple-llvm-project_ios/build/NATIVE/CMakeFiles/CMakeTmp
    /Applications/Xcode.app/Contents/Developer/Toolchains/XcodeDefault.xctoolchain/usr/bin/clang -x c -ivfsstatcache /var/folders/30/2gj68zcd49l4mylgmzd1d7n40000gn/C/com.apple.DeveloperTools/14.3-14E222b/Xcode/14.3-14E222b/Xcode/SDKStatCaches.noindex/iphoneos16.4-20E238-com_apple_dt_toolchain_XcodeDefault_com_apple_dt_toolchain_XcodeDefault.sdkstatcache -target arm64-apple-ios16.4 -fmessage-length\=0 -fdiagnostics-show-note-include-stack -fmacro-backtrace-limit\=0 -Wno-trigraphs -fpascal-strings -O0 -Wno-missing-field-initializers -Wno-missing-prototypes -Wno-return-type -Wno-missing-braces -Wparentheses -Wswitch -Wno-unused-function -Wno-unused-label -Wno-unused-parameter -Wno-unused-variable -Wunused-value -Wno-empty-body -Wno-uninitialized -Wno-unknown-pragmas -Wno-shadow -Wno-four-char-constants -Wno-conversion -Wno-constant-conversion -Wno-int-conversion -Wno-bool-conversion -Wno-enum-conversion -Wno-float-conversion -Wno-non-literal-null-conversion -Wno-objc-literal-conversion -Wshorten-64-to-32 -Wpointer-sign -Wno-newline-eof -Wno-implicit-fallthrough -DCMAKE_INTDIR\=\"Debug-iphoneos\" -isysroot /Applications/Xcode.app/Contents/Developer/Platforms/iPhoneOS.platform/Developer/SDKs/iPhoneOS16.4.sdk -fstrict-aliasing -Wdeprecated-declarations -g -Wno-sign-conversion -Wno-infinite-recursion -Wno-comma -Wno-block-capture-autoreleasing -Wno-strict-prototypes -Wno-semicolon-before-method-body -I/Users/bangcle/apple-llvm-project_ios/build/NATIVE/CMakeFiles/CMakeTmp/Debug/include -I/Users/bangcle/apple-llvm-project_ios/build/NATIVE/CMakeFiles/CMakeTmp/CMAKE_TRY_COMPILE.build/Debug-iphoneos/cmTC_44733.build/DerivedSources-normal/arm64 -I/Users/bangcle/apple-llvm-project_ios/build/NATIVE/CMakeFiles/CMakeTmp/CMAKE_TRY_COMPILE.build/Debug-iphoneos/cmTC_44733.build/DerivedSources/arm64 -I/Users/bangcle/apple-llvm-project_ios/build/NATIVE/CMakeFiles/CMakeTmp/CMAKE_TRY_COMPILE.build/Debug-iphoneos/cmTC_44733.build/DerivedSources -F/Users/bangcle/apple-llvm-project_ios/build/NATIVE/CMakeFiles/CMakeTmp/Debug -DCHECK_FUNCTION_EXISTS\=pfm_initialize -DWITH_BKS -DWITH_FBS -DWITH_LOCKDOWN -MMD -MT dependencies -MF /Users/bangcle/apple-llvm-project_ios/build/NATIVE/CMakeFiles/CMakeTmp/CMAKE_TRY_COMPILE.build/Debug-iphoneos/cmTC_44733.build/Objects-normal/arm64/CheckFunctionExists.d --serialize-diagnostics /Users/bangcle/apple-llvm-project_ios/build/NATIVE/CMakeFiles/CMakeTmp/CMAKE_TRY_COMPILE.build/Debug-iphoneos/cmTC_44733.build/Objects-normal/arm64/CheckFunctionExists.dia -c /Applications/CMake.app/Contents/share/cmake-3.24/Modules/CheckFunctionExists.c -o /Users/bangcle/apple-llvm-project_ios/build/NATIVE/CMakeFiles/CMakeTmp/CMAKE_TRY_COMPILE.build/Debug-iphoneos/cmTC_44733.build/Objects-normal/arm64/CheckFunctionExists.o

Ld /Users/bangcle/apple-llvm-project_ios/build/NATIVE/CMakeFiles/CMakeTmp/Debug/cmTC_44733 normal (in target 'cmTC_44733' from project 'CMAKE_TRY_COMPILE')
    cd /Users/bangcle/apple-llvm-project_ios/build/NATIVE/CMakeFiles/CMakeTmp
    /Applications/Xcode.app/Contents/Developer/Toolchains/XcodeDefault.xctoolchain/usr/bin/clang -Xlinker -reproducible -target arm64-apple-ios16.4 -isysroot /Applications/Xcode.app/Contents/Developer/Platforms/iPhoneOS.platform/Developer/SDKs/iPhoneOS16.4.sdk -L/Users/bangcle/apple-llvm-project_ios/build/NATIVE/CMakeFiles/CMakeTmp/EagerLinkingTBDs/Debug-iphoneos -L/Users/bangcle/apple-llvm-project_ios/build/NATIVE/CMakeFiles/CMakeTmp/Debug -F/Users/bangcle/apple-llvm-project_ios/build/NATIVE/CMakeFiles/CMakeTmp/EagerLinkingTBDs/Debug-iphoneos -F/Users/bangcle/apple-llvm-project_ios/build/NATIVE/CMakeFiles/CMakeTmp/Debug -filelist /Users/bangcle/apple-llvm-project_ios/build/NATIVE/CMakeFiles/CMakeTmp/CMAKE_TRY_COMPILE.build/Debug-iphoneos/cmTC_44733.build/Objects-normal/arm64/cmTC_44733.LinkFileList -dead_strip -Xlinker -object_path_lto -Xlinker /Users/bangcle/apple-llvm-project_ios/build/NATIVE/CMakeFiles/CMakeTmp/CMAKE_TRY_COMPILE.build/Debug-iphoneos/cmTC_44733.build/Objects-normal/arm64/cmTC_44733_lto.o -Xlinker -no_deduplicate -Wl,-search_paths_first -Wl,-headerpad_max_install_names -lpfm -Xlinker -dependency_info -Xlinker /Users/bangcle/apple-llvm-project_ios/build/NATIVE/CMakeFiles/CMakeTmp/CMAKE_TRY_COMPILE.build/Debug-iphoneos/cmTC_44733.build/Objects-normal/arm64/cmTC_44733_dependency_info.dat -o /Users/bangcle/apple-llvm-project_ios/build/NATIVE/CMakeFiles/CMakeTmp/Debug/cmTC_44733
ld: library not found for -lpfm
clang: error: linker command failed with exit code 1 (use -v to see invocation)

note: Using global toolchain override 'Xcode Default'. (in target 'cmTC_44733' from project 'CMAKE_TRY_COMPILE')
** BUILD FAILED **


The following build commands failed:
	Ld /Users/bangcle/apple-llvm-project_ios/build/NATIVE/CMakeFiles/CMakeTmp/Debug/cmTC_44733 normal (in target 'cmTC_44733' from project 'CMAKE_TRY_COMPILE')
(1 failure)



Determining if the function xar_open exists in the xar failed with the following output:
Change Dir: /Users/bangcle/apple-llvm-project_ios/build/NATIVE/CMakeFiles/CMakeTmp

Run Build Command(s):/usr/bin/xcodebuild -project CMAKE_TRY_COMPILE.xcodeproj build -target cmTC_9eafb -parallelizeTargets -configuration Debug -hideShellScriptEnvironment && 2023-05-09 11:12:10.485 xcodebuild[18363:5402159] DVTCoreDeviceEnabledState: DVTCoreDeviceEnabledState_Disabled set via user default (DVTEnableCoreDevice=disabled)
Command line invocation:
    /Applications/Xcode.app/Contents/Developer/usr/bin/xcodebuild -project CMAKE_TRY_COMPILE.xcodeproj build -target cmTC_9eafb -parallelizeTargets -configuration Debug -hideShellScriptEnvironment

User defaults from command line:
    HideShellScriptEnvironment = YES
    IDEPackageSupportToolchainOverrideForManifestLoading = com.apple.dt.toolchain.XcodeDefault
    IDEPackageSupportUseBuiltinSCM = YES

Build settings from command line:
    TOOLCHAINS = com.apple.dt.toolchain.XcodeDefault

Computing target dependency graph and provisioning inputs

Create build description
Build description signature: 569e9e672330ef84444a4d4a370ba983
Build description path: /Users/bangcle/apple-llvm-project_ios/build/NATIVE/CMakeFiles/CMakeTmp/build/XCBuildData/569e9e672330ef84444a4d4a370ba983.xcbuilddata

note: Building targets in dependency order
warning: The iOS deployment target 'IPHONEOS_DEPLOYMENT_TARGET' is set to 10.0, but the range of supported deployment target versions is 11.0 to 16.4.99.
note: Using global toolchain override 'Xcode Default'.
CreateBuildDirectory /Users/bangcle/apple-llvm-project_ios/build/NATIVE/CMakeFiles/CMakeTmp
    cd /Users/bangcle/apple-llvm-project_ios/build/NATIVE/CMakeFiles/CMakeTmp/CMAKE_TRY_COMPILE.xcodeproj
    builtin-create-build-directory /Users/bangcle/apple-llvm-project_ios/build/NATIVE/CMakeFiles/CMakeTmp

ClangStatCache /Applications/Xcode.app/Contents/Developer/Toolchains/XcodeDefault.xctoolchain/usr/bin/clang-stat-cache /Applications/Xcode.app/Contents/Developer/Platforms/iPhoneOS.platform/Developer/SDKs/iPhoneOS16.4.sdk /var/folders/30/2gj68zcd49l4mylgmzd1d7n40000gn/C/com.apple.DeveloperTools/14.3-14E222b/Xcode/14.3-14E222b/Xcode/SDKStatCaches.noindex/iphoneos16.4-20E238-com_apple_dt_toolchain_XcodeDefault_com_apple_dt_toolchain_XcodeDefault.sdkstatcache
    cd /Users/bangcle/apple-llvm-project_ios/build/NATIVE/CMakeFiles/CMakeTmp/CMAKE_TRY_COMPILE.xcodeproj
    /Applications/Xcode.app/Contents/Developer/Toolchains/XcodeDefault.xctoolchain/usr/bin/clang-stat-cache /Applications/Xcode.app/Contents/Developer/Platforms/iPhoneOS.platform/Developer/SDKs/iPhoneOS16.4.sdk -o /var/folders/30/2gj68zcd49l4mylgmzd1d7n40000gn/C/com.apple.DeveloperTools/14.3-14E222b/Xcode/14.3-14E222b/Xcode/SDKStatCaches.noindex/iphoneos16.4-20E238-com_apple_dt_toolchain_XcodeDefault_com_apple_dt_toolchain_XcodeDefault.sdkstatcache

CreateBuildDirectory /Users/bangcle/apple-llvm-project_ios/build/NATIVE/CMakeFiles/CMakeTmp/Debug
    cd /Users/bangcle/apple-llvm-project_ios/build/NATIVE/CMakeFiles/CMakeTmp/CMAKE_TRY_COMPILE.xcodeproj
    builtin-create-build-directory /Users/bangcle/apple-llvm-project_ios/build/NATIVE/CMakeFiles/CMakeTmp/Debug

CreateBuildDirectory /Users/bangcle/apple-llvm-project_ios/build/NATIVE/CMakeFiles/CMakeTmp/EagerLinkingTBDs/Debug-iphoneos
    cd /Users/bangcle/apple-llvm-project_ios/build/NATIVE/CMakeFiles/CMakeTmp/CMAKE_TRY_COMPILE.xcodeproj
    builtin-create-build-directory /Users/bangcle/apple-llvm-project_ios/build/NATIVE/CMakeFiles/CMakeTmp/EagerLinkingTBDs/Debug-iphoneos

WriteAuxiliaryFile /Users/bangcle/apple-llvm-project_ios/build/NATIVE/CMakeFiles/CMakeTmp/CMAKE_TRY_COMPILE.build/Debug-iphoneos/cmTC_9eafb.build/Objects-normal/arm64/cmTC_9eafb.LinkFileList (in target 'cmTC_9eafb' from project 'CMAKE_TRY_COMPILE')
    cd /Users/bangcle/apple-llvm-project_ios/build/NATIVE/CMakeFiles/CMakeTmp
    write-file /Users/bangcle/apple-llvm-project_ios/build/NATIVE/CMakeFiles/CMakeTmp/CMAKE_TRY_COMPILE.build/Debug-iphoneos/cmTC_9eafb.build/Objects-normal/arm64/cmTC_9eafb.LinkFileList

CompileC /Users/bangcle/apple-llvm-project_ios/build/NATIVE/CMakeFiles/CMakeTmp/CMAKE_TRY_COMPILE.build/Debug-iphoneos/cmTC_9eafb.build/Objects-normal/arm64/CheckFunctionExists.o /Applications/CMake.app/Contents/share/cmake-3.24/Modules/CheckFunctionExists.c normal arm64 c com.apple.compilers.llvm.clang.1_0.compiler (in target 'cmTC_9eafb' from project 'CMAKE_TRY_COMPILE')
    cd /Users/bangcle/apple-llvm-project_ios/build/NATIVE/CMakeFiles/CMakeTmp
    /Applications/Xcode.app/Contents/Developer/Toolchains/XcodeDefault.xctoolchain/usr/bin/clang -x c -ivfsstatcache /var/folders/30/2gj68zcd49l4mylgmzd1d7n40000gn/C/com.apple.DeveloperTools/14.3-14E222b/Xcode/14.3-14E222b/Xcode/SDKStatCaches.noindex/iphoneos16.4-20E238-com_apple_dt_toolchain_XcodeDefault_com_apple_dt_toolchain_XcodeDefault.sdkstatcache -target arm64-apple-ios16.4 -fmessage-length\=0 -fdiagnostics-show-note-include-stack -fmacro-backtrace-limit\=0 -Wno-trigraphs -fpascal-strings -O0 -Wno-missing-field-initializers -Wno-missing-prototypes -Wno-return-type -Wno-missing-braces -Wparentheses -Wswitch -Wno-unused-function -Wno-unused-label -Wno-unused-parameter -Wno-unused-variable -Wunused-value -Wno-empty-body -Wno-uninitialized -Wno-unknown-pragmas -Wno-shadow -Wno-four-char-constants -Wno-conversion -Wno-constant-conversion -Wno-int-conversion -Wno-bool-conversion -Wno-enum-conversion -Wno-float-conversion -Wno-non-literal-null-conversion -Wno-objc-literal-conversion -Wshorten-64-to-32 -Wpointer-sign -Wno-newline-eof -Wno-implicit-fallthrough -DCMAKE_INTDIR\=\"Debug-iphoneos\" -isysroot /Applications/Xcode.app/Contents/Developer/Platforms/iPhoneOS.platform/Developer/SDKs/iPhoneOS16.4.sdk -fstrict-aliasing -Wdeprecated-declarations -g -Wno-sign-conversion -Wno-infinite-recursion -Wno-comma -Wno-block-capture-autoreleasing -Wno-strict-prototypes -Wno-semicolon-before-method-body -I/Users/bangcle/apple-llvm-project_ios/build/NATIVE/CMakeFiles/CMakeTmp/Debug/include -I/Users/bangcle/apple-llvm-project_ios/build/NATIVE/CMakeFiles/CMakeTmp/CMAKE_TRY_COMPILE.build/Debug-iphoneos/cmTC_9eafb.build/DerivedSources-normal/arm64 -I/Users/bangcle/apple-llvm-project_ios/build/NATIVE/CMakeFiles/CMakeTmp/CMAKE_TRY_COMPILE.build/Debug-iphoneos/cmTC_9eafb.build/DerivedSources/arm64 -I/Users/bangcle/apple-llvm-project_ios/build/NATIVE/CMakeFiles/CMakeTmp/CMAKE_TRY_COMPILE.build/Debug-iphoneos/cmTC_9eafb.build/DerivedSources -F/Users/bangcle/apple-llvm-project_ios/build/NATIVE/CMakeFiles/CMakeTmp/Debug -DCHECK_FUNCTION_EXISTS\=xar_open -DWITH_BKS -DWITH_FBS -DWITH_LOCKDOWN -MMD -MT dependencies -MF /Users/bangcle/apple-llvm-project_ios/build/NATIVE/CMakeFiles/CMakeTmp/CMAKE_TRY_COMPILE.build/Debug-iphoneos/cmTC_9eafb.build/Objects-normal/arm64/CheckFunctionExists.d --serialize-diagnostics /Users/bangcle/apple-llvm-project_ios/build/NATIVE/CMakeFiles/CMakeTmp/CMAKE_TRY_COMPILE.build/Debug-iphoneos/cmTC_9eafb.build/Objects-normal/arm64/CheckFunctionExists.dia -c /Applications/CMake.app/Contents/share/cmake-3.24/Modules/CheckFunctionExists.c -o /Users/bangcle/apple-llvm-project_ios/build/NATIVE/CMakeFiles/CMakeTmp/CMAKE_TRY_COMPILE.build/Debug-iphoneos/cmTC_9eafb.build/Objects-normal/arm64/CheckFunctionExists.o

Ld /Users/bangcle/apple-llvm-project_ios/build/NATIVE/CMakeFiles/CMakeTmp/Debug/cmTC_9eafb normal (in target 'cmTC_9eafb' from project 'CMAKE_TRY_COMPILE')
    cd /Users/bangcle/apple-llvm-project_ios/build/NATIVE/CMakeFiles/CMakeTmp
    /Applications/Xcode.app/Contents/Developer/Toolchains/XcodeDefault.xctoolchain/usr/bin/clang -Xlinker -reproducible -target arm64-apple-ios16.4 -isysroot /Applications/Xcode.app/Contents/Developer/Platforms/iPhoneOS.platform/Developer/SDKs/iPhoneOS16.4.sdk -L/Users/bangcle/apple-llvm-project_ios/build/NATIVE/CMakeFiles/CMakeTmp/EagerLinkingTBDs/Debug-iphoneos -L/Users/bangcle/apple-llvm-project_ios/build/NATIVE/CMakeFiles/CMakeTmp/Debug -F/Users/bangcle/apple-llvm-project_ios/build/NATIVE/CMakeFiles/CMakeTmp/EagerLinkingTBDs/Debug-iphoneos -F/Users/bangcle/apple-llvm-project_ios/build/NATIVE/CMakeFiles/CMakeTmp/Debug -filelist /Users/bangcle/apple-llvm-project_ios/build/NATIVE/CMakeFiles/CMakeTmp/CMAKE_TRY_COMPILE.build/Debug-iphoneos/cmTC_9eafb.build/Objects-normal/arm64/cmTC_9eafb.LinkFileList -dead_strip -Xlinker -object_path_lto -Xlinker /Users/bangcle/apple-llvm-project_ios/build/NATIVE/CMakeFiles/CMakeTmp/CMAKE_TRY_COMPILE.build/Debug-iphoneos/cmTC_9eafb.build/Objects-normal/arm64/cmTC_9eafb_lto.o -Xlinker -no_deduplicate -Wl,-search_paths_first -Wl,-headerpad_max_install_names -lxar -Xlinker -dependency_info -Xlinker /Users/bangcle/apple-llvm-project_ios/build/NATIVE/CMakeFiles/CMakeTmp/CMAKE_TRY_COMPILE.build/Debug-iphoneos/cmTC_9eafb.build/Objects-normal/arm64/cmTC_9eafb_dependency_info.dat -o /Users/bangcle/apple-llvm-project_ios/build/NATIVE/CMakeFiles/CMakeTmp/Debug/cmTC_9eafb
ld: library not found for -lxar
clang: error: linker command failed with exit code 1 (use -v to see invocation)

note: Using global toolchain override 'Xcode Default'. (in target 'cmTC_9eafb' from project 'CMAKE_TRY_COMPILE')
** BUILD FAILED **


The following build commands failed:
	Ld /Users/bangcle/apple-llvm-project_ios/build/NATIVE/CMakeFiles/CMakeTmp/Debug/cmTC_9eafb normal (in target 'cmTC_9eafb' from project 'CMAKE_TRY_COMPILE')
(1 failure)



Determining if the lseek64 exist failed with the following output:
Change Dir: /Users/bangcle/apple-llvm-project_ios/build/NATIVE/CMakeFiles/CMakeTmp

Run Build Command(s):/usr/bin/xcodebuild -project CMAKE_TRY_COMPILE.xcodeproj build -target cmTC_345e8 -parallelizeTargets -configuration Debug -hideShellScriptEnvironment && 2023-05-09 11:12:41.507 xcodebuild[18627:5404341] DVTCoreDeviceEnabledState: DVTCoreDeviceEnabledState_Disabled set via user default (DVTEnableCoreDevice=disabled)
Command line invocation:
    /Applications/Xcode.app/Contents/Developer/usr/bin/xcodebuild -project CMAKE_TRY_COMPILE.xcodeproj build -target cmTC_345e8 -parallelizeTargets -configuration Debug -hideShellScriptEnvironment

User defaults from command line:
    HideShellScriptEnvironment = YES
    IDEPackageSupportToolchainOverrideForManifestLoading = com.apple.dt.toolchain.XcodeDefault
    IDEPackageSupportUseBuiltinSCM = YES

Build settings from command line:
    TOOLCHAINS = com.apple.dt.toolchain.XcodeDefault

Computing target dependency graph and provisioning inputs

Create build description
Build description signature: 793a9994af40282df5ecf073cc97e074
Build description path: /Users/bangcle/apple-llvm-project_ios/build/NATIVE/CMakeFiles/CMakeTmp/build/XCBuildData/793a9994af40282df5ecf073cc97e074.xcbuilddata

note: Building targets in dependency order
warning: The iOS deployment target 'IPHONEOS_DEPLOYMENT_TARGET' is set to 10.0, but the range of supported deployment target versions is 11.0 to 16.4.99.
note: Using global toolchain override 'Xcode Default'.
CreateBuildDirectory /Users/bangcle/apple-llvm-project_ios/build/NATIVE/CMakeFiles/CMakeTmp
    cd /Users/bangcle/apple-llvm-project_ios/build/NATIVE/CMakeFiles/CMakeTmp/CMAKE_TRY_COMPILE.xcodeproj
    builtin-create-build-directory /Users/bangcle/apple-llvm-project_ios/build/NATIVE/CMakeFiles/CMakeTmp

ClangStatCache /Applications/Xcode.app/Contents/Developer/Toolchains/XcodeDefault.xctoolchain/usr/bin/clang-stat-cache /Applications/Xcode.app/Contents/Developer/Platforms/iPhoneOS.platform/Developer/SDKs/iPhoneOS16.4.sdk /var/folders/30/2gj68zcd49l4mylgmzd1d7n40000gn/C/com.apple.DeveloperTools/14.3-14E222b/Xcode/14.3-14E222b/Xcode/SDKStatCaches.noindex/iphoneos16.4-20E238-com_apple_dt_toolchain_XcodeDefault_com_apple_dt_toolchain_XcodeDefault.sdkstatcache
    cd /Users/bangcle/apple-llvm-project_ios/build/NATIVE/CMakeFiles/CMakeTmp/CMAKE_TRY_COMPILE.xcodeproj
    /Applications/Xcode.app/Contents/Developer/Toolchains/XcodeDefault.xctoolchain/usr/bin/clang-stat-cache /Applications/Xcode.app/Contents/Developer/Platforms/iPhoneOS.platform/Developer/SDKs/iPhoneOS16.4.sdk -o /var/folders/30/2gj68zcd49l4mylgmzd1d7n40000gn/C/com.apple.DeveloperTools/14.3-14E222b/Xcode/14.3-14E222b/Xcode/SDKStatCaches.noindex/iphoneos16.4-20E238-com_apple_dt_toolchain_XcodeDefault_com_apple_dt_toolchain_XcodeDefault.sdkstatcache

CreateBuildDirectory /Users/bangcle/apple-llvm-project_ios/build/NATIVE/CMakeFiles/CMakeTmp/Debug
    cd /Users/bangcle/apple-llvm-project_ios/build/NATIVE/CMakeFiles/CMakeTmp/CMAKE_TRY_COMPILE.xcodeproj
    builtin-create-build-directory /Users/bangcle/apple-llvm-project_ios/build/NATIVE/CMakeFiles/CMakeTmp/Debug

CreateBuildDirectory /Users/bangcle/apple-llvm-project_ios/build/NATIVE/CMakeFiles/CMakeTmp/EagerLinkingTBDs/Debug-iphoneos
    cd /Users/bangcle/apple-llvm-project_ios/build/NATIVE/CMakeFiles/CMakeTmp/CMAKE_TRY_COMPILE.xcodeproj
    builtin-create-build-directory /Users/bangcle/apple-llvm-project_ios/build/NATIVE/CMakeFiles/CMakeTmp/EagerLinkingTBDs/Debug-iphoneos

WriteAuxiliaryFile /Users/bangcle/apple-llvm-project_ios/build/NATIVE/CMakeFiles/CMakeTmp/CMAKE_TRY_COMPILE.build/Debug-iphoneos/cmTC_345e8.build/Objects-normal/arm64/cmTC_345e8.LinkFileList (in target 'cmTC_345e8' from project 'CMAKE_TRY_COMPILE')
    cd /Users/bangcle/apple-llvm-project_ios/build/NATIVE/CMakeFiles/CMakeTmp
    write-file /Users/bangcle/apple-llvm-project_ios/build/NATIVE/CMakeFiles/CMakeTmp/CMAKE_TRY_COMPILE.build/Debug-iphoneos/cmTC_345e8.build/Objects-normal/arm64/cmTC_345e8.LinkFileList

CompileC /Users/bangcle/apple-llvm-project_ios/build/NATIVE/CMakeFiles/CMakeTmp/CMAKE_TRY_COMPILE.build/Debug-iphoneos/cmTC_345e8.build/Objects-normal/arm64/CheckSymbolExists.o /Users/bangcle/apple-llvm-project_ios/build/NATIVE/CMakeFiles/CMakeTmp/CheckSymbolExists.c normal arm64 c com.apple.compilers.llvm.clang.1_0.compiler (in target 'cmTC_345e8' from project 'CMAKE_TRY_COMPILE')
    cd /Users/bangcle/apple-llvm-project_ios/build/NATIVE/CMakeFiles/CMakeTmp
    /Applications/Xcode.app/Contents/Developer/Toolchains/XcodeDefault.xctoolchain/usr/bin/clang -x c -ivfsstatcache /var/folders/30/2gj68zcd49l4mylgmzd1d7n40000gn/C/com.apple.DeveloperTools/14.3-14E222b/Xcode/14.3-14E222b/Xcode/SDKStatCaches.noindex/iphoneos16.4-20E238-com_apple_dt_toolchain_XcodeDefault_com_apple_dt_toolchain_XcodeDefault.sdkstatcache -target arm64-apple-ios16.4 -fmessage-length\=0 -fdiagnostics-show-note-include-stack -fmacro-backtrace-limit\=0 -Wno-trigraphs -fpascal-strings -O0 -Wno-missing-field-initializers -Wno-missing-prototypes -Wno-return-type -Wno-missing-braces -Wparentheses -Wswitch -Wno-unused-function -Wno-unused-label -Wno-unused-parameter -Wno-unused-variable -Wunused-value -Wno-empty-body -Wno-uninitialized -Wno-unknown-pragmas -Wno-shadow -Wno-four-char-constants -Wno-conversion -Wno-constant-conversion -Wno-int-conversion -Wno-bool-conversion -Wno-enum-conversion -Wno-float-conversion -Wno-non-literal-null-conversion -Wno-objc-literal-conversion -Wshorten-64-to-32 -Wpointer-sign -Wno-newline-eof -Wno-implicit-fallthrough -DCMAKE_INTDIR\=\"Debug-iphoneos\" -D_LARGEFILE64_SOURCE -isysroot /Applications/Xcode.app/Contents/Developer/Platforms/iPhoneOS.platform/Developer/SDKs/iPhoneOS16.4.sdk -fstrict-aliasing -Wdeprecated-declarations -g -Wno-sign-conversion -Wno-infinite-recursion -Wno-comma -Wno-block-capture-autoreleasing -Wno-strict-prototypes -Wno-semicolon-before-method-body -I/Users/bangcle/apple-llvm-project_ios/build/NATIVE/CMakeFiles/CMakeTmp/Debug/include -I/Users/bangcle/apple-llvm-project_ios/build/NATIVE/CMakeFiles/CMakeTmp/CMAKE_TRY_COMPILE.build/Debug-iphoneos/cmTC_345e8.build/DerivedSources-normal/arm64 -I/Users/bangcle/apple-llvm-project_ios/build/NATIVE/CMakeFiles/CMakeTmp/CMAKE_TRY_COMPILE.build/Debug-iphoneos/cmTC_345e8.build/DerivedSources/arm64 -I/Users/bangcle/apple-llvm-project_ios/build/NATIVE/CMakeFiles/CMakeTmp/CMAKE_TRY_COMPILE.build/Debug-iphoneos/cmTC_345e8.build/DerivedSources -F/Users/bangcle/apple-llvm-project_ios/build/NATIVE/CMakeFiles/CMakeTmp/Debug -Werror\=unguarded-availability-new -DWITH_BKS -DWITH_FBS -DWITH_LOCKDOWN -MMD -MT dependencies -MF /Users/bangcle/apple-llvm-project_ios/build/NATIVE/CMakeFiles/CMakeTmp/CMAKE_TRY_COMPILE.build/Debug-iphoneos/cmTC_345e8.build/Objects-normal/arm64/CheckSymbolExists.d --serialize-diagnostics /Users/bangcle/apple-llvm-project_ios/build/NATIVE/CMakeFiles/CMakeTmp/CMAKE_TRY_COMPILE.build/Debug-iphoneos/cmTC_345e8.build/Objects-normal/arm64/CheckSymbolExists.dia -c /Users/bangcle/apple-llvm-project_ios/build/NATIVE/CMakeFiles/CMakeTmp/CheckSymbolExists.c -o /Users/bangcle/apple-llvm-project_ios/build/NATIVE/CMakeFiles/CMakeTmp/CMAKE_TRY_COMPILE.build/Debug-iphoneos/cmTC_345e8.build/Objects-normal/arm64/CheckSymbolExists.o
/Users/bangcle/apple-llvm-project_ios/build/NATIVE/CMakeFiles/CMakeTmp/CheckSymbolExists.c:9:19: error: use of undeclared identifier 'lseek64'; did you mean 'lseek'?
  return ((int*)(&lseek64))[argc];
                  ^~~~~~~
                  lseek
In file included from /Users/bangcle/apple-llvm-project_ios/build/NATIVE/CMakeFiles/CMakeTmp/CheckSymbolExists.c:3:
/Applications/Xcode.app/Contents/Developer/Platforms/iPhoneOS.platform/Developer/SDKs/iPhoneOS16.4.sdk/usr/include/unistd.h:465:8: note: 'lseek' declared here
off_t    lseek(int, off_t, int);
         ^
1 error generated.

note: Using global toolchain override 'Xcode Default'. (in target 'cmTC_345e8' from project 'CMAKE_TRY_COMPILE')
** BUILD FAILED **


The following build commands failed:
	CompileC /Users/bangcle/apple-llvm-project_ios/build/NATIVE/CMakeFiles/CMakeTmp/CMAKE_TRY_COMPILE.build/Debug-iphoneos/cmTC_345e8.build/Objects-normal/arm64/CheckSymbolExists.o /Users/bangcle/apple-llvm-project_ios/build/NATIVE/CMakeFiles/CMakeTmp/CheckSymbolExists.c normal arm64 c com.apple.compilers.llvm.clang.1_0.compiler (in target 'cmTC_345e8' from project 'CMAKE_TRY_COMPILE')
(1 failure)


File /Users/bangcle/apple-llvm-project_ios/build/NATIVE/CMakeFiles/CMakeTmp/CheckSymbolExists.c:
/* */
#include <sys/types.h>
#include <unistd.h>

int main(int argc, char** argv)
{
  (void)argv;
#ifndef lseek64
  return ((int*)(&lseek64))[argc];
#else
  (void)argc;
  return 0;
#endif
}
Determining if the mallctl exist failed with the following output:
Change Dir: /Users/bangcle/apple-llvm-project_ios/build/NATIVE/CMakeFiles/CMakeTmp

Run Build Command(s):/usr/bin/xcodebuild -project CMAKE_TRY_COMPILE.xcodeproj build -target cmTC_555c2 -parallelizeTargets -configuration Debug -hideShellScriptEnvironment && 2023-05-09 11:12:43.443 xcodebuild[18642:5404477] DVTCoreDeviceEnabledState: DVTCoreDeviceEnabledState_Disabled set via user default (DVTEnableCoreDevice=disabled)
Command line invocation:
    /Applications/Xcode.app/Contents/Developer/usr/bin/xcodebuild -project CMAKE_TRY_COMPILE.xcodeproj build -target cmTC_555c2 -parallelizeTargets -configuration Debug -hideShellScriptEnvironment

User defaults from command line:
    HideShellScriptEnvironment = YES
    IDEPackageSupportToolchainOverrideForManifestLoading = com.apple.dt.toolchain.XcodeDefault
    IDEPackageSupportUseBuiltinSCM = YES

Build settings from command line:
    TOOLCHAINS = com.apple.dt.toolchain.XcodeDefault

Computing target dependency graph and provisioning inputs

Create build description
Build description signature: 579b5b9f606e908714ed4650c3b94c89
Build description path: /Users/bangcle/apple-llvm-project_ios/build/NATIVE/CMakeFiles/CMakeTmp/build/XCBuildData/579b5b9f606e908714ed4650c3b94c89.xcbuilddata

note: Building targets in dependency order
warning: The iOS deployment target 'IPHONEOS_DEPLOYMENT_TARGET' is set to 10.0, but the range of supported deployment target versions is 11.0 to 16.4.99.
note: Using global toolchain override 'Xcode Default'.
CreateBuildDirectory /Users/bangcle/apple-llvm-project_ios/build/NATIVE/CMakeFiles/CMakeTmp
    cd /Users/bangcle/apple-llvm-project_ios/build/NATIVE/CMakeFiles/CMakeTmp/CMAKE_TRY_COMPILE.xcodeproj
    builtin-create-build-directory /Users/bangcle/apple-llvm-project_ios/build/NATIVE/CMakeFiles/CMakeTmp

ClangStatCache /Applications/Xcode.app/Contents/Developer/Toolchains/XcodeDefault.xctoolchain/usr/bin/clang-stat-cache /Applications/Xcode.app/Contents/Developer/Platforms/iPhoneOS.platform/Developer/SDKs/iPhoneOS16.4.sdk /var/folders/30/2gj68zcd49l4mylgmzd1d7n40000gn/C/com.apple.DeveloperTools/14.3-14E222b/Xcode/14.3-14E222b/Xcode/SDKStatCaches.noindex/iphoneos16.4-20E238-com_apple_dt_toolchain_XcodeDefault_com_apple_dt_toolchain_XcodeDefault.sdkstatcache
    cd /Users/bangcle/apple-llvm-project_ios/build/NATIVE/CMakeFiles/CMakeTmp/CMAKE_TRY_COMPILE.xcodeproj
    /Applications/Xcode.app/Contents/Developer/Toolchains/XcodeDefault.xctoolchain/usr/bin/clang-stat-cache /Applications/Xcode.app/Contents/Developer/Platforms/iPhoneOS.platform/Developer/SDKs/iPhoneOS16.4.sdk -o /var/folders/30/2gj68zcd49l4mylgmzd1d7n40000gn/C/com.apple.DeveloperTools/14.3-14E222b/Xcode/14.3-14E222b/Xcode/SDKStatCaches.noindex/iphoneos16.4-20E238-com_apple_dt_toolchain_XcodeDefault_com_apple_dt_toolchain_XcodeDefault.sdkstatcache

CreateBuildDirectory /Users/bangcle/apple-llvm-project_ios/build/NATIVE/CMakeFiles/CMakeTmp/Debug
    cd /Users/bangcle/apple-llvm-project_ios/build/NATIVE/CMakeFiles/CMakeTmp/CMAKE_TRY_COMPILE.xcodeproj
    builtin-create-build-directory /Users/bangcle/apple-llvm-project_ios/build/NATIVE/CMakeFiles/CMakeTmp/Debug

CreateBuildDirectory /Users/bangcle/apple-llvm-project_ios/build/NATIVE/CMakeFiles/CMakeTmp/EagerLinkingTBDs/Debug-iphoneos
    cd /Users/bangcle/apple-llvm-project_ios/build/NATIVE/CMakeFiles/CMakeTmp/CMAKE_TRY_COMPILE.xcodeproj
    builtin-create-build-directory /Users/bangcle/apple-llvm-project_ios/build/NATIVE/CMakeFiles/CMakeTmp/EagerLinkingTBDs/Debug-iphoneos

WriteAuxiliaryFile /Users/bangcle/apple-llvm-project_ios/build/NATIVE/CMakeFiles/CMakeTmp/CMAKE_TRY_COMPILE.build/Debug-iphoneos/cmTC_555c2.build/Objects-normal/arm64/cmTC_555c2.LinkFileList (in target 'cmTC_555c2' from project 'CMAKE_TRY_COMPILE')
    cd /Users/bangcle/apple-llvm-project_ios/build/NATIVE/CMakeFiles/CMakeTmp
    write-file /Users/bangcle/apple-llvm-project_ios/build/NATIVE/CMakeFiles/CMakeTmp/CMAKE_TRY_COMPILE.build/Debug-iphoneos/cmTC_555c2.build/Objects-normal/arm64/cmTC_555c2.LinkFileList

CompileC /Users/bangcle/apple-llvm-project_ios/build/NATIVE/CMakeFiles/CMakeTmp/CMAKE_TRY_COMPILE.build/Debug-iphoneos/cmTC_555c2.build/Objects-normal/arm64/CheckSymbolExists.o /Users/bangcle/apple-llvm-project_ios/build/NATIVE/CMakeFiles/CMakeTmp/CheckSymbolExists.c normal arm64 c com.apple.compilers.llvm.clang.1_0.compiler (in target 'cmTC_555c2' from project 'CMAKE_TRY_COMPILE')
    cd /Users/bangcle/apple-llvm-project_ios/build/NATIVE/CMakeFiles/CMakeTmp
    /Applications/Xcode.app/Contents/Developer/Toolchains/XcodeDefault.xctoolchain/usr/bin/clang -x c -ivfsstatcache /var/folders/30/2gj68zcd49l4mylgmzd1d7n40000gn/C/com.apple.DeveloperTools/14.3-14E222b/Xcode/14.3-14E222b/Xcode/SDKStatCaches.noindex/iphoneos16.4-20E238-com_apple_dt_toolchain_XcodeDefault_com_apple_dt_toolchain_XcodeDefault.sdkstatcache -target arm64-apple-ios16.4 -fmessage-length\=0 -fdiagnostics-show-note-include-stack -fmacro-backtrace-limit\=0 -Wno-trigraphs -fpascal-strings -O0 -Wno-missing-field-initializers -Wno-missing-prototypes -Wno-return-type -Wno-missing-braces -Wparentheses -Wswitch -Wno-unused-function -Wno-unused-label -Wno-unused-parameter -Wno-unused-variable -Wunused-value -Wno-empty-body -Wno-uninitialized -Wno-unknown-pragmas -Wno-shadow -Wno-four-char-constants -Wno-conversion -Wno-constant-conversion -Wno-int-conversion -Wno-bool-conversion -Wno-enum-conversion -Wno-float-conversion -Wno-non-literal-null-conversion -Wno-objc-literal-conversion -Wshorten-64-to-32 -Wpointer-sign -Wno-newline-eof -Wno-implicit-fallthrough -DCMAKE_INTDIR\=\"Debug-iphoneos\" -isysroot /Applications/Xcode.app/Contents/Developer/Platforms/iPhoneOS.platform/Developer/SDKs/iPhoneOS16.4.sdk -fstrict-aliasing -Wdeprecated-declarations -g -Wno-sign-conversion -Wno-infinite-recursion -Wno-comma -Wno-block-capture-autoreleasing -Wno-strict-prototypes -Wno-semicolon-before-method-body -I/Users/bangcle/apple-llvm-project_ios/build/NATIVE/CMakeFiles/CMakeTmp/Debug/include -I/Users/bangcle/apple-llvm-project_ios/build/NATIVE/CMakeFiles/CMakeTmp/CMAKE_TRY_COMPILE.build/Debug-iphoneos/cmTC_555c2.build/DerivedSources-normal/arm64 -I/Users/bangcle/apple-llvm-project_ios/build/NATIVE/CMakeFiles/CMakeTmp/CMAKE_TRY_COMPILE.build/Debug-iphoneos/cmTC_555c2.build/DerivedSources/arm64 -I/Users/bangcle/apple-llvm-project_ios/build/NATIVE/CMakeFiles/CMakeTmp/CMAKE_TRY_COMPILE.build/Debug-iphoneos/cmTC_555c2.build/DerivedSources -F/Users/bangcle/apple-llvm-project_ios/build/NATIVE/CMakeFiles/CMakeTmp/Debug -Werror\=unguarded-availability-new -DWITH_BKS -DWITH_FBS -DWITH_LOCKDOWN -MMD -MT dependencies -MF /Users/bangcle/apple-llvm-project_ios/build/NATIVE/CMakeFiles/CMakeTmp/CMAKE_TRY_COMPILE.build/Debug-iphoneos/cmTC_555c2.build/Objects-normal/arm64/CheckSymbolExists.d --serialize-diagnostics /Users/bangcle/apple-llvm-project_ios/build/NATIVE/CMakeFiles/CMakeTmp/CMAKE_TRY_COMPILE.build/Debug-iphoneos/cmTC_555c2.build/Objects-normal/arm64/CheckSymbolExists.dia -c /Users/bangcle/apple-llvm-project_ios/build/NATIVE/CMakeFiles/CMakeTmp/CheckSymbolExists.c -o /Users/bangcle/apple-llvm-project_ios/build/NATIVE/CMakeFiles/CMakeTmp/CMAKE_TRY_COMPILE.build/Debug-iphoneos/cmTC_555c2.build/Objects-normal/arm64/CheckSymbolExists.o
/Users/bangcle/apple-llvm-project_ios/build/NATIVE/CMakeFiles/CMakeTmp/CheckSymbolExists.c:2:10: fatal error: 'malloc_np.h' file not found
#include <malloc_np.h>
         ^~~~~~~~~~~~~
1 error generated.

note: Using global toolchain override 'Xcode Default'. (in target 'cmTC_555c2' from project 'CMAKE_TRY_COMPILE')
** BUILD FAILED **


The following build commands failed:
	CompileC /Users/bangcle/apple-llvm-project_ios/build/NATIVE/CMakeFiles/CMakeTmp/CMAKE_TRY_COMPILE.build/Debug-iphoneos/cmTC_555c2.build/Objects-normal/arm64/CheckSymbolExists.o /Users/bangcle/apple-llvm-project_ios/build/NATIVE/CMakeFiles/CMakeTmp/CheckSymbolExists.c normal arm64 c com.apple.compilers.llvm.clang.1_0.compiler (in target 'cmTC_555c2' from project 'CMAKE_TRY_COMPILE')
(1 failure)


File /Users/bangcle/apple-llvm-project_ios/build/NATIVE/CMakeFiles/CMakeTmp/CheckSymbolExists.c:
/* */
#include <malloc_np.h>

int main(int argc, char** argv)
{
  (void)argv;
#ifndef mallctl
  return ((int*)(&mallctl))[argc];
#else
  (void)argc;
  return 0;
#endif
}
Determining if the mallinfo exist failed with the following output:
Change Dir: /Users/bangcle/apple-llvm-project_ios/build/NATIVE/CMakeFiles/CMakeTmp

Run Build Command(s):/usr/bin/xcodebuild -project CMAKE_TRY_COMPILE.xcodeproj build -target cmTC_86edf -parallelizeTargets -configuration Debug -hideShellScriptEnvironment && 2023-05-09 11:12:45.509 xcodebuild[18656:5404615] DVTCoreDeviceEnabledState: DVTCoreDeviceEnabledState_Disabled set via user default (DVTEnableCoreDevice=disabled)
Command line invocation:
    /Applications/Xcode.app/Contents/Developer/usr/bin/xcodebuild -project CMAKE_TRY_COMPILE.xcodeproj build -target cmTC_86edf -parallelizeTargets -configuration Debug -hideShellScriptEnvironment

User defaults from command line:
    HideShellScriptEnvironment = YES
    IDEPackageSupportToolchainOverrideForManifestLoading = com.apple.dt.toolchain.XcodeDefault
    IDEPackageSupportUseBuiltinSCM = YES

Build settings from command line:
    TOOLCHAINS = com.apple.dt.toolchain.XcodeDefault

Computing target dependency graph and provisioning inputs

Create build description
Build description signature: 7b816b9acb83e44f5870a6aa9e84bd03
Build description path: /Users/bangcle/apple-llvm-project_ios/build/NATIVE/CMakeFiles/CMakeTmp/build/XCBuildData/7b816b9acb83e44f5870a6aa9e84bd03.xcbuilddata

note: Building targets in dependency order
warning: The iOS deployment target 'IPHONEOS_DEPLOYMENT_TARGET' is set to 10.0, but the range of supported deployment target versions is 11.0 to 16.4.99.
note: Using global toolchain override 'Xcode Default'.
CreateBuildDirectory /Users/bangcle/apple-llvm-project_ios/build/NATIVE/CMakeFiles/CMakeTmp
    cd /Users/bangcle/apple-llvm-project_ios/build/NATIVE/CMakeFiles/CMakeTmp/CMAKE_TRY_COMPILE.xcodeproj
    builtin-create-build-directory /Users/bangcle/apple-llvm-project_ios/build/NATIVE/CMakeFiles/CMakeTmp

ClangStatCache /Applications/Xcode.app/Contents/Developer/Toolchains/XcodeDefault.xctoolchain/usr/bin/clang-stat-cache /Applications/Xcode.app/Contents/Developer/Platforms/iPhoneOS.platform/Developer/SDKs/iPhoneOS16.4.sdk /var/folders/30/2gj68zcd49l4mylgmzd1d7n40000gn/C/com.apple.DeveloperTools/14.3-14E222b/Xcode/14.3-14E222b/Xcode/SDKStatCaches.noindex/iphoneos16.4-20E238-com_apple_dt_toolchain_XcodeDefault_com_apple_dt_toolchain_XcodeDefault.sdkstatcache
    cd /Users/bangcle/apple-llvm-project_ios/build/NATIVE/CMakeFiles/CMakeTmp/CMAKE_TRY_COMPILE.xcodeproj
    /Applications/Xcode.app/Contents/Developer/Toolchains/XcodeDefault.xctoolchain/usr/bin/clang-stat-cache /Applications/Xcode.app/Contents/Developer/Platforms/iPhoneOS.platform/Developer/SDKs/iPhoneOS16.4.sdk -o /var/folders/30/2gj68zcd49l4mylgmzd1d7n40000gn/C/com.apple.DeveloperTools/14.3-14E222b/Xcode/14.3-14E222b/Xcode/SDKStatCaches.noindex/iphoneos16.4-20E238-com_apple_dt_toolchain_XcodeDefault_com_apple_dt_toolchain_XcodeDefault.sdkstatcache

CreateBuildDirectory /Users/bangcle/apple-llvm-project_ios/build/NATIVE/CMakeFiles/CMakeTmp/Debug
    cd /Users/bangcle/apple-llvm-project_ios/build/NATIVE/CMakeFiles/CMakeTmp/CMAKE_TRY_COMPILE.xcodeproj
    builtin-create-build-directory /Users/bangcle/apple-llvm-project_ios/build/NATIVE/CMakeFiles/CMakeTmp/Debug

CreateBuildDirectory /Users/bangcle/apple-llvm-project_ios/build/NATIVE/CMakeFiles/CMakeTmp/EagerLinkingTBDs/Debug-iphoneos
    cd /Users/bangcle/apple-llvm-project_ios/build/NATIVE/CMakeFiles/CMakeTmp/CMAKE_TRY_COMPILE.xcodeproj
    builtin-create-build-directory /Users/bangcle/apple-llvm-project_ios/build/NATIVE/CMakeFiles/CMakeTmp/EagerLinkingTBDs/Debug-iphoneos

WriteAuxiliaryFile /Users/bangcle/apple-llvm-project_ios/build/NATIVE/CMakeFiles/CMakeTmp/CMAKE_TRY_COMPILE.build/Debug-iphoneos/cmTC_86edf.build/Objects-normal/arm64/cmTC_86edf.LinkFileList (in target 'cmTC_86edf' from project 'CMAKE_TRY_COMPILE')
    cd /Users/bangcle/apple-llvm-project_ios/build/NATIVE/CMakeFiles/CMakeTmp
    write-file /Users/bangcle/apple-llvm-project_ios/build/NATIVE/CMakeFiles/CMakeTmp/CMAKE_TRY_COMPILE.build/Debug-iphoneos/cmTC_86edf.build/Objects-normal/arm64/cmTC_86edf.LinkFileList

CompileC /Users/bangcle/apple-llvm-project_ios/build/NATIVE/CMakeFiles/CMakeTmp/CMAKE_TRY_COMPILE.build/Debug-iphoneos/cmTC_86edf.build/Objects-normal/arm64/CheckSymbolExists.o /Users/bangcle/apple-llvm-project_ios/build/NATIVE/CMakeFiles/CMakeTmp/CheckSymbolExists.c normal arm64 c com.apple.compilers.llvm.clang.1_0.compiler (in target 'cmTC_86edf' from project 'CMAKE_TRY_COMPILE')
    cd /Users/bangcle/apple-llvm-project_ios/build/NATIVE/CMakeFiles/CMakeTmp
    /Applications/Xcode.app/Contents/Developer/Toolchains/XcodeDefault.xctoolchain/usr/bin/clang -x c -ivfsstatcache /var/folders/30/2gj68zcd49l4mylgmzd1d7n40000gn/C/com.apple.DeveloperTools/14.3-14E222b/Xcode/14.3-14E222b/Xcode/SDKStatCaches.noindex/iphoneos16.4-20E238-com_apple_dt_toolchain_XcodeDefault_com_apple_dt_toolchain_XcodeDefault.sdkstatcache -target arm64-apple-ios16.4 -fmessage-length\=0 -fdiagnostics-show-note-include-stack -fmacro-backtrace-limit\=0 -Wno-trigraphs -fpascal-strings -O0 -Wno-missing-field-initializers -Wno-missing-prototypes -Wno-return-type -Wno-missing-braces -Wparentheses -Wswitch -Wno-unused-function -Wno-unused-label -Wno-unused-parameter -Wno-unused-variable -Wunused-value -Wno-empty-body -Wno-uninitialized -Wno-unknown-pragmas -Wno-shadow -Wno-four-char-constants -Wno-conversion -Wno-constant-conversion -Wno-int-conversion -Wno-bool-conversion -Wno-enum-conversion -Wno-float-conversion -Wno-non-literal-null-conversion -Wno-objc-literal-conversion -Wshorten-64-to-32 -Wpointer-sign -Wno-newline-eof -Wno-implicit-fallthrough -DCMAKE_INTDIR\=\"Debug-iphoneos\" -isysroot /Applications/Xcode.app/Contents/Developer/Platforms/iPhoneOS.platform/Developer/SDKs/iPhoneOS16.4.sdk -fstrict-aliasing -Wdeprecated-declarations -g -Wno-sign-conversion -Wno-infinite-recursion -Wno-comma -Wno-block-capture-autoreleasing -Wno-strict-prototypes -Wno-semicolon-before-method-body -I/Users/bangcle/apple-llvm-project_ios/build/NATIVE/CMakeFiles/CMakeTmp/Debug/include -I/Users/bangcle/apple-llvm-project_ios/build/NATIVE/CMakeFiles/CMakeTmp/CMAKE_TRY_COMPILE.build/Debug-iphoneos/cmTC_86edf.build/DerivedSources-normal/arm64 -I/Users/bangcle/apple-llvm-project_ios/build/NATIVE/CMakeFiles/CMakeTmp/CMAKE_TRY_COMPILE.build/Debug-iphoneos/cmTC_86edf.build/DerivedSources/arm64 -I/Users/bangcle/apple-llvm-project_ios/build/NATIVE/CMakeFiles/CMakeTmp/CMAKE_TRY_COMPILE.build/Debug-iphoneos/cmTC_86edf.build/DerivedSources -F/Users/bangcle/apple-llvm-project_ios/build/NATIVE/CMakeFiles/CMakeTmp/Debug -Werror\=unguarded-availability-new -DWITH_BKS -DWITH_FBS -DWITH_LOCKDOWN -MMD -MT dependencies -MF /Users/bangcle/apple-llvm-project_ios/build/NATIVE/CMakeFiles/CMakeTmp/CMAKE_TRY_COMPILE.build/Debug-iphoneos/cmTC_86edf.build/Objects-normal/arm64/CheckSymbolExists.d --serialize-diagnostics /Users/bangcle/apple-llvm-project_ios/build/NATIVE/CMakeFiles/CMakeTmp/CMAKE_TRY_COMPILE.build/Debug-iphoneos/cmTC_86edf.build/Objects-normal/arm64/CheckSymbolExists.dia -c /Users/bangcle/apple-llvm-project_ios/build/NATIVE/CMakeFiles/CMakeTmp/CheckSymbolExists.c -o /Users/bangcle/apple-llvm-project_ios/build/NATIVE/CMakeFiles/CMakeTmp/CMAKE_TRY_COMPILE.build/Debug-iphoneos/cmTC_86edf.build/Objects-normal/arm64/CheckSymbolExists.o
/Users/bangcle/apple-llvm-project_ios/build/NATIVE/CMakeFiles/CMakeTmp/CheckSymbolExists.c:2:10: fatal error: 'malloc.h' file not found
#include <malloc.h>
         ^~~~~~~~~~
1 error generated.

note: Using global toolchain override 'Xcode Default'. (in target 'cmTC_86edf' from project 'CMAKE_TRY_COMPILE')
** BUILD FAILED **


The following build commands failed:
	CompileC /Users/bangcle/apple-llvm-project_ios/build/NATIVE/CMakeFiles/CMakeTmp/CMAKE_TRY_COMPILE.build/Debug-iphoneos/cmTC_86edf.build/Objects-normal/arm64/CheckSymbolExists.o /Users/bangcle/apple-llvm-project_ios/build/NATIVE/CMakeFiles/CMakeTmp/CheckSymbolExists.c normal arm64 c com.apple.compilers.llvm.clang.1_0.compiler (in target 'cmTC_86edf' from project 'CMAKE_TRY_COMPILE')
(1 failure)


File /Users/bangcle/apple-llvm-project_ios/build/NATIVE/CMakeFiles/CMakeTmp/CheckSymbolExists.c:
/* */
#include <malloc.h>

int main(int argc, char** argv)
{
  (void)argv;
#ifndef mallinfo
  return ((int*)(&mallinfo))[argc];
#else
  (void)argc;
  return 0;
#endif
}
Determining if the mallinfo2 exist failed with the following output:
Change Dir: /Users/bangcle/apple-llvm-project_ios/build/NATIVE/CMakeFiles/CMakeTmp

Run Build Command(s):/usr/bin/xcodebuild -project CMAKE_TRY_COMPILE.xcodeproj build -target cmTC_2b707 -parallelizeTargets -configuration Debug -hideShellScriptEnvironment && 2023-05-09 11:12:47.624 xcodebuild[18671:5404748] DVTCoreDeviceEnabledState: DVTCoreDeviceEnabledState_Disabled set via user default (DVTEnableCoreDevice=disabled)
Command line invocation:
    /Applications/Xcode.app/Contents/Developer/usr/bin/xcodebuild -project CMAKE_TRY_COMPILE.xcodeproj build -target cmTC_2b707 -parallelizeTargets -configuration Debug -hideShellScriptEnvironment

User defaults from command line:
    HideShellScriptEnvironment = YES
    IDEPackageSupportToolchainOverrideForManifestLoading = com.apple.dt.toolchain.XcodeDefault
    IDEPackageSupportUseBuiltinSCM = YES

Build settings from command line:
    TOOLCHAINS = com.apple.dt.toolchain.XcodeDefault

Computing target dependency graph and provisioning inputs

Create build description
Build description signature: 38848062821396d408d035ae0e58fcfe
Build description path: /Users/bangcle/apple-llvm-project_ios/build/NATIVE/CMakeFiles/CMakeTmp/build/XCBuildData/38848062821396d408d035ae0e58fcfe.xcbuilddata

note: Building targets in dependency order
warning: The iOS deployment target 'IPHONEOS_DEPLOYMENT_TARGET' is set to 10.0, but the range of supported deployment target versions is 11.0 to 16.4.99.
note: Using global toolchain override 'Xcode Default'.
CreateBuildDirectory /Users/bangcle/apple-llvm-project_ios/build/NATIVE/CMakeFiles/CMakeTmp
    cd /Users/bangcle/apple-llvm-project_ios/build/NATIVE/CMakeFiles/CMakeTmp/CMAKE_TRY_COMPILE.xcodeproj
    builtin-create-build-directory /Users/bangcle/apple-llvm-project_ios/build/NATIVE/CMakeFiles/CMakeTmp

ClangStatCache /Applications/Xcode.app/Contents/Developer/Toolchains/XcodeDefault.xctoolchain/usr/bin/clang-stat-cache /Applications/Xcode.app/Contents/Developer/Platforms/iPhoneOS.platform/Developer/SDKs/iPhoneOS16.4.sdk /var/folders/30/2gj68zcd49l4mylgmzd1d7n40000gn/C/com.apple.DeveloperTools/14.3-14E222b/Xcode/14.3-14E222b/Xcode/SDKStatCaches.noindex/iphoneos16.4-20E238-com_apple_dt_toolchain_XcodeDefault_com_apple_dt_toolchain_XcodeDefault.sdkstatcache
    cd /Users/bangcle/apple-llvm-project_ios/build/NATIVE/CMakeFiles/CMakeTmp/CMAKE_TRY_COMPILE.xcodeproj
    /Applications/Xcode.app/Contents/Developer/Toolchains/XcodeDefault.xctoolchain/usr/bin/clang-stat-cache /Applications/Xcode.app/Contents/Developer/Platforms/iPhoneOS.platform/Developer/SDKs/iPhoneOS16.4.sdk -o /var/folders/30/2gj68zcd49l4mylgmzd1d7n40000gn/C/com.apple.DeveloperTools/14.3-14E222b/Xcode/14.3-14E222b/Xcode/SDKStatCaches.noindex/iphoneos16.4-20E238-com_apple_dt_toolchain_XcodeDefault_com_apple_dt_toolchain_XcodeDefault.sdkstatcache

CreateBuildDirectory /Users/bangcle/apple-llvm-project_ios/build/NATIVE/CMakeFiles/CMakeTmp/Debug
    cd /Users/bangcle/apple-llvm-project_ios/build/NATIVE/CMakeFiles/CMakeTmp/CMAKE_TRY_COMPILE.xcodeproj
    builtin-create-build-directory /Users/bangcle/apple-llvm-project_ios/build/NATIVE/CMakeFiles/CMakeTmp/Debug

CreateBuildDirectory /Users/bangcle/apple-llvm-project_ios/build/NATIVE/CMakeFiles/CMakeTmp/EagerLinkingTBDs/Debug-iphoneos
    cd /Users/bangcle/apple-llvm-project_ios/build/NATIVE/CMakeFiles/CMakeTmp/CMAKE_TRY_COMPILE.xcodeproj
    builtin-create-build-directory /Users/bangcle/apple-llvm-project_ios/build/NATIVE/CMakeFiles/CMakeTmp/EagerLinkingTBDs/Debug-iphoneos

WriteAuxiliaryFile /Users/bangcle/apple-llvm-project_ios/build/NATIVE/CMakeFiles/CMakeTmp/CMAKE_TRY_COMPILE.build/Debug-iphoneos/cmTC_2b707.build/Objects-normal/arm64/cmTC_2b707.LinkFileList (in target 'cmTC_2b707' from project 'CMAKE_TRY_COMPILE')
    cd /Users/bangcle/apple-llvm-project_ios/build/NATIVE/CMakeFiles/CMakeTmp
    write-file /Users/bangcle/apple-llvm-project_ios/build/NATIVE/CMakeFiles/CMakeTmp/CMAKE_TRY_COMPILE.build/Debug-iphoneos/cmTC_2b707.build/Objects-normal/arm64/cmTC_2b707.LinkFileList

CompileC /Users/bangcle/apple-llvm-project_ios/build/NATIVE/CMakeFiles/CMakeTmp/CMAKE_TRY_COMPILE.build/Debug-iphoneos/cmTC_2b707.build/Objects-normal/arm64/CheckSymbolExists.o /Users/bangcle/apple-llvm-project_ios/build/NATIVE/CMakeFiles/CMakeTmp/CheckSymbolExists.c normal arm64 c com.apple.compilers.llvm.clang.1_0.compiler (in target 'cmTC_2b707' from project 'CMAKE_TRY_COMPILE')
    cd /Users/bangcle/apple-llvm-project_ios/build/NATIVE/CMakeFiles/CMakeTmp
    /Applications/Xcode.app/Contents/Developer/Toolchains/XcodeDefault.xctoolchain/usr/bin/clang -x c -ivfsstatcache /var/folders/30/2gj68zcd49l4mylgmzd1d7n40000gn/C/com.apple.DeveloperTools/14.3-14E222b/Xcode/14.3-14E222b/Xcode/SDKStatCaches.noindex/iphoneos16.4-20E238-com_apple_dt_toolchain_XcodeDefault_com_apple_dt_toolchain_XcodeDefault.sdkstatcache -target arm64-apple-ios16.4 -fmessage-length\=0 -fdiagnostics-show-note-include-stack -fmacro-backtrace-limit\=0 -Wno-trigraphs -fpascal-strings -O0 -Wno-missing-field-initializers -Wno-missing-prototypes -Wno-return-type -Wno-missing-braces -Wparentheses -Wswitch -Wno-unused-function -Wno-unused-label -Wno-unused-parameter -Wno-unused-variable -Wunused-value -Wno-empty-body -Wno-uninitialized -Wno-unknown-pragmas -Wno-shadow -Wno-four-char-constants -Wno-conversion -Wno-constant-conversion -Wno-int-conversion -Wno-bool-conversion -Wno-enum-conversion -Wno-float-conversion -Wno-non-literal-null-conversion -Wno-objc-literal-conversion -Wshorten-64-to-32 -Wpointer-sign -Wno-newline-eof -Wno-implicit-fallthrough -DCMAKE_INTDIR\=\"Debug-iphoneos\" -isysroot /Applications/Xcode.app/Contents/Developer/Platforms/iPhoneOS.platform/Developer/SDKs/iPhoneOS16.4.sdk -fstrict-aliasing -Wdeprecated-declarations -g -Wno-sign-conversion -Wno-infinite-recursion -Wno-comma -Wno-block-capture-autoreleasing -Wno-strict-prototypes -Wno-semicolon-before-method-body -I/Users/bangcle/apple-llvm-project_ios/build/NATIVE/CMakeFiles/CMakeTmp/Debug/include -I/Users/bangcle/apple-llvm-project_ios/build/NATIVE/CMakeFiles/CMakeTmp/CMAKE_TRY_COMPILE.build/Debug-iphoneos/cmTC_2b707.build/DerivedSources-normal/arm64 -I/Users/bangcle/apple-llvm-project_ios/build/NATIVE/CMakeFiles/CMakeTmp/CMAKE_TRY_COMPILE.build/Debug-iphoneos/cmTC_2b707.build/DerivedSources/arm64 -I/Users/bangcle/apple-llvm-project_ios/build/NATIVE/CMakeFiles/CMakeTmp/CMAKE_TRY_COMPILE.build/Debug-iphoneos/cmTC_2b707.build/DerivedSources -F/Users/bangcle/apple-llvm-project_ios/build/NATIVE/CMakeFiles/CMakeTmp/Debug -Werror\=unguarded-availability-new -DWITH_BKS -DWITH_FBS -DWITH_LOCKDOWN -MMD -MT dependencies -MF /Users/bangcle/apple-llvm-project_ios/build/NATIVE/CMakeFiles/CMakeTmp/CMAKE_TRY_COMPILE.build/Debug-iphoneos/cmTC_2b707.build/Objects-normal/arm64/CheckSymbolExists.d --serialize-diagnostics /Users/bangcle/apple-llvm-project_ios/build/NATIVE/CMakeFiles/CMakeTmp/CMAKE_TRY_COMPILE.build/Debug-iphoneos/cmTC_2b707.build/Objects-normal/arm64/CheckSymbolExists.dia -c /Users/bangcle/apple-llvm-project_ios/build/NATIVE/CMakeFiles/CMakeTmp/CheckSymbolExists.c -o /Users/bangcle/apple-llvm-project_ios/build/NATIVE/CMakeFiles/CMakeTmp/CMAKE_TRY_COMPILE.build/Debug-iphoneos/cmTC_2b707.build/Objects-normal/arm64/CheckSymbolExists.o
/Users/bangcle/apple-llvm-project_ios/build/NATIVE/CMakeFiles/CMakeTmp/CheckSymbolExists.c:2:10: fatal error: 'malloc.h' file not found
#include <malloc.h>
         ^~~~~~~~~~
1 error generated.

note: Using global toolchain override 'Xcode Default'. (in target 'cmTC_2b707' from project 'CMAKE_TRY_COMPILE')
** BUILD FAILED **


The following build commands failed:
	CompileC /Users/bangcle/apple-llvm-project_ios/build/NATIVE/CMakeFiles/CMakeTmp/CMAKE_TRY_COMPILE.build/Debug-iphoneos/cmTC_2b707.build/Objects-normal/arm64/CheckSymbolExists.o /Users/bangcle/apple-llvm-project_ios/build/NATIVE/CMakeFiles/CMakeTmp/CheckSymbolExists.c normal arm64 c com.apple.compilers.llvm.clang.1_0.compiler (in target 'cmTC_2b707' from project 'CMAKE_TRY_COMPILE')
(1 failure)


File /Users/bangcle/apple-llvm-project_ios/build/NATIVE/CMakeFiles/CMakeTmp/CheckSymbolExists.c:
/* */
#include <malloc.h>

int main(int argc, char** argv)
{
  (void)argv;
#ifndef mallinfo2
  return ((int*)(&mallinfo2))[argc];
#else
  (void)argc;
  return 0;
#endif
}
Determining if the strerror_s exist failed with the following output:
Change Dir: /Users/bangcle/apple-llvm-project_ios/build/NATIVE/CMakeFiles/CMakeTmp

Run Build Command(s):/usr/bin/xcodebuild -project CMAKE_TRY_COMPILE.xcodeproj build -target cmTC_816e3 -parallelizeTargets -configuration Debug -hideShellScriptEnvironment && 2023-05-09 11:13:05.648 xcodebuild[18818:5406032] DVTCoreDeviceEnabledState: DVTCoreDeviceEnabledState_Disabled set via user default (DVTEnableCoreDevice=disabled)
Command line invocation:
    /Applications/Xcode.app/Contents/Developer/usr/bin/xcodebuild -project CMAKE_TRY_COMPILE.xcodeproj build -target cmTC_816e3 -parallelizeTargets -configuration Debug -hideShellScriptEnvironment

User defaults from command line:
    HideShellScriptEnvironment = YES
    IDEPackageSupportToolchainOverrideForManifestLoading = com.apple.dt.toolchain.XcodeDefault
    IDEPackageSupportUseBuiltinSCM = YES

Build settings from command line:
    TOOLCHAINS = com.apple.dt.toolchain.XcodeDefault

Computing target dependency graph and provisioning inputs

Create build description
Build description signature: 01718e2553a01df949293ffaec715701
Build description path: /Users/bangcle/apple-llvm-project_ios/build/NATIVE/CMakeFiles/CMakeTmp/build/XCBuildData/01718e2553a01df949293ffaec715701.xcbuilddata

note: Building targets in dependency order
warning: The iOS deployment target 'IPHONEOS_DEPLOYMENT_TARGET' is set to 10.0, but the range of supported deployment target versions is 11.0 to 16.4.99.
note: Using global toolchain override 'Xcode Default'.
ClangStatCache /Applications/Xcode.app/Contents/Developer/Toolchains/XcodeDefault.xctoolchain/usr/bin/clang-stat-cache /Applications/Xcode.app/Contents/Developer/Platforms/iPhoneOS.platform/Developer/SDKs/iPhoneOS16.4.sdk /var/folders/30/2gj68zcd49l4mylgmzd1d7n40000gn/C/com.apple.DeveloperTools/14.3-14E222b/Xcode/14.3-14E222b/Xcode/SDKStatCaches.noindex/iphoneos16.4-20E238-com_apple_dt_toolchain_XcodeDefault_com_apple_dt_toolchain_XcodeDefault.sdkstatcache
    cd /Users/bangcle/apple-llvm-project_ios/build/NATIVE/CMakeFiles/CMakeTmp/CMAKE_TRY_COMPILE.xcodeproj
    /Applications/Xcode.app/Contents/Developer/Toolchains/XcodeDefault.xctoolchain/usr/bin/clang-stat-cache /Applications/Xcode.app/Contents/Developer/Platforms/iPhoneOS.platform/Developer/SDKs/iPhoneOS16.4.sdk -o /var/folders/30/2gj68zcd49l4mylgmzd1d7n40000gn/C/com.apple.DeveloperTools/14.3-14E222b/Xcode/14.3-14E222b/Xcode/SDKStatCaches.noindex/iphoneos16.4-20E238-com_apple_dt_toolchain_XcodeDefault_com_apple_dt_toolchain_XcodeDefault.sdkstatcache

CreateBuildDirectory /Users/bangcle/apple-llvm-project_ios/build/NATIVE/CMakeFiles/CMakeTmp
    cd /Users/bangcle/apple-llvm-project_ios/build/NATIVE/CMakeFiles/CMakeTmp/CMAKE_TRY_COMPILE.xcodeproj
    builtin-create-build-directory /Users/bangcle/apple-llvm-project_ios/build/NATIVE/CMakeFiles/CMakeTmp

CreateBuildDirectory /Users/bangcle/apple-llvm-project_ios/build/NATIVE/CMakeFiles/CMakeTmp/Debug
    cd /Users/bangcle/apple-llvm-project_ios/build/NATIVE/CMakeFiles/CMakeTmp/CMAKE_TRY_COMPILE.xcodeproj
    builtin-create-build-directory /Users/bangcle/apple-llvm-project_ios/build/NATIVE/CMakeFiles/CMakeTmp/Debug

CreateBuildDirectory /Users/bangcle/apple-llvm-project_ios/build/NATIVE/CMakeFiles/CMakeTmp/EagerLinkingTBDs/Debug-iphoneos
    cd /Users/bangcle/apple-llvm-project_ios/build/NATIVE/CMakeFiles/CMakeTmp/CMAKE_TRY_COMPILE.xcodeproj
    builtin-create-build-directory /Users/bangcle/apple-llvm-project_ios/build/NATIVE/CMakeFiles/CMakeTmp/EagerLinkingTBDs/Debug-iphoneos

WriteAuxiliaryFile /Users/bangcle/apple-llvm-project_ios/build/NATIVE/CMakeFiles/CMakeTmp/CMAKE_TRY_COMPILE.build/Debug-iphoneos/cmTC_816e3.build/Objects-normal/arm64/cmTC_816e3.LinkFileList (in target 'cmTC_816e3' from project 'CMAKE_TRY_COMPILE')
    cd /Users/bangcle/apple-llvm-project_ios/build/NATIVE/CMakeFiles/CMakeTmp
    write-file /Users/bangcle/apple-llvm-project_ios/build/NATIVE/CMakeFiles/CMakeTmp/CMAKE_TRY_COMPILE.build/Debug-iphoneos/cmTC_816e3.build/Objects-normal/arm64/cmTC_816e3.LinkFileList

CompileC /Users/bangcle/apple-llvm-project_ios/build/NATIVE/CMakeFiles/CMakeTmp/CMAKE_TRY_COMPILE.build/Debug-iphoneos/cmTC_816e3.build/Objects-normal/arm64/CheckSymbolExists.o /Users/bangcle/apple-llvm-project_ios/build/NATIVE/CMakeFiles/CMakeTmp/CheckSymbolExists.c normal arm64 c com.apple.compilers.llvm.clang.1_0.compiler (in target 'cmTC_816e3' from project 'CMAKE_TRY_COMPILE')
    cd /Users/bangcle/apple-llvm-project_ios/build/NATIVE/CMakeFiles/CMakeTmp
    /Applications/Xcode.app/Contents/Developer/Toolchains/XcodeDefault.xctoolchain/usr/bin/clang -x c -ivfsstatcache /var/folders/30/2gj68zcd49l4mylgmzd1d7n40000gn/C/com.apple.DeveloperTools/14.3-14E222b/Xcode/14.3-14E222b/Xcode/SDKStatCaches.noindex/iphoneos16.4-20E238-com_apple_dt_toolchain_XcodeDefault_com_apple_dt_toolchain_XcodeDefault.sdkstatcache -target arm64-apple-ios16.4 -fmessage-length\=0 -fdiagnostics-show-note-include-stack -fmacro-backtrace-limit\=0 -Wno-trigraphs -fpascal-strings -O0 -Wno-missing-field-initializers -Wno-missing-prototypes -Wno-return-type -Wno-missing-braces -Wparentheses -Wswitch -Wno-unused-function -Wno-unused-label -Wno-unused-parameter -Wno-unused-variable -Wunused-value -Wno-empty-body -Wno-uninitialized -Wno-unknown-pragmas -Wno-shadow -Wno-four-char-constants -Wno-conversion -Wno-constant-conversion -Wno-int-conversion -Wno-bool-conversion -Wno-enum-conversion -Wno-float-conversion -Wno-non-literal-null-conversion -Wno-objc-literal-conversion -Wshorten-64-to-32 -Wpointer-sign -Wno-newline-eof -Wno-implicit-fallthrough -DCMAKE_INTDIR\=\"Debug-iphoneos\" -isysroot /Applications/Xcode.app/Contents/Developer/Platforms/iPhoneOS.platform/Developer/SDKs/iPhoneOS16.4.sdk -fstrict-aliasing -Wdeprecated-declarations -g -Wno-sign-conversion -Wno-infinite-recursion -Wno-comma -Wno-block-capture-autoreleasing -Wno-strict-prototypes -Wno-semicolon-before-method-body -I/Users/bangcle/apple-llvm-project_ios/build/NATIVE/CMakeFiles/CMakeTmp/Debug/include -I/Users/bangcle/apple-llvm-project_ios/build/NATIVE/CMakeFiles/CMakeTmp/CMAKE_TRY_COMPILE.build/Debug-iphoneos/cmTC_816e3.build/DerivedSources-normal/arm64 -I/Users/bangcle/apple-llvm-project_ios/build/NATIVE/CMakeFiles/CMakeTmp/CMAKE_TRY_COMPILE.build/Debug-iphoneos/cmTC_816e3.build/DerivedSources/arm64 -I/Users/bangcle/apple-llvm-project_ios/build/NATIVE/CMakeFiles/CMakeTmp/CMAKE_TRY_COMPILE.build/Debug-iphoneos/cmTC_816e3.build/DerivedSources -F/Users/bangcle/apple-llvm-project_ios/build/NATIVE/CMakeFiles/CMakeTmp/Debug -Werror\=unguarded-availability-new -DWITH_BKS -DWITH_FBS -DWITH_LOCKDOWN -MMD -MT dependencies -MF /Users/bangcle/apple-llvm-project_ios/build/NATIVE/CMakeFiles/CMakeTmp/CMAKE_TRY_COMPILE.build/Debug-iphoneos/cmTC_816e3.build/Objects-normal/arm64/CheckSymbolExists.d --serialize-diagnostics /Users/bangcle/apple-llvm-project_ios/build/NATIVE/CMakeFiles/CMakeTmp/CMAKE_TRY_COMPILE.build/Debug-iphoneos/cmTC_816e3.build/Objects-normal/arm64/CheckSymbolExists.dia -c /Users/bangcle/apple-llvm-project_ios/build/NATIVE/CMakeFiles/CMakeTmp/CheckSymbolExists.c -o /Users/bangcle/apple-llvm-project_ios/build/NATIVE/CMakeFiles/CMakeTmp/CMAKE_TRY_COMPILE.build/Debug-iphoneos/cmTC_816e3.build/Objects-normal/arm64/CheckSymbolExists.o
/Users/bangcle/apple-llvm-project_ios/build/NATIVE/CMakeFiles/CMakeTmp/CheckSymbolExists.c:8:19: error: use of undeclared identifier 'strerror_s'; did you mean 'strerror_r'?
  return ((int*)(&strerror_s))[argc];
                  ^~~~~~~~~~
                  strerror_r
In file included from /Users/bangcle/apple-llvm-project_ios/build/NATIVE/CMakeFiles/CMakeTmp/CheckSymbolExists.c:2:
/Applications/Xcode.app/Contents/Developer/Platforms/iPhoneOS.platform/Developer/SDKs/iPhoneOS16.4.sdk/usr/include/string.h:116:6: note: 'strerror_r' declared here
int      strerror_r(int __errnum, char *__strerrbuf, size_t __buflen);
         ^
1 error generated.

note: Using global toolchain override 'Xcode Default'. (in target 'cmTC_816e3' from project 'CMAKE_TRY_COMPILE')
** BUILD FAILED **


The following build commands failed:
	CompileC /Users/bangcle/apple-llvm-project_ios/build/NATIVE/CMakeFiles/CMakeTmp/CMAKE_TRY_COMPILE.build/Debug-iphoneos/cmTC_816e3.build/Objects-normal/arm64/CheckSymbolExists.o /Users/bangcle/apple-llvm-project_ios/build/NATIVE/CMakeFiles/CMakeTmp/CheckSymbolExists.c normal arm64 c com.apple.compilers.llvm.clang.1_0.compiler (in target 'cmTC_816e3' from project 'CMAKE_TRY_COMPILE')
(1 failure)


File /Users/bangcle/apple-llvm-project_ios/build/NATIVE/CMakeFiles/CMakeTmp/CheckSymbolExists.c:
/* */
#include <string.h>

int main(int argc, char** argv)
{
  (void)argv;
#ifndef strerror_s
  return ((int*)(&strerror_s))[argc];
#else
  (void)argc;
  return 0;
#endif
}
Performing C SOURCE FILE Test HAVE_STRUCT_STAT_ST_MTIM_TV_NSEC failed with the following output:
Change Dir: /Users/bangcle/apple-llvm-project_ios/build/NATIVE/CMakeFiles/CMakeTmp

Run Build Command(s):/usr/bin/xcodebuild -project CMAKE_TRY_COMPILE.xcodeproj build -target cmTC_d705f -parallelizeTargets -configuration Debug -hideShellScriptEnvironment && 2023-05-09 11:13:15.219 xcodebuild[18912:5406761] DVTCoreDeviceEnabledState: DVTCoreDeviceEnabledState_Disabled set via user default (DVTEnableCoreDevice=disabled)
Command line invocation:
    /Applications/Xcode.app/Contents/Developer/usr/bin/xcodebuild -project CMAKE_TRY_COMPILE.xcodeproj build -target cmTC_d705f -parallelizeTargets -configuration Debug -hideShellScriptEnvironment

User defaults from command line:
    HideShellScriptEnvironment = YES
    IDEPackageSupportToolchainOverrideForManifestLoading = com.apple.dt.toolchain.XcodeDefault
    IDEPackageSupportUseBuiltinSCM = YES

Build settings from command line:
    TOOLCHAINS = com.apple.dt.toolchain.XcodeDefault

Computing target dependency graph and provisioning inputs

Create build description
Build description signature: 9da38aebcf15cefb0ae7cb3e8ac12943
Build description path: /Users/bangcle/apple-llvm-project_ios/build/NATIVE/CMakeFiles/CMakeTmp/build/XCBuildData/9da38aebcf15cefb0ae7cb3e8ac12943.xcbuilddata

note: Building targets in dependency order
warning: The iOS deployment target 'IPHONEOS_DEPLOYMENT_TARGET' is set to 10.0, but the range of supported deployment target versions is 11.0 to 16.4.99.
note: Using global toolchain override 'Xcode Default'.
CreateBuildDirectory /Users/bangcle/apple-llvm-project_ios/build/NATIVE/CMakeFiles/CMakeTmp
    cd /Users/bangcle/apple-llvm-project_ios/build/NATIVE/CMakeFiles/CMakeTmp/CMAKE_TRY_COMPILE.xcodeproj
    builtin-create-build-directory /Users/bangcle/apple-llvm-project_ios/build/NATIVE/CMakeFiles/CMakeTmp

ClangStatCache /Applications/Xcode.app/Contents/Developer/Toolchains/XcodeDefault.xctoolchain/usr/bin/clang-stat-cache /Applications/Xcode.app/Contents/Developer/Platforms/iPhoneOS.platform/Developer/SDKs/iPhoneOS16.4.sdk /var/folders/30/2gj68zcd49l4mylgmzd1d7n40000gn/C/com.apple.DeveloperTools/14.3-14E222b/Xcode/14.3-14E222b/Xcode/SDKStatCaches.noindex/iphoneos16.4-20E238-com_apple_dt_toolchain_XcodeDefault_com_apple_dt_toolchain_XcodeDefault.sdkstatcache
    cd /Users/bangcle/apple-llvm-project_ios/build/NATIVE/CMakeFiles/CMakeTmp/CMAKE_TRY_COMPILE.xcodeproj
    /Applications/Xcode.app/Contents/Developer/Toolchains/XcodeDefault.xctoolchain/usr/bin/clang-stat-cache /Applications/Xcode.app/Contents/Developer/Platforms/iPhoneOS.platform/Developer/SDKs/iPhoneOS16.4.sdk -o /var/folders/30/2gj68zcd49l4mylgmzd1d7n40000gn/C/com.apple.DeveloperTools/14.3-14E222b/Xcode/14.3-14E222b/Xcode/SDKStatCaches.noindex/iphoneos16.4-20E238-com_apple_dt_toolchain_XcodeDefault_com_apple_dt_toolchain_XcodeDefault.sdkstatcache

CreateBuildDirectory /Users/bangcle/apple-llvm-project_ios/build/NATIVE/CMakeFiles/CMakeTmp/Debug
    cd /Users/bangcle/apple-llvm-project_ios/build/NATIVE/CMakeFiles/CMakeTmp/CMAKE_TRY_COMPILE.xcodeproj
    builtin-create-build-directory /Users/bangcle/apple-llvm-project_ios/build/NATIVE/CMakeFiles/CMakeTmp/Debug

CreateBuildDirectory /Users/bangcle/apple-llvm-project_ios/build/NATIVE/CMakeFiles/CMakeTmp/EagerLinkingTBDs/Debug-iphoneos
    cd /Users/bangcle/apple-llvm-project_ios/build/NATIVE/CMakeFiles/CMakeTmp/CMAKE_TRY_COMPILE.xcodeproj
    builtin-create-build-directory /Users/bangcle/apple-llvm-project_ios/build/NATIVE/CMakeFiles/CMakeTmp/EagerLinkingTBDs/Debug-iphoneos

WriteAuxiliaryFile /Users/bangcle/apple-llvm-project_ios/build/NATIVE/CMakeFiles/CMakeTmp/CMAKE_TRY_COMPILE.build/Debug-iphoneos/cmTC_d705f.build/Objects-normal/arm64/cmTC_d705f.LinkFileList (in target 'cmTC_d705f' from project 'CMAKE_TRY_COMPILE')
    cd /Users/bangcle/apple-llvm-project_ios/build/NATIVE/CMakeFiles/CMakeTmp
    write-file /Users/bangcle/apple-llvm-project_ios/build/NATIVE/CMakeFiles/CMakeTmp/CMAKE_TRY_COMPILE.build/Debug-iphoneos/cmTC_d705f.build/Objects-normal/arm64/cmTC_d705f.LinkFileList

CompileC /Users/bangcle/apple-llvm-project_ios/build/NATIVE/CMakeFiles/CMakeTmp/CMAKE_TRY_COMPILE.build/Debug-iphoneos/cmTC_d705f.build/Objects-normal/arm64/src.o /Users/bangcle/apple-llvm-project_ios/build/NATIVE/CMakeFiles/CMakeTmp/src.c normal arm64 c com.apple.compilers.llvm.clang.1_0.compiler (in target 'cmTC_d705f' from project 'CMAKE_TRY_COMPILE')
    cd /Users/bangcle/apple-llvm-project_ios/build/NATIVE/CMakeFiles/CMakeTmp
    /Applications/Xcode.app/Contents/Developer/Toolchains/XcodeDefault.xctoolchain/usr/bin/clang -x c -ivfsstatcache /var/folders/30/2gj68zcd49l4mylgmzd1d7n40000gn/C/com.apple.DeveloperTools/14.3-14E222b/Xcode/14.3-14E222b/Xcode/SDKStatCaches.noindex/iphoneos16.4-20E238-com_apple_dt_toolchain_XcodeDefault_com_apple_dt_toolchain_XcodeDefault.sdkstatcache -target arm64-apple-ios16.4 -fmessage-length\=0 -fdiagnostics-show-note-include-stack -fmacro-backtrace-limit\=0 -Wno-trigraphs -fpascal-strings -O0 -Wno-missing-field-initializers -Wno-missing-prototypes -Wno-return-type -Wno-missing-braces -Wparentheses -Wswitch -Wno-unused-function -Wno-unused-label -Wno-unused-parameter -Wno-unused-variable -Wunused-value -Wno-empty-body -Wno-uninitialized -Wno-unknown-pragmas -Wno-shadow -Wno-four-char-constants -Wno-conversion -Wno-constant-conversion -Wno-int-conversion -Wno-bool-conversion -Wno-enum-conversion -Wno-float-conversion -Wno-non-literal-null-conversion -Wno-objc-literal-conversion -Wshorten-64-to-32 -Wpointer-sign -Wno-newline-eof -Wno-implicit-fallthrough -DCMAKE_INTDIR\=\"Debug-iphoneos\" -DHAVE_STRUCT_STAT_ST_MTIM_TV_NSEC -isysroot /Applications/Xcode.app/Contents/Developer/Platforms/iPhoneOS.platform/Developer/SDKs/iPhoneOS16.4.sdk -fstrict-aliasing -Wdeprecated-declarations -g -Wno-sign-conversion -Wno-infinite-recursion -Wno-comma -Wno-block-capture-autoreleasing -Wno-strict-prototypes -Wno-semicolon-before-method-body -I/Users/bangcle/apple-llvm-project_ios/build/NATIVE/CMakeFiles/CMakeTmp/Debug/include -I/Users/bangcle/apple-llvm-project_ios/build/NATIVE/CMakeFiles/CMakeTmp/CMAKE_TRY_COMPILE.build/Debug-iphoneos/cmTC_d705f.build/DerivedSources-normal/arm64 -I/Users/bangcle/apple-llvm-project_ios/build/NATIVE/CMakeFiles/CMakeTmp/CMAKE_TRY_COMPILE.build/Debug-iphoneos/cmTC_d705f.build/DerivedSources/arm64 -I/Users/bangcle/apple-llvm-project_ios/build/NATIVE/CMakeFiles/CMakeTmp/CMAKE_TRY_COMPILE.build/Debug-iphoneos/cmTC_d705f.build/DerivedSources -F/Users/bangcle/apple-llvm-project_ios/build/NATIVE/CMakeFiles/CMakeTmp/Debug -Werror\=unguarded-availability-new -DWITH_BKS -DWITH_FBS -DWITH_LOCKDOWN -MMD -MT dependencies -MF /Users/bangcle/apple-llvm-project_ios/build/NATIVE/CMakeFiles/CMakeTmp/CMAKE_TRY_COMPILE.build/Debug-iphoneos/cmTC_d705f.build/Objects-normal/arm64/src.d --serialize-diagnostics /Users/bangcle/apple-llvm-project_ios/build/NATIVE/CMakeFiles/CMakeTmp/CMAKE_TRY_COMPILE.build/Debug-iphoneos/cmTC_d705f.build/Objects-normal/arm64/src.dia -c /Users/bangcle/apple-llvm-project_ios/build/NATIVE/CMakeFiles/CMakeTmp/src.c -o /Users/bangcle/apple-llvm-project_ios/build/NATIVE/CMakeFiles/CMakeTmp/CMAKE_TRY_COMPILE.build/Debug-iphoneos/cmTC_d705f.build/Objects-normal/arm64/src.o
/Users/bangcle/apple-llvm-project_ios/build/NATIVE/CMakeFiles/CMakeTmp/src.c:7:36: error: no member named 'st_mtim' in 'struct stat'
  (void)sizeof(((struct stat *)0)->st_mtim.tv_nsec);
               ~~~~~~~~~~~~~~~~~~  ^
1 error generated.

note: Using global toolchain override 'Xcode Default'. (in target 'cmTC_d705f' from project 'CMAKE_TRY_COMPILE')
** BUILD FAILED **


The following build commands failed:
	CompileC /Users/bangcle/apple-llvm-project_ios/build/NATIVE/CMakeFiles/CMakeTmp/CMAKE_TRY_COMPILE.build/Debug-iphoneos/cmTC_d705f.build/Objects-normal/arm64/src.o /Users/bangcle/apple-llvm-project_ios/build/NATIVE/CMakeFiles/CMakeTmp/src.c normal arm64 c com.apple.compilers.llvm.clang.1_0.compiler (in target 'cmTC_d705f' from project 'CMAKE_TRY_COMPILE')
(1 failure)


Source file was:

#include <sys/types.h>
#include <sys/stat.h>

int main()
{
  (void)sizeof(((struct stat *)0)->st_mtim.tv_nsec);
  return 0;
}

Determining if the __GLIBC__ exist failed with the following output:
Change Dir: /Users/bangcle/apple-llvm-project_ios/build/NATIVE/CMakeFiles/CMakeTmp

Run Build Command(s):/usr/bin/xcodebuild -project CMAKE_TRY_COMPILE.xcodeproj build -target cmTC_06d52 -parallelizeTargets -configuration Debug -hideShellScriptEnvironment && 2023-05-09 11:13:16.990 xcodebuild[18926:5406878] DVTCoreDeviceEnabledState: DVTCoreDeviceEnabledState_Disabled set via user default (DVTEnableCoreDevice=disabled)
Command line invocation:
    /Applications/Xcode.app/Contents/Developer/usr/bin/xcodebuild -project CMAKE_TRY_COMPILE.xcodeproj build -target cmTC_06d52 -parallelizeTargets -configuration Debug -hideShellScriptEnvironment

User defaults from command line:
    HideShellScriptEnvironment = YES
    IDEPackageSupportToolchainOverrideForManifestLoading = com.apple.dt.toolchain.XcodeDefault
    IDEPackageSupportUseBuiltinSCM = YES

Build settings from command line:
    TOOLCHAINS = com.apple.dt.toolchain.XcodeDefault

Computing target dependency graph and provisioning inputs

Create build description
Build description signature: 1ba5e261a29fd432c62dda45ee5b1350
Build description path: /Users/bangcle/apple-llvm-project_ios/build/NATIVE/CMakeFiles/CMakeTmp/build/XCBuildData/1ba5e261a29fd432c62dda45ee5b1350.xcbuilddata

note: Building targets in dependency order
warning: The iOS deployment target 'IPHONEOS_DEPLOYMENT_TARGET' is set to 10.0, but the range of supported deployment target versions is 11.0 to 16.4.99.
note: Using global toolchain override 'Xcode Default'.
CreateBuildDirectory /Users/bangcle/apple-llvm-project_ios/build/NATIVE/CMakeFiles/CMakeTmp
    cd /Users/bangcle/apple-llvm-project_ios/build/NATIVE/CMakeFiles/CMakeTmp/CMAKE_TRY_COMPILE.xcodeproj
    builtin-create-build-directory /Users/bangcle/apple-llvm-project_ios/build/NATIVE/CMakeFiles/CMakeTmp

ClangStatCache /Applications/Xcode.app/Contents/Developer/Toolchains/XcodeDefault.xctoolchain/usr/bin/clang-stat-cache /Applications/Xcode.app/Contents/Developer/Platforms/iPhoneOS.platform/Developer/SDKs/iPhoneOS16.4.sdk /var/folders/30/2gj68zcd49l4mylgmzd1d7n40000gn/C/com.apple.DeveloperTools/14.3-14E222b/Xcode/14.3-14E222b/Xcode/SDKStatCaches.noindex/iphoneos16.4-20E238-com_apple_dt_toolchain_XcodeDefault_com_apple_dt_toolchain_XcodeDefault.sdkstatcache
    cd /Users/bangcle/apple-llvm-project_ios/build/NATIVE/CMakeFiles/CMakeTmp/CMAKE_TRY_COMPILE.xcodeproj
    /Applications/Xcode.app/Contents/Developer/Toolchains/XcodeDefault.xctoolchain/usr/bin/clang-stat-cache /Applications/Xcode.app/Contents/Developer/Platforms/iPhoneOS.platform/Developer/SDKs/iPhoneOS16.4.sdk -o /var/folders/30/2gj68zcd49l4mylgmzd1d7n40000gn/C/com.apple.DeveloperTools/14.3-14E222b/Xcode/14.3-14E222b/Xcode/SDKStatCaches.noindex/iphoneos16.4-20E238-com_apple_dt_toolchain_XcodeDefault_com_apple_dt_toolchain_XcodeDefault.sdkstatcache

CreateBuildDirectory /Users/bangcle/apple-llvm-project_ios/build/NATIVE/CMakeFiles/CMakeTmp/Debug
    cd /Users/bangcle/apple-llvm-project_ios/build/NATIVE/CMakeFiles/CMakeTmp/CMAKE_TRY_COMPILE.xcodeproj
    builtin-create-build-directory /Users/bangcle/apple-llvm-project_ios/build/NATIVE/CMakeFiles/CMakeTmp/Debug

CreateBuildDirectory /Users/bangcle/apple-llvm-project_ios/build/NATIVE/CMakeFiles/CMakeTmp/EagerLinkingTBDs/Debug-iphoneos
    cd /Users/bangcle/apple-llvm-project_ios/build/NATIVE/CMakeFiles/CMakeTmp/CMAKE_TRY_COMPILE.xcodeproj
    builtin-create-build-directory /Users/bangcle/apple-llvm-project_ios/build/NATIVE/CMakeFiles/CMakeTmp/EagerLinkingTBDs/Debug-iphoneos

WriteAuxiliaryFile /Users/bangcle/apple-llvm-project_ios/build/NATIVE/CMakeFiles/CMakeTmp/CMAKE_TRY_COMPILE.build/Debug-iphoneos/cmTC_06d52.build/Objects-normal/arm64/cmTC_06d52.LinkFileList (in target 'cmTC_06d52' from project 'CMAKE_TRY_COMPILE')
    cd /Users/bangcle/apple-llvm-project_ios/build/NATIVE/CMakeFiles/CMakeTmp
    write-file /Users/bangcle/apple-llvm-project_ios/build/NATIVE/CMakeFiles/CMakeTmp/CMAKE_TRY_COMPILE.build/Debug-iphoneos/cmTC_06d52.build/Objects-normal/arm64/cmTC_06d52.LinkFileList

CompileC /Users/bangcle/apple-llvm-project_ios/build/NATIVE/CMakeFiles/CMakeTmp/CMAKE_TRY_COMPILE.build/Debug-iphoneos/cmTC_06d52.build/Objects-normal/arm64/CheckSymbolExists.o /Users/bangcle/apple-llvm-project_ios/build/NATIVE/CMakeFiles/CMakeTmp/CheckSymbolExists.c normal arm64 c com.apple.compilers.llvm.clang.1_0.compiler (in target 'cmTC_06d52' from project 'CMAKE_TRY_COMPILE')
    cd /Users/bangcle/apple-llvm-project_ios/build/NATIVE/CMakeFiles/CMakeTmp
    /Applications/Xcode.app/Contents/Developer/Toolchains/XcodeDefault.xctoolchain/usr/bin/clang -x c -ivfsstatcache /var/folders/30/2gj68zcd49l4mylgmzd1d7n40000gn/C/com.apple.DeveloperTools/14.3-14E222b/Xcode/14.3-14E222b/Xcode/SDKStatCaches.noindex/iphoneos16.4-20E238-com_apple_dt_toolchain_XcodeDefault_com_apple_dt_toolchain_XcodeDefault.sdkstatcache -target arm64-apple-ios16.4 -fmessage-length\=0 -fdiagnostics-show-note-include-stack -fmacro-backtrace-limit\=0 -Wno-trigraphs -fpascal-strings -O0 -Wno-missing-field-initializers -Wno-missing-prototypes -Wno-return-type -Wno-missing-braces -Wparentheses -Wswitch -Wno-unused-function -Wno-unused-label -Wno-unused-parameter -Wno-unused-variable -Wunused-value -Wno-empty-body -Wno-uninitialized -Wno-unknown-pragmas -Wno-shadow -Wno-four-char-constants -Wno-conversion -Wno-constant-conversion -Wno-int-conversion -Wno-bool-conversion -Wno-enum-conversion -Wno-float-conversion -Wno-non-literal-null-conversion -Wno-objc-literal-conversion -Wshorten-64-to-32 -Wpointer-sign -Wno-newline-eof -Wno-implicit-fallthrough -DCMAKE_INTDIR\=\"Debug-iphoneos\" -isysroot /Applications/Xcode.app/Contents/Developer/Platforms/iPhoneOS.platform/Developer/SDKs/iPhoneOS16.4.sdk -fstrict-aliasing -Wdeprecated-declarations -g -Wno-sign-conversion -Wno-infinite-recursion -Wno-comma -Wno-block-capture-autoreleasing -Wno-strict-prototypes -Wno-semicolon-before-method-body -I/Users/bangcle/apple-llvm-project_ios/build/NATIVE/CMakeFiles/CMakeTmp/Debug/include -I/Users/bangcle/apple-llvm-project_ios/build/NATIVE/CMakeFiles/CMakeTmp/CMAKE_TRY_COMPILE.build/Debug-iphoneos/cmTC_06d52.build/DerivedSources-normal/arm64 -I/Users/bangcle/apple-llvm-project_ios/build/NATIVE/CMakeFiles/CMakeTmp/CMAKE_TRY_COMPILE.build/Debug-iphoneos/cmTC_06d52.build/DerivedSources/arm64 -I/Users/bangcle/apple-llvm-project_ios/build/NATIVE/CMakeFiles/CMakeTmp/CMAKE_TRY_COMPILE.build/Debug-iphoneos/cmTC_06d52.build/DerivedSources -F/Users/bangcle/apple-llvm-project_ios/build/NATIVE/CMakeFiles/CMakeTmp/Debug -Werror\=unguarded-availability-new -DWITH_BKS -DWITH_FBS -DWITH_LOCKDOWN -MMD -MT dependencies -MF /Users/bangcle/apple-llvm-project_ios/build/NATIVE/CMakeFiles/CMakeTmp/CMAKE_TRY_COMPILE.build/Debug-iphoneos/cmTC_06d52.build/Objects-normal/arm64/CheckSymbolExists.d --serialize-diagnostics /Users/bangcle/apple-llvm-project_ios/build/NATIVE/CMakeFiles/CMakeTmp/CMAKE_TRY_COMPILE.build/Debug-iphoneos/cmTC_06d52.build/Objects-normal/arm64/CheckSymbolExists.dia -c /Users/bangcle/apple-llvm-project_ios/build/NATIVE/CMakeFiles/CMakeTmp/CheckSymbolExists.c -o /Users/bangcle/apple-llvm-project_ios/build/NATIVE/CMakeFiles/CMakeTmp/CMAKE_TRY_COMPILE.build/Debug-iphoneos/cmTC_06d52.build/Objects-normal/arm64/CheckSymbolExists.o
/Users/bangcle/apple-llvm-project_ios/build/NATIVE/CMakeFiles/CMakeTmp/CheckSymbolExists.c:8:19: error: use of undeclared identifier '__GLIBC__'
  return ((int*)(&__GLIBC__))[argc];
                  ^
1 error generated.

note: Using global toolchain override 'Xcode Default'. (in target 'cmTC_06d52' from project 'CMAKE_TRY_COMPILE')
** BUILD FAILED **


The following build commands failed:
	CompileC /Users/bangcle/apple-llvm-project_ios/build/NATIVE/CMakeFiles/CMakeTmp/CMAKE_TRY_COMPILE.build/Debug-iphoneos/cmTC_06d52.build/Objects-normal/arm64/CheckSymbolExists.o /Users/bangcle/apple-llvm-project_ios/build/NATIVE/CMakeFiles/CMakeTmp/CheckSymbolExists.c normal arm64 c com.apple.compilers.llvm.clang.1_0.compiler (in target 'cmTC_06d52' from project 'CMAKE_TRY_COMPILE')
(1 failure)


File /Users/bangcle/apple-llvm-project_ios/build/NATIVE/CMakeFiles/CMakeTmp/CheckSymbolExists.c:
/* */
#include <stdio.h>

int main(int argc, char** argv)
{
  (void)argv;
#ifndef __GLIBC__
  return ((int*)(&__GLIBC__))[argc];
#else
  (void)argc;
  return 0;
#endif
}
Performing C++ SOURCE FILE Test CXX_SUPPORTS_CLASS_MEMACCESS_FLAG failed with the following output:
Change Dir: /Users/bangcle/apple-llvm-project_ios/build/NATIVE/CMakeFiles/CMakeTmp

Run Build Command(s):/usr/bin/xcodebuild -project CMAKE_TRY_COMPILE.xcodeproj build -target cmTC_7e784 -parallelizeTargets -configuration Debug -hideShellScriptEnvironment && 2023-05-09 11:13:59.302 xcodebuild[19363:5410101] DVTCoreDeviceEnabledState: DVTCoreDeviceEnabledState_Disabled set via user default (DVTEnableCoreDevice=disabled)
Command line invocation:
    /Applications/Xcode.app/Contents/Developer/usr/bin/xcodebuild -project CMAKE_TRY_COMPILE.xcodeproj build -target cmTC_7e784 -parallelizeTargets -configuration Debug -hideShellScriptEnvironment

User defaults from command line:
    HideShellScriptEnvironment = YES
    IDEPackageSupportToolchainOverrideForManifestLoading = com.apple.dt.toolchain.XcodeDefault
    IDEPackageSupportUseBuiltinSCM = YES

Build settings from command line:
    TOOLCHAINS = com.apple.dt.toolchain.XcodeDefault

Computing target dependency graph and provisioning inputs

Create build description
Build description signature: 2f7debbd35ebb07d6e817aa9574b11b9
Build description path: /Users/bangcle/apple-llvm-project_ios/build/NATIVE/CMakeFiles/CMakeTmp/build/XCBuildData/2f7debbd35ebb07d6e817aa9574b11b9.xcbuilddata

note: Building targets in dependency order
warning: The iOS deployment target 'IPHONEOS_DEPLOYMENT_TARGET' is set to 10.0, but the range of supported deployment target versions is 11.0 to 16.4.99.
note: Using global toolchain override 'Xcode Default'.
CreateBuildDirectory /Users/bangcle/apple-llvm-project_ios/build/NATIVE/CMakeFiles/CMakeTmp
    cd /Users/bangcle/apple-llvm-project_ios/build/NATIVE/CMakeFiles/CMakeTmp/CMAKE_TRY_COMPILE.xcodeproj
    builtin-create-build-directory /Users/bangcle/apple-llvm-project_ios/build/NATIVE/CMakeFiles/CMakeTmp

ClangStatCache /Applications/Xcode.app/Contents/Developer/Toolchains/XcodeDefault.xctoolchain/usr/bin/clang-stat-cache /Applications/Xcode.app/Contents/Developer/Platforms/iPhoneOS.platform/Developer/SDKs/iPhoneOS16.4.sdk /var/folders/30/2gj68zcd49l4mylgmzd1d7n40000gn/C/com.apple.DeveloperTools/14.3-14E222b/Xcode/14.3-14E222b/Xcode/SDKStatCaches.noindex/iphoneos16.4-20E238-com_apple_dt_toolchain_XcodeDefault_com_apple_dt_toolchain_XcodeDefault.sdkstatcache
    cd /Users/bangcle/apple-llvm-project_ios/build/NATIVE/CMakeFiles/CMakeTmp/CMAKE_TRY_COMPILE.xcodeproj
    /Applications/Xcode.app/Contents/Developer/Toolchains/XcodeDefault.xctoolchain/usr/bin/clang-stat-cache /Applications/Xcode.app/Contents/Developer/Platforms/iPhoneOS.platform/Developer/SDKs/iPhoneOS16.4.sdk -o /var/folders/30/2gj68zcd49l4mylgmzd1d7n40000gn/C/com.apple.DeveloperTools/14.3-14E222b/Xcode/14.3-14E222b/Xcode/SDKStatCaches.noindex/iphoneos16.4-20E238-com_apple_dt_toolchain_XcodeDefault_com_apple_dt_toolchain_XcodeDefault.sdkstatcache

CreateBuildDirectory /Users/bangcle/apple-llvm-project_ios/build/NATIVE/CMakeFiles/CMakeTmp/Debug
    cd /Users/bangcle/apple-llvm-project_ios/build/NATIVE/CMakeFiles/CMakeTmp/CMAKE_TRY_COMPILE.xcodeproj
    builtin-create-build-directory /Users/bangcle/apple-llvm-project_ios/build/NATIVE/CMakeFiles/CMakeTmp/Debug

CreateBuildDirectory /Users/bangcle/apple-llvm-project_ios/build/NATIVE/CMakeFiles/CMakeTmp/EagerLinkingTBDs/Debug-iphoneos
    cd /Users/bangcle/apple-llvm-project_ios/build/NATIVE/CMakeFiles/CMakeTmp/CMAKE_TRY_COMPILE.xcodeproj
    builtin-create-build-directory /Users/bangcle/apple-llvm-project_ios/build/NATIVE/CMakeFiles/CMakeTmp/EagerLinkingTBDs/Debug-iphoneos

WriteAuxiliaryFile /Users/bangcle/apple-llvm-project_ios/build/NATIVE/CMakeFiles/CMakeTmp/CMAKE_TRY_COMPILE.build/Debug-iphoneos/cmTC_7e784.build/Objects-normal/arm64/cmTC_7e784.LinkFileList (in target 'cmTC_7e784' from project 'CMAKE_TRY_COMPILE')
    cd /Users/bangcle/apple-llvm-project_ios/build/NATIVE/CMakeFiles/CMakeTmp
    write-file /Users/bangcle/apple-llvm-project_ios/build/NATIVE/CMakeFiles/CMakeTmp/CMAKE_TRY_COMPILE.build/Debug-iphoneos/cmTC_7e784.build/Objects-normal/arm64/cmTC_7e784.LinkFileList

CompileC /Users/bangcle/apple-llvm-project_ios/build/NATIVE/CMakeFiles/CMakeTmp/CMAKE_TRY_COMPILE.build/Debug-iphoneos/cmTC_7e784.build/Objects-normal/arm64/src.o /Users/bangcle/apple-llvm-project_ios/build/NATIVE/CMakeFiles/CMakeTmp/src.cxx normal arm64 c++ com.apple.compilers.llvm.clang.1_0.compiler (in target 'cmTC_7e784' from project 'CMAKE_TRY_COMPILE')
    cd /Users/bangcle/apple-llvm-project_ios/build/NATIVE/CMakeFiles/CMakeTmp
    /Applications/Xcode.app/Contents/Developer/Toolchains/XcodeDefault.xctoolchain/usr/bin/clang -x c++ -ivfsstatcache /var/folders/30/2gj68zcd49l4mylgmzd1d7n40000gn/C/com.apple.DeveloperTools/14.3-14E222b/Xcode/14.3-14E222b/Xcode/SDKStatCaches.noindex/iphoneos16.4-20E238-com_apple_dt_toolchain_XcodeDefault_com_apple_dt_toolchain_XcodeDefault.sdkstatcache -target arm64-apple-ios16.4 -fmessage-length\=0 -fdiagnostics-show-note-include-stack -fmacro-backtrace-limit\=0 -Wno-trigraphs -fpascal-strings -O0 -Wno-missing-field-initializers -Wno-missing-prototypes -Wno-return-type -Wno-non-virtual-dtor -Wno-overloaded-virtual -Wno-exit-time-destructors -Wno-missing-braces -Wparentheses -Wswitch -Wno-unused-function -Wno-unused-label -Wno-unused-parameter -Wno-unused-variable -Wunused-value -Wno-empty-body -Wno-uninitialized -Wno-unknown-pragmas -Wno-shadow -Wno-four-char-constants -Wno-conversion -Wno-constant-conversion -Wno-int-conversion -Wno-bool-conversion -Wno-enum-conversion -Wno-float-conversion -Wno-non-literal-null-conversion -Wno-objc-literal-conversion -Wshorten-64-to-32 -Wno-newline-eof -Wno-c++11-extensions -Wno-implicit-fallthrough -DCMAKE_INTDIR\=\"Debug-iphoneos\" -DCXX_SUPPORTS_CLASS_MEMACCESS_FLAG -isysroot /Applications/Xcode.app/Contents/Developer/Platforms/iPhoneOS.platform/Developer/SDKs/iPhoneOS16.4.sdk -fstrict-aliasing -Wdeprecated-declarations -Winvalid-offsetof -g -Wno-sign-conversion -Wno-infinite-recursion -Wno-move -Wno-comma -Wno-block-capture-autoreleasing -Wno-strict-prototypes -Wno-range-loop-analysis -Wno-semicolon-before-method-body -I/Users/bangcle/apple-llvm-project_ios/build/NATIVE/CMakeFiles/CMakeTmp/Debug/include -I/Users/bangcle/apple-llvm-project_ios/build/NATIVE/CMakeFiles/CMakeTmp/CMAKE_TRY_COMPILE.build/Debug-iphoneos/cmTC_7e784.build/DerivedSources-normal/arm64 -I/Users/bangcle/apple-llvm-project_ios/build/NATIVE/CMakeFiles/CMakeTmp/CMAKE_TRY_COMPILE.build/Debug-iphoneos/cmTC_7e784.build/DerivedSources/arm64 -I/Users/bangcle/apple-llvm-project_ios/build/NATIVE/CMakeFiles/CMakeTmp/CMAKE_TRY_COMPILE.build/Debug-iphoneos/cmTC_7e784.build/DerivedSources -F/Users/bangcle/apple-llvm-project_ios/build/NATIVE/CMakeFiles/CMakeTmp/Debug -fvisibility-inlines-hidden -Werror\=date-time -Werror\=unguarded-availability-new -Wall -Wextra -Wno-unused-parameter -Wwrite-strings -Wcast-qual -Wmissing-field-initializers -pedantic -Wno-long-long -Wc++98-compat-extra-semi -Wimplicit-fallthrough -Wcovered-switch-default -Werror\=unguarded-availability-new -std\=c++14 -Wclass-memaccess -MMD -MT dependencies -MF /Users/bangcle/apple-llvm-project_ios/build/NATIVE/CMakeFiles/CMakeTmp/CMAKE_TRY_COMPILE.build/Debug-iphoneos/cmTC_7e784.build/Objects-normal/arm64/src.d --serialize-diagnostics /Users/bangcle/apple-llvm-project_ios/build/NATIVE/CMakeFiles/CMakeTmp/CMAKE_TRY_COMPILE.build/Debug-iphoneos/cmTC_7e784.build/Objects-normal/arm64/src.dia -c /Users/bangcle/apple-llvm-project_ios/build/NATIVE/CMakeFiles/CMakeTmp/src.cxx -o /Users/bangcle/apple-llvm-project_ios/build/NATIVE/CMakeFiles/CMakeTmp/CMAKE_TRY_COMPILE.build/Debug-iphoneos/cmTC_7e784.build/Objects-normal/arm64/src.o
warning: unknown warning option '-Wclass-memaccess'; did you mean '-Wclass-varargs'? [-Wunknown-warning-option]
1 warning generated.

Ld /Users/bangcle/apple-llvm-project_ios/build/NATIVE/CMakeFiles/CMakeTmp/Debug/cmTC_7e784 normal (in target 'cmTC_7e784' from project 'CMAKE_TRY_COMPILE')
    cd /Users/bangcle/apple-llvm-project_ios/build/NATIVE/CMakeFiles/CMakeTmp
    /Applications/Xcode.app/Contents/Developer/Toolchains/XcodeDefault.xctoolchain/usr/bin/clang++ -Xlinker -reproducible -target arm64-apple-ios16.4 -isysroot /Applications/Xcode.app/Contents/Developer/Platforms/iPhoneOS.platform/Developer/SDKs/iPhoneOS16.4.sdk -L/Users/bangcle/apple-llvm-project_ios/build/NATIVE/CMakeFiles/CMakeTmp/EagerLinkingTBDs/Debug-iphoneos -L/Users/bangcle/apple-llvm-project_ios/build/NATIVE/CMakeFiles/CMakeTmp/Debug -F/Users/bangcle/apple-llvm-project_ios/build/NATIVE/CMakeFiles/CMakeTmp/EagerLinkingTBDs/Debug-iphoneos -F/Users/bangcle/apple-llvm-project_ios/build/NATIVE/CMakeFiles/CMakeTmp/Debug -filelist /Users/bangcle/apple-llvm-project_ios/build/NATIVE/CMakeFiles/CMakeTmp/CMAKE_TRY_COMPILE.build/Debug-iphoneos/cmTC_7e784.build/Objects-normal/arm64/cmTC_7e784.LinkFileList -dead_strip -Xlinker -object_path_lto -Xlinker /Users/bangcle/apple-llvm-project_ios/build/NATIVE/CMakeFiles/CMakeTmp/CMAKE_TRY_COMPILE.build/Debug-iphoneos/cmTC_7e784.build/Objects-normal/arm64/cmTC_7e784_lto.o -Xlinker -no_deduplicate -Wl,-search_paths_first -Wl,-headerpad_max_install_names -Xlinker -dependency_info -Xlinker /Users/bangcle/apple-llvm-project_ios/build/NATIVE/CMakeFiles/CMakeTmp/CMAKE_TRY_COMPILE.build/Debug-iphoneos/cmTC_7e784.build/Objects-normal/arm64/cmTC_7e784_dependency_info.dat -o /Users/bangcle/apple-llvm-project_ios/build/NATIVE/CMakeFiles/CMakeTmp/Debug/cmTC_7e784

GenerateDSYMFile /Users/bangcle/apple-llvm-project_ios/build/NATIVE/CMakeFiles/CMakeTmp/Debug/cmTC_7e784.dSYM /Users/bangcle/apple-llvm-project_ios/build/NATIVE/CMakeFiles/CMakeTmp/Debug/cmTC_7e784 (in target 'cmTC_7e784' from project 'CMAKE_TRY_COMPILE')
    cd /Users/bangcle/apple-llvm-project_ios/build/NATIVE/CMakeFiles/CMakeTmp
    /Applications/Xcode.app/Contents/Developer/Toolchains/XcodeDefault.xctoolchain/usr/bin/dsymutil /Users/bangcle/apple-llvm-project_ios/build/NATIVE/CMakeFiles/CMakeTmp/Debug/cmTC_7e784 -o /Users/bangcle/apple-llvm-project_ios/build/NATIVE/CMakeFiles/CMakeTmp/Debug/cmTC_7e784.dSYM

RegisterExecutionPolicyException /Users/bangcle/apple-llvm-project_ios/build/NATIVE/CMakeFiles/CMakeTmp/Debug/cmTC_7e784 (in target 'cmTC_7e784' from project 'CMAKE_TRY_COMPILE')
    cd /Users/bangcle/apple-llvm-project_ios/build/NATIVE/CMakeFiles/CMakeTmp
    builtin-RegisterExecutionPolicyException /Users/bangcle/apple-llvm-project_ios/build/NATIVE/CMakeFiles/CMakeTmp/Debug/cmTC_7e784

note: Using global toolchain override 'Xcode Default'. (in target 'cmTC_7e784' from project 'CMAKE_TRY_COMPILE')
** BUILD SUCCEEDED **



Source file was:
int main() { return 0; }
Performing C++ SOURCE FILE Test LLVM_HAS_NOGLOBAL_CTOR_MUTEX failed with the following output:
Change Dir: /Users/bangcle/apple-llvm-project_ios/build/NATIVE/CMakeFiles/CMakeTmp

Run Build Command(s):/usr/bin/xcodebuild -project CMAKE_TRY_COMPILE.xcodeproj build -target cmTC_f08fb -parallelizeTargets -configuration Debug -hideShellScriptEnvironment && 2023-05-09 11:14:28.529 xcodebuild[19630:5412091] DVTCoreDeviceEnabledState: DVTCoreDeviceEnabledState_Disabled set via user default (DVTEnableCoreDevice=disabled)
Command line invocation:
    /Applications/Xcode.app/Contents/Developer/usr/bin/xcodebuild -project CMAKE_TRY_COMPILE.xcodeproj build -target cmTC_f08fb -parallelizeTargets -configuration Debug -hideShellScriptEnvironment

User defaults from command line:
    HideShellScriptEnvironment = YES
    IDEPackageSupportToolchainOverrideForManifestLoading = com.apple.dt.toolchain.XcodeDefault
    IDEPackageSupportUseBuiltinSCM = YES

Build settings from command line:
    TOOLCHAINS = com.apple.dt.toolchain.XcodeDefault

Computing target dependency graph and provisioning inputs

Create build description
Build description signature: ce9351271c193fc44d1ef05241fd43c0
Build description path: /Users/bangcle/apple-llvm-project_ios/build/NATIVE/CMakeFiles/CMakeTmp/build/XCBuildData/ce9351271c193fc44d1ef05241fd43c0.xcbuilddata

note: Building targets in dependency order
warning: The iOS deployment target 'IPHONEOS_DEPLOYMENT_TARGET' is set to 10.0, but the range of supported deployment target versions is 11.0 to 16.4.99.
note: Using global toolchain override 'Xcode Default'.
CreateBuildDirectory /Users/bangcle/apple-llvm-project_ios/build/NATIVE/CMakeFiles/CMakeTmp
    cd /Users/bangcle/apple-llvm-project_ios/build/NATIVE/CMakeFiles/CMakeTmp/CMAKE_TRY_COMPILE.xcodeproj
    builtin-create-build-directory /Users/bangcle/apple-llvm-project_ios/build/NATIVE/CMakeFiles/CMakeTmp

ClangStatCache /Applications/Xcode.app/Contents/Developer/Toolchains/XcodeDefault.xctoolchain/usr/bin/clang-stat-cache /Applications/Xcode.app/Contents/Developer/Platforms/iPhoneOS.platform/Developer/SDKs/iPhoneOS16.4.sdk /var/folders/30/2gj68zcd49l4mylgmzd1d7n40000gn/C/com.apple.DeveloperTools/14.3-14E222b/Xcode/14.3-14E222b/Xcode/SDKStatCaches.noindex/iphoneos16.4-20E238-com_apple_dt_toolchain_XcodeDefault_com_apple_dt_toolchain_XcodeDefault.sdkstatcache
    cd /Users/bangcle/apple-llvm-project_ios/build/NATIVE/CMakeFiles/CMakeTmp/CMAKE_TRY_COMPILE.xcodeproj
    /Applications/Xcode.app/Contents/Developer/Toolchains/XcodeDefault.xctoolchain/usr/bin/clang-stat-cache /Applications/Xcode.app/Contents/Developer/Platforms/iPhoneOS.platform/Developer/SDKs/iPhoneOS16.4.sdk -o /var/folders/30/2gj68zcd49l4mylgmzd1d7n40000gn/C/com.apple.DeveloperTools/14.3-14E222b/Xcode/14.3-14E222b/Xcode/SDKStatCaches.noindex/iphoneos16.4-20E238-com_apple_dt_toolchain_XcodeDefault_com_apple_dt_toolchain_XcodeDefault.sdkstatcache

CreateBuildDirectory /Users/bangcle/apple-llvm-project_ios/build/NATIVE/CMakeFiles/CMakeTmp/Debug
    cd /Users/bangcle/apple-llvm-project_ios/build/NATIVE/CMakeFiles/CMakeTmp/CMAKE_TRY_COMPILE.xcodeproj
    builtin-create-build-directory /Users/bangcle/apple-llvm-project_ios/build/NATIVE/CMakeFiles/CMakeTmp/Debug

CreateBuildDirectory /Users/bangcle/apple-llvm-project_ios/build/NATIVE/CMakeFiles/CMakeTmp/EagerLinkingTBDs/Debug-iphoneos
    cd /Users/bangcle/apple-llvm-project_ios/build/NATIVE/CMakeFiles/CMakeTmp/CMAKE_TRY_COMPILE.xcodeproj
    builtin-create-build-directory /Users/bangcle/apple-llvm-project_ios/build/NATIVE/CMakeFiles/CMakeTmp/EagerLinkingTBDs/Debug-iphoneos

WriteAuxiliaryFile /Users/bangcle/apple-llvm-project_ios/build/NATIVE/CMakeFiles/CMakeTmp/CMAKE_TRY_COMPILE.build/Debug-iphoneos/cmTC_f08fb.build/Objects-normal/arm64/cmTC_f08fb.LinkFileList (in target 'cmTC_f08fb' from project 'CMAKE_TRY_COMPILE')
    cd /Users/bangcle/apple-llvm-project_ios/build/NATIVE/CMakeFiles/CMakeTmp
    write-file /Users/bangcle/apple-llvm-project_ios/build/NATIVE/CMakeFiles/CMakeTmp/CMAKE_TRY_COMPILE.build/Debug-iphoneos/cmTC_f08fb.build/Objects-normal/arm64/cmTC_f08fb.LinkFileList

CompileC /Users/bangcle/apple-llvm-project_ios/build/NATIVE/CMakeFiles/CMakeTmp/CMAKE_TRY_COMPILE.build/Debug-iphoneos/cmTC_f08fb.build/Objects-normal/arm64/src.o /Users/bangcle/apple-llvm-project_ios/build/NATIVE/CMakeFiles/CMakeTmp/src.cxx normal arm64 c++ com.apple.compilers.llvm.clang.1_0.compiler (in target 'cmTC_f08fb' from project 'CMAKE_TRY_COMPILE')
    cd /Users/bangcle/apple-llvm-project_ios/build/NATIVE/CMakeFiles/CMakeTmp
    /Applications/Xcode.app/Contents/Developer/Toolchains/XcodeDefault.xctoolchain/usr/bin/clang -x c++ -ivfsstatcache /var/folders/30/2gj68zcd49l4mylgmzd1d7n40000gn/C/com.apple.DeveloperTools/14.3-14E222b/Xcode/14.3-14E222b/Xcode/SDKStatCaches.noindex/iphoneos16.4-20E238-com_apple_dt_toolchain_XcodeDefault_com_apple_dt_toolchain_XcodeDefault.sdkstatcache -target arm64-apple-ios16.4 -fmessage-length\=0 -fdiagnostics-show-note-include-stack -fmacro-backtrace-limit\=0 -Wno-trigraphs -fpascal-strings -O0 -Wno-missing-field-initializers -Wno-missing-prototypes -Wno-return-type -Wno-non-virtual-dtor -Wno-overloaded-virtual -Wno-exit-time-destructors -Wno-missing-braces -Wparentheses -Wswitch -Wno-unused-function -Wno-unused-label -Wno-unused-parameter -Wno-unused-variable -Wunused-value -Wno-empty-body -Wno-uninitialized -Wno-unknown-pragmas -Wno-shadow -Wno-four-char-constants -Wno-conversion -Wno-constant-conversion -Wno-int-conversion -Wno-bool-conversion -Wno-enum-conversion -Wno-float-conversion -Wno-non-literal-null-conversion -Wno-objc-literal-conversion -Wshorten-64-to-32 -Wno-newline-eof -Wno-c++11-extensions -Wno-implicit-fallthrough -DCMAKE_INTDIR\=\"Debug-iphoneos\" -DLLVM_HAS_NOGLOBAL_CTOR_MUTEX -isysroot /Applications/Xcode.app/Contents/Developer/Platforms/iPhoneOS.platform/Developer/SDKs/iPhoneOS16.4.sdk -fstrict-aliasing -Wdeprecated-declarations -Winvalid-offsetof -g -Wno-sign-conversion -Wno-infinite-recursion -Wno-move -Wno-comma -Wno-block-capture-autoreleasing -Wno-strict-prototypes -Wno-range-loop-analysis -Wno-semicolon-before-method-body -I/Users/bangcle/apple-llvm-project_ios/build/NATIVE/CMakeFiles/CMakeTmp/Debug/include -I/Users/bangcle/apple-llvm-project_ios/build/NATIVE/CMakeFiles/CMakeTmp/CMAKE_TRY_COMPILE.build/Debug-iphoneos/cmTC_f08fb.build/DerivedSources-normal/arm64 -I/Users/bangcle/apple-llvm-project_ios/build/NATIVE/CMakeFiles/CMakeTmp/CMAKE_TRY_COMPILE.build/Debug-iphoneos/cmTC_f08fb.build/DerivedSources/arm64 -I/Users/bangcle/apple-llvm-project_ios/build/NATIVE/CMakeFiles/CMakeTmp/CMAKE_TRY_COMPILE.build/Debug-iphoneos/cmTC_f08fb.build/DerivedSources -F/Users/bangcle/apple-llvm-project_ios/build/NATIVE/CMakeFiles/CMakeTmp/Debug -fvisibility-inlines-hidden -Werror\=date-time -Werror\=unguarded-availability-new -Wall -Wextra -Wno-unused-parameter -Wwrite-strings -Wcast-qual -Wmissing-field-initializers -pedantic -Wno-long-long -Wc++98-compat-extra-semi -Wimplicit-fallthrough -Wcovered-switch-default -Wno-noexcept-type -Wnon-virtual-dtor -Wdelete-non-virtual-dtor -Wsuggest-override -Wstring-conversion -Wmisleading-indentation -Werror\=global-constructors -Werror\=unguarded-availability-new -std\=c++14 -MMD -MT dependencies -MF /Users/bangcle/apple-llvm-project_ios/build/NATIVE/CMakeFiles/CMakeTmp/CMAKE_TRY_COMPILE.build/Debug-iphoneos/cmTC_f08fb.build/Objects-normal/arm64/src.d --serialize-diagnostics /Users/bangcle/apple-llvm-project_ios/build/NATIVE/CMakeFiles/CMakeTmp/CMAKE_TRY_COMPILE.build/Debug-iphoneos/cmTC_f08fb.build/Objects-normal/arm64/src.dia -c /Users/bangcle/apple-llvm-project_ios/build/NATIVE/CMakeFiles/CMakeTmp/src.cxx -o /Users/bangcle/apple-llvm-project_ios/build/NATIVE/CMakeFiles/CMakeTmp/CMAKE_TRY_COMPILE.build/Debug-iphoneos/cmTC_f08fb.build/Objects-normal/arm64/src.o
/Users/bangcle/apple-llvm-project_ios/build/NATIVE/CMakeFiles/CMakeTmp/src.cxx:3:21: error: declaration requires a global destructor [-Werror,-Wglobal-constructors]
  static std::mutex TestGlobalCtorDtor;
                    ^
/Users/bangcle/apple-llvm-project_ios/build/NATIVE/CMakeFiles/CMakeTmp/src.cxx:4:31: error: declaration requires a global destructor [-Werror,-Wglobal-constructors]
  static std::recursive_mutex TestGlobalCtorDtor2;
                              ^
2 errors generated.

note: Using global toolchain override 'Xcode Default'. (in target 'cmTC_f08fb' from project 'CMAKE_TRY_COMPILE')
** BUILD FAILED **


The following build commands failed:
	CompileC /Users/bangcle/apple-llvm-project_ios/build/NATIVE/CMakeFiles/CMakeTmp/CMAKE_TRY_COMPILE.build/Debug-iphoneos/cmTC_f08fb.build/Objects-normal/arm64/src.o /Users/bangcle/apple-llvm-project_ios/build/NATIVE/CMakeFiles/CMakeTmp/src.cxx normal arm64 c++ com.apple.compilers.llvm.clang.1_0.compiler (in target 'cmTC_f08fb' from project 'CMAKE_TRY_COMPILE')
(1 failure)


Source file was:

  #include <mutex>
  static std::mutex TestGlobalCtorDtor;
  static std::recursive_mutex TestGlobalCtorDtor2;
  int main() { (void)TestGlobalCtorDtor; (void)TestGlobalCtorDtor2; return 0;}
  
Determining if the __x86_64__ exist failed with the following output:
Change Dir: /Users/bangcle/apple-llvm-project_ios/build/NATIVE/CMakeFiles/CMakeTmp

Run Build Command(s):/usr/bin/xcodebuild -project CMAKE_TRY_COMPILE.xcodeproj build -target cmTC_814b3 -parallelizeTargets -configuration Debug -hideShellScriptEnvironment && 2023-05-09 11:14:31.419 xcodebuild[19647:5412224] DVTCoreDeviceEnabledState: DVTCoreDeviceEnabledState_Disabled set via user default (DVTEnableCoreDevice=disabled)
Command line invocation:
    /Applications/Xcode.app/Contents/Developer/usr/bin/xcodebuild -project CMAKE_TRY_COMPILE.xcodeproj build -target cmTC_814b3 -parallelizeTargets -configuration Debug -hideShellScriptEnvironment

User defaults from command line:
    HideShellScriptEnvironment = YES
    IDEPackageSupportToolchainOverrideForManifestLoading = com.apple.dt.toolchain.XcodeDefault
    IDEPackageSupportUseBuiltinSCM = YES

Build settings from command line:
    TOOLCHAINS = com.apple.dt.toolchain.XcodeDefault

Computing target dependency graph and provisioning inputs

Create build description
Build description signature: 2f5dba8b9e79ffafe819791e093071e2
Build description path: /Users/bangcle/apple-llvm-project_ios/build/NATIVE/CMakeFiles/CMakeTmp/build/XCBuildData/2f5dba8b9e79ffafe819791e093071e2.xcbuilddata

note: Building targets in dependency order
warning: The iOS deployment target 'IPHONEOS_DEPLOYMENT_TARGET' is set to 10.0, but the range of supported deployment target versions is 11.0 to 16.4.99.
note: Using global toolchain override 'Xcode Default'.
CreateBuildDirectory /Users/bangcle/apple-llvm-project_ios/build/NATIVE/CMakeFiles/CMakeTmp
    cd /Users/bangcle/apple-llvm-project_ios/build/NATIVE/CMakeFiles/CMakeTmp/CMAKE_TRY_COMPILE.xcodeproj
    builtin-create-build-directory /Users/bangcle/apple-llvm-project_ios/build/NATIVE/CMakeFiles/CMakeTmp

ClangStatCache /Applications/Xcode.app/Contents/Developer/Toolchains/XcodeDefault.xctoolchain/usr/bin/clang-stat-cache /Applications/Xcode.app/Contents/Developer/Platforms/iPhoneOS.platform/Developer/SDKs/iPhoneOS16.4.sdk /var/folders/30/2gj68zcd49l4mylgmzd1d7n40000gn/C/com.apple.DeveloperTools/14.3-14E222b/Xcode/14.3-14E222b/Xcode/SDKStatCaches.noindex/iphoneos16.4-20E238-com_apple_dt_toolchain_XcodeDefault_com_apple_dt_toolchain_XcodeDefault.sdkstatcache
    cd /Users/bangcle/apple-llvm-project_ios/build/NATIVE/CMakeFiles/CMakeTmp/CMAKE_TRY_COMPILE.xcodeproj
    /Applications/Xcode.app/Contents/Developer/Toolchains/XcodeDefault.xctoolchain/usr/bin/clang-stat-cache /Applications/Xcode.app/Contents/Developer/Platforms/iPhoneOS.platform/Developer/SDKs/iPhoneOS16.4.sdk -o /var/folders/30/2gj68zcd49l4mylgmzd1d7n40000gn/C/com.apple.DeveloperTools/14.3-14E222b/Xcode/14.3-14E222b/Xcode/SDKStatCaches.noindex/iphoneos16.4-20E238-com_apple_dt_toolchain_XcodeDefault_com_apple_dt_toolchain_XcodeDefault.sdkstatcache

CreateBuildDirectory /Users/bangcle/apple-llvm-project_ios/build/NATIVE/CMakeFiles/CMakeTmp/Debug
    cd /Users/bangcle/apple-llvm-project_ios/build/NATIVE/CMakeFiles/CMakeTmp/CMAKE_TRY_COMPILE.xcodeproj
    builtin-create-build-directory /Users/bangcle/apple-llvm-project_ios/build/NATIVE/CMakeFiles/CMakeTmp/Debug

CreateBuildDirectory /Users/bangcle/apple-llvm-project_ios/build/NATIVE/CMakeFiles/CMakeTmp/EagerLinkingTBDs/Debug-iphoneos
    cd /Users/bangcle/apple-llvm-project_ios/build/NATIVE/CMakeFiles/CMakeTmp/CMAKE_TRY_COMPILE.xcodeproj
    builtin-create-build-directory /Users/bangcle/apple-llvm-project_ios/build/NATIVE/CMakeFiles/CMakeTmp/EagerLinkingTBDs/Debug-iphoneos

WriteAuxiliaryFile /Users/bangcle/apple-llvm-project_ios/build/NATIVE/CMakeFiles/CMakeTmp/CMAKE_TRY_COMPILE.build/Debug-iphoneos/cmTC_814b3.build/Objects-normal/arm64/cmTC_814b3.LinkFileList (in target 'cmTC_814b3' from project 'CMAKE_TRY_COMPILE')
    cd /Users/bangcle/apple-llvm-project_ios/build/NATIVE/CMakeFiles/CMakeTmp
    write-file /Users/bangcle/apple-llvm-project_ios/build/NATIVE/CMakeFiles/CMakeTmp/CMAKE_TRY_COMPILE.build/Debug-iphoneos/cmTC_814b3.build/Objects-normal/arm64/cmTC_814b3.LinkFileList

CompileC /Users/bangcle/apple-llvm-project_ios/build/NATIVE/CMakeFiles/CMakeTmp/CMAKE_TRY_COMPILE.build/Debug-iphoneos/cmTC_814b3.build/Objects-normal/arm64/CheckSymbolExists.o /Users/bangcle/apple-llvm-project_ios/build/NATIVE/CMakeFiles/CMakeTmp/CheckSymbolExists.c normal arm64 c com.apple.compilers.llvm.clang.1_0.compiler (in target 'cmTC_814b3' from project 'CMAKE_TRY_COMPILE')
    cd /Users/bangcle/apple-llvm-project_ios/build/NATIVE/CMakeFiles/CMakeTmp
    /Applications/Xcode.app/Contents/Developer/Toolchains/XcodeDefault.xctoolchain/usr/bin/clang -x c -ivfsstatcache /var/folders/30/2gj68zcd49l4mylgmzd1d7n40000gn/C/com.apple.DeveloperTools/14.3-14E222b/Xcode/14.3-14E222b/Xcode/SDKStatCaches.noindex/iphoneos16.4-20E238-com_apple_dt_toolchain_XcodeDefault_com_apple_dt_toolchain_XcodeDefault.sdkstatcache -target arm64-apple-ios16.4 -fmessage-length\=0 -fdiagnostics-show-note-include-stack -fmacro-backtrace-limit\=0 -Wno-trigraphs -fpascal-strings -O0 -Wno-missing-field-initializers -Wno-missing-prototypes -Wno-return-type -Wno-missing-braces -Wparentheses -Wswitch -Wno-unused-function -Wno-unused-label -Wno-unused-parameter -Wno-unused-variable -Wunused-value -Wno-empty-body -Wno-uninitialized -Wno-unknown-pragmas -Wno-shadow -Wno-four-char-constants -Wno-conversion -Wno-constant-conversion -Wno-int-conversion -Wno-bool-conversion -Wno-enum-conversion -Wno-float-conversion -Wno-non-literal-null-conversion -Wno-objc-literal-conversion -Wshorten-64-to-32 -Wpointer-sign -Wno-newline-eof -Wno-implicit-fallthrough -DCMAKE_INTDIR\=\"Debug-iphoneos\" -isysroot /Applications/Xcode.app/Contents/Developer/Platforms/iPhoneOS.platform/Developer/SDKs/iPhoneOS16.4.sdk -fstrict-aliasing -Wdeprecated-declarations -g -Wno-sign-conversion -Wno-infinite-recursion -Wno-comma -Wno-block-capture-autoreleasing -Wno-strict-prototypes -Wno-semicolon-before-method-body -I/Users/bangcle/apple-llvm-project_ios/build/NATIVE/CMakeFiles/CMakeTmp/Debug/include -I/Users/bangcle/apple-llvm-project_ios/build/NATIVE/CMakeFiles/CMakeTmp/CMAKE_TRY_COMPILE.build/Debug-iphoneos/cmTC_814b3.build/DerivedSources-normal/arm64 -I/Users/bangcle/apple-llvm-project_ios/build/NATIVE/CMakeFiles/CMakeTmp/CMAKE_TRY_COMPILE.build/Debug-iphoneos/cmTC_814b3.build/DerivedSources/arm64 -I/Users/bangcle/apple-llvm-project_ios/build/NATIVE/CMakeFiles/CMakeTmp/CMAKE_TRY_COMPILE.build/Debug-iphoneos/cmTC_814b3.build/DerivedSources -F/Users/bangcle/apple-llvm-project_ios/build/NATIVE/CMakeFiles/CMakeTmp/Debug -Wall -Wextra -Wno-unused-parameter -Wwrite-strings -Wmissing-field-initializers -pedantic -Wno-long-long -Wc++98-compat-extra-semi -Wimplicit-fallthrough -Wcovered-switch-default -Wstring-conversion -Wmisleading-indentation -Werror\=unguarded-availability-new -DWITH_BKS -DWITH_FBS -DWITH_LOCKDOWN -MMD -MT dependencies -MF /Users/bangcle/apple-llvm-project_ios/build/NATIVE/CMakeFiles/CMakeTmp/CMAKE_TRY_COMPILE.build/Debug-iphoneos/cmTC_814b3.build/Objects-normal/arm64/CheckSymbolExists.d --serialize-diagnostics /Users/bangcle/apple-llvm-project_ios/build/NATIVE/CMakeFiles/CMakeTmp/CMAKE_TRY_COMPILE.build/Debug-iphoneos/cmTC_814b3.build/Objects-normal/arm64/CheckSymbolExists.dia -c /Users/bangcle/apple-llvm-project_ios/build/NATIVE/CMakeFiles/CMakeTmp/CheckSymbolExists.c -o /Users/bangcle/apple-llvm-project_ios/build/NATIVE/CMakeFiles/CMakeTmp/CMAKE_TRY_COMPILE.build/Debug-iphoneos/cmTC_814b3.build/Objects-normal/arm64/CheckSymbolExists.o
/Users/bangcle/apple-llvm-project_ios/build/NATIVE/CMakeFiles/CMakeTmp/CheckSymbolExists.c:7:19: error: use of undeclared identifier '__x86_64__'
  return ((int*)(&__x86_64__))[argc];
                  ^
1 error generated.

note: Using global toolchain override 'Xcode Default'. (in target 'cmTC_814b3' from project 'CMAKE_TRY_COMPILE')
** BUILD FAILED **


The following build commands failed:
	CompileC /Users/bangcle/apple-llvm-project_ios/build/NATIVE/CMakeFiles/CMakeTmp/CMAKE_TRY_COMPILE.build/Debug-iphoneos/cmTC_814b3.build/Objects-normal/arm64/CheckSymbolExists.o /Users/bangcle/apple-llvm-project_ios/build/NATIVE/CMakeFiles/CMakeTmp/CheckSymbolExists.c normal arm64 c com.apple.compilers.llvm.clang.1_0.compiler (in target 'cmTC_814b3' from project 'CMAKE_TRY_COMPILE')
(1 failure)


File /Users/bangcle/apple-llvm-project_ios/build/NATIVE/CMakeFiles/CMakeTmp/CheckSymbolExists.c:
/* */

int main(int argc, char** argv)
{
  (void)argv;
#ifndef __x86_64__
  return ((int*)(&__x86_64__))[argc];
#else
  (void)argc;
  return 0;
#endif
}
Performing C++ SOURCE FILE Test CXX_SUPPORTS_STRINGOP_TRUNCATION failed with the following output:
Change Dir: /Users/bangcle/apple-llvm-project_ios/build/NATIVE/CMakeFiles/CMakeTmp

Run Build Command(s):/usr/bin/xcodebuild -project CMAKE_TRY_COMPILE.xcodeproj build -target cmTC_bdd6a -parallelizeTargets -configuration Debug -hideShellScriptEnvironment && 2023-05-09 11:15:01.805 xcodebuild[19913:5414081] DVTCoreDeviceEnabledState: DVTCoreDeviceEnabledState_Disabled set via user default (DVTEnableCoreDevice=disabled)
Command line invocation:
    /Applications/Xcode.app/Contents/Developer/usr/bin/xcodebuild -project CMAKE_TRY_COMPILE.xcodeproj build -target cmTC_bdd6a -parallelizeTargets -configuration Debug -hideShellScriptEnvironment

User defaults from command line:
    HideShellScriptEnvironment = YES
    IDEPackageSupportToolchainOverrideForManifestLoading = com.apple.dt.toolchain.XcodeDefault
    IDEPackageSupportUseBuiltinSCM = YES

Build settings from command line:
    TOOLCHAINS = com.apple.dt.toolchain.XcodeDefault

Computing target dependency graph and provisioning inputs

Create build description
Build description signature: ed5150f6aad589465a0cddf9b801dc50
Build description path: /Users/bangcle/apple-llvm-project_ios/build/NATIVE/CMakeFiles/CMakeTmp/build/XCBuildData/ed5150f6aad589465a0cddf9b801dc50.xcbuilddata

note: Building targets in dependency order
warning: The iOS deployment target 'IPHONEOS_DEPLOYMENT_TARGET' is set to 10.0, but the range of supported deployment target versions is 11.0 to 16.4.99.
note: Using global toolchain override 'Xcode Default'.
CreateBuildDirectory /Users/bangcle/apple-llvm-project_ios/build/NATIVE/CMakeFiles/CMakeTmp
    cd /Users/bangcle/apple-llvm-project_ios/build/NATIVE/CMakeFiles/CMakeTmp/CMAKE_TRY_COMPILE.xcodeproj
    builtin-create-build-directory /Users/bangcle/apple-llvm-project_ios/build/NATIVE/CMakeFiles/CMakeTmp

ClangStatCache /Applications/Xcode.app/Contents/Developer/Toolchains/XcodeDefault.xctoolchain/usr/bin/clang-stat-cache /Applications/Xcode.app/Contents/Developer/Platforms/iPhoneOS.platform/Developer/SDKs/iPhoneOS16.4.sdk /var/folders/30/2gj68zcd49l4mylgmzd1d7n40000gn/C/com.apple.DeveloperTools/14.3-14E222b/Xcode/14.3-14E222b/Xcode/SDKStatCaches.noindex/iphoneos16.4-20E238-com_apple_dt_toolchain_XcodeDefault_com_apple_dt_toolchain_XcodeDefault.sdkstatcache
    cd /Users/bangcle/apple-llvm-project_ios/build/NATIVE/CMakeFiles/CMakeTmp/CMAKE_TRY_COMPILE.xcodeproj
    /Applications/Xcode.app/Contents/Developer/Toolchains/XcodeDefault.xctoolchain/usr/bin/clang-stat-cache /Applications/Xcode.app/Contents/Developer/Platforms/iPhoneOS.platform/Developer/SDKs/iPhoneOS16.4.sdk -o /var/folders/30/2gj68zcd49l4mylgmzd1d7n40000gn/C/com.apple.DeveloperTools/14.3-14E222b/Xcode/14.3-14E222b/Xcode/SDKStatCaches.noindex/iphoneos16.4-20E238-com_apple_dt_toolchain_XcodeDefault_com_apple_dt_toolchain_XcodeDefault.sdkstatcache

CreateBuildDirectory /Users/bangcle/apple-llvm-project_ios/build/NATIVE/CMakeFiles/CMakeTmp/Debug
    cd /Users/bangcle/apple-llvm-project_ios/build/NATIVE/CMakeFiles/CMakeTmp/CMAKE_TRY_COMPILE.xcodeproj
    builtin-create-build-directory /Users/bangcle/apple-llvm-project_ios/build/NATIVE/CMakeFiles/CMakeTmp/Debug

CreateBuildDirectory /Users/bangcle/apple-llvm-project_ios/build/NATIVE/CMakeFiles/CMakeTmp/EagerLinkingTBDs/Debug-iphoneos
    cd /Users/bangcle/apple-llvm-project_ios/build/NATIVE/CMakeFiles/CMakeTmp/CMAKE_TRY_COMPILE.xcodeproj
    builtin-create-build-directory /Users/bangcle/apple-llvm-project_ios/build/NATIVE/CMakeFiles/CMakeTmp/EagerLinkingTBDs/Debug-iphoneos

WriteAuxiliaryFile /Users/bangcle/apple-llvm-project_ios/build/NATIVE/CMakeFiles/CMakeTmp/CMAKE_TRY_COMPILE.build/Debug-iphoneos/cmTC_bdd6a.build/Objects-normal/arm64/cmTC_bdd6a.LinkFileList (in target 'cmTC_bdd6a' from project 'CMAKE_TRY_COMPILE')
    cd /Users/bangcle/apple-llvm-project_ios/build/NATIVE/CMakeFiles/CMakeTmp
    write-file /Users/bangcle/apple-llvm-project_ios/build/NATIVE/CMakeFiles/CMakeTmp/CMAKE_TRY_COMPILE.build/Debug-iphoneos/cmTC_bdd6a.build/Objects-normal/arm64/cmTC_bdd6a.LinkFileList

CompileC /Users/bangcle/apple-llvm-project_ios/build/NATIVE/CMakeFiles/CMakeTmp/CMAKE_TRY_COMPILE.build/Debug-iphoneos/cmTC_bdd6a.build/Objects-normal/arm64/src.o /Users/bangcle/apple-llvm-project_ios/build/NATIVE/CMakeFiles/CMakeTmp/src.cxx normal arm64 c++ com.apple.compilers.llvm.clang.1_0.compiler (in target 'cmTC_bdd6a' from project 'CMAKE_TRY_COMPILE')
    cd /Users/bangcle/apple-llvm-project_ios/build/NATIVE/CMakeFiles/CMakeTmp
    /Applications/Xcode.app/Contents/Developer/Toolchains/XcodeDefault.xctoolchain/usr/bin/clang -x c++ -ivfsstatcache /var/folders/30/2gj68zcd49l4mylgmzd1d7n40000gn/C/com.apple.DeveloperTools/14.3-14E222b/Xcode/14.3-14E222b/Xcode/SDKStatCaches.noindex/iphoneos16.4-20E238-com_apple_dt_toolchain_XcodeDefault_com_apple_dt_toolchain_XcodeDefault.sdkstatcache -target arm64-apple-ios16.4 -fmessage-length\=0 -fdiagnostics-show-note-include-stack -fmacro-backtrace-limit\=0 -Wno-trigraphs -fpascal-strings -O0 -Wno-missing-field-initializers -Wno-missing-prototypes -Wno-return-type -Wno-non-virtual-dtor -Wno-overloaded-virtual -Wno-exit-time-destructors -Wno-missing-braces -Wparentheses -Wswitch -Wno-unused-function -Wno-unused-label -Wno-unused-parameter -Wno-unused-variable -Wunused-value -Wno-empty-body -Wno-uninitialized -Wno-unknown-pragmas -Wno-shadow -Wno-four-char-constants -Wno-conversion -Wno-constant-conversion -Wno-int-conversion -Wno-bool-conversion -Wno-enum-conversion -Wno-float-conversion -Wno-non-literal-null-conversion -Wno-objc-literal-conversion -Wshorten-64-to-32 -Wno-newline-eof -Wno-c++11-extensions -Wno-implicit-fallthrough -DCMAKE_INTDIR\=\"Debug-iphoneos\" -DCXX_SUPPORTS_STRINGOP_TRUNCATION -isysroot /Applications/Xcode.app/Contents/Developer/Platforms/iPhoneOS.platform/Developer/SDKs/iPhoneOS16.4.sdk -fstrict-aliasing -Wdeprecated-declarations -Winvalid-offsetof -g -Wno-sign-conversion -Wno-infinite-recursion -Wno-move -Wno-comma -Wno-block-capture-autoreleasing -Wno-strict-prototypes -Wno-range-loop-analysis -Wno-semicolon-before-method-body -I/Users/bangcle/apple-llvm-project_ios/build/NATIVE/CMakeFiles/CMakeTmp/Debug/include -I/Users/bangcle/apple-llvm-project_ios/build/NATIVE/CMakeFiles/CMakeTmp/CMAKE_TRY_COMPILE.build/Debug-iphoneos/cmTC_bdd6a.build/DerivedSources-normal/arm64 -I/Users/bangcle/apple-llvm-project_ios/build/NATIVE/CMakeFiles/CMakeTmp/CMAKE_TRY_COMPILE.build/Debug-iphoneos/cmTC_bdd6a.build/DerivedSources/arm64 -I/Users/bangcle/apple-llvm-project_ios/build/NATIVE/CMakeFiles/CMakeTmp/CMAKE_TRY_COMPILE.build/Debug-iphoneos/cmTC_bdd6a.build/DerivedSources -F/Users/bangcle/apple-llvm-project_ios/build/NATIVE/CMakeFiles/CMakeTmp/Debug -fvisibility-inlines-hidden -Werror\=date-time -Werror\=unguarded-availability-new -Wall -Wextra -Wno-unused-parameter -Wwrite-strings -Wcast-qual -Wmissing-field-initializers -pedantic -Wno-long-long -Wc++98-compat-extra-semi -Wimplicit-fallthrough -Wcovered-switch-default -Wno-noexcept-type -Wnon-virtual-dtor -Wdelete-non-virtual-dtor -Wsuggest-override -Wstring-conversion -Wmisleading-indentation -Wno-deprecated-declarations -Wno-unknown-pragmas -Wno-strict-aliasing -Werror\=unguarded-availability-new -std\=c++14 -Wstringop-truncation -MMD -MT dependencies -MF /Users/bangcle/apple-llvm-project_ios/build/NATIVE/CMakeFiles/CMakeTmp/CMAKE_TRY_COMPILE.build/Debug-iphoneos/cmTC_bdd6a.build/Objects-normal/arm64/src.d --serialize-diagnostics /Users/bangcle/apple-llvm-project_ios/build/NATIVE/CMakeFiles/CMakeTmp/CMAKE_TRY_COMPILE.build/Debug-iphoneos/cmTC_bdd6a.build/Objects-normal/arm64/src.dia -c /Users/bangcle/apple-llvm-project_ios/build/NATIVE/CMakeFiles/CMakeTmp/src.cxx -o /Users/bangcle/apple-llvm-project_ios/build/NATIVE/CMakeFiles/CMakeTmp/CMAKE_TRY_COMPILE.build/Debug-iphoneos/cmTC_bdd6a.build/Objects-normal/arm64/src.o
warning: unknown warning option '-Wstringop-truncation'; did you mean '-Wstring-concatenation'? [-Wunknown-warning-option]
1 warning generated.

Ld /Users/bangcle/apple-llvm-project_ios/build/NATIVE/CMakeFiles/CMakeTmp/Debug/cmTC_bdd6a normal (in target 'cmTC_bdd6a' from project 'CMAKE_TRY_COMPILE')
    cd /Users/bangcle/apple-llvm-project_ios/build/NATIVE/CMakeFiles/CMakeTmp
    /Applications/Xcode.app/Contents/Developer/Toolchains/XcodeDefault.xctoolchain/usr/bin/clang++ -Xlinker -reproducible -target arm64-apple-ios16.4 -isysroot /Applications/Xcode.app/Contents/Developer/Platforms/iPhoneOS.platform/Developer/SDKs/iPhoneOS16.4.sdk -L/Users/bangcle/apple-llvm-project_ios/build/NATIVE/CMakeFiles/CMakeTmp/EagerLinkingTBDs/Debug-iphoneos -L/Users/bangcle/apple-llvm-project_ios/build/NATIVE/CMakeFiles/CMakeTmp/Debug -F/Users/bangcle/apple-llvm-project_ios/build/NATIVE/CMakeFiles/CMakeTmp/EagerLinkingTBDs/Debug-iphoneos -F/Users/bangcle/apple-llvm-project_ios/build/NATIVE/CMakeFiles/CMakeTmp/Debug -filelist /Users/bangcle/apple-llvm-project_ios/build/NATIVE/CMakeFiles/CMakeTmp/CMAKE_TRY_COMPILE.build/Debug-iphoneos/cmTC_bdd6a.build/Objects-normal/arm64/cmTC_bdd6a.LinkFileList -dead_strip -Xlinker -object_path_lto -Xlinker /Users/bangcle/apple-llvm-project_ios/build/NATIVE/CMakeFiles/CMakeTmp/CMAKE_TRY_COMPILE.build/Debug-iphoneos/cmTC_bdd6a.build/Objects-normal/arm64/cmTC_bdd6a_lto.o -Xlinker -no_deduplicate -Wl,-search_paths_first -Wl,-headerpad_max_install_names -Xlinker -dependency_info -Xlinker /Users/bangcle/apple-llvm-project_ios/build/NATIVE/CMakeFiles/CMakeTmp/CMAKE_TRY_COMPILE.build/Debug-iphoneos/cmTC_bdd6a.build/Objects-normal/arm64/cmTC_bdd6a_dependency_info.dat -o /Users/bangcle/apple-llvm-project_ios/build/NATIVE/CMakeFiles/CMakeTmp/Debug/cmTC_bdd6a

GenerateDSYMFile /Users/bangcle/apple-llvm-project_ios/build/NATIVE/CMakeFiles/CMakeTmp/Debug/cmTC_bdd6a.dSYM /Users/bangcle/apple-llvm-project_ios/build/NATIVE/CMakeFiles/CMakeTmp/Debug/cmTC_bdd6a (in target 'cmTC_bdd6a' from project 'CMAKE_TRY_COMPILE')
    cd /Users/bangcle/apple-llvm-project_ios/build/NATIVE/CMakeFiles/CMakeTmp
    /Applications/Xcode.app/Contents/Developer/Toolchains/XcodeDefault.xctoolchain/usr/bin/dsymutil /Users/bangcle/apple-llvm-project_ios/build/NATIVE/CMakeFiles/CMakeTmp/Debug/cmTC_bdd6a -o /Users/bangcle/apple-llvm-project_ios/build/NATIVE/CMakeFiles/CMakeTmp/Debug/cmTC_bdd6a.dSYM

RegisterExecutionPolicyException /Users/bangcle/apple-llvm-project_ios/build/NATIVE/CMakeFiles/CMakeTmp/Debug/cmTC_bdd6a (in target 'cmTC_bdd6a' from project 'CMAKE_TRY_COMPILE')
    cd /Users/bangcle/apple-llvm-project_ios/build/NATIVE/CMakeFiles/CMakeTmp
    builtin-RegisterExecutionPolicyException /Users/bangcle/apple-llvm-project_ios/build/NATIVE/CMakeFiles/CMakeTmp/Debug/cmTC_bdd6a

note: Using global toolchain override 'Xcode Default'. (in target 'cmTC_bdd6a' from project 'CMAKE_TRY_COMPILE')
** BUILD SUCCEEDED **



Source file was:
int main() { return 0; }
Determining if the ppoll exist failed with the following output:
Change Dir: /Users/bangcle/apple-llvm-project_ios/build/NATIVE/CMakeFiles/CMakeTmp

Run Build Command(s):/usr/bin/xcodebuild -project CMAKE_TRY_COMPILE.xcodeproj build -target cmTC_d3190 -parallelizeTargets -configuration Debug -hideShellScriptEnvironment && 2023-05-09 11:15:07.397 xcodebuild[19972:5414510] DVTCoreDeviceEnabledState: DVTCoreDeviceEnabledState_Disabled set via user default (DVTEnableCoreDevice=disabled)
Command line invocation:
    /Applications/Xcode.app/Contents/Developer/usr/bin/xcodebuild -project CMAKE_TRY_COMPILE.xcodeproj build -target cmTC_d3190 -parallelizeTargets -configuration Debug -hideShellScriptEnvironment

User defaults from command line:
    HideShellScriptEnvironment = YES
    IDEPackageSupportToolchainOverrideForManifestLoading = com.apple.dt.toolchain.XcodeDefault
    IDEPackageSupportUseBuiltinSCM = YES

Build settings from command line:
    TOOLCHAINS = com.apple.dt.toolchain.XcodeDefault

Computing target dependency graph and provisioning inputs

Create build description
Build description signature: a664f43c1ac36942bb40a1fa6a894f2d
Build description path: /Users/bangcle/apple-llvm-project_ios/build/NATIVE/CMakeFiles/CMakeTmp/build/XCBuildData/a664f43c1ac36942bb40a1fa6a894f2d.xcbuilddata

note: Building targets in dependency order
warning: The iOS deployment target 'IPHONEOS_DEPLOYMENT_TARGET' is set to 10.0, but the range of supported deployment target versions is 11.0 to 16.4.99.
note: Using global toolchain override 'Xcode Default'.
CreateBuildDirectory /Users/bangcle/apple-llvm-project_ios/build/NATIVE/CMakeFiles/CMakeTmp
    cd /Users/bangcle/apple-llvm-project_ios/build/NATIVE/CMakeFiles/CMakeTmp/CMAKE_TRY_COMPILE.xcodeproj
    builtin-create-build-directory /Users/bangcle/apple-llvm-project_ios/build/NATIVE/CMakeFiles/CMakeTmp

ClangStatCache /Applications/Xcode.app/Contents/Developer/Toolchains/XcodeDefault.xctoolchain/usr/bin/clang-stat-cache /Applications/Xcode.app/Contents/Developer/Platforms/iPhoneOS.platform/Developer/SDKs/iPhoneOS16.4.sdk /var/folders/30/2gj68zcd49l4mylgmzd1d7n40000gn/C/com.apple.DeveloperTools/14.3-14E222b/Xcode/14.3-14E222b/Xcode/SDKStatCaches.noindex/iphoneos16.4-20E238-com_apple_dt_toolchain_XcodeDefault_com_apple_dt_toolchain_XcodeDefault.sdkstatcache
    cd /Users/bangcle/apple-llvm-project_ios/build/NATIVE/CMakeFiles/CMakeTmp/CMAKE_TRY_COMPILE.xcodeproj
    /Applications/Xcode.app/Contents/Developer/Toolchains/XcodeDefault.xctoolchain/usr/bin/clang-stat-cache /Applications/Xcode.app/Contents/Developer/Platforms/iPhoneOS.platform/Developer/SDKs/iPhoneOS16.4.sdk -o /var/folders/30/2gj68zcd49l4mylgmzd1d7n40000gn/C/com.apple.DeveloperTools/14.3-14E222b/Xcode/14.3-14E222b/Xcode/SDKStatCaches.noindex/iphoneos16.4-20E238-com_apple_dt_toolchain_XcodeDefault_com_apple_dt_toolchain_XcodeDefault.sdkstatcache

CreateBuildDirectory /Users/bangcle/apple-llvm-project_ios/build/NATIVE/CMakeFiles/CMakeTmp/Debug
    cd /Users/bangcle/apple-llvm-project_ios/build/NATIVE/CMakeFiles/CMakeTmp/CMAKE_TRY_COMPILE.xcodeproj
    builtin-create-build-directory /Users/bangcle/apple-llvm-project_ios/build/NATIVE/CMakeFiles/CMakeTmp/Debug

CreateBuildDirectory /Users/bangcle/apple-llvm-project_ios/build/NATIVE/CMakeFiles/CMakeTmp/EagerLinkingTBDs/Debug-iphoneos
    cd /Users/bangcle/apple-llvm-project_ios/build/NATIVE/CMakeFiles/CMakeTmp/CMAKE_TRY_COMPILE.xcodeproj
    builtin-create-build-directory /Users/bangcle/apple-llvm-project_ios/build/NATIVE/CMakeFiles/CMakeTmp/EagerLinkingTBDs/Debug-iphoneos

WriteAuxiliaryFile /Users/bangcle/apple-llvm-project_ios/build/NATIVE/CMakeFiles/CMakeTmp/CMAKE_TRY_COMPILE.build/Debug-iphoneos/cmTC_d3190.build/Objects-normal/arm64/cmTC_d3190.LinkFileList (in target 'cmTC_d3190' from project 'CMAKE_TRY_COMPILE')
    cd /Users/bangcle/apple-llvm-project_ios/build/NATIVE/CMakeFiles/CMakeTmp
    write-file /Users/bangcle/apple-llvm-project_ios/build/NATIVE/CMakeFiles/CMakeTmp/CMAKE_TRY_COMPILE.build/Debug-iphoneos/cmTC_d3190.build/Objects-normal/arm64/cmTC_d3190.LinkFileList

CompileC /Users/bangcle/apple-llvm-project_ios/build/NATIVE/CMakeFiles/CMakeTmp/CMAKE_TRY_COMPILE.build/Debug-iphoneos/cmTC_d3190.build/Objects-normal/arm64/CheckSymbolExists.o /Users/bangcle/apple-llvm-project_ios/build/NATIVE/CMakeFiles/CMakeTmp/CheckSymbolExists.c normal arm64 c com.apple.compilers.llvm.clang.1_0.compiler (in target 'cmTC_d3190' from project 'CMAKE_TRY_COMPILE')
    cd /Users/bangcle/apple-llvm-project_ios/build/NATIVE/CMakeFiles/CMakeTmp
    /Applications/Xcode.app/Contents/Developer/Toolchains/XcodeDefault.xctoolchain/usr/bin/clang -x c -ivfsstatcache /var/folders/30/2gj68zcd49l4mylgmzd1d7n40000gn/C/com.apple.DeveloperTools/14.3-14E222b/Xcode/14.3-14E222b/Xcode/SDKStatCaches.noindex/iphoneos16.4-20E238-com_apple_dt_toolchain_XcodeDefault_com_apple_dt_toolchain_XcodeDefault.sdkstatcache -target arm64-apple-ios16.4 -fmessage-length\=0 -fdiagnostics-show-note-include-stack -fmacro-backtrace-limit\=0 -Wno-trigraphs -fpascal-strings -O0 -Wno-missing-field-initializers -Wno-missing-prototypes -Wno-return-type -Wno-missing-braces -Wparentheses -Wswitch -Wno-unused-function -Wno-unused-label -Wno-unused-parameter -Wno-unused-variable -Wunused-value -Wno-empty-body -Wno-uninitialized -Wno-unknown-pragmas -Wno-shadow -Wno-four-char-constants -Wno-conversion -Wno-constant-conversion -Wno-int-conversion -Wno-bool-conversion -Wno-enum-conversion -Wno-float-conversion -Wno-non-literal-null-conversion -Wno-objc-literal-conversion -Wshorten-64-to-32 -Wpointer-sign -Wno-newline-eof -Wno-implicit-fallthrough -DCMAKE_INTDIR\=\"Debug-iphoneos\" -D_GNU_SOURCE -isysroot /Applications/Xcode.app/Contents/Developer/Platforms/iPhoneOS.platform/Developer/SDKs/iPhoneOS16.4.sdk -fstrict-aliasing -Wdeprecated-declarations -g -Wno-sign-conversion -Wno-infinite-recursion -Wno-comma -Wno-block-capture-autoreleasing -Wno-strict-prototypes -Wno-semicolon-before-method-body -I/Users/bangcle/apple-llvm-project_ios/build/NATIVE/CMakeFiles/CMakeTmp/Debug/include -I/Users/bangcle/apple-llvm-project_ios/build/NATIVE/CMakeFiles/CMakeTmp/CMAKE_TRY_COMPILE.build/Debug-iphoneos/cmTC_d3190.build/DerivedSources-normal/arm64 -I/Users/bangcle/apple-llvm-project_ios/build/NATIVE/CMakeFiles/CMakeTmp/CMAKE_TRY_COMPILE.build/Debug-iphoneos/cmTC_d3190.build/DerivedSources/arm64 -I/Users/bangcle/apple-llvm-project_ios/build/NATIVE/CMakeFiles/CMakeTmp/CMAKE_TRY_COMPILE.build/Debug-iphoneos/cmTC_d3190.build/DerivedSources -F/Users/bangcle/apple-llvm-project_ios/build/NATIVE/CMakeFiles/CMakeTmp/Debug -Wall -Wextra -Wno-unused-parameter -Wwrite-strings -Wmissing-field-initializers -pedantic -Wno-long-long -Wc++98-compat-extra-semi -Wimplicit-fallthrough -Wcovered-switch-default -Wstring-conversion -Wmisleading-indentation -Werror\=unguarded-availability-new -DWITH_BKS -DWITH_FBS -DWITH_LOCKDOWN -MMD -MT dependencies -MF /Users/bangcle/apple-llvm-project_ios/build/NATIVE/CMakeFiles/CMakeTmp/CMAKE_TRY_COMPILE.build/Debug-iphoneos/cmTC_d3190.build/Objects-normal/arm64/CheckSymbolExists.d --serialize-diagnostics /Users/bangcle/apple-llvm-project_ios/build/NATIVE/CMakeFiles/CMakeTmp/CMAKE_TRY_COMPILE.build/Debug-iphoneos/cmTC_d3190.build/Objects-normal/arm64/CheckSymbolExists.dia -c /Users/bangcle/apple-llvm-project_ios/build/NATIVE/CMakeFiles/CMakeTmp/CheckSymbolExists.c -o /Users/bangcle/apple-llvm-project_ios/build/NATIVE/CMakeFiles/CMakeTmp/CMAKE_TRY_COMPILE.build/Debug-iphoneos/cmTC_d3190.build/Objects-normal/arm64/CheckSymbolExists.o
/Users/bangcle/apple-llvm-project_ios/build/NATIVE/CMakeFiles/CMakeTmp/CheckSymbolExists.c:8:19: error: use of undeclared identifier 'ppoll'; did you mean 'poll'?
  return ((int*)(&ppoll))[argc];
                  ^~~~~
                  poll
In file included from /Users/bangcle/apple-llvm-project_ios/build/NATIVE/CMakeFiles/CMakeTmp/CheckSymbolExists.c:2:
In file included from /Applications/Xcode.app/Contents/Developer/Platforms/iPhoneOS.platform/Developer/SDKs/iPhoneOS16.4.sdk/usr/include/poll.h:23:
/Applications/Xcode.app/Contents/Developer/Platforms/iPhoneOS.platform/Developer/SDKs/iPhoneOS16.4.sdk/usr/include/sys/poll.h:113:12: note: 'poll' declared here
extern int poll(struct pollfd *, nfds_t, int) __DARWIN_ALIAS_C(poll);
           ^
1 error generated.

note: Using global toolchain override 'Xcode Default'. (in target 'cmTC_d3190' from project 'CMAKE_TRY_COMPILE')
** BUILD FAILED **


The following build commands failed:
	CompileC /Users/bangcle/apple-llvm-project_ios/build/NATIVE/CMakeFiles/CMakeTmp/CMAKE_TRY_COMPILE.build/Debug-iphoneos/cmTC_d3190.build/Objects-normal/arm64/CheckSymbolExists.o /Users/bangcle/apple-llvm-project_ios/build/NATIVE/CMakeFiles/CMakeTmp/CheckSymbolExists.c normal arm64 c com.apple.compilers.llvm.clang.1_0.compiler (in target 'cmTC_d3190' from project 'CMAKE_TRY_COMPILE')
(1 failure)


File /Users/bangcle/apple-llvm-project_ios/build/NATIVE/CMakeFiles/CMakeTmp/CheckSymbolExists.c:
/* */
#include <poll.h>

int main(int argc, char** argv)
{
  (void)argv;
#ifndef ppoll
  return ((int*)(&ppoll))[argc];
#else
  (void)argc;
  return 0;
#endif
}
Determining if the accept4 exist failed with the following output:
Change Dir: /Users/bangcle/apple-llvm-project_ios/build/NATIVE/CMakeFiles/CMakeTmp

Run Build Command(s):/usr/bin/xcodebuild -project CMAKE_TRY_COMPILE.xcodeproj build -target cmTC_a7d67 -parallelizeTargets -configuration Debug -hideShellScriptEnvironment && 2023-05-09 11:15:11.137 xcodebuild[20004:5414768] DVTCoreDeviceEnabledState: DVTCoreDeviceEnabledState_Disabled set via user default (DVTEnableCoreDevice=disabled)
Command line invocation:
    /Applications/Xcode.app/Contents/Developer/usr/bin/xcodebuild -project CMAKE_TRY_COMPILE.xcodeproj build -target cmTC_a7d67 -parallelizeTargets -configuration Debug -hideShellScriptEnvironment

User defaults from command line:
    HideShellScriptEnvironment = YES
    IDEPackageSupportToolchainOverrideForManifestLoading = com.apple.dt.toolchain.XcodeDefault
    IDEPackageSupportUseBuiltinSCM = YES

Build settings from command line:
    TOOLCHAINS = com.apple.dt.toolchain.XcodeDefault

Computing target dependency graph and provisioning inputs

Create build description
Build description signature: 38006bbf5e24b180d8ff9dc6947f1a65
Build description path: /Users/bangcle/apple-llvm-project_ios/build/NATIVE/CMakeFiles/CMakeTmp/build/XCBuildData/38006bbf5e24b180d8ff9dc6947f1a65.xcbuilddata

note: Building targets in dependency order
warning: The iOS deployment target 'IPHONEOS_DEPLOYMENT_TARGET' is set to 10.0, but the range of supported deployment target versions is 11.0 to 16.4.99.
note: Using global toolchain override 'Xcode Default'.
CreateBuildDirectory /Users/bangcle/apple-llvm-project_ios/build/NATIVE/CMakeFiles/CMakeTmp
    cd /Users/bangcle/apple-llvm-project_ios/build/NATIVE/CMakeFiles/CMakeTmp/CMAKE_TRY_COMPILE.xcodeproj
    builtin-create-build-directory /Users/bangcle/apple-llvm-project_ios/build/NATIVE/CMakeFiles/CMakeTmp

ClangStatCache /Applications/Xcode.app/Contents/Developer/Toolchains/XcodeDefault.xctoolchain/usr/bin/clang-stat-cache /Applications/Xcode.app/Contents/Developer/Platforms/iPhoneOS.platform/Developer/SDKs/iPhoneOS16.4.sdk /var/folders/30/2gj68zcd49l4mylgmzd1d7n40000gn/C/com.apple.DeveloperTools/14.3-14E222b/Xcode/14.3-14E222b/Xcode/SDKStatCaches.noindex/iphoneos16.4-20E238-com_apple_dt_toolchain_XcodeDefault_com_apple_dt_toolchain_XcodeDefault.sdkstatcache
    cd /Users/bangcle/apple-llvm-project_ios/build/NATIVE/CMakeFiles/CMakeTmp/CMAKE_TRY_COMPILE.xcodeproj
    /Applications/Xcode.app/Contents/Developer/Toolchains/XcodeDefault.xctoolchain/usr/bin/clang-stat-cache /Applications/Xcode.app/Contents/Developer/Platforms/iPhoneOS.platform/Developer/SDKs/iPhoneOS16.4.sdk -o /var/folders/30/2gj68zcd49l4mylgmzd1d7n40000gn/C/com.apple.DeveloperTools/14.3-14E222b/Xcode/14.3-14E222b/Xcode/SDKStatCaches.noindex/iphoneos16.4-20E238-com_apple_dt_toolchain_XcodeDefault_com_apple_dt_toolchain_XcodeDefault.sdkstatcache

CreateBuildDirectory /Users/bangcle/apple-llvm-project_ios/build/NATIVE/CMakeFiles/CMakeTmp/Debug
    cd /Users/bangcle/apple-llvm-project_ios/build/NATIVE/CMakeFiles/CMakeTmp/CMAKE_TRY_COMPILE.xcodeproj
    builtin-create-build-directory /Users/bangcle/apple-llvm-project_ios/build/NATIVE/CMakeFiles/CMakeTmp/Debug

CreateBuildDirectory /Users/bangcle/apple-llvm-project_ios/build/NATIVE/CMakeFiles/CMakeTmp/EagerLinkingTBDs/Debug-iphoneos
    cd /Users/bangcle/apple-llvm-project_ios/build/NATIVE/CMakeFiles/CMakeTmp/CMAKE_TRY_COMPILE.xcodeproj
    builtin-create-build-directory /Users/bangcle/apple-llvm-project_ios/build/NATIVE/CMakeFiles/CMakeTmp/EagerLinkingTBDs/Debug-iphoneos

WriteAuxiliaryFile /Users/bangcle/apple-llvm-project_ios/build/NATIVE/CMakeFiles/CMakeTmp/CMAKE_TRY_COMPILE.build/Debug-iphoneos/cmTC_a7d67.build/Objects-normal/arm64/cmTC_a7d67.LinkFileList (in target 'cmTC_a7d67' from project 'CMAKE_TRY_COMPILE')
    cd /Users/bangcle/apple-llvm-project_ios/build/NATIVE/CMakeFiles/CMakeTmp
    write-file /Users/bangcle/apple-llvm-project_ios/build/NATIVE/CMakeFiles/CMakeTmp/CMAKE_TRY_COMPILE.build/Debug-iphoneos/cmTC_a7d67.build/Objects-normal/arm64/cmTC_a7d67.LinkFileList

CompileC /Users/bangcle/apple-llvm-project_ios/build/NATIVE/CMakeFiles/CMakeTmp/CMAKE_TRY_COMPILE.build/Debug-iphoneos/cmTC_a7d67.build/Objects-normal/arm64/CheckSymbolExists.o /Users/bangcle/apple-llvm-project_ios/build/NATIVE/CMakeFiles/CMakeTmp/CheckSymbolExists.cxx normal arm64 c++ com.apple.compilers.llvm.clang.1_0.compiler (in target 'cmTC_a7d67' from project 'CMAKE_TRY_COMPILE')
    cd /Users/bangcle/apple-llvm-project_ios/build/NATIVE/CMakeFiles/CMakeTmp
    /Applications/Xcode.app/Contents/Developer/Toolchains/XcodeDefault.xctoolchain/usr/bin/clang -x c++ -ivfsstatcache /var/folders/30/2gj68zcd49l4mylgmzd1d7n40000gn/C/com.apple.DeveloperTools/14.3-14E222b/Xcode/14.3-14E222b/Xcode/SDKStatCaches.noindex/iphoneos16.4-20E238-com_apple_dt_toolchain_XcodeDefault_com_apple_dt_toolchain_XcodeDefault.sdkstatcache -target arm64-apple-ios16.4 -fmessage-length\=0 -fdiagnostics-show-note-include-stack -fmacro-backtrace-limit\=0 -Wno-trigraphs -fpascal-strings -O0 -Wno-missing-field-initializers -Wno-missing-prototypes -Wno-return-type -Wno-non-virtual-dtor -Wno-overloaded-virtual -Wno-exit-time-destructors -Wno-missing-braces -Wparentheses -Wswitch -Wno-unused-function -Wno-unused-label -Wno-unused-parameter -Wno-unused-variable -Wunused-value -Wno-empty-body -Wno-uninitialized -Wno-unknown-pragmas -Wno-shadow -Wno-four-char-constants -Wno-conversion -Wno-constant-conversion -Wno-int-conversion -Wno-bool-conversion -Wno-enum-conversion -Wno-float-conversion -Wno-non-literal-null-conversion -Wno-objc-literal-conversion -Wshorten-64-to-32 -Wno-newline-eof -Wno-c++11-extensions -Wno-implicit-fallthrough -DCMAKE_INTDIR\=\"Debug-iphoneos\" -isysroot /Applications/Xcode.app/Contents/Developer/Platforms/iPhoneOS.platform/Developer/SDKs/iPhoneOS16.4.sdk -fstrict-aliasing -Wdeprecated-declarations -Winvalid-offsetof -g -Wno-sign-conversion -Wno-infinite-recursion -Wno-move -Wno-comma -Wno-block-capture-autoreleasing -Wno-strict-prototypes -Wno-range-loop-analysis -Wno-semicolon-before-method-body -I/Users/bangcle/apple-llvm-project_ios/build/NATIVE/CMakeFiles/CMakeTmp/Debug/include -I/Users/bangcle/apple-llvm-project_ios/build/NATIVE/CMakeFiles/CMakeTmp/CMAKE_TRY_COMPILE.build/Debug-iphoneos/cmTC_a7d67.build/DerivedSources-normal/arm64 -I/Users/bangcle/apple-llvm-project_ios/build/NATIVE/CMakeFiles/CMakeTmp/CMAKE_TRY_COMPILE.build/Debug-iphoneos/cmTC_a7d67.build/DerivedSources/arm64 -I/Users/bangcle/apple-llvm-project_ios/build/NATIVE/CMakeFiles/CMakeTmp/CMAKE_TRY_COMPILE.build/Debug-iphoneos/cmTC_a7d67.build/DerivedSources -F/Users/bangcle/apple-llvm-project_ios/build/NATIVE/CMakeFiles/CMakeTmp/Debug -fvisibility-inlines-hidden -Werror\=date-time -Werror\=unguarded-availability-new -Wall -Wextra -Wno-unused-parameter -Wwrite-strings -Wcast-qual -Wmissing-field-initializers -pedantic -Wno-long-long -Wc++98-compat-extra-semi -Wimplicit-fallthrough -Wcovered-switch-default -Wno-noexcept-type -Wnon-virtual-dtor -Wdelete-non-virtual-dtor -Wsuggest-override -Wstring-conversion -Wmisleading-indentation -Wno-deprecated-declarations -Wno-unknown-pragmas -Wno-strict-aliasing -Wno-deprecated-register -Wno-vla-extension -Werror\=unguarded-availability-new -std\=c++14 -MMD -MT dependencies -MF /Users/bangcle/apple-llvm-project_ios/build/NATIVE/CMakeFiles/CMakeTmp/CMAKE_TRY_COMPILE.build/Debug-iphoneos/cmTC_a7d67.build/Objects-normal/arm64/CheckSymbolExists.d --serialize-diagnostics /Users/bangcle/apple-llvm-project_ios/build/NATIVE/CMakeFiles/CMakeTmp/CMAKE_TRY_COMPILE.build/Debug-iphoneos/cmTC_a7d67.build/Objects-normal/arm64/CheckSymbolExists.dia -c /Users/bangcle/apple-llvm-project_ios/build/NATIVE/CMakeFiles/CMakeTmp/CheckSymbolExists.cxx -o /Users/bangcle/apple-llvm-project_ios/build/NATIVE/CMakeFiles/CMakeTmp/CMAKE_TRY_COMPILE.build/Debug-iphoneos/cmTC_a7d67.build/Objects-normal/arm64/CheckSymbolExists.o
/Users/bangcle/apple-llvm-project_ios/build/NATIVE/CMakeFiles/CMakeTmp/CheckSymbolExists.cxx:8:19: error: use of undeclared identifier 'accept4'; did you mean 'accept'?
  return ((int*)(&accept4))[argc];
                  ^~~~~~~
                  accept
In file included from /Users/bangcle/apple-llvm-project_ios/build/NATIVE/CMakeFiles/CMakeTmp/CheckSymbolExists.cxx:2:
/Applications/Xcode.app/Contents/Developer/Platforms/iPhoneOS.platform/Developer/SDKs/iPhoneOS16.4.sdk/usr/include/sys/socket.h:724:9: note: 'accept' declared here
int     accept(int, struct sockaddr * __restrict, socklen_t * __restrict)
        ^
1 error generated.

note: Using global toolchain override 'Xcode Default'. (in target 'cmTC_a7d67' from project 'CMAKE_TRY_COMPILE')
** BUILD FAILED **


The following build commands failed:
	CompileC /Users/bangcle/apple-llvm-project_ios/build/NATIVE/CMakeFiles/CMakeTmp/CMAKE_TRY_COMPILE.build/Debug-iphoneos/cmTC_a7d67.build/Objects-normal/arm64/CheckSymbolExists.o /Users/bangcle/apple-llvm-project_ios/build/NATIVE/CMakeFiles/CMakeTmp/CheckSymbolExists.cxx normal arm64 c++ com.apple.compilers.llvm.clang.1_0.compiler (in target 'cmTC_a7d67' from project 'CMAKE_TRY_COMPILE')
(1 failure)


File /Users/bangcle/apple-llvm-project_ios/build/NATIVE/CMakeFiles/CMakeTmp/CheckSymbolExists.cxx:
/* */
#include <sys/socket.h>

int main(int argc, char** argv)
{
  (void)argv;
#ifndef accept4
  return ((int*)(&accept4))[argc];
#else
  (void)argc;
  return 0;
#endif
}
Determining if the process_vm_readv exist failed with the following output:
Change Dir: /Users/bangcle/apple-llvm-project_ios/build/NATIVE/CMakeFiles/CMakeTmp

Run Build Command(s):/usr/bin/xcodebuild -project CMAKE_TRY_COMPILE.xcodeproj build -target cmTC_aa4d6 -parallelizeTargets -configuration Debug -hideShellScriptEnvironment && 2023-05-09 11:15:14.758 xcodebuild[20038:5415024] DVTCoreDeviceEnabledState: DVTCoreDeviceEnabledState_Disabled set via user default (DVTEnableCoreDevice=disabled)
Command line invocation:
    /Applications/Xcode.app/Contents/Developer/usr/bin/xcodebuild -project CMAKE_TRY_COMPILE.xcodeproj build -target cmTC_aa4d6 -parallelizeTargets -configuration Debug -hideShellScriptEnvironment

User defaults from command line:
    HideShellScriptEnvironment = YES
    IDEPackageSupportToolchainOverrideForManifestLoading = com.apple.dt.toolchain.XcodeDefault
    IDEPackageSupportUseBuiltinSCM = YES

Build settings from command line:
    TOOLCHAINS = com.apple.dt.toolchain.XcodeDefault

Computing target dependency graph and provisioning inputs

Create build description
Build description signature: 96e1beaf638679cc81d2d1ca24ccc188
Build description path: /Users/bangcle/apple-llvm-project_ios/build/NATIVE/CMakeFiles/CMakeTmp/build/XCBuildData/96e1beaf638679cc81d2d1ca24ccc188.xcbuilddata

note: Building targets in dependency order
warning: The iOS deployment target 'IPHONEOS_DEPLOYMENT_TARGET' is set to 10.0, but the range of supported deployment target versions is 11.0 to 16.4.99.
note: Using global toolchain override 'Xcode Default'.
CreateBuildDirectory /Users/bangcle/apple-llvm-project_ios/build/NATIVE/CMakeFiles/CMakeTmp
    cd /Users/bangcle/apple-llvm-project_ios/build/NATIVE/CMakeFiles/CMakeTmp/CMAKE_TRY_COMPILE.xcodeproj
    builtin-create-build-directory /Users/bangcle/apple-llvm-project_ios/build/NATIVE/CMakeFiles/CMakeTmp

ClangStatCache /Applications/Xcode.app/Contents/Developer/Toolchains/XcodeDefault.xctoolchain/usr/bin/clang-stat-cache /Applications/Xcode.app/Contents/Developer/Platforms/iPhoneOS.platform/Developer/SDKs/iPhoneOS16.4.sdk /var/folders/30/2gj68zcd49l4mylgmzd1d7n40000gn/C/com.apple.DeveloperTools/14.3-14E222b/Xcode/14.3-14E222b/Xcode/SDKStatCaches.noindex/iphoneos16.4-20E238-com_apple_dt_toolchain_XcodeDefault_com_apple_dt_toolchain_XcodeDefault.sdkstatcache
    cd /Users/bangcle/apple-llvm-project_ios/build/NATIVE/CMakeFiles/CMakeTmp/CMAKE_TRY_COMPILE.xcodeproj
    /Applications/Xcode.app/Contents/Developer/Toolchains/XcodeDefault.xctoolchain/usr/bin/clang-stat-cache /Applications/Xcode.app/Contents/Developer/Platforms/iPhoneOS.platform/Developer/SDKs/iPhoneOS16.4.sdk -o /var/folders/30/2gj68zcd49l4mylgmzd1d7n40000gn/C/com.apple.DeveloperTools/14.3-14E222b/Xcode/14.3-14E222b/Xcode/SDKStatCaches.noindex/iphoneos16.4-20E238-com_apple_dt_toolchain_XcodeDefault_com_apple_dt_toolchain_XcodeDefault.sdkstatcache

CreateBuildDirectory /Users/bangcle/apple-llvm-project_ios/build/NATIVE/CMakeFiles/CMakeTmp/Debug
    cd /Users/bangcle/apple-llvm-project_ios/build/NATIVE/CMakeFiles/CMakeTmp/CMAKE_TRY_COMPILE.xcodeproj
    builtin-create-build-directory /Users/bangcle/apple-llvm-project_ios/build/NATIVE/CMakeFiles/CMakeTmp/Debug

CreateBuildDirectory /Users/bangcle/apple-llvm-project_ios/build/NATIVE/CMakeFiles/CMakeTmp/EagerLinkingTBDs/Debug-iphoneos
    cd /Users/bangcle/apple-llvm-project_ios/build/NATIVE/CMakeFiles/CMakeTmp/CMAKE_TRY_COMPILE.xcodeproj
    builtin-create-build-directory /Users/bangcle/apple-llvm-project_ios/build/NATIVE/CMakeFiles/CMakeTmp/EagerLinkingTBDs/Debug-iphoneos

WriteAuxiliaryFile /Users/bangcle/apple-llvm-project_ios/build/NATIVE/CMakeFiles/CMakeTmp/CMAKE_TRY_COMPILE.build/Debug-iphoneos/cmTC_aa4d6.build/Objects-normal/arm64/cmTC_aa4d6.LinkFileList (in target 'cmTC_aa4d6' from project 'CMAKE_TRY_COMPILE')
    cd /Users/bangcle/apple-llvm-project_ios/build/NATIVE/CMakeFiles/CMakeTmp
    write-file /Users/bangcle/apple-llvm-project_ios/build/NATIVE/CMakeFiles/CMakeTmp/CMAKE_TRY_COMPILE.build/Debug-iphoneos/cmTC_aa4d6.build/Objects-normal/arm64/cmTC_aa4d6.LinkFileList

CompileC /Users/bangcle/apple-llvm-project_ios/build/NATIVE/CMakeFiles/CMakeTmp/CMAKE_TRY_COMPILE.build/Debug-iphoneos/cmTC_aa4d6.build/Objects-normal/arm64/CheckSymbolExists.o /Users/bangcle/apple-llvm-project_ios/build/NATIVE/CMakeFiles/CMakeTmp/CheckSymbolExists.cxx normal arm64 c++ com.apple.compilers.llvm.clang.1_0.compiler (in target 'cmTC_aa4d6' from project 'CMAKE_TRY_COMPILE')
    cd /Users/bangcle/apple-llvm-project_ios/build/NATIVE/CMakeFiles/CMakeTmp
    /Applications/Xcode.app/Contents/Developer/Toolchains/XcodeDefault.xctoolchain/usr/bin/clang -x c++ -ivfsstatcache /var/folders/30/2gj68zcd49l4mylgmzd1d7n40000gn/C/com.apple.DeveloperTools/14.3-14E222b/Xcode/14.3-14E222b/Xcode/SDKStatCaches.noindex/iphoneos16.4-20E238-com_apple_dt_toolchain_XcodeDefault_com_apple_dt_toolchain_XcodeDefault.sdkstatcache -target arm64-apple-ios16.4 -fmessage-length\=0 -fdiagnostics-show-note-include-stack -fmacro-backtrace-limit\=0 -Wno-trigraphs -fpascal-strings -O0 -Wno-missing-field-initializers -Wno-missing-prototypes -Wno-return-type -Wno-non-virtual-dtor -Wno-overloaded-virtual -Wno-exit-time-destructors -Wno-missing-braces -Wparentheses -Wswitch -Wno-unused-function -Wno-unused-label -Wno-unused-parameter -Wno-unused-variable -Wunused-value -Wno-empty-body -Wno-uninitialized -Wno-unknown-pragmas -Wno-shadow -Wno-four-char-constants -Wno-conversion -Wno-constant-conversion -Wno-int-conversion -Wno-bool-conversion -Wno-enum-conversion -Wno-float-conversion -Wno-non-literal-null-conversion -Wno-objc-literal-conversion -Wshorten-64-to-32 -Wno-newline-eof -Wno-c++11-extensions -Wno-implicit-fallthrough -DCMAKE_INTDIR\=\"Debug-iphoneos\" -isysroot /Applications/Xcode.app/Contents/Developer/Platforms/iPhoneOS.platform/Developer/SDKs/iPhoneOS16.4.sdk -fstrict-aliasing -Wdeprecated-declarations -Winvalid-offsetof -g -Wno-sign-conversion -Wno-infinite-recursion -Wno-move -Wno-comma -Wno-block-capture-autoreleasing -Wno-strict-prototypes -Wno-range-loop-analysis -Wno-semicolon-before-method-body -I/Users/bangcle/apple-llvm-project_ios/build/NATIVE/CMakeFiles/CMakeTmp/Debug/include -I/Users/bangcle/apple-llvm-project_ios/build/NATIVE/CMakeFiles/CMakeTmp/CMAKE_TRY_COMPILE.build/Debug-iphoneos/cmTC_aa4d6.build/DerivedSources-normal/arm64 -I/Users/bangcle/apple-llvm-project_ios/build/NATIVE/CMakeFiles/CMakeTmp/CMAKE_TRY_COMPILE.build/Debug-iphoneos/cmTC_aa4d6.build/DerivedSources/arm64 -I/Users/bangcle/apple-llvm-project_ios/build/NATIVE/CMakeFiles/CMakeTmp/CMAKE_TRY_COMPILE.build/Debug-iphoneos/cmTC_aa4d6.build/DerivedSources -F/Users/bangcle/apple-llvm-project_ios/build/NATIVE/CMakeFiles/CMakeTmp/Debug -fvisibility-inlines-hidden -Werror\=date-time -Werror\=unguarded-availability-new -Wall -Wextra -Wno-unused-parameter -Wwrite-strings -Wcast-qual -Wmissing-field-initializers -pedantic -Wno-long-long -Wc++98-compat-extra-semi -Wimplicit-fallthrough -Wcovered-switch-default -Wno-noexcept-type -Wnon-virtual-dtor -Wdelete-non-virtual-dtor -Wsuggest-override -Wstring-conversion -Wmisleading-indentation -Wno-deprecated-declarations -Wno-unknown-pragmas -Wno-strict-aliasing -Wno-deprecated-register -Wno-vla-extension -Werror\=unguarded-availability-new -std\=c++14 -MMD -MT dependencies -MF /Users/bangcle/apple-llvm-project_ios/build/NATIVE/CMakeFiles/CMakeTmp/CMAKE_TRY_COMPILE.build/Debug-iphoneos/cmTC_aa4d6.build/Objects-normal/arm64/CheckSymbolExists.d --serialize-diagnostics /Users/bangcle/apple-llvm-project_ios/build/NATIVE/CMakeFiles/CMakeTmp/CMAKE_TRY_COMPILE.build/Debug-iphoneos/cmTC_aa4d6.build/Objects-normal/arm64/CheckSymbolExists.dia -c /Users/bangcle/apple-llvm-project_ios/build/NATIVE/CMakeFiles/CMakeTmp/CheckSymbolExists.cxx -o /Users/bangcle/apple-llvm-project_ios/build/NATIVE/CMakeFiles/CMakeTmp/CMAKE_TRY_COMPILE.build/Debug-iphoneos/cmTC_aa4d6.build/Objects-normal/arm64/CheckSymbolExists.o
/Users/bangcle/apple-llvm-project_ios/build/NATIVE/CMakeFiles/CMakeTmp/CheckSymbolExists.cxx:8:19: error: use of undeclared identifier 'process_vm_readv'
  return ((int*)(&process_vm_readv))[argc];
                  ^
1 error generated.

note: Using global toolchain override 'Xcode Default'. (in target 'cmTC_aa4d6' from project 'CMAKE_TRY_COMPILE')
** BUILD FAILED **


The following build commands failed:
	CompileC /Users/bangcle/apple-llvm-project_ios/build/NATIVE/CMakeFiles/CMakeTmp/CMAKE_TRY_COMPILE.build/Debug-iphoneos/cmTC_aa4d6.build/Objects-normal/arm64/CheckSymbolExists.o /Users/bangcle/apple-llvm-project_ios/build/NATIVE/CMakeFiles/CMakeTmp/CheckSymbolExists.cxx normal arm64 c++ com.apple.compilers.llvm.clang.1_0.compiler (in target 'cmTC_aa4d6' from project 'CMAKE_TRY_COMPILE')
(1 failure)


File /Users/bangcle/apple-llvm-project_ios/build/NATIVE/CMakeFiles/CMakeTmp/CheckSymbolExists.cxx:
/* */
#include <sys/uio.h>

int main(int argc, char** argv)
{
  (void)argv;
#ifndef process_vm_readv
  return ((int*)(&process_vm_readv))[argc];
#else
  (void)argc;
  return 0;
#endif
}
Determining if the __NR_process_vm_readv exist failed with the following output:
Change Dir: /Users/bangcle/apple-llvm-project_ios/build/NATIVE/CMakeFiles/CMakeTmp

Run Build Command(s):/usr/bin/xcodebuild -project CMAKE_TRY_COMPILE.xcodeproj build -target cmTC_2ab16 -parallelizeTargets -configuration Debug -hideShellScriptEnvironment && 2023-05-09 11:15:16.568 xcodebuild[20055:5415165] DVTCoreDeviceEnabledState: DVTCoreDeviceEnabledState_Disabled set via user default (DVTEnableCoreDevice=disabled)
Command line invocation:
    /Applications/Xcode.app/Contents/Developer/usr/bin/xcodebuild -project CMAKE_TRY_COMPILE.xcodeproj build -target cmTC_2ab16 -parallelizeTargets -configuration Debug -hideShellScriptEnvironment

User defaults from command line:
    HideShellScriptEnvironment = YES
    IDEPackageSupportToolchainOverrideForManifestLoading = com.apple.dt.toolchain.XcodeDefault
    IDEPackageSupportUseBuiltinSCM = YES

Build settings from command line:
    TOOLCHAINS = com.apple.dt.toolchain.XcodeDefault

Computing target dependency graph and provisioning inputs

Create build description
Build description signature: 3e46290baceb7b36617eaa502cbf33ec
Build description path: /Users/bangcle/apple-llvm-project_ios/build/NATIVE/CMakeFiles/CMakeTmp/build/XCBuildData/3e46290baceb7b36617eaa502cbf33ec.xcbuilddata

note: Building targets in dependency order
warning: The iOS deployment target 'IPHONEOS_DEPLOYMENT_TARGET' is set to 10.0, but the range of supported deployment target versions is 11.0 to 16.4.99.
note: Using global toolchain override 'Xcode Default'.
CreateBuildDirectory /Users/bangcle/apple-llvm-project_ios/build/NATIVE/CMakeFiles/CMakeTmp
    cd /Users/bangcle/apple-llvm-project_ios/build/NATIVE/CMakeFiles/CMakeTmp/CMAKE_TRY_COMPILE.xcodeproj
    builtin-create-build-directory /Users/bangcle/apple-llvm-project_ios/build/NATIVE/CMakeFiles/CMakeTmp

ClangStatCache /Applications/Xcode.app/Contents/Developer/Toolchains/XcodeDefault.xctoolchain/usr/bin/clang-stat-cache /Applications/Xcode.app/Contents/Developer/Platforms/iPhoneOS.platform/Developer/SDKs/iPhoneOS16.4.sdk /var/folders/30/2gj68zcd49l4mylgmzd1d7n40000gn/C/com.apple.DeveloperTools/14.3-14E222b/Xcode/14.3-14E222b/Xcode/SDKStatCaches.noindex/iphoneos16.4-20E238-com_apple_dt_toolchain_XcodeDefault_com_apple_dt_toolchain_XcodeDefault.sdkstatcache
    cd /Users/bangcle/apple-llvm-project_ios/build/NATIVE/CMakeFiles/CMakeTmp/CMAKE_TRY_COMPILE.xcodeproj
    /Applications/Xcode.app/Contents/Developer/Toolchains/XcodeDefault.xctoolchain/usr/bin/clang-stat-cache /Applications/Xcode.app/Contents/Developer/Platforms/iPhoneOS.platform/Developer/SDKs/iPhoneOS16.4.sdk -o /var/folders/30/2gj68zcd49l4mylgmzd1d7n40000gn/C/com.apple.DeveloperTools/14.3-14E222b/Xcode/14.3-14E222b/Xcode/SDKStatCaches.noindex/iphoneos16.4-20E238-com_apple_dt_toolchain_XcodeDefault_com_apple_dt_toolchain_XcodeDefault.sdkstatcache

CreateBuildDirectory /Users/bangcle/apple-llvm-project_ios/build/NATIVE/CMakeFiles/CMakeTmp/Debug
    cd /Users/bangcle/apple-llvm-project_ios/build/NATIVE/CMakeFiles/CMakeTmp/CMAKE_TRY_COMPILE.xcodeproj
    builtin-create-build-directory /Users/bangcle/apple-llvm-project_ios/build/NATIVE/CMakeFiles/CMakeTmp/Debug

CreateBuildDirectory /Users/bangcle/apple-llvm-project_ios/build/NATIVE/CMakeFiles/CMakeTmp/EagerLinkingTBDs/Debug-iphoneos
    cd /Users/bangcle/apple-llvm-project_ios/build/NATIVE/CMakeFiles/CMakeTmp/CMAKE_TRY_COMPILE.xcodeproj
    builtin-create-build-directory /Users/bangcle/apple-llvm-project_ios/build/NATIVE/CMakeFiles/CMakeTmp/EagerLinkingTBDs/Debug-iphoneos

WriteAuxiliaryFile /Users/bangcle/apple-llvm-project_ios/build/NATIVE/CMakeFiles/CMakeTmp/CMAKE_TRY_COMPILE.build/Debug-iphoneos/cmTC_2ab16.build/Objects-normal/arm64/cmTC_2ab16.LinkFileList (in target 'cmTC_2ab16' from project 'CMAKE_TRY_COMPILE')
    cd /Users/bangcle/apple-llvm-project_ios/build/NATIVE/CMakeFiles/CMakeTmp
    write-file /Users/bangcle/apple-llvm-project_ios/build/NATIVE/CMakeFiles/CMakeTmp/CMAKE_TRY_COMPILE.build/Debug-iphoneos/cmTC_2ab16.build/Objects-normal/arm64/cmTC_2ab16.LinkFileList

CompileC /Users/bangcle/apple-llvm-project_ios/build/NATIVE/CMakeFiles/CMakeTmp/CMAKE_TRY_COMPILE.build/Debug-iphoneos/cmTC_2ab16.build/Objects-normal/arm64/CheckSymbolExists.o /Users/bangcle/apple-llvm-project_ios/build/NATIVE/CMakeFiles/CMakeTmp/CheckSymbolExists.cxx normal arm64 c++ com.apple.compilers.llvm.clang.1_0.compiler (in target 'cmTC_2ab16' from project 'CMAKE_TRY_COMPILE')
    cd /Users/bangcle/apple-llvm-project_ios/build/NATIVE/CMakeFiles/CMakeTmp
    /Applications/Xcode.app/Contents/Developer/Toolchains/XcodeDefault.xctoolchain/usr/bin/clang -x c++ -ivfsstatcache /var/folders/30/2gj68zcd49l4mylgmzd1d7n40000gn/C/com.apple.DeveloperTools/14.3-14E222b/Xcode/14.3-14E222b/Xcode/SDKStatCaches.noindex/iphoneos16.4-20E238-com_apple_dt_toolchain_XcodeDefault_com_apple_dt_toolchain_XcodeDefault.sdkstatcache -target arm64-apple-ios16.4 -fmessage-length\=0 -fdiagnostics-show-note-include-stack -fmacro-backtrace-limit\=0 -Wno-trigraphs -fpascal-strings -O0 -Wno-missing-field-initializers -Wno-missing-prototypes -Wno-return-type -Wno-non-virtual-dtor -Wno-overloaded-virtual -Wno-exit-time-destructors -Wno-missing-braces -Wparentheses -Wswitch -Wno-unused-function -Wno-unused-label -Wno-unused-parameter -Wno-unused-variable -Wunused-value -Wno-empty-body -Wno-uninitialized -Wno-unknown-pragmas -Wno-shadow -Wno-four-char-constants -Wno-conversion -Wno-constant-conversion -Wno-int-conversion -Wno-bool-conversion -Wno-enum-conversion -Wno-float-conversion -Wno-non-literal-null-conversion -Wno-objc-literal-conversion -Wshorten-64-to-32 -Wno-newline-eof -Wno-c++11-extensions -Wno-implicit-fallthrough -DCMAKE_INTDIR\=\"Debug-iphoneos\" -isysroot /Applications/Xcode.app/Contents/Developer/Platforms/iPhoneOS.platform/Developer/SDKs/iPhoneOS16.4.sdk -fstrict-aliasing -Wdeprecated-declarations -Winvalid-offsetof -g -Wno-sign-conversion -Wno-infinite-recursion -Wno-move -Wno-comma -Wno-block-capture-autoreleasing -Wno-strict-prototypes -Wno-range-loop-analysis -Wno-semicolon-before-method-body -I/Users/bangcle/apple-llvm-project_ios/build/NATIVE/CMakeFiles/CMakeTmp/Debug/include -I/Users/bangcle/apple-llvm-project_ios/build/NATIVE/CMakeFiles/CMakeTmp/CMAKE_TRY_COMPILE.build/Debug-iphoneos/cmTC_2ab16.build/DerivedSources-normal/arm64 -I/Users/bangcle/apple-llvm-project_ios/build/NATIVE/CMakeFiles/CMakeTmp/CMAKE_TRY_COMPILE.build/Debug-iphoneos/cmTC_2ab16.build/DerivedSources/arm64 -I/Users/bangcle/apple-llvm-project_ios/build/NATIVE/CMakeFiles/CMakeTmp/CMAKE_TRY_COMPILE.build/Debug-iphoneos/cmTC_2ab16.build/DerivedSources -F/Users/bangcle/apple-llvm-project_ios/build/NATIVE/CMakeFiles/CMakeTmp/Debug -fvisibility-inlines-hidden -Werror\=date-time -Werror\=unguarded-availability-new -Wall -Wextra -Wno-unused-parameter -Wwrite-strings -Wcast-qual -Wmissing-field-initializers -pedantic -Wno-long-long -Wc++98-compat-extra-semi -Wimplicit-fallthrough -Wcovered-switch-default -Wno-noexcept-type -Wnon-virtual-dtor -Wdelete-non-virtual-dtor -Wsuggest-override -Wstring-conversion -Wmisleading-indentation -Wno-deprecated-declarations -Wno-unknown-pragmas -Wno-strict-aliasing -Wno-deprecated-register -Wno-vla-extension -Werror\=unguarded-availability-new -std\=c++14 -MMD -MT dependencies -MF /Users/bangcle/apple-llvm-project_ios/build/NATIVE/CMakeFiles/CMakeTmp/CMAKE_TRY_COMPILE.build/Debug-iphoneos/cmTC_2ab16.build/Objects-normal/arm64/CheckSymbolExists.d --serialize-diagnostics /Users/bangcle/apple-llvm-project_ios/build/NATIVE/CMakeFiles/CMakeTmp/CMAKE_TRY_COMPILE.build/Debug-iphoneos/cmTC_2ab16.build/Objects-normal/arm64/CheckSymbolExists.dia -c /Users/bangcle/apple-llvm-project_ios/build/NATIVE/CMakeFiles/CMakeTmp/CheckSymbolExists.cxx -o /Users/bangcle/apple-llvm-project_ios/build/NATIVE/CMakeFiles/CMakeTmp/CMAKE_TRY_COMPILE.build/Debug-iphoneos/cmTC_2ab16.build/Objects-normal/arm64/CheckSymbolExists.o
/Users/bangcle/apple-llvm-project_ios/build/NATIVE/CMakeFiles/CMakeTmp/CheckSymbolExists.cxx:8:19: error: use of undeclared identifier '__NR_process_vm_readv'
  return ((int*)(&__NR_process_vm_readv))[argc];
                  ^
1 error generated.

note: Using global toolchain override 'Xcode Default'. (in target 'cmTC_2ab16' from project 'CMAKE_TRY_COMPILE')
** BUILD FAILED **


The following build commands failed:
	CompileC /Users/bangcle/apple-llvm-project_ios/build/NATIVE/CMakeFiles/CMakeTmp/CMAKE_TRY_COMPILE.build/Debug-iphoneos/cmTC_2ab16.build/Objects-normal/arm64/CheckSymbolExists.o /Users/bangcle/apple-llvm-project_ios/build/NATIVE/CMakeFiles/CMakeTmp/CheckSymbolExists.cxx normal arm64 c++ com.apple.compilers.llvm.clang.1_0.compiler (in target 'cmTC_2ab16' from project 'CMAKE_TRY_COMPILE')
(1 failure)


File /Users/bangcle/apple-llvm-project_ios/build/NATIVE/CMakeFiles/CMakeTmp/CheckSymbolExists.cxx:
/* */
#include <sys/syscall.h>

int main(int argc, char** argv)
{
  (void)argv;
#ifndef __NR_process_vm_readv
  return ((int*)(&__NR_process_vm_readv))[argc];
#else
  (void)argc;
  return 0;
#endif
}
Checking whether the ASM-ATT compiler is GNU using "--version" did not match "(GNU assembler)|(GCC)|(Free Software Foundation)":
Apple clang version 14.0.3 (clang-1403.0.22.14.1)
Target: x86_64-apple-darwin22.4.0
Thread model: posix
InstalledDir: /Applications/Xcode.app/Contents/Developer/Toolchains/XcodeDefault.xctoolchain/usr/bin
Performing C++ SOURCE FILE Test CXX_SUPPORTS_NO_EXTENDED_OFFSETOF failed with the following output:
Change Dir: /Users/bangcle/apple-llvm-project_ios/build/NATIVE/CMakeFiles/CMakeTmp

Run Build Command(s):/usr/bin/xcodebuild -project CMAKE_TRY_COMPILE.xcodeproj build -target cmTC_b01c3 -parallelizeTargets -configuration Debug -hideShellScriptEnvironment && 2023-05-09 11:15:25.910 xcodebuild[20140:5415778] DVTCoreDeviceEnabledState: DVTCoreDeviceEnabledState_Disabled set via user default (DVTEnableCoreDevice=disabled)
Command line invocation:
    /Applications/Xcode.app/Contents/Developer/usr/bin/xcodebuild -project CMAKE_TRY_COMPILE.xcodeproj build -target cmTC_b01c3 -parallelizeTargets -configuration Debug -hideShellScriptEnvironment

User defaults from command line:
    HideShellScriptEnvironment = YES
    IDEPackageSupportToolchainOverrideForManifestLoading = com.apple.dt.toolchain.XcodeDefault
    IDEPackageSupportUseBuiltinSCM = YES

Build settings from command line:
    TOOLCHAINS = com.apple.dt.toolchain.XcodeDefault

Computing target dependency graph and provisioning inputs

Create build description
Build description signature: 6c1a5c9ddc8a2d81befb7534803d70f3
Build description path: /Users/bangcle/apple-llvm-project_ios/build/NATIVE/CMakeFiles/CMakeTmp/build/XCBuildData/6c1a5c9ddc8a2d81befb7534803d70f3.xcbuilddata

note: Building targets in dependency order
warning: The iOS deployment target 'IPHONEOS_DEPLOYMENT_TARGET' is set to 10.0, but the range of supported deployment target versions is 11.0 to 16.4.99.
note: Using global toolchain override 'Xcode Default'.
CreateBuildDirectory /Users/bangcle/apple-llvm-project_ios/build/NATIVE/CMakeFiles/CMakeTmp
    cd /Users/bangcle/apple-llvm-project_ios/build/NATIVE/CMakeFiles/CMakeTmp/CMAKE_TRY_COMPILE.xcodeproj
    builtin-create-build-directory /Users/bangcle/apple-llvm-project_ios/build/NATIVE/CMakeFiles/CMakeTmp

ClangStatCache /Applications/Xcode.app/Contents/Developer/Toolchains/XcodeDefault.xctoolchain/usr/bin/clang-stat-cache /Applications/Xcode.app/Contents/Developer/Platforms/iPhoneOS.platform/Developer/SDKs/iPhoneOS16.4.sdk /var/folders/30/2gj68zcd49l4mylgmzd1d7n40000gn/C/com.apple.DeveloperTools/14.3-14E222b/Xcode/14.3-14E222b/Xcode/SDKStatCaches.noindex/iphoneos16.4-20E238-com_apple_dt_toolchain_XcodeDefault_com_apple_dt_toolchain_XcodeDefault.sdkstatcache
    cd /Users/bangcle/apple-llvm-project_ios/build/NATIVE/CMakeFiles/CMakeTmp/CMAKE_TRY_COMPILE.xcodeproj
    /Applications/Xcode.app/Contents/Developer/Toolchains/XcodeDefault.xctoolchain/usr/bin/clang-stat-cache /Applications/Xcode.app/Contents/Developer/Platforms/iPhoneOS.platform/Developer/SDKs/iPhoneOS16.4.sdk -o /var/folders/30/2gj68zcd49l4mylgmzd1d7n40000gn/C/com.apple.DeveloperTools/14.3-14E222b/Xcode/14.3-14E222b/Xcode/SDKStatCaches.noindex/iphoneos16.4-20E238-com_apple_dt_toolchain_XcodeDefault_com_apple_dt_toolchain_XcodeDefault.sdkstatcache

CreateBuildDirectory /Users/bangcle/apple-llvm-project_ios/build/NATIVE/CMakeFiles/CMakeTmp/Debug
    cd /Users/bangcle/apple-llvm-project_ios/build/NATIVE/CMakeFiles/CMakeTmp/CMAKE_TRY_COMPILE.xcodeproj
    builtin-create-build-directory /Users/bangcle/apple-llvm-project_ios/build/NATIVE/CMakeFiles/CMakeTmp/Debug

CreateBuildDirectory /Users/bangcle/apple-llvm-project_ios/build/NATIVE/CMakeFiles/CMakeTmp/EagerLinkingTBDs/Debug-iphoneos
    cd /Users/bangcle/apple-llvm-project_ios/build/NATIVE/CMakeFiles/CMakeTmp/CMAKE_TRY_COMPILE.xcodeproj
    builtin-create-build-directory /Users/bangcle/apple-llvm-project_ios/build/NATIVE/CMakeFiles/CMakeTmp/EagerLinkingTBDs/Debug-iphoneos

WriteAuxiliaryFile /Users/bangcle/apple-llvm-project_ios/build/NATIVE/CMakeFiles/CMakeTmp/CMAKE_TRY_COMPILE.build/Debug-iphoneos/cmTC_b01c3.build/Objects-normal/arm64/cmTC_b01c3.LinkFileList (in target 'cmTC_b01c3' from project 'CMAKE_TRY_COMPILE')
    cd /Users/bangcle/apple-llvm-project_ios/build/NATIVE/CMakeFiles/CMakeTmp
    write-file /Users/bangcle/apple-llvm-project_ios/build/NATIVE/CMakeFiles/CMakeTmp/CMAKE_TRY_COMPILE.build/Debug-iphoneos/cmTC_b01c3.build/Objects-normal/arm64/cmTC_b01c3.LinkFileList

CompileC /Users/bangcle/apple-llvm-project_ios/build/NATIVE/CMakeFiles/CMakeTmp/CMAKE_TRY_COMPILE.build/Debug-iphoneos/cmTC_b01c3.build/Objects-normal/arm64/src.o /Users/bangcle/apple-llvm-project_ios/build/NATIVE/CMakeFiles/CMakeTmp/src.cxx normal arm64 c++ com.apple.compilers.llvm.clang.1_0.compiler (in target 'cmTC_b01c3' from project 'CMAKE_TRY_COMPILE')
    cd /Users/bangcle/apple-llvm-project_ios/build/NATIVE/CMakeFiles/CMakeTmp
    /Applications/Xcode.app/Contents/Developer/Toolchains/XcodeDefault.xctoolchain/usr/bin/clang -x c++ -ivfsstatcache /var/folders/30/2gj68zcd49l4mylgmzd1d7n40000gn/C/com.apple.DeveloperTools/14.3-14E222b/Xcode/14.3-14E222b/Xcode/SDKStatCaches.noindex/iphoneos16.4-20E238-com_apple_dt_toolchain_XcodeDefault_com_apple_dt_toolchain_XcodeDefault.sdkstatcache -target arm64-apple-ios16.4 -fmessage-length\=0 -fdiagnostics-show-note-include-stack -fmacro-backtrace-limit\=0 -Wno-trigraphs -fpascal-strings -O0 -Wno-missing-field-initializers -Wno-missing-prototypes -Wno-return-type -Wno-non-virtual-dtor -Wno-overloaded-virtual -Wno-exit-time-destructors -Wno-missing-braces -Wparentheses -Wswitch -Wno-unused-function -Wno-unused-label -Wno-unused-parameter -Wno-unused-variable -Wunused-value -Wno-empty-body -Wno-uninitialized -Wno-unknown-pragmas -Wno-shadow -Wno-four-char-constants -Wno-conversion -Wno-constant-conversion -Wno-int-conversion -Wno-bool-conversion -Wno-enum-conversion -Wno-float-conversion -Wno-non-literal-null-conversion -Wno-objc-literal-conversion -Wshorten-64-to-32 -Wno-newline-eof -Wno-c++11-extensions -Wno-implicit-fallthrough -DCMAKE_INTDIR\=\"Debug-iphoneos\" -DCXX_SUPPORTS_NO_EXTENDED_OFFSETOF -isysroot /Applications/Xcode.app/Contents/Developer/Platforms/iPhoneOS.platform/Developer/SDKs/iPhoneOS16.4.sdk -fstrict-aliasing -Wdeprecated-declarations -Winvalid-offsetof -g -Wno-sign-conversion -Wno-infinite-recursion -Wno-move -Wno-comma -Wno-block-capture-autoreleasing -Wno-strict-prototypes -Wno-range-loop-analysis -Wno-semicolon-before-method-body -I/Users/bangcle/apple-llvm-project_ios/build/NATIVE/CMakeFiles/CMakeTmp/Debug/include -I/Users/bangcle/apple-llvm-project_ios/build/NATIVE/CMakeFiles/CMakeTmp/CMAKE_TRY_COMPILE.build/Debug-iphoneos/cmTC_b01c3.build/DerivedSources-normal/arm64 -I/Users/bangcle/apple-llvm-project_ios/build/NATIVE/CMakeFiles/CMakeTmp/CMAKE_TRY_COMPILE.build/Debug-iphoneos/cmTC_b01c3.build/DerivedSources/arm64 -I/Users/bangcle/apple-llvm-project_ios/build/NATIVE/CMakeFiles/CMakeTmp/CMAKE_TRY_COMPILE.build/Debug-iphoneos/cmTC_b01c3.build/DerivedSources -F/Users/bangcle/apple-llvm-project_ios/build/NATIVE/CMakeFiles/CMakeTmp/Debug -fvisibility-inlines-hidden -Werror\=date-time -Werror\=unguarded-availability-new -Wall -Wextra -Wno-unused-parameter -Wwrite-strings -Wcast-qual -Wmissing-field-initializers -pedantic -Wno-long-long -Wc++98-compat-extra-semi -Wimplicit-fallthrough -Wcovered-switch-default -Wno-noexcept-type -Wnon-virtual-dtor -Wdelete-non-virtual-dtor -Wsuggest-override -Wstring-conversion -Wmisleading-indentation -Wno-deprecated-declarations -Wno-unknown-pragmas -Wno-strict-aliasing -Wno-deprecated-register -Wno-vla-extension -Wno-gnu-zero-variadic-macro-arguments -Wno-zero-length-array -Werror\=unguarded-availability-new -std\=c++14 -Wno-extended-offsetof -MMD -MT dependencies -MF /Users/bangcle/apple-llvm-project_ios/build/NATIVE/CMakeFiles/CMakeTmp/CMAKE_TRY_COMPILE.build/Debug-iphoneos/cmTC_b01c3.build/Objects-normal/arm64/src.d --serialize-diagnostics /Users/bangcle/apple-llvm-project_ios/build/NATIVE/CMakeFiles/CMakeTmp/CMAKE_TRY_COMPILE.build/Debug-iphoneos/cmTC_b01c3.build/Objects-normal/arm64/src.dia -c /Users/bangcle/apple-llvm-project_ios/build/NATIVE/CMakeFiles/CMakeTmp/src.cxx -o /Users/bangcle/apple-llvm-project_ios/build/NATIVE/CMakeFiles/CMakeTmp/CMAKE_TRY_COMPILE.build/Debug-iphoneos/cmTC_b01c3.build/Objects-normal/arm64/src.o
warning: unknown warning option '-Wno-extended-offsetof'; did you mean '-Wno-invalid-offsetof'? [-Wunknown-warning-option]
1 warning generated.

Ld /Users/bangcle/apple-llvm-project_ios/build/NATIVE/CMakeFiles/CMakeTmp/Debug/cmTC_b01c3 normal (in target 'cmTC_b01c3' from project 'CMAKE_TRY_COMPILE')
    cd /Users/bangcle/apple-llvm-project_ios/build/NATIVE/CMakeFiles/CMakeTmp
    /Applications/Xcode.app/Contents/Developer/Toolchains/XcodeDefault.xctoolchain/usr/bin/clang++ -Xlinker -reproducible -target arm64-apple-ios16.4 -isysroot /Applications/Xcode.app/Contents/Developer/Platforms/iPhoneOS.platform/Developer/SDKs/iPhoneOS16.4.sdk -L/Users/bangcle/apple-llvm-project_ios/build/NATIVE/CMakeFiles/CMakeTmp/EagerLinkingTBDs/Debug-iphoneos -L/Users/bangcle/apple-llvm-project_ios/build/NATIVE/CMakeFiles/CMakeTmp/Debug -F/Users/bangcle/apple-llvm-project_ios/build/NATIVE/CMakeFiles/CMakeTmp/EagerLinkingTBDs/Debug-iphoneos -F/Users/bangcle/apple-llvm-project_ios/build/NATIVE/CMakeFiles/CMakeTmp/Debug -filelist /Users/bangcle/apple-llvm-project_ios/build/NATIVE/CMakeFiles/CMakeTmp/CMAKE_TRY_COMPILE.build/Debug-iphoneos/cmTC_b01c3.build/Objects-normal/arm64/cmTC_b01c3.LinkFileList -dead_strip -Xlinker -object_path_lto -Xlinker /Users/bangcle/apple-llvm-project_ios/build/NATIVE/CMakeFiles/CMakeTmp/CMAKE_TRY_COMPILE.build/Debug-iphoneos/cmTC_b01c3.build/Objects-normal/arm64/cmTC_b01c3_lto.o -Xlinker -no_deduplicate -stdlib\=libc++ -Wl,-sectcreate,__TEXT,__info_plist,/Users/bangcle/apple-llvm-project_ios/lldb/tools/debugserver/source/../resources/lldb-debugserver-Info.plist -Wl,-search_paths_first -Wl,-headerpad_max_install_names -Xlinker -dependency_info -Xlinker /Users/bangcle/apple-llvm-project_ios/build/NATIVE/CMakeFiles/CMakeTmp/CMAKE_TRY_COMPILE.build/Debug-iphoneos/cmTC_b01c3.build/Objects-normal/arm64/cmTC_b01c3_dependency_info.dat -o /Users/bangcle/apple-llvm-project_ios/build/NATIVE/CMakeFiles/CMakeTmp/Debug/cmTC_b01c3

GenerateDSYMFile /Users/bangcle/apple-llvm-project_ios/build/NATIVE/CMakeFiles/CMakeTmp/Debug/cmTC_b01c3.dSYM /Users/bangcle/apple-llvm-project_ios/build/NATIVE/CMakeFiles/CMakeTmp/Debug/cmTC_b01c3 (in target 'cmTC_b01c3' from project 'CMAKE_TRY_COMPILE')
    cd /Users/bangcle/apple-llvm-project_ios/build/NATIVE/CMakeFiles/CMakeTmp
    /Applications/Xcode.app/Contents/Developer/Toolchains/XcodeDefault.xctoolchain/usr/bin/dsymutil /Users/bangcle/apple-llvm-project_ios/build/NATIVE/CMakeFiles/CMakeTmp/Debug/cmTC_b01c3 -o /Users/bangcle/apple-llvm-project_ios/build/NATIVE/CMakeFiles/CMakeTmp/Debug/cmTC_b01c3.dSYM

RegisterExecutionPolicyException /Users/bangcle/apple-llvm-project_ios/build/NATIVE/CMakeFiles/CMakeTmp/Debug/cmTC_b01c3 (in target 'cmTC_b01c3' from project 'CMAKE_TRY_COMPILE')
    cd /Users/bangcle/apple-llvm-project_ios/build/NATIVE/CMakeFiles/CMakeTmp
    builtin-RegisterExecutionPolicyException /Users/bangcle/apple-llvm-project_ios/build/NATIVE/CMakeFiles/CMakeTmp/Debug/cmTC_b01c3

note: Using global toolchain override 'Xcode Default'. (in target 'cmTC_b01c3' from project 'CMAKE_TRY_COMPILE')
** BUILD SUCCEEDED **



Source file was:
int main() { return 0; }
Performing C SOURCE FILE Test BUILDING_FOR_ARM64_OSX failed with the following output:
Change Dir: /Users/bangcle/apple-llvm-project_ios/build/NATIVE/CMakeFiles/CMakeTmp

Run Build Command(s):/usr/bin/xcodebuild -project CMAKE_TRY_COMPILE.xcodeproj build -target cmTC_f813e -parallelizeTargets -configuration Debug -hideShellScriptEnvironment && 2023-05-09 11:15:27.982 xcodebuild[20160:5415921] DVTCoreDeviceEnabledState: DVTCoreDeviceEnabledState_Disabled set via user default (DVTEnableCoreDevice=disabled)
Command line invocation:
    /Applications/Xcode.app/Contents/Developer/usr/bin/xcodebuild -project CMAKE_TRY_COMPILE.xcodeproj build -target cmTC_f813e -parallelizeTargets -configuration Debug -hideShellScriptEnvironment

User defaults from command line:
    HideShellScriptEnvironment = YES
    IDEPackageSupportToolchainOverrideForManifestLoading = com.apple.dt.toolchain.XcodeDefault
    IDEPackageSupportUseBuiltinSCM = YES

Build settings from command line:
    TOOLCHAINS = com.apple.dt.toolchain.XcodeDefault

Computing target dependency graph and provisioning inputs

Create build description
Build description signature: b57cf8aa8ff4b1618bf6bbd86de0015b
Build description path: /Users/bangcle/apple-llvm-project_ios/build/NATIVE/CMakeFiles/CMakeTmp/build/XCBuildData/b57cf8aa8ff4b1618bf6bbd86de0015b.xcbuilddata

note: Building targets in dependency order
warning: The iOS deployment target 'IPHONEOS_DEPLOYMENT_TARGET' is set to 10.0, but the range of supported deployment target versions is 11.0 to 16.4.99.
note: Using global toolchain override 'Xcode Default'.
CreateBuildDirectory /Users/bangcle/apple-llvm-project_ios/build/NATIVE/CMakeFiles/CMakeTmp
    cd /Users/bangcle/apple-llvm-project_ios/build/NATIVE/CMakeFiles/CMakeTmp/CMAKE_TRY_COMPILE.xcodeproj
    builtin-create-build-directory /Users/bangcle/apple-llvm-project_ios/build/NATIVE/CMakeFiles/CMakeTmp

ClangStatCache /Applications/Xcode.app/Contents/Developer/Toolchains/XcodeDefault.xctoolchain/usr/bin/clang-stat-cache /Applications/Xcode.app/Contents/Developer/Platforms/iPhoneOS.platform/Developer/SDKs/iPhoneOS16.4.sdk /var/folders/30/2gj68zcd49l4mylgmzd1d7n40000gn/C/com.apple.DeveloperTools/14.3-14E222b/Xcode/14.3-14E222b/Xcode/SDKStatCaches.noindex/iphoneos16.4-20E238-com_apple_dt_toolchain_XcodeDefault_com_apple_dt_toolchain_XcodeDefault.sdkstatcache
    cd /Users/bangcle/apple-llvm-project_ios/build/NATIVE/CMakeFiles/CMakeTmp/CMAKE_TRY_COMPILE.xcodeproj
    /Applications/Xcode.app/Contents/Developer/Toolchains/XcodeDefault.xctoolchain/usr/bin/clang-stat-cache /Applications/Xcode.app/Contents/Developer/Platforms/iPhoneOS.platform/Developer/SDKs/iPhoneOS16.4.sdk -o /var/folders/30/2gj68zcd49l4mylgmzd1d7n40000gn/C/com.apple.DeveloperTools/14.3-14E222b/Xcode/14.3-14E222b/Xcode/SDKStatCaches.noindex/iphoneos16.4-20E238-com_apple_dt_toolchain_XcodeDefault_com_apple_dt_toolchain_XcodeDefault.sdkstatcache

CreateBuildDirectory /Users/bangcle/apple-llvm-project_ios/build/NATIVE/CMakeFiles/CMakeTmp/Debug
    cd /Users/bangcle/apple-llvm-project_ios/build/NATIVE/CMakeFiles/CMakeTmp/CMAKE_TRY_COMPILE.xcodeproj
    builtin-create-build-directory /Users/bangcle/apple-llvm-project_ios/build/NATIVE/CMakeFiles/CMakeTmp/Debug

CreateBuildDirectory /Users/bangcle/apple-llvm-project_ios/build/NATIVE/CMakeFiles/CMakeTmp/EagerLinkingTBDs/Debug-iphoneos
    cd /Users/bangcle/apple-llvm-project_ios/build/NATIVE/CMakeFiles/CMakeTmp/CMAKE_TRY_COMPILE.xcodeproj
    builtin-create-build-directory /Users/bangcle/apple-llvm-project_ios/build/NATIVE/CMakeFiles/CMakeTmp/EagerLinkingTBDs/Debug-iphoneos

WriteAuxiliaryFile /Users/bangcle/apple-llvm-project_ios/build/NATIVE/CMakeFiles/CMakeTmp/CMAKE_TRY_COMPILE.build/Debug-iphoneos/cmTC_f813e.build/Objects-normal/arm64/cmTC_f813e.LinkFileList (in target 'cmTC_f813e' from project 'CMAKE_TRY_COMPILE')
    cd /Users/bangcle/apple-llvm-project_ios/build/NATIVE/CMakeFiles/CMakeTmp
    write-file /Users/bangcle/apple-llvm-project_ios/build/NATIVE/CMakeFiles/CMakeTmp/CMAKE_TRY_COMPILE.build/Debug-iphoneos/cmTC_f813e.build/Objects-normal/arm64/cmTC_f813e.LinkFileList

CompileC /Users/bangcle/apple-llvm-project_ios/build/NATIVE/CMakeFiles/CMakeTmp/CMAKE_TRY_COMPILE.build/Debug-iphoneos/cmTC_f813e.build/Objects-normal/arm64/src.o /Users/bangcle/apple-llvm-project_ios/build/NATIVE/CMakeFiles/CMakeTmp/src.c normal arm64 c com.apple.compilers.llvm.clang.1_0.compiler (in target 'cmTC_f813e' from project 'CMAKE_TRY_COMPILE')
    cd /Users/bangcle/apple-llvm-project_ios/build/NATIVE/CMakeFiles/CMakeTmp
    /Applications/Xcode.app/Contents/Developer/Toolchains/XcodeDefault.xctoolchain/usr/bin/clang -x c -ivfsstatcache /var/folders/30/2gj68zcd49l4mylgmzd1d7n40000gn/C/com.apple.DeveloperTools/14.3-14E222b/Xcode/14.3-14E222b/Xcode/SDKStatCaches.noindex/iphoneos16.4-20E238-com_apple_dt_toolchain_XcodeDefault_com_apple_dt_toolchain_XcodeDefault.sdkstatcache -target arm64-apple-ios16.4 -fmessage-length\=0 -fdiagnostics-show-note-include-stack -fmacro-backtrace-limit\=0 -Wno-trigraphs -fpascal-strings -O0 -Wno-missing-field-initializers -Wno-missing-prototypes -Wno-return-type -Wno-missing-braces -Wparentheses -Wswitch -Wno-unused-function -Wno-unused-label -Wno-unused-parameter -Wno-unused-variable -Wunused-value -Wno-empty-body -Wno-uninitialized -Wno-unknown-pragmas -Wno-shadow -Wno-four-char-constants -Wno-conversion -Wno-constant-conversion -Wno-int-conversion -Wno-bool-conversion -Wno-enum-conversion -Wno-float-conversion -Wno-non-literal-null-conversion -Wno-objc-literal-conversion -Wshorten-64-to-32 -Wpointer-sign -Wno-newline-eof -Wno-implicit-fallthrough -DCMAKE_INTDIR\=\"Debug-iphoneos\" -DBUILDING_FOR_ARM64_OSX -isysroot /Applications/Xcode.app/Contents/Developer/Platforms/iPhoneOS.platform/Developer/SDKs/iPhoneOS16.4.sdk -fstrict-aliasing -Wdeprecated-declarations -g -Wno-sign-conversion -Wno-infinite-recursion -Wno-comma -Wno-block-capture-autoreleasing -Wno-strict-prototypes -Wno-semicolon-before-method-body -I/Users/bangcle/apple-llvm-project_ios/build/NATIVE/CMakeFiles/CMakeTmp/Debug/include -I/Users/bangcle/apple-llvm-project_ios/build/NATIVE/CMakeFiles/CMakeTmp/CMAKE_TRY_COMPILE.build/Debug-iphoneos/cmTC_f813e.build/DerivedSources-normal/arm64 -I/Users/bangcle/apple-llvm-project_ios/build/NATIVE/CMakeFiles/CMakeTmp/CMAKE_TRY_COMPILE.build/Debug-iphoneos/cmTC_f813e.build/DerivedSources/arm64 -I/Users/bangcle/apple-llvm-project_ios/build/NATIVE/CMakeFiles/CMakeTmp/CMAKE_TRY_COMPILE.build/Debug-iphoneos/cmTC_f813e.build/DerivedSources -F/Users/bangcle/apple-llvm-project_ios/build/NATIVE/CMakeFiles/CMakeTmp/Debug -Werror\=date-time -Werror\=unguarded-availability-new -Wall -Wextra -Wno-unused-parameter -Wwrite-strings -Wmissing-field-initializers -pedantic -Wno-long-long -Wc++98-compat-extra-semi -Wimplicit-fallthrough -Wcovered-switch-default -Wstring-conversion -Wmisleading-indentation -Werror\=unguarded-availability-new -DWITH_BKS -DWITH_FBS -DWITH_LOCKDOWN -MMD -MT dependencies -MF /Users/bangcle/apple-llvm-project_ios/build/NATIVE/CMakeFiles/CMakeTmp/CMAKE_TRY_COMPILE.build/Debug-iphoneos/cmTC_f813e.build/Objects-normal/arm64/src.d --serialize-diagnostics /Users/bangcle/apple-llvm-project_ios/build/NATIVE/CMakeFiles/CMakeTmp/CMAKE_TRY_COMPILE.build/Debug-iphoneos/cmTC_f813e.build/Objects-normal/arm64/src.dia -c /Users/bangcle/apple-llvm-project_ios/build/NATIVE/CMakeFiles/CMakeTmp/src.c -o /Users/bangcle/apple-llvm-project_ios/build/NATIVE/CMakeFiles/CMakeTmp/CMAKE_TRY_COMPILE.build/Debug-iphoneos/cmTC_f813e.build/Objects-normal/arm64/src.o
/Users/bangcle/apple-llvm-project_ios/build/NATIVE/CMakeFiles/CMakeTmp/src.c:7:6: error: Not building for macOS
    #error Not building for macOS
     ^
1 error generated.

note: Using global toolchain override 'Xcode Default'. (in target 'cmTC_f813e' from project 'CMAKE_TRY_COMPILE')
** BUILD FAILED **


The following build commands failed:
	CompileC /Users/bangcle/apple-llvm-project_ios/build/NATIVE/CMakeFiles/CMakeTmp/CMAKE_TRY_COMPILE.build/Debug-iphoneos/cmTC_f813e.build/Objects-normal/arm64/src.o /Users/bangcle/apple-llvm-project_ios/build/NATIVE/CMakeFiles/CMakeTmp/src.c normal arm64 c com.apple.compilers.llvm.clang.1_0.compiler (in target 'cmTC_f813e' from project 'CMAKE_TRY_COMPILE')
(1 failure)


Source file was:

    #include <TargetConditionals.h>
    #if TARGET_CPU_ARM64
    #if TARGET_OS_OSX
    #warning Building for macOS
    #else
    #error Not building for macOS
    #endif
    #else
    #error Not building for ARM64
    #endif
    int main() { return 0; }
    
