Checking whether the ASM compiler is GNU using "--version" did not match "(GNU assembler)|(GCC)|(Free Software Foundation)":
Apple clang version 14.0.3 (clang-1403.0.22.14.1)
Target: x86_64-apple-darwin22.4.0
Thread model: posix
InstalledDir: /Applications/Xcode.app/Contents/Developer/Toolchains/XcodeDefault.xctoolchain/usr/bin
Determining if the include file link.h exists failed with the following output:
Change Dir: /Users/bangcle/apple-llvm-project_ios/build/CMakeFiles/CMakeTmp

Run Build Command(s):/usr/bin/xcodebuild -project CMAKE_TRY_COMPILE.xcodeproj build -target cmTC_f64cd -parallelizeTargets -configuration Debug -hideShellScriptEnvironment && 2023-05-09 11:01:59.230 xcodebuild[13529:5365875] DVTCoreDeviceEnabledState: DVTCoreDeviceEnabledState_Disabled set via user default (DVTEnableCoreDevice=disabled)
Command line invocation:
    /Applications/Xcode.app/Contents/Developer/usr/bin/xcodebuild -project CMAKE_TRY_COMPILE.xcodeproj build -target cmTC_f64cd -parallelizeTargets -configuration Debug -hideShellScriptEnvironment

User defaults from command line:
    HideShellScriptEnvironment = YES
    IDEPackageSupportUseBuiltinSCM = YES

Computing target dependency graph and provisioning inputs

Create build description
Build description signature: ee4d264c3f9fca4c91bcff635535ede5
Build description path: /Users/bangcle/apple-llvm-project_ios/build/CMakeFiles/CMakeTmp/build/XCBuildData/ee4d264c3f9fca4c91bcff635535ede5.xcbuilddata

note: Building targets in dependency order
CreateBuildDirectory /Users/bangcle/apple-llvm-project_ios/build/CMakeFiles/CMakeTmp
    cd /Users/bangcle/apple-llvm-project_ios/build/CMakeFiles/CMakeTmp/CMAKE_TRY_COMPILE.xcodeproj
    builtin-create-build-directory /Users/bangcle/apple-llvm-project_ios/build/CMakeFiles/CMakeTmp

ClangStatCache /Applications/Xcode.app/Contents/Developer/Toolchains/XcodeDefault.xctoolchain/usr/bin/clang-stat-cache /Applications/Xcode.app/Contents/Developer/Platforms/iPhoneOS.platform/Developer/SDKs/iPhoneOS16.4.sdk /var/folders/30/2gj68zcd49l4mylgmzd1d7n40000gn/C/com.apple.DeveloperTools/14.3-14E222b/Xcode/SDKStatCaches.noindex/iphoneos16.4-20E238-.sdkstatcache
    cd /Users/bangcle/apple-llvm-project_ios/build/CMakeFiles/CMakeTmp/CMAKE_TRY_COMPILE.xcodeproj
    /Applications/Xcode.app/Contents/Developer/Toolchains/XcodeDefault.xctoolchain/usr/bin/clang-stat-cache /Applications/Xcode.app/Contents/Developer/Platforms/iPhoneOS.platform/Developer/SDKs/iPhoneOS16.4.sdk -o /var/folders/30/2gj68zcd49l4mylgmzd1d7n40000gn/C/com.apple.DeveloperTools/14.3-14E222b/Xcode/SDKStatCaches.noindex/iphoneos16.4-20E238-.sdkstatcache

CreateBuildDirectory /Users/bangcle/apple-llvm-project_ios/build/CMakeFiles/CMakeTmp/Debug
    cd /Users/bangcle/apple-llvm-project_ios/build/CMakeFiles/CMakeTmp/CMAKE_TRY_COMPILE.xcodeproj
    builtin-create-build-directory /Users/bangcle/apple-llvm-project_ios/build/CMakeFiles/CMakeTmp/Debug

CreateBuildDirectory /Users/bangcle/apple-llvm-project_ios/build/CMakeFiles/CMakeTmp/EagerLinkingTBDs/Debug-iphoneos
    cd /Users/bangcle/apple-llvm-project_ios/build/CMakeFiles/CMakeTmp/CMAKE_TRY_COMPILE.xcodeproj
    builtin-create-build-directory /Users/bangcle/apple-llvm-project_ios/build/CMakeFiles/CMakeTmp/EagerLinkingTBDs/Debug-iphoneos

WriteAuxiliaryFile /Users/bangcle/apple-llvm-project_ios/build/CMakeFiles/CMakeTmp/CMAKE_TRY_COMPILE.build/Debug-iphoneos/cmTC_f64cd.build/Objects-normal/arm64/cmTC_f64cd.LinkFileList (in target 'cmTC_f64cd' from project 'CMAKE_TRY_COMPILE')
    cd /Users/bangcle/apple-llvm-project_ios/build/CMakeFiles/CMakeTmp
    write-file /Users/bangcle/apple-llvm-project_ios/build/CMakeFiles/CMakeTmp/CMAKE_TRY_COMPILE.build/Debug-iphoneos/cmTC_f64cd.build/Objects-normal/arm64/cmTC_f64cd.LinkFileList

CompileC /Users/bangcle/apple-llvm-project_ios/build/CMakeFiles/CMakeTmp/CMAKE_TRY_COMPILE.build/Debug-iphoneos/cmTC_f64cd.build/Objects-normal/arm64/CheckIncludeFile.o /Users/bangcle/apple-llvm-project_ios/build/CMakeFiles/CMakeTmp/CheckIncludeFile.c normal arm64 c com.apple.compilers.llvm.clang.1_0.compiler (in target 'cmTC_f64cd' from project 'CMAKE_TRY_COMPILE')
    cd /Users/bangcle/apple-llvm-project_ios/build/CMakeFiles/CMakeTmp
    /Applications/Xcode.app/Contents/Developer/Toolchains/XcodeDefault.xctoolchain/usr/bin/clang -x c -ivfsstatcache /var/folders/30/2gj68zcd49l4mylgmzd1d7n40000gn/C/com.apple.DeveloperTools/14.3-14E222b/Xcode/SDKStatCaches.noindex/iphoneos16.4-20E238-.sdkstatcache -target arm64-apple-ios10.0 -fmessage-length\=0 -fdiagnostics-show-note-include-stack -fmacro-backtrace-limit\=0 -Wno-trigraphs -fpascal-strings -O0 -Wno-missing-field-initializers -Wno-missing-prototypes -Wno-return-type -Wno-missing-braces -Wparentheses -Wswitch -Wno-unused-function -Wno-unused-label -Wno-unused-parameter -Wno-unused-variable -Wunused-value -Wno-empty-body -Wno-uninitialized -Wno-unknown-pragmas -Wno-shadow -Wno-four-char-constants -Wno-conversion -Wno-constant-conversion -Wno-int-conversion -Wno-bool-conversion -Wno-enum-conversion -Wno-float-conversion -Wno-non-literal-null-conversion -Wno-objc-literal-conversion -Wshorten-64-to-32 -Wpointer-sign -Wno-newline-eof -Wno-implicit-fallthrough -DCMAKE_INTDIR\=\"Debug-iphoneos\" -isysroot /Applications/Xcode.app/Contents/Developer/Platforms/iPhoneOS.platform/Developer/SDKs/iPhoneOS16.4.sdk -fstrict-aliasing -Wdeprecated-declarations -g -Wno-sign-conversion -Wno-infinite-recursion -Wno-comma -Wno-block-capture-autoreleasing -Wno-strict-prototypes -Wno-semicolon-before-method-body -I/Users/bangcle/apple-llvm-project_ios/build/CMakeFiles/CMakeTmp/Debug/include -I/Users/bangcle/apple-llvm-project_ios/build/CMakeFiles/CMakeTmp/CMAKE_TRY_COMPILE.build/Debug-iphoneos/cmTC_f64cd.build/DerivedSources-normal/arm64 -I/Users/bangcle/apple-llvm-project_ios/build/CMakeFiles/CMakeTmp/CMAKE_TRY_COMPILE.build/Debug-iphoneos/cmTC_f64cd.build/DerivedSources/arm64 -I/Users/bangcle/apple-llvm-project_ios/build/CMakeFiles/CMakeTmp/CMAKE_TRY_COMPILE.build/Debug-iphoneos/cmTC_f64cd.build/DerivedSources -F/Users/bangcle/apple-llvm-project_ios/build/CMakeFiles/CMakeTmp/Debug -MMD -MT dependencies -MF /Users/bangcle/apple-llvm-project_ios/build/CMakeFiles/CMakeTmp/CMAKE_TRY_COMPILE.build/Debug-iphoneos/cmTC_f64cd.build/Objects-normal/arm64/CheckIncludeFile.d --serialize-diagnostics /Users/bangcle/apple-llvm-project_ios/build/CMakeFiles/CMakeTmp/CMAKE_TRY_COMPILE.build/Debug-iphoneos/cmTC_f64cd.build/Objects-normal/arm64/CheckIncludeFile.dia -c /Users/bangcle/apple-llvm-project_ios/build/CMakeFiles/CMakeTmp/CheckIncludeFile.c -o /Users/bangcle/apple-llvm-project_ios/build/CMakeFiles/CMakeTmp/CMAKE_TRY_COMPILE.build/Debug-iphoneos/cmTC_f64cd.build/Objects-normal/arm64/CheckIncludeFile.o
/Users/bangcle/apple-llvm-project_ios/build/CMakeFiles/CMakeTmp/CheckIncludeFile.c:1:10: fatal error: 'link.h' file not found
#include <link.h>
         ^~~~~~~~
1 error generated.

/Users/bangcle/apple-llvm-project_ios/build/CMakeFiles/CMakeTmp/CMAKE_TRY_COMPILE.xcodeproj: warning: The iOS deployment target 'IPHONEOS_DEPLOYMENT_TARGET' is set to 10.0, but the range of supported deployment target versions is 11.0 to 16.4.99. (in target 'cmTC_f64cd' from project 'CMAKE_TRY_COMPILE')
** BUILD FAILED **


The following build commands failed:
	CompileC /Users/bangcle/apple-llvm-project_ios/build/CMakeFiles/CMakeTmp/CMAKE_TRY_COMPILE.build/Debug-iphoneos/cmTC_f64cd.build/Objects-normal/arm64/CheckIncludeFile.o /Users/bangcle/apple-llvm-project_ios/build/CMakeFiles/CMakeTmp/CheckIncludeFile.c normal arm64 c com.apple.compilers.llvm.clang.1_0.compiler (in target 'cmTC_f64cd' from project 'CMAKE_TRY_COMPILE')
(1 failure)



Determining if the include file valgrind/valgrind.h exists failed with the following output:
Change Dir: /Users/bangcle/apple-llvm-project_ios/build/CMakeFiles/CMakeTmp

Run Build Command(s):/usr/bin/xcodebuild -project CMAKE_TRY_COMPILE.xcodeproj build -target cmTC_67123 -parallelizeTargets -configuration Debug -hideShellScriptEnvironment && 2023-05-09 11:02:26.460 xcodebuild[13978:5368825] DVTCoreDeviceEnabledState: DVTCoreDeviceEnabledState_Disabled set via user default (DVTEnableCoreDevice=disabled)
Command line invocation:
    /Applications/Xcode.app/Contents/Developer/usr/bin/xcodebuild -project CMAKE_TRY_COMPILE.xcodeproj build -target cmTC_67123 -parallelizeTargets -configuration Debug -hideShellScriptEnvironment

User defaults from command line:
    HideShellScriptEnvironment = YES
    IDEPackageSupportUseBuiltinSCM = YES

Computing target dependency graph and provisioning inputs

Create build description
Build description signature: 7164de2ae46754758624739b55fa2d8a
Build description path: /Users/bangcle/apple-llvm-project_ios/build/CMakeFiles/CMakeTmp/build/XCBuildData/7164de2ae46754758624739b55fa2d8a.xcbuilddata

note: Building targets in dependency order
CreateBuildDirectory /Users/bangcle/apple-llvm-project_ios/build/CMakeFiles/CMakeTmp
    cd /Users/bangcle/apple-llvm-project_ios/build/CMakeFiles/CMakeTmp/CMAKE_TRY_COMPILE.xcodeproj
    builtin-create-build-directory /Users/bangcle/apple-llvm-project_ios/build/CMakeFiles/CMakeTmp

ClangStatCache /Applications/Xcode.app/Contents/Developer/Toolchains/XcodeDefault.xctoolchain/usr/bin/clang-stat-cache /Applications/Xcode.app/Contents/Developer/Platforms/iPhoneOS.platform/Developer/SDKs/iPhoneOS16.4.sdk /var/folders/30/2gj68zcd49l4mylgmzd1d7n40000gn/C/com.apple.DeveloperTools/14.3-14E222b/Xcode/SDKStatCaches.noindex/iphoneos16.4-20E238-.sdkstatcache
    cd /Users/bangcle/apple-llvm-project_ios/build/CMakeFiles/CMakeTmp/CMAKE_TRY_COMPILE.xcodeproj
    /Applications/Xcode.app/Contents/Developer/Toolchains/XcodeDefault.xctoolchain/usr/bin/clang-stat-cache /Applications/Xcode.app/Contents/Developer/Platforms/iPhoneOS.platform/Developer/SDKs/iPhoneOS16.4.sdk -o /var/folders/30/2gj68zcd49l4mylgmzd1d7n40000gn/C/com.apple.DeveloperTools/14.3-14E222b/Xcode/SDKStatCaches.noindex/iphoneos16.4-20E238-.sdkstatcache

CreateBuildDirectory /Users/bangcle/apple-llvm-project_ios/build/CMakeFiles/CMakeTmp/Debug
    cd /Users/bangcle/apple-llvm-project_ios/build/CMakeFiles/CMakeTmp/CMAKE_TRY_COMPILE.xcodeproj
    builtin-create-build-directory /Users/bangcle/apple-llvm-project_ios/build/CMakeFiles/CMakeTmp/Debug

CreateBuildDirectory /Users/bangcle/apple-llvm-project_ios/build/CMakeFiles/CMakeTmp/EagerLinkingTBDs/Debug-iphoneos
    cd /Users/bangcle/apple-llvm-project_ios/build/CMakeFiles/CMakeTmp/CMAKE_TRY_COMPILE.xcodeproj
    builtin-create-build-directory /Users/bangcle/apple-llvm-project_ios/build/CMakeFiles/CMakeTmp/EagerLinkingTBDs/Debug-iphoneos

WriteAuxiliaryFile /Users/bangcle/apple-llvm-project_ios/build/CMakeFiles/CMakeTmp/CMAKE_TRY_COMPILE.build/Debug-iphoneos/cmTC_67123.build/Objects-normal/arm64/cmTC_67123.LinkFileList (in target 'cmTC_67123' from project 'CMAKE_TRY_COMPILE')
    cd /Users/bangcle/apple-llvm-project_ios/build/CMakeFiles/CMakeTmp
    write-file /Users/bangcle/apple-llvm-project_ios/build/CMakeFiles/CMakeTmp/CMAKE_TRY_COMPILE.build/Debug-iphoneos/cmTC_67123.build/Objects-normal/arm64/cmTC_67123.LinkFileList

CompileC /Users/bangcle/apple-llvm-project_ios/build/CMakeFiles/CMakeTmp/CMAKE_TRY_COMPILE.build/Debug-iphoneos/cmTC_67123.build/Objects-normal/arm64/CheckIncludeFile.o /Users/bangcle/apple-llvm-project_ios/build/CMakeFiles/CMakeTmp/CheckIncludeFile.c normal arm64 c com.apple.compilers.llvm.clang.1_0.compiler (in target 'cmTC_67123' from project 'CMAKE_TRY_COMPILE')
    cd /Users/bangcle/apple-llvm-project_ios/build/CMakeFiles/CMakeTmp
    /Applications/Xcode.app/Contents/Developer/Toolchains/XcodeDefault.xctoolchain/usr/bin/clang -x c -ivfsstatcache /var/folders/30/2gj68zcd49l4mylgmzd1d7n40000gn/C/com.apple.DeveloperTools/14.3-14E222b/Xcode/SDKStatCaches.noindex/iphoneos16.4-20E238-.sdkstatcache -target arm64-apple-ios10.0 -fmessage-length\=0 -fdiagnostics-show-note-include-stack -fmacro-backtrace-limit\=0 -Wno-trigraphs -fpascal-strings -O0 -Wno-missing-field-initializers -Wno-missing-prototypes -Wno-return-type -Wno-missing-braces -Wparentheses -Wswitch -Wno-unused-function -Wno-unused-label -Wno-unused-parameter -Wno-unused-variable -Wunused-value -Wno-empty-body -Wno-uninitialized -Wno-unknown-pragmas -Wno-shadow -Wno-four-char-constants -Wno-conversion -Wno-constant-conversion -Wno-int-conversion -Wno-bool-conversion -Wno-enum-conversion -Wno-float-conversion -Wno-non-literal-null-conversion -Wno-objc-literal-conversion -Wshorten-64-to-32 -Wpointer-sign -Wno-newline-eof -Wno-implicit-fallthrough -DCMAKE_INTDIR\=\"Debug-iphoneos\" -isysroot /Applications/Xcode.app/Contents/Developer/Platforms/iPhoneOS.platform/Developer/SDKs/iPhoneOS16.4.sdk -fstrict-aliasing -Wdeprecated-declarations -g -Wno-sign-conversion -Wno-infinite-recursion -Wno-comma -Wno-block-capture-autoreleasing -Wno-strict-prototypes -Wno-semicolon-before-method-body -I/Users/bangcle/apple-llvm-project_ios/build/CMakeFiles/CMakeTmp/Debug/include -I/Users/bangcle/apple-llvm-project_ios/build/CMakeFiles/CMakeTmp/CMAKE_TRY_COMPILE.build/Debug-iphoneos/cmTC_67123.build/DerivedSources-normal/arm64 -I/Users/bangcle/apple-llvm-project_ios/build/CMakeFiles/CMakeTmp/CMAKE_TRY_COMPILE.build/Debug-iphoneos/cmTC_67123.build/DerivedSources/arm64 -I/Users/bangcle/apple-llvm-project_ios/build/CMakeFiles/CMakeTmp/CMAKE_TRY_COMPILE.build/Debug-iphoneos/cmTC_67123.build/DerivedSources -F/Users/bangcle/apple-llvm-project_ios/build/CMakeFiles/CMakeTmp/Debug -MMD -MT dependencies -MF /Users/bangcle/apple-llvm-project_ios/build/CMakeFiles/CMakeTmp/CMAKE_TRY_COMPILE.build/Debug-iphoneos/cmTC_67123.build/Objects-normal/arm64/CheckIncludeFile.d --serialize-diagnostics /Users/bangcle/apple-llvm-project_ios/build/CMakeFiles/CMakeTmp/CMAKE_TRY_COMPILE.build/Debug-iphoneos/cmTC_67123.build/Objects-normal/arm64/CheckIncludeFile.dia -c /Users/bangcle/apple-llvm-project_ios/build/CMakeFiles/CMakeTmp/CheckIncludeFile.c -o /Users/bangcle/apple-llvm-project_ios/build/CMakeFiles/CMakeTmp/CMAKE_TRY_COMPILE.build/Debug-iphoneos/cmTC_67123.build/Objects-normal/arm64/CheckIncludeFile.o
/Users/bangcle/apple-llvm-project_ios/build/CMakeFiles/CMakeTmp/CheckIncludeFile.c:1:10: fatal error: 'valgrind/valgrind.h' file not found
#include <valgrind/valgrind.h>
         ^~~~~~~~~~~~~~~~~~~~~
1 error generated.

/Users/bangcle/apple-llvm-project_ios/build/CMakeFiles/CMakeTmp/CMAKE_TRY_COMPILE.xcodeproj: warning: The iOS deployment target 'IPHONEOS_DEPLOYMENT_TARGET' is set to 10.0, but the range of supported deployment target versions is 11.0 to 16.4.99. (in target 'cmTC_67123' from project 'CMAKE_TRY_COMPILE')
** BUILD FAILED **


The following build commands failed:
	CompileC /Users/bangcle/apple-llvm-project_ios/build/CMakeFiles/CMakeTmp/CMAKE_TRY_COMPILE.build/Debug-iphoneos/cmTC_67123.build/Objects-normal/arm64/CheckIncludeFile.o /Users/bangcle/apple-llvm-project_ios/build/CMakeFiles/CMakeTmp/CheckIncludeFile.c normal arm64 c com.apple.compilers.llvm.clang.1_0.compiler (in target 'cmTC_67123' from project 'CMAKE_TRY_COMPILE')
(1 failure)



Determining if the include file histedit.h exists failed with the following output:
Change Dir: /Users/bangcle/apple-llvm-project_ios/build/CMakeFiles/CMakeTmp

Run Build Command(s):/usr/bin/xcodebuild -project CMAKE_TRY_COMPILE.xcodeproj build -target cmTC_5a283 -parallelizeTargets -configuration Debug -hideShellScriptEnvironment && 2023-05-09 11:02:35.990 xcodebuild[14104:5369852] DVTCoreDeviceEnabledState: DVTCoreDeviceEnabledState_Disabled set via user default (DVTEnableCoreDevice=disabled)
Command line invocation:
    /Applications/Xcode.app/Contents/Developer/usr/bin/xcodebuild -project CMAKE_TRY_COMPILE.xcodeproj build -target cmTC_5a283 -parallelizeTargets -configuration Debug -hideShellScriptEnvironment

User defaults from command line:
    HideShellScriptEnvironment = YES
    IDEPackageSupportUseBuiltinSCM = YES

Computing target dependency graph and provisioning inputs

Create build description
Build description signature: a5636612349488815bddf4bfff7a6aaa
Build description path: /Users/bangcle/apple-llvm-project_ios/build/CMakeFiles/CMakeTmp/build/XCBuildData/a5636612349488815bddf4bfff7a6aaa.xcbuilddata

note: Building targets in dependency order
CreateBuildDirectory /Users/bangcle/apple-llvm-project_ios/build/CMakeFiles/CMakeTmp
    cd /Users/bangcle/apple-llvm-project_ios/build/CMakeFiles/CMakeTmp/CMAKE_TRY_COMPILE.xcodeproj
    builtin-create-build-directory /Users/bangcle/apple-llvm-project_ios/build/CMakeFiles/CMakeTmp

ClangStatCache /Applications/Xcode.app/Contents/Developer/Toolchains/XcodeDefault.xctoolchain/usr/bin/clang-stat-cache /Applications/Xcode.app/Contents/Developer/Platforms/iPhoneOS.platform/Developer/SDKs/iPhoneOS16.4.sdk /var/folders/30/2gj68zcd49l4mylgmzd1d7n40000gn/C/com.apple.DeveloperTools/14.3-14E222b/Xcode/SDKStatCaches.noindex/iphoneos16.4-20E238-.sdkstatcache
    cd /Users/bangcle/apple-llvm-project_ios/build/CMakeFiles/CMakeTmp/CMAKE_TRY_COMPILE.xcodeproj
    /Applications/Xcode.app/Contents/Developer/Toolchains/XcodeDefault.xctoolchain/usr/bin/clang-stat-cache /Applications/Xcode.app/Contents/Developer/Platforms/iPhoneOS.platform/Developer/SDKs/iPhoneOS16.4.sdk -o /var/folders/30/2gj68zcd49l4mylgmzd1d7n40000gn/C/com.apple.DeveloperTools/14.3-14E222b/Xcode/SDKStatCaches.noindex/iphoneos16.4-20E238-.sdkstatcache

CreateBuildDirectory /Users/bangcle/apple-llvm-project_ios/build/CMakeFiles/CMakeTmp/Debug
    cd /Users/bangcle/apple-llvm-project_ios/build/CMakeFiles/CMakeTmp/CMAKE_TRY_COMPILE.xcodeproj
    builtin-create-build-directory /Users/bangcle/apple-llvm-project_ios/build/CMakeFiles/CMakeTmp/Debug

CreateBuildDirectory /Users/bangcle/apple-llvm-project_ios/build/CMakeFiles/CMakeTmp/EagerLinkingTBDs/Debug-iphoneos
    cd /Users/bangcle/apple-llvm-project_ios/build/CMakeFiles/CMakeTmp/CMAKE_TRY_COMPILE.xcodeproj
    builtin-create-build-directory /Users/bangcle/apple-llvm-project_ios/build/CMakeFiles/CMakeTmp/EagerLinkingTBDs/Debug-iphoneos

WriteAuxiliaryFile /Users/bangcle/apple-llvm-project_ios/build/CMakeFiles/CMakeTmp/CMAKE_TRY_COMPILE.build/Debug-iphoneos/cmTC_5a283.build/Objects-normal/arm64/cmTC_5a283.LinkFileList (in target 'cmTC_5a283' from project 'CMAKE_TRY_COMPILE')
    cd /Users/bangcle/apple-llvm-project_ios/build/CMakeFiles/CMakeTmp
    write-file /Users/bangcle/apple-llvm-project_ios/build/CMakeFiles/CMakeTmp/CMAKE_TRY_COMPILE.build/Debug-iphoneos/cmTC_5a283.build/Objects-normal/arm64/cmTC_5a283.LinkFileList

CompileC /Users/bangcle/apple-llvm-project_ios/build/CMakeFiles/CMakeTmp/CMAKE_TRY_COMPILE.build/Debug-iphoneos/cmTC_5a283.build/Objects-normal/arm64/CheckIncludeFile.o /Users/bangcle/apple-llvm-project_ios/build/CMakeFiles/CMakeTmp/CheckIncludeFile.c normal arm64 c com.apple.compilers.llvm.clang.1_0.compiler (in target 'cmTC_5a283' from project 'CMAKE_TRY_COMPILE')
    cd /Users/bangcle/apple-llvm-project_ios/build/CMakeFiles/CMakeTmp
    /Applications/Xcode.app/Contents/Developer/Toolchains/XcodeDefault.xctoolchain/usr/bin/clang -x c -ivfsstatcache /var/folders/30/2gj68zcd49l4mylgmzd1d7n40000gn/C/com.apple.DeveloperTools/14.3-14E222b/Xcode/SDKStatCaches.noindex/iphoneos16.4-20E238-.sdkstatcache -target arm64-apple-ios10.0 -fmessage-length\=0 -fdiagnostics-show-note-include-stack -fmacro-backtrace-limit\=0 -Wno-trigraphs -fpascal-strings -O0 -Wno-missing-field-initializers -Wno-missing-prototypes -Wno-return-type -Wno-missing-braces -Wparentheses -Wswitch -Wno-unused-function -Wno-unused-label -Wno-unused-parameter -Wno-unused-variable -Wunused-value -Wno-empty-body -Wno-uninitialized -Wno-unknown-pragmas -Wno-shadow -Wno-four-char-constants -Wno-conversion -Wno-constant-conversion -Wno-int-conversion -Wno-bool-conversion -Wno-enum-conversion -Wno-float-conversion -Wno-non-literal-null-conversion -Wno-objc-literal-conversion -Wshorten-64-to-32 -Wpointer-sign -Wno-newline-eof -Wno-implicit-fallthrough -DCMAKE_INTDIR\=\"Debug-iphoneos\" -isysroot /Applications/Xcode.app/Contents/Developer/Platforms/iPhoneOS.platform/Developer/SDKs/iPhoneOS16.4.sdk -fstrict-aliasing -Wdeprecated-declarations -g -Wno-sign-conversion -Wno-infinite-recursion -Wno-comma -Wno-block-capture-autoreleasing -Wno-strict-prototypes -Wno-semicolon-before-method-body -I/Users/bangcle/apple-llvm-project_ios/build/CMakeFiles/CMakeTmp/Debug/include -I/Users/bangcle/apple-llvm-project_ios/build/CMakeFiles/CMakeTmp/CMAKE_TRY_COMPILE.build/Debug-iphoneos/cmTC_5a283.build/DerivedSources-normal/arm64 -I/Users/bangcle/apple-llvm-project_ios/build/CMakeFiles/CMakeTmp/CMAKE_TRY_COMPILE.build/Debug-iphoneos/cmTC_5a283.build/DerivedSources/arm64 -I/Users/bangcle/apple-llvm-project_ios/build/CMakeFiles/CMakeTmp/CMAKE_TRY_COMPILE.build/Debug-iphoneos/cmTC_5a283.build/DerivedSources -F/Users/bangcle/apple-llvm-project_ios/build/CMakeFiles/CMakeTmp/Debug -MMD -MT dependencies -MF /Users/bangcle/apple-llvm-project_ios/build/CMakeFiles/CMakeTmp/CMAKE_TRY_COMPILE.build/Debug-iphoneos/cmTC_5a283.build/Objects-normal/arm64/CheckIncludeFile.d --serialize-diagnostics /Users/bangcle/apple-llvm-project_ios/build/CMakeFiles/CMakeTmp/CMAKE_TRY_COMPILE.build/Debug-iphoneos/cmTC_5a283.build/Objects-normal/arm64/CheckIncludeFile.dia -c /Users/bangcle/apple-llvm-project_ios/build/CMakeFiles/CMakeTmp/CheckIncludeFile.c -o /Users/bangcle/apple-llvm-project_ios/build/CMakeFiles/CMakeTmp/CMAKE_TRY_COMPILE.build/Debug-iphoneos/cmTC_5a283.build/Objects-normal/arm64/CheckIncludeFile.o
/Users/bangcle/apple-llvm-project_ios/build/CMakeFiles/CMakeTmp/CheckIncludeFile.c:1:10: fatal error: 'histedit.h' file not found
#include <histedit.h>
         ^~~~~~~~~~~~
1 error generated.

/Users/bangcle/apple-llvm-project_ios/build/CMakeFiles/CMakeTmp/CMAKE_TRY_COMPILE.xcodeproj: warning: The iOS deployment target 'IPHONEOS_DEPLOYMENT_TARGET' is set to 10.0, but the range of supported deployment target versions is 11.0 to 16.4.99. (in target 'cmTC_5a283' from project 'CMAKE_TRY_COMPILE')
** BUILD FAILED **


The following build commands failed:
	CompileC /Users/bangcle/apple-llvm-project_ios/build/CMakeFiles/CMakeTmp/CMAKE_TRY_COMPILE.build/Debug-iphoneos/cmTC_5a283.build/Objects-normal/arm64/CheckIncludeFile.o /Users/bangcle/apple-llvm-project_ios/build/CMakeFiles/CMakeTmp/CheckIncludeFile.c normal arm64 c com.apple.compilers.llvm.clang.1_0.compiler (in target 'cmTC_5a283' from project 'CMAKE_TRY_COMPILE')
(1 failure)



Determining if the include file CrashReporterClient.h exists failed with the following output:
Change Dir: /Users/bangcle/apple-llvm-project_ios/build/CMakeFiles/CMakeTmp

Run Build Command(s):/usr/bin/xcodebuild -project CMAKE_TRY_COMPILE.xcodeproj build -target cmTC_18591 -parallelizeTargets -configuration Debug -hideShellScriptEnvironment && 2023-05-09 11:02:37.766 xcodebuild[14127:5370032] DVTCoreDeviceEnabledState: DVTCoreDeviceEnabledState_Disabled set via user default (DVTEnableCoreDevice=disabled)
Command line invocation:
    /Applications/Xcode.app/Contents/Developer/usr/bin/xcodebuild -project CMAKE_TRY_COMPILE.xcodeproj build -target cmTC_18591 -parallelizeTargets -configuration Debug -hideShellScriptEnvironment

User defaults from command line:
    HideShellScriptEnvironment = YES
    IDEPackageSupportUseBuiltinSCM = YES

Computing target dependency graph and provisioning inputs

Create build description
Build description signature: 6d2374a89613345cf0f4ab8a117d46fe
Build description path: /Users/bangcle/apple-llvm-project_ios/build/CMakeFiles/CMakeTmp/build/XCBuildData/6d2374a89613345cf0f4ab8a117d46fe.xcbuilddata

note: Building targets in dependency order
CreateBuildDirectory /Users/bangcle/apple-llvm-project_ios/build/CMakeFiles/CMakeTmp
    cd /Users/bangcle/apple-llvm-project_ios/build/CMakeFiles/CMakeTmp/CMAKE_TRY_COMPILE.xcodeproj
    builtin-create-build-directory /Users/bangcle/apple-llvm-project_ios/build/CMakeFiles/CMakeTmp

ClangStatCache /Applications/Xcode.app/Contents/Developer/Toolchains/XcodeDefault.xctoolchain/usr/bin/clang-stat-cache /Applications/Xcode.app/Contents/Developer/Platforms/iPhoneOS.platform/Developer/SDKs/iPhoneOS16.4.sdk /var/folders/30/2gj68zcd49l4mylgmzd1d7n40000gn/C/com.apple.DeveloperTools/14.3-14E222b/Xcode/SDKStatCaches.noindex/iphoneos16.4-20E238-.sdkstatcache
    cd /Users/bangcle/apple-llvm-project_ios/build/CMakeFiles/CMakeTmp/CMAKE_TRY_COMPILE.xcodeproj
    /Applications/Xcode.app/Contents/Developer/Toolchains/XcodeDefault.xctoolchain/usr/bin/clang-stat-cache /Applications/Xcode.app/Contents/Developer/Platforms/iPhoneOS.platform/Developer/SDKs/iPhoneOS16.4.sdk -o /var/folders/30/2gj68zcd49l4mylgmzd1d7n40000gn/C/com.apple.DeveloperTools/14.3-14E222b/Xcode/SDKStatCaches.noindex/iphoneos16.4-20E238-.sdkstatcache

CreateBuildDirectory /Users/bangcle/apple-llvm-project_ios/build/CMakeFiles/CMakeTmp/Debug
    cd /Users/bangcle/apple-llvm-project_ios/build/CMakeFiles/CMakeTmp/CMAKE_TRY_COMPILE.xcodeproj
    builtin-create-build-directory /Users/bangcle/apple-llvm-project_ios/build/CMakeFiles/CMakeTmp/Debug

CreateBuildDirectory /Users/bangcle/apple-llvm-project_ios/build/CMakeFiles/CMakeTmp/EagerLinkingTBDs/Debug-iphoneos
    cd /Users/bangcle/apple-llvm-project_ios/build/CMakeFiles/CMakeTmp/CMAKE_TRY_COMPILE.xcodeproj
    builtin-create-build-directory /Users/bangcle/apple-llvm-project_ios/build/CMakeFiles/CMakeTmp/EagerLinkingTBDs/Debug-iphoneos

WriteAuxiliaryFile /Users/bangcle/apple-llvm-project_ios/build/CMakeFiles/CMakeTmp/CMAKE_TRY_COMPILE.build/Debug-iphoneos/cmTC_18591.build/Objects-normal/arm64/cmTC_18591.LinkFileList (in target 'cmTC_18591' from project 'CMAKE_TRY_COMPILE')
    cd /Users/bangcle/apple-llvm-project_ios/build/CMakeFiles/CMakeTmp
    write-file /Users/bangcle/apple-llvm-project_ios/build/CMakeFiles/CMakeTmp/CMAKE_TRY_COMPILE.build/Debug-iphoneos/cmTC_18591.build/Objects-normal/arm64/cmTC_18591.LinkFileList

CompileC /Users/bangcle/apple-llvm-project_ios/build/CMakeFiles/CMakeTmp/CMAKE_TRY_COMPILE.build/Debug-iphoneos/cmTC_18591.build/Objects-normal/arm64/CheckIncludeFile.o /Users/bangcle/apple-llvm-project_ios/build/CMakeFiles/CMakeTmp/CheckIncludeFile.c normal arm64 c com.apple.compilers.llvm.clang.1_0.compiler (in target 'cmTC_18591' from project 'CMAKE_TRY_COMPILE')
    cd /Users/bangcle/apple-llvm-project_ios/build/CMakeFiles/CMakeTmp
    /Applications/Xcode.app/Contents/Developer/Toolchains/XcodeDefault.xctoolchain/usr/bin/clang -x c -ivfsstatcache /var/folders/30/2gj68zcd49l4mylgmzd1d7n40000gn/C/com.apple.DeveloperTools/14.3-14E222b/Xcode/SDKStatCaches.noindex/iphoneos16.4-20E238-.sdkstatcache -target arm64-apple-ios10.0 -fmessage-length\=0 -fdiagnostics-show-note-include-stack -fmacro-backtrace-limit\=0 -Wno-trigraphs -fpascal-strings -O0 -Wno-missing-field-initializers -Wno-missing-prototypes -Wno-return-type -Wno-missing-braces -Wparentheses -Wswitch -Wno-unused-function -Wno-unused-label -Wno-unused-parameter -Wno-unused-variable -Wunused-value -Wno-empty-body -Wno-uninitialized -Wno-unknown-pragmas -Wno-shadow -Wno-four-char-constants -Wno-conversion -Wno-constant-conversion -Wno-int-conversion -Wno-bool-conversion -Wno-enum-conversion -Wno-float-conversion -Wno-non-literal-null-conversion -Wno-objc-literal-conversion -Wshorten-64-to-32 -Wpointer-sign -Wno-newline-eof -Wno-implicit-fallthrough -DCMAKE_INTDIR\=\"Debug-iphoneos\" -isysroot /Applications/Xcode.app/Contents/Developer/Platforms/iPhoneOS.platform/Developer/SDKs/iPhoneOS16.4.sdk -fstrict-aliasing -Wdeprecated-declarations -g -Wno-sign-conversion -Wno-infinite-recursion -Wno-comma -Wno-block-capture-autoreleasing -Wno-strict-prototypes -Wno-semicolon-before-method-body -I/Users/bangcle/apple-llvm-project_ios/build/CMakeFiles/CMakeTmp/Debug/include -I/Users/bangcle/apple-llvm-project_ios/build/CMakeFiles/CMakeTmp/CMAKE_TRY_COMPILE.build/Debug-iphoneos/cmTC_18591.build/DerivedSources-normal/arm64 -I/Users/bangcle/apple-llvm-project_ios/build/CMakeFiles/CMakeTmp/CMAKE_TRY_COMPILE.build/Debug-iphoneos/cmTC_18591.build/DerivedSources/arm64 -I/Users/bangcle/apple-llvm-project_ios/build/CMakeFiles/CMakeTmp/CMAKE_TRY_COMPILE.build/Debug-iphoneos/cmTC_18591.build/DerivedSources -F/Users/bangcle/apple-llvm-project_ios/build/CMakeFiles/CMakeTmp/Debug -MMD -MT dependencies -MF /Users/bangcle/apple-llvm-project_ios/build/CMakeFiles/CMakeTmp/CMAKE_TRY_COMPILE.build/Debug-iphoneos/cmTC_18591.build/Objects-normal/arm64/CheckIncludeFile.d --serialize-diagnostics /Users/bangcle/apple-llvm-project_ios/build/CMakeFiles/CMakeTmp/CMAKE_TRY_COMPILE.build/Debug-iphoneos/cmTC_18591.build/Objects-normal/arm64/CheckIncludeFile.dia -c /Users/bangcle/apple-llvm-project_ios/build/CMakeFiles/CMakeTmp/CheckIncludeFile.c -o /Users/bangcle/apple-llvm-project_ios/build/CMakeFiles/CMakeTmp/CMAKE_TRY_COMPILE.build/Debug-iphoneos/cmTC_18591.build/Objects-normal/arm64/CheckIncludeFile.o
/Users/bangcle/apple-llvm-project_ios/build/CMakeFiles/CMakeTmp/CheckIncludeFile.c:1:10: fatal error: 'CrashReporterClient.h' file not found
#include <CrashReporterClient.h>
         ^~~~~~~~~~~~~~~~~~~~~~~
1 error generated.

/Users/bangcle/apple-llvm-project_ios/build/CMakeFiles/CMakeTmp/CMAKE_TRY_COMPILE.xcodeproj: warning: The iOS deployment target 'IPHONEOS_DEPLOYMENT_TARGET' is set to 10.0, but the range of supported deployment target versions is 11.0 to 16.4.99. (in target 'cmTC_18591' from project 'CMAKE_TRY_COMPILE')
** BUILD FAILED **


The following build commands failed:
	CompileC /Users/bangcle/apple-llvm-project_ios/build/CMakeFiles/CMakeTmp/CMAKE_TRY_COMPILE.build/Debug-iphoneos/cmTC_18591.build/Objects-normal/arm64/CheckIncludeFile.o /Users/bangcle/apple-llvm-project_ios/build/CMakeFiles/CMakeTmp/CheckIncludeFile.c normal arm64 c com.apple.compilers.llvm.clang.1_0.compiler (in target 'cmTC_18591' from project 'CMAKE_TRY_COMPILE')
(1 failure)



Determining if the function clock_gettime exists in the rt failed with the following output:
Change Dir: /Users/bangcle/apple-llvm-project_ios/build/CMakeFiles/CMakeTmp

Run Build Command(s):/usr/bin/xcodebuild -project CMAKE_TRY_COMPILE.xcodeproj build -target cmTC_5cbd5 -parallelizeTargets -configuration Debug -hideShellScriptEnvironment && 2023-05-09 11:02:49.949 xcodebuild[14276:5371235] DVTCoreDeviceEnabledState: DVTCoreDeviceEnabledState_Disabled set via user default (DVTEnableCoreDevice=disabled)
Command line invocation:
    /Applications/Xcode.app/Contents/Developer/usr/bin/xcodebuild -project CMAKE_TRY_COMPILE.xcodeproj build -target cmTC_5cbd5 -parallelizeTargets -configuration Debug -hideShellScriptEnvironment

User defaults from command line:
    HideShellScriptEnvironment = YES
    IDEPackageSupportUseBuiltinSCM = YES

Computing target dependency graph and provisioning inputs

Create build description
Build description signature: 89a26af4f5140d626f91a4a6f70b1ca2
Build description path: /Users/bangcle/apple-llvm-project_ios/build/CMakeFiles/CMakeTmp/build/XCBuildData/89a26af4f5140d626f91a4a6f70b1ca2.xcbuilddata

note: Building targets in dependency order
CreateBuildDirectory /Users/bangcle/apple-llvm-project_ios/build/CMakeFiles/CMakeTmp
    cd /Users/bangcle/apple-llvm-project_ios/build/CMakeFiles/CMakeTmp/CMAKE_TRY_COMPILE.xcodeproj
    builtin-create-build-directory /Users/bangcle/apple-llvm-project_ios/build/CMakeFiles/CMakeTmp

ClangStatCache /Applications/Xcode.app/Contents/Developer/Toolchains/XcodeDefault.xctoolchain/usr/bin/clang-stat-cache /Applications/Xcode.app/Contents/Developer/Platforms/iPhoneOS.platform/Developer/SDKs/iPhoneOS16.4.sdk /var/folders/30/2gj68zcd49l4mylgmzd1d7n40000gn/C/com.apple.DeveloperTools/14.3-14E222b/Xcode/SDKStatCaches.noindex/iphoneos16.4-20E238-.sdkstatcache
    cd /Users/bangcle/apple-llvm-project_ios/build/CMakeFiles/CMakeTmp/CMAKE_TRY_COMPILE.xcodeproj
    /Applications/Xcode.app/Contents/Developer/Toolchains/XcodeDefault.xctoolchain/usr/bin/clang-stat-cache /Applications/Xcode.app/Contents/Developer/Platforms/iPhoneOS.platform/Developer/SDKs/iPhoneOS16.4.sdk -o /var/folders/30/2gj68zcd49l4mylgmzd1d7n40000gn/C/com.apple.DeveloperTools/14.3-14E222b/Xcode/SDKStatCaches.noindex/iphoneos16.4-20E238-.sdkstatcache

CreateBuildDirectory /Users/bangcle/apple-llvm-project_ios/build/CMakeFiles/CMakeTmp/Debug
    cd /Users/bangcle/apple-llvm-project_ios/build/CMakeFiles/CMakeTmp/CMAKE_TRY_COMPILE.xcodeproj
    builtin-create-build-directory /Users/bangcle/apple-llvm-project_ios/build/CMakeFiles/CMakeTmp/Debug

CreateBuildDirectory /Users/bangcle/apple-llvm-project_ios/build/CMakeFiles/CMakeTmp/EagerLinkingTBDs/Debug-iphoneos
    cd /Users/bangcle/apple-llvm-project_ios/build/CMakeFiles/CMakeTmp/CMAKE_TRY_COMPILE.xcodeproj
    builtin-create-build-directory /Users/bangcle/apple-llvm-project_ios/build/CMakeFiles/CMakeTmp/EagerLinkingTBDs/Debug-iphoneos

WriteAuxiliaryFile /Users/bangcle/apple-llvm-project_ios/build/CMakeFiles/CMakeTmp/CMAKE_TRY_COMPILE.build/Debug-iphoneos/cmTC_5cbd5.build/Objects-normal/arm64/cmTC_5cbd5.LinkFileList (in target 'cmTC_5cbd5' from project 'CMAKE_TRY_COMPILE')
    cd /Users/bangcle/apple-llvm-project_ios/build/CMakeFiles/CMakeTmp
    write-file /Users/bangcle/apple-llvm-project_ios/build/CMakeFiles/CMakeTmp/CMAKE_TRY_COMPILE.build/Debug-iphoneos/cmTC_5cbd5.build/Objects-normal/arm64/cmTC_5cbd5.LinkFileList

CompileC /Users/bangcle/apple-llvm-project_ios/build/CMakeFiles/CMakeTmp/CMAKE_TRY_COMPILE.build/Debug-iphoneos/cmTC_5cbd5.build/Objects-normal/arm64/CheckFunctionExists.o /Applications/CMake.app/Contents/share/cmake-3.24/Modules/CheckFunctionExists.c normal arm64 c com.apple.compilers.llvm.clang.1_0.compiler (in target 'cmTC_5cbd5' from project 'CMAKE_TRY_COMPILE')
    cd /Users/bangcle/apple-llvm-project_ios/build/CMakeFiles/CMakeTmp
    /Applications/Xcode.app/Contents/Developer/Toolchains/XcodeDefault.xctoolchain/usr/bin/clang -x c -ivfsstatcache /var/folders/30/2gj68zcd49l4mylgmzd1d7n40000gn/C/com.apple.DeveloperTools/14.3-14E222b/Xcode/SDKStatCaches.noindex/iphoneos16.4-20E238-.sdkstatcache -target arm64-apple-ios10.0 -fmessage-length\=0 -fdiagnostics-show-note-include-stack -fmacro-backtrace-limit\=0 -Wno-trigraphs -fpascal-strings -O0 -Wno-missing-field-initializers -Wno-missing-prototypes -Wno-return-type -Wno-missing-braces -Wparentheses -Wswitch -Wno-unused-function -Wno-unused-label -Wno-unused-parameter -Wno-unused-variable -Wunused-value -Wno-empty-body -Wno-uninitialized -Wno-unknown-pragmas -Wno-shadow -Wno-four-char-constants -Wno-conversion -Wno-constant-conversion -Wno-int-conversion -Wno-bool-conversion -Wno-enum-conversion -Wno-float-conversion -Wno-non-literal-null-conversion -Wno-objc-literal-conversion -Wshorten-64-to-32 -Wpointer-sign -Wno-newline-eof -Wno-implicit-fallthrough -DCMAKE_INTDIR\=\"Debug-iphoneos\" -isysroot /Applications/Xcode.app/Contents/Developer/Platforms/iPhoneOS.platform/Developer/SDKs/iPhoneOS16.4.sdk -fstrict-aliasing -Wdeprecated-declarations -g -Wno-sign-conversion -Wno-infinite-recursion -Wno-comma -Wno-block-capture-autoreleasing -Wno-strict-prototypes -Wno-semicolon-before-method-body -I/Users/bangcle/apple-llvm-project_ios/build/CMakeFiles/CMakeTmp/Debug/include -I/Users/bangcle/apple-llvm-project_ios/build/CMakeFiles/CMakeTmp/CMAKE_TRY_COMPILE.build/Debug-iphoneos/cmTC_5cbd5.build/DerivedSources-normal/arm64 -I/Users/bangcle/apple-llvm-project_ios/build/CMakeFiles/CMakeTmp/CMAKE_TRY_COMPILE.build/Debug-iphoneos/cmTC_5cbd5.build/DerivedSources/arm64 -I/Users/bangcle/apple-llvm-project_ios/build/CMakeFiles/CMakeTmp/CMAKE_TRY_COMPILE.build/Debug-iphoneos/cmTC_5cbd5.build/DerivedSources -F/Users/bangcle/apple-llvm-project_ios/build/CMakeFiles/CMakeTmp/Debug -DCHECK_FUNCTION_EXISTS\=clock_gettime -MMD -MT dependencies -MF /Users/bangcle/apple-llvm-project_ios/build/CMakeFiles/CMakeTmp/CMAKE_TRY_COMPILE.build/Debug-iphoneos/cmTC_5cbd5.build/Objects-normal/arm64/CheckFunctionExists.d --serialize-diagnostics /Users/bangcle/apple-llvm-project_ios/build/CMakeFiles/CMakeTmp/CMAKE_TRY_COMPILE.build/Debug-iphoneos/cmTC_5cbd5.build/Objects-normal/arm64/CheckFunctionExists.dia -c /Applications/CMake.app/Contents/share/cmake-3.24/Modules/CheckFunctionExists.c -o /Users/bangcle/apple-llvm-project_ios/build/CMakeFiles/CMakeTmp/CMAKE_TRY_COMPILE.build/Debug-iphoneos/cmTC_5cbd5.build/Objects-normal/arm64/CheckFunctionExists.o

Ld /Users/bangcle/apple-llvm-project_ios/build/CMakeFiles/CMakeTmp/Debug/cmTC_5cbd5 normal (in target 'cmTC_5cbd5' from project 'CMAKE_TRY_COMPILE')
    cd /Users/bangcle/apple-llvm-project_ios/build/CMakeFiles/CMakeTmp
    /Applications/Xcode.app/Contents/Developer/Toolchains/XcodeDefault.xctoolchain/usr/bin/clang -Xlinker -reproducible -target arm64-apple-ios10.0 -isysroot /Applications/Xcode.app/Contents/Developer/Platforms/iPhoneOS.platform/Developer/SDKs/iPhoneOS16.4.sdk -L/Users/bangcle/apple-llvm-project_ios/build/CMakeFiles/CMakeTmp/EagerLinkingTBDs/Debug-iphoneos -L/Users/bangcle/apple-llvm-project_ios/build/CMakeFiles/CMakeTmp/Debug -F/Users/bangcle/apple-llvm-project_ios/build/CMakeFiles/CMakeTmp/EagerLinkingTBDs/Debug-iphoneos -F/Users/bangcle/apple-llvm-project_ios/build/CMakeFiles/CMakeTmp/Debug -filelist /Users/bangcle/apple-llvm-project_ios/build/CMakeFiles/CMakeTmp/CMAKE_TRY_COMPILE.build/Debug-iphoneos/cmTC_5cbd5.build/Objects-normal/arm64/cmTC_5cbd5.LinkFileList -dead_strip -Xlinker -object_path_lto -Xlinker /Users/bangcle/apple-llvm-project_ios/build/CMakeFiles/CMakeTmp/CMAKE_TRY_COMPILE.build/Debug-iphoneos/cmTC_5cbd5.build/Objects-normal/arm64/cmTC_5cbd5_lto.o -Xlinker -no_deduplicate -Wl,-search_paths_first -Wl,-headerpad_max_install_names -lrt -Xlinker -dependency_info -Xlinker /Users/bangcle/apple-llvm-project_ios/build/CMakeFiles/CMakeTmp/CMAKE_TRY_COMPILE.build/Debug-iphoneos/cmTC_5cbd5.build/Objects-normal/arm64/cmTC_5cbd5_dependency_info.dat -o /Users/bangcle/apple-llvm-project_ios/build/CMakeFiles/CMakeTmp/Debug/cmTC_5cbd5
ld: library not found for -lrt
clang: error: linker command failed with exit code 1 (use -v to see invocation)

/Users/bangcle/apple-llvm-project_ios/build/CMakeFiles/CMakeTmp/CMAKE_TRY_COMPILE.xcodeproj: warning: The iOS deployment target 'IPHONEOS_DEPLOYMENT_TARGET' is set to 10.0, but the range of supported deployment target versions is 11.0 to 16.4.99. (in target 'cmTC_5cbd5' from project 'CMAKE_TRY_COMPILE')
** BUILD FAILED **


The following build commands failed:
	Ld /Users/bangcle/apple-llvm-project_ios/build/CMakeFiles/CMakeTmp/Debug/cmTC_5cbd5 normal (in target 'cmTC_5cbd5' from project 'CMAKE_TRY_COMPILE')
(1 failure)



Determining if the function pfm_initialize exists in the pfm failed with the following output:
Change Dir: /Users/bangcle/apple-llvm-project_ios/build/CMakeFiles/CMakeTmp

Run Build Command(s):/usr/bin/xcodebuild -project CMAKE_TRY_COMPILE.xcodeproj build -target cmTC_a58a5 -parallelizeTargets -configuration Debug -hideShellScriptEnvironment && 2023-05-09 11:02:51.938 xcodebuild[14300:5371419] DVTCoreDeviceEnabledState: DVTCoreDeviceEnabledState_Disabled set via user default (DVTEnableCoreDevice=disabled)
Command line invocation:
    /Applications/Xcode.app/Contents/Developer/usr/bin/xcodebuild -project CMAKE_TRY_COMPILE.xcodeproj build -target cmTC_a58a5 -parallelizeTargets -configuration Debug -hideShellScriptEnvironment

User defaults from command line:
    HideShellScriptEnvironment = YES
    IDEPackageSupportUseBuiltinSCM = YES

Computing target dependency graph and provisioning inputs

Create build description
Build description signature: f56699e991c33ef7e5fc634b8ea7d97f
Build description path: /Users/bangcle/apple-llvm-project_ios/build/CMakeFiles/CMakeTmp/build/XCBuildData/f56699e991c33ef7e5fc634b8ea7d97f.xcbuilddata

note: Building targets in dependency order
CreateBuildDirectory /Users/bangcle/apple-llvm-project_ios/build/CMakeFiles/CMakeTmp
    cd /Users/bangcle/apple-llvm-project_ios/build/CMakeFiles/CMakeTmp/CMAKE_TRY_COMPILE.xcodeproj
    builtin-create-build-directory /Users/bangcle/apple-llvm-project_ios/build/CMakeFiles/CMakeTmp

ClangStatCache /Applications/Xcode.app/Contents/Developer/Toolchains/XcodeDefault.xctoolchain/usr/bin/clang-stat-cache /Applications/Xcode.app/Contents/Developer/Platforms/iPhoneOS.platform/Developer/SDKs/iPhoneOS16.4.sdk /var/folders/30/2gj68zcd49l4mylgmzd1d7n40000gn/C/com.apple.DeveloperTools/14.3-14E222b/Xcode/SDKStatCaches.noindex/iphoneos16.4-20E238-.sdkstatcache
    cd /Users/bangcle/apple-llvm-project_ios/build/CMakeFiles/CMakeTmp/CMAKE_TRY_COMPILE.xcodeproj
    /Applications/Xcode.app/Contents/Developer/Toolchains/XcodeDefault.xctoolchain/usr/bin/clang-stat-cache /Applications/Xcode.app/Contents/Developer/Platforms/iPhoneOS.platform/Developer/SDKs/iPhoneOS16.4.sdk -o /var/folders/30/2gj68zcd49l4mylgmzd1d7n40000gn/C/com.apple.DeveloperTools/14.3-14E222b/Xcode/SDKStatCaches.noindex/iphoneos16.4-20E238-.sdkstatcache

CreateBuildDirectory /Users/bangcle/apple-llvm-project_ios/build/CMakeFiles/CMakeTmp/Debug
    cd /Users/bangcle/apple-llvm-project_ios/build/CMakeFiles/CMakeTmp/CMAKE_TRY_COMPILE.xcodeproj
    builtin-create-build-directory /Users/bangcle/apple-llvm-project_ios/build/CMakeFiles/CMakeTmp/Debug

CreateBuildDirectory /Users/bangcle/apple-llvm-project_ios/build/CMakeFiles/CMakeTmp/EagerLinkingTBDs/Debug-iphoneos
    cd /Users/bangcle/apple-llvm-project_ios/build/CMakeFiles/CMakeTmp/CMAKE_TRY_COMPILE.xcodeproj
    builtin-create-build-directory /Users/bangcle/apple-llvm-project_ios/build/CMakeFiles/CMakeTmp/EagerLinkingTBDs/Debug-iphoneos

WriteAuxiliaryFile /Users/bangcle/apple-llvm-project_ios/build/CMakeFiles/CMakeTmp/CMAKE_TRY_COMPILE.build/Debug-iphoneos/cmTC_a58a5.build/Objects-normal/arm64/cmTC_a58a5.LinkFileList (in target 'cmTC_a58a5' from project 'CMAKE_TRY_COMPILE')
    cd /Users/bangcle/apple-llvm-project_ios/build/CMakeFiles/CMakeTmp
    write-file /Users/bangcle/apple-llvm-project_ios/build/CMakeFiles/CMakeTmp/CMAKE_TRY_COMPILE.build/Debug-iphoneos/cmTC_a58a5.build/Objects-normal/arm64/cmTC_a58a5.LinkFileList

CompileC /Users/bangcle/apple-llvm-project_ios/build/CMakeFiles/CMakeTmp/CMAKE_TRY_COMPILE.build/Debug-iphoneos/cmTC_a58a5.build/Objects-normal/arm64/CheckFunctionExists.o /Applications/CMake.app/Contents/share/cmake-3.24/Modules/CheckFunctionExists.c normal arm64 c com.apple.compilers.llvm.clang.1_0.compiler (in target 'cmTC_a58a5' from project 'CMAKE_TRY_COMPILE')
    cd /Users/bangcle/apple-llvm-project_ios/build/CMakeFiles/CMakeTmp
    /Applications/Xcode.app/Contents/Developer/Toolchains/XcodeDefault.xctoolchain/usr/bin/clang -x c -ivfsstatcache /var/folders/30/2gj68zcd49l4mylgmzd1d7n40000gn/C/com.apple.DeveloperTools/14.3-14E222b/Xcode/SDKStatCaches.noindex/iphoneos16.4-20E238-.sdkstatcache -target arm64-apple-ios10.0 -fmessage-length\=0 -fdiagnostics-show-note-include-stack -fmacro-backtrace-limit\=0 -Wno-trigraphs -fpascal-strings -O0 -Wno-missing-field-initializers -Wno-missing-prototypes -Wno-return-type -Wno-missing-braces -Wparentheses -Wswitch -Wno-unused-function -Wno-unused-label -Wno-unused-parameter -Wno-unused-variable -Wunused-value -Wno-empty-body -Wno-uninitialized -Wno-unknown-pragmas -Wno-shadow -Wno-four-char-constants -Wno-conversion -Wno-constant-conversion -Wno-int-conversion -Wno-bool-conversion -Wno-enum-conversion -Wno-float-conversion -Wno-non-literal-null-conversion -Wno-objc-literal-conversion -Wshorten-64-to-32 -Wpointer-sign -Wno-newline-eof -Wno-implicit-fallthrough -DCMAKE_INTDIR\=\"Debug-iphoneos\" -isysroot /Applications/Xcode.app/Contents/Developer/Platforms/iPhoneOS.platform/Developer/SDKs/iPhoneOS16.4.sdk -fstrict-aliasing -Wdeprecated-declarations -g -Wno-sign-conversion -Wno-infinite-recursion -Wno-comma -Wno-block-capture-autoreleasing -Wno-strict-prototypes -Wno-semicolon-before-method-body -I/Users/bangcle/apple-llvm-project_ios/build/CMakeFiles/CMakeTmp/Debug/include -I/Users/bangcle/apple-llvm-project_ios/build/CMakeFiles/CMakeTmp/CMAKE_TRY_COMPILE.build/Debug-iphoneos/cmTC_a58a5.build/DerivedSources-normal/arm64 -I/Users/bangcle/apple-llvm-project_ios/build/CMakeFiles/CMakeTmp/CMAKE_TRY_COMPILE.build/Debug-iphoneos/cmTC_a58a5.build/DerivedSources/arm64 -I/Users/bangcle/apple-llvm-project_ios/build/CMakeFiles/CMakeTmp/CMAKE_TRY_COMPILE.build/Debug-iphoneos/cmTC_a58a5.build/DerivedSources -F/Users/bangcle/apple-llvm-project_ios/build/CMakeFiles/CMakeTmp/Debug -DCHECK_FUNCTION_EXISTS\=pfm_initialize -MMD -MT dependencies -MF /Users/bangcle/apple-llvm-project_ios/build/CMakeFiles/CMakeTmp/CMAKE_TRY_COMPILE.build/Debug-iphoneos/cmTC_a58a5.build/Objects-normal/arm64/CheckFunctionExists.d --serialize-diagnostics /Users/bangcle/apple-llvm-project_ios/build/CMakeFiles/CMakeTmp/CMAKE_TRY_COMPILE.build/Debug-iphoneos/cmTC_a58a5.build/Objects-normal/arm64/CheckFunctionExists.dia -c /Applications/CMake.app/Contents/share/cmake-3.24/Modules/CheckFunctionExists.c -o /Users/bangcle/apple-llvm-project_ios/build/CMakeFiles/CMakeTmp/CMAKE_TRY_COMPILE.build/Debug-iphoneos/cmTC_a58a5.build/Objects-normal/arm64/CheckFunctionExists.o

Ld /Users/bangcle/apple-llvm-project_ios/build/CMakeFiles/CMakeTmp/Debug/cmTC_a58a5 normal (in target 'cmTC_a58a5' from project 'CMAKE_TRY_COMPILE')
    cd /Users/bangcle/apple-llvm-project_ios/build/CMakeFiles/CMakeTmp
    /Applications/Xcode.app/Contents/Developer/Toolchains/XcodeDefault.xctoolchain/usr/bin/clang -Xlinker -reproducible -target arm64-apple-ios10.0 -isysroot /Applications/Xcode.app/Contents/Developer/Platforms/iPhoneOS.platform/Developer/SDKs/iPhoneOS16.4.sdk -L/Users/bangcle/apple-llvm-project_ios/build/CMakeFiles/CMakeTmp/EagerLinkingTBDs/Debug-iphoneos -L/Users/bangcle/apple-llvm-project_ios/build/CMakeFiles/CMakeTmp/Debug -F/Users/bangcle/apple-llvm-project_ios/build/CMakeFiles/CMakeTmp/EagerLinkingTBDs/Debug-iphoneos -F/Users/bangcle/apple-llvm-project_ios/build/CMakeFiles/CMakeTmp/Debug -filelist /Users/bangcle/apple-llvm-project_ios/build/CMakeFiles/CMakeTmp/CMAKE_TRY_COMPILE.build/Debug-iphoneos/cmTC_a58a5.build/Objects-normal/arm64/cmTC_a58a5.LinkFileList -dead_strip -Xlinker -object_path_lto -Xlinker /Users/bangcle/apple-llvm-project_ios/build/CMakeFiles/CMakeTmp/CMAKE_TRY_COMPILE.build/Debug-iphoneos/cmTC_a58a5.build/Objects-normal/arm64/cmTC_a58a5_lto.o -Xlinker -no_deduplicate -Wl,-search_paths_first -Wl,-headerpad_max_install_names -lpfm -Xlinker -dependency_info -Xlinker /Users/bangcle/apple-llvm-project_ios/build/CMakeFiles/CMakeTmp/CMAKE_TRY_COMPILE.build/Debug-iphoneos/cmTC_a58a5.build/Objects-normal/arm64/cmTC_a58a5_dependency_info.dat -o /Users/bangcle/apple-llvm-project_ios/build/CMakeFiles/CMakeTmp/Debug/cmTC_a58a5
ld: library not found for -lpfm
clang: error: linker command failed with exit code 1 (use -v to see invocation)

/Users/bangcle/apple-llvm-project_ios/build/CMakeFiles/CMakeTmp/CMAKE_TRY_COMPILE.xcodeproj: warning: The iOS deployment target 'IPHONEOS_DEPLOYMENT_TARGET' is set to 10.0, but the range of supported deployment target versions is 11.0 to 16.4.99. (in target 'cmTC_a58a5' from project 'CMAKE_TRY_COMPILE')
** BUILD FAILED **


The following build commands failed:
	Ld /Users/bangcle/apple-llvm-project_ios/build/CMakeFiles/CMakeTmp/Debug/cmTC_a58a5 normal (in target 'cmTC_a58a5' from project 'CMAKE_TRY_COMPILE')
(1 failure)



Determining if the function xar_open exists in the xar failed with the following output:
Change Dir: /Users/bangcle/apple-llvm-project_ios/build/CMakeFiles/CMakeTmp

Run Build Command(s):/usr/bin/xcodebuild -project CMAKE_TRY_COMPILE.xcodeproj build -target cmTC_34b70 -parallelizeTargets -configuration Debug -hideShellScriptEnvironment && 2023-05-09 11:03:02.557 xcodebuild[14458:5372551] DVTCoreDeviceEnabledState: DVTCoreDeviceEnabledState_Disabled set via user default (DVTEnableCoreDevice=disabled)
Command line invocation:
    /Applications/Xcode.app/Contents/Developer/usr/bin/xcodebuild -project CMAKE_TRY_COMPILE.xcodeproj build -target cmTC_34b70 -parallelizeTargets -configuration Debug -hideShellScriptEnvironment

User defaults from command line:
    HideShellScriptEnvironment = YES
    IDEPackageSupportUseBuiltinSCM = YES

Computing target dependency graph and provisioning inputs

Create build description
Build description signature: 1222dc31d6d382ee62a1ac56c0c20603
Build description path: /Users/bangcle/apple-llvm-project_ios/build/CMakeFiles/CMakeTmp/build/XCBuildData/1222dc31d6d382ee62a1ac56c0c20603.xcbuilddata

note: Building targets in dependency order
CreateBuildDirectory /Users/bangcle/apple-llvm-project_ios/build/CMakeFiles/CMakeTmp
    cd /Users/bangcle/apple-llvm-project_ios/build/CMakeFiles/CMakeTmp/CMAKE_TRY_COMPILE.xcodeproj
    builtin-create-build-directory /Users/bangcle/apple-llvm-project_ios/build/CMakeFiles/CMakeTmp

ClangStatCache /Applications/Xcode.app/Contents/Developer/Toolchains/XcodeDefault.xctoolchain/usr/bin/clang-stat-cache /Applications/Xcode.app/Contents/Developer/Platforms/iPhoneOS.platform/Developer/SDKs/iPhoneOS16.4.sdk /var/folders/30/2gj68zcd49l4mylgmzd1d7n40000gn/C/com.apple.DeveloperTools/14.3-14E222b/Xcode/SDKStatCaches.noindex/iphoneos16.4-20E238-.sdkstatcache
    cd /Users/bangcle/apple-llvm-project_ios/build/CMakeFiles/CMakeTmp/CMAKE_TRY_COMPILE.xcodeproj
    /Applications/Xcode.app/Contents/Developer/Toolchains/XcodeDefault.xctoolchain/usr/bin/clang-stat-cache /Applications/Xcode.app/Contents/Developer/Platforms/iPhoneOS.platform/Developer/SDKs/iPhoneOS16.4.sdk -o /var/folders/30/2gj68zcd49l4mylgmzd1d7n40000gn/C/com.apple.DeveloperTools/14.3-14E222b/Xcode/SDKStatCaches.noindex/iphoneos16.4-20E238-.sdkstatcache

CreateBuildDirectory /Users/bangcle/apple-llvm-project_ios/build/CMakeFiles/CMakeTmp/Debug
    cd /Users/bangcle/apple-llvm-project_ios/build/CMakeFiles/CMakeTmp/CMAKE_TRY_COMPILE.xcodeproj
    builtin-create-build-directory /Users/bangcle/apple-llvm-project_ios/build/CMakeFiles/CMakeTmp/Debug

CreateBuildDirectory /Users/bangcle/apple-llvm-project_ios/build/CMakeFiles/CMakeTmp/EagerLinkingTBDs/Debug-iphoneos
    cd /Users/bangcle/apple-llvm-project_ios/build/CMakeFiles/CMakeTmp/CMAKE_TRY_COMPILE.xcodeproj
    builtin-create-build-directory /Users/bangcle/apple-llvm-project_ios/build/CMakeFiles/CMakeTmp/EagerLinkingTBDs/Debug-iphoneos

WriteAuxiliaryFile /Users/bangcle/apple-llvm-project_ios/build/CMakeFiles/CMakeTmp/CMAKE_TRY_COMPILE.build/Debug-iphoneos/cmTC_34b70.build/Objects-normal/arm64/cmTC_34b70.LinkFileList (in target 'cmTC_34b70' from project 'CMAKE_TRY_COMPILE')
    cd /Users/bangcle/apple-llvm-project_ios/build/CMakeFiles/CMakeTmp
    write-file /Users/bangcle/apple-llvm-project_ios/build/CMakeFiles/CMakeTmp/CMAKE_TRY_COMPILE.build/Debug-iphoneos/cmTC_34b70.build/Objects-normal/arm64/cmTC_34b70.LinkFileList

CompileC /Users/bangcle/apple-llvm-project_ios/build/CMakeFiles/CMakeTmp/CMAKE_TRY_COMPILE.build/Debug-iphoneos/cmTC_34b70.build/Objects-normal/arm64/CheckFunctionExists.o /Applications/CMake.app/Contents/share/cmake-3.24/Modules/CheckFunctionExists.c normal arm64 c com.apple.compilers.llvm.clang.1_0.compiler (in target 'cmTC_34b70' from project 'CMAKE_TRY_COMPILE')
    cd /Users/bangcle/apple-llvm-project_ios/build/CMakeFiles/CMakeTmp
    /Applications/Xcode.app/Contents/Developer/Toolchains/XcodeDefault.xctoolchain/usr/bin/clang -x c -ivfsstatcache /var/folders/30/2gj68zcd49l4mylgmzd1d7n40000gn/C/com.apple.DeveloperTools/14.3-14E222b/Xcode/SDKStatCaches.noindex/iphoneos16.4-20E238-.sdkstatcache -target arm64-apple-ios10.0 -fmessage-length\=0 -fdiagnostics-show-note-include-stack -fmacro-backtrace-limit\=0 -Wno-trigraphs -fpascal-strings -O0 -Wno-missing-field-initializers -Wno-missing-prototypes -Wno-return-type -Wno-missing-braces -Wparentheses -Wswitch -Wno-unused-function -Wno-unused-label -Wno-unused-parameter -Wno-unused-variable -Wunused-value -Wno-empty-body -Wno-uninitialized -Wno-unknown-pragmas -Wno-shadow -Wno-four-char-constants -Wno-conversion -Wno-constant-conversion -Wno-int-conversion -Wno-bool-conversion -Wno-enum-conversion -Wno-float-conversion -Wno-non-literal-null-conversion -Wno-objc-literal-conversion -Wshorten-64-to-32 -Wpointer-sign -Wno-newline-eof -Wno-implicit-fallthrough -DCMAKE_INTDIR\=\"Debug-iphoneos\" -isysroot /Applications/Xcode.app/Contents/Developer/Platforms/iPhoneOS.platform/Developer/SDKs/iPhoneOS16.4.sdk -fstrict-aliasing -Wdeprecated-declarations -g -Wno-sign-conversion -Wno-infinite-recursion -Wno-comma -Wno-block-capture-autoreleasing -Wno-strict-prototypes -Wno-semicolon-before-method-body -I/Users/bangcle/apple-llvm-project_ios/build/CMakeFiles/CMakeTmp/Debug/include -I/Users/bangcle/apple-llvm-project_ios/build/CMakeFiles/CMakeTmp/CMAKE_TRY_COMPILE.build/Debug-iphoneos/cmTC_34b70.build/DerivedSources-normal/arm64 -I/Users/bangcle/apple-llvm-project_ios/build/CMakeFiles/CMakeTmp/CMAKE_TRY_COMPILE.build/Debug-iphoneos/cmTC_34b70.build/DerivedSources/arm64 -I/Users/bangcle/apple-llvm-project_ios/build/CMakeFiles/CMakeTmp/CMAKE_TRY_COMPILE.build/Debug-iphoneos/cmTC_34b70.build/DerivedSources -F/Users/bangcle/apple-llvm-project_ios/build/CMakeFiles/CMakeTmp/Debug -DCHECK_FUNCTION_EXISTS\=xar_open -MMD -MT dependencies -MF /Users/bangcle/apple-llvm-project_ios/build/CMakeFiles/CMakeTmp/CMAKE_TRY_COMPILE.build/Debug-iphoneos/cmTC_34b70.build/Objects-normal/arm64/CheckFunctionExists.d --serialize-diagnostics /Users/bangcle/apple-llvm-project_ios/build/CMakeFiles/CMakeTmp/CMAKE_TRY_COMPILE.build/Debug-iphoneos/cmTC_34b70.build/Objects-normal/arm64/CheckFunctionExists.dia -c /Applications/CMake.app/Contents/share/cmake-3.24/Modules/CheckFunctionExists.c -o /Users/bangcle/apple-llvm-project_ios/build/CMakeFiles/CMakeTmp/CMAKE_TRY_COMPILE.build/Debug-iphoneos/cmTC_34b70.build/Objects-normal/arm64/CheckFunctionExists.o

Ld /Users/bangcle/apple-llvm-project_ios/build/CMakeFiles/CMakeTmp/Debug/cmTC_34b70 normal (in target 'cmTC_34b70' from project 'CMAKE_TRY_COMPILE')
    cd /Users/bangcle/apple-llvm-project_ios/build/CMakeFiles/CMakeTmp
    /Applications/Xcode.app/Contents/Developer/Toolchains/XcodeDefault.xctoolchain/usr/bin/clang -Xlinker -reproducible -target arm64-apple-ios10.0 -isysroot /Applications/Xcode.app/Contents/Developer/Platforms/iPhoneOS.platform/Developer/SDKs/iPhoneOS16.4.sdk -L/Users/bangcle/apple-llvm-project_ios/build/CMakeFiles/CMakeTmp/EagerLinkingTBDs/Debug-iphoneos -L/Users/bangcle/apple-llvm-project_ios/build/CMakeFiles/CMakeTmp/Debug -F/Users/bangcle/apple-llvm-project_ios/build/CMakeFiles/CMakeTmp/EagerLinkingTBDs/Debug-iphoneos -F/Users/bangcle/apple-llvm-project_ios/build/CMakeFiles/CMakeTmp/Debug -filelist /Users/bangcle/apple-llvm-project_ios/build/CMakeFiles/CMakeTmp/CMAKE_TRY_COMPILE.build/Debug-iphoneos/cmTC_34b70.build/Objects-normal/arm64/cmTC_34b70.LinkFileList -dead_strip -Xlinker -object_path_lto -Xlinker /Users/bangcle/apple-llvm-project_ios/build/CMakeFiles/CMakeTmp/CMAKE_TRY_COMPILE.build/Debug-iphoneos/cmTC_34b70.build/Objects-normal/arm64/cmTC_34b70_lto.o -Xlinker -no_deduplicate -Wl,-search_paths_first -Wl,-headerpad_max_install_names -lxar -Xlinker -dependency_info -Xlinker /Users/bangcle/apple-llvm-project_ios/build/CMakeFiles/CMakeTmp/CMAKE_TRY_COMPILE.build/Debug-iphoneos/cmTC_34b70.build/Objects-normal/arm64/cmTC_34b70_dependency_info.dat -o /Users/bangcle/apple-llvm-project_ios/build/CMakeFiles/CMakeTmp/Debug/cmTC_34b70
ld: library not found for -lxar
clang: error: linker command failed with exit code 1 (use -v to see invocation)

/Users/bangcle/apple-llvm-project_ios/build/CMakeFiles/CMakeTmp/CMAKE_TRY_COMPILE.xcodeproj: warning: The iOS deployment target 'IPHONEOS_DEPLOYMENT_TARGET' is set to 10.0, but the range of supported deployment target versions is 11.0 to 16.4.99. (in target 'cmTC_34b70' from project 'CMAKE_TRY_COMPILE')
** BUILD FAILED **


The following build commands failed:
	Ld /Users/bangcle/apple-llvm-project_ios/build/CMakeFiles/CMakeTmp/Debug/cmTC_34b70 normal (in target 'cmTC_34b70' from project 'CMAKE_TRY_COMPILE')
(1 failure)



Determining if the futimens exist failed with the following output:
Change Dir: /Users/bangcle/apple-llvm-project_ios/build/CMakeFiles/CMakeTmp

Run Build Command(s):/usr/bin/xcodebuild -project CMAKE_TRY_COMPILE.xcodeproj build -target cmTC_d9beb -parallelizeTargets -configuration Debug -hideShellScriptEnvironment && 2023-05-09 11:03:28.466 xcodebuild[14783:5375082] DVTCoreDeviceEnabledState: DVTCoreDeviceEnabledState_Disabled set via user default (DVTEnableCoreDevice=disabled)
Command line invocation:
    /Applications/Xcode.app/Contents/Developer/usr/bin/xcodebuild -project CMAKE_TRY_COMPILE.xcodeproj build -target cmTC_d9beb -parallelizeTargets -configuration Debug -hideShellScriptEnvironment

User defaults from command line:
    HideShellScriptEnvironment = YES
    IDEPackageSupportUseBuiltinSCM = YES

Computing target dependency graph and provisioning inputs

Create build description
Build description signature: 0bfa46b4f7ce0d968e8580acc8c1d8aa
Build description path: /Users/bangcle/apple-llvm-project_ios/build/CMakeFiles/CMakeTmp/build/XCBuildData/0bfa46b4f7ce0d968e8580acc8c1d8aa.xcbuilddata

note: Building targets in dependency order
CreateBuildDirectory /Users/bangcle/apple-llvm-project_ios/build/CMakeFiles/CMakeTmp
    cd /Users/bangcle/apple-llvm-project_ios/build/CMakeFiles/CMakeTmp/CMAKE_TRY_COMPILE.xcodeproj
    builtin-create-build-directory /Users/bangcle/apple-llvm-project_ios/build/CMakeFiles/CMakeTmp

ClangStatCache /Applications/Xcode.app/Contents/Developer/Toolchains/XcodeDefault.xctoolchain/usr/bin/clang-stat-cache /Applications/Xcode.app/Contents/Developer/Platforms/iPhoneOS.platform/Developer/SDKs/iPhoneOS16.4.sdk /var/folders/30/2gj68zcd49l4mylgmzd1d7n40000gn/C/com.apple.DeveloperTools/14.3-14E222b/Xcode/SDKStatCaches.noindex/iphoneos16.4-20E238-.sdkstatcache
    cd /Users/bangcle/apple-llvm-project_ios/build/CMakeFiles/CMakeTmp/CMAKE_TRY_COMPILE.xcodeproj
    /Applications/Xcode.app/Contents/Developer/Toolchains/XcodeDefault.xctoolchain/usr/bin/clang-stat-cache /Applications/Xcode.app/Contents/Developer/Platforms/iPhoneOS.platform/Developer/SDKs/iPhoneOS16.4.sdk -o /var/folders/30/2gj68zcd49l4mylgmzd1d7n40000gn/C/com.apple.DeveloperTools/14.3-14E222b/Xcode/SDKStatCaches.noindex/iphoneos16.4-20E238-.sdkstatcache

CreateBuildDirectory /Users/bangcle/apple-llvm-project_ios/build/CMakeFiles/CMakeTmp/Debug
    cd /Users/bangcle/apple-llvm-project_ios/build/CMakeFiles/CMakeTmp/CMAKE_TRY_COMPILE.xcodeproj
    builtin-create-build-directory /Users/bangcle/apple-llvm-project_ios/build/CMakeFiles/CMakeTmp/Debug

CreateBuildDirectory /Users/bangcle/apple-llvm-project_ios/build/CMakeFiles/CMakeTmp/EagerLinkingTBDs/Debug-iphoneos
    cd /Users/bangcle/apple-llvm-project_ios/build/CMakeFiles/CMakeTmp/CMAKE_TRY_COMPILE.xcodeproj
    builtin-create-build-directory /Users/bangcle/apple-llvm-project_ios/build/CMakeFiles/CMakeTmp/EagerLinkingTBDs/Debug-iphoneos

WriteAuxiliaryFile /Users/bangcle/apple-llvm-project_ios/build/CMakeFiles/CMakeTmp/CMAKE_TRY_COMPILE.build/Debug-iphoneos/cmTC_d9beb.build/Objects-normal/arm64/cmTC_d9beb.LinkFileList (in target 'cmTC_d9beb' from project 'CMAKE_TRY_COMPILE')
    cd /Users/bangcle/apple-llvm-project_ios/build/CMakeFiles/CMakeTmp
    write-file /Users/bangcle/apple-llvm-project_ios/build/CMakeFiles/CMakeTmp/CMAKE_TRY_COMPILE.build/Debug-iphoneos/cmTC_d9beb.build/Objects-normal/arm64/cmTC_d9beb.LinkFileList

CompileC /Users/bangcle/apple-llvm-project_ios/build/CMakeFiles/CMakeTmp/CMAKE_TRY_COMPILE.build/Debug-iphoneos/cmTC_d9beb.build/Objects-normal/arm64/CheckSymbolExists.o /Users/bangcle/apple-llvm-project_ios/build/CMakeFiles/CMakeTmp/CheckSymbolExists.c normal arm64 c com.apple.compilers.llvm.clang.1_0.compiler (in target 'cmTC_d9beb' from project 'CMAKE_TRY_COMPILE')
    cd /Users/bangcle/apple-llvm-project_ios/build/CMakeFiles/CMakeTmp
    /Applications/Xcode.app/Contents/Developer/Toolchains/XcodeDefault.xctoolchain/usr/bin/clang -x c -ivfsstatcache /var/folders/30/2gj68zcd49l4mylgmzd1d7n40000gn/C/com.apple.DeveloperTools/14.3-14E222b/Xcode/SDKStatCaches.noindex/iphoneos16.4-20E238-.sdkstatcache -target arm64-apple-ios10.0 -fmessage-length\=0 -fdiagnostics-show-note-include-stack -fmacro-backtrace-limit\=0 -Wno-trigraphs -fpascal-strings -O0 -Wno-missing-field-initializers -Wno-missing-prototypes -Wno-return-type -Wno-missing-braces -Wparentheses -Wswitch -Wno-unused-function -Wno-unused-label -Wno-unused-parameter -Wno-unused-variable -Wunused-value -Wno-empty-body -Wno-uninitialized -Wno-unknown-pragmas -Wno-shadow -Wno-four-char-constants -Wno-conversion -Wno-constant-conversion -Wno-int-conversion -Wno-bool-conversion -Wno-enum-conversion -Wno-float-conversion -Wno-non-literal-null-conversion -Wno-objc-literal-conversion -Wshorten-64-to-32 -Wpointer-sign -Wno-newline-eof -Wno-implicit-fallthrough -DCMAKE_INTDIR\=\"Debug-iphoneos\" -isysroot /Applications/Xcode.app/Contents/Developer/Platforms/iPhoneOS.platform/Developer/SDKs/iPhoneOS16.4.sdk -fstrict-aliasing -Wdeprecated-declarations -g -Wno-sign-conversion -Wno-infinite-recursion -Wno-comma -Wno-block-capture-autoreleasing -Wno-strict-prototypes -Wno-semicolon-before-method-body -I/Users/bangcle/apple-llvm-project_ios/build/CMakeFiles/CMakeTmp/Debug/include -I/Users/bangcle/apple-llvm-project_ios/build/CMakeFiles/CMakeTmp/CMAKE_TRY_COMPILE.build/Debug-iphoneos/cmTC_d9beb.build/DerivedSources-normal/arm64 -I/Users/bangcle/apple-llvm-project_ios/build/CMakeFiles/CMakeTmp/CMAKE_TRY_COMPILE.build/Debug-iphoneos/cmTC_d9beb.build/DerivedSources/arm64 -I/Users/bangcle/apple-llvm-project_ios/build/CMakeFiles/CMakeTmp/CMAKE_TRY_COMPILE.build/Debug-iphoneos/cmTC_d9beb.build/DerivedSources -F/Users/bangcle/apple-llvm-project_ios/build/CMakeFiles/CMakeTmp/Debug -Werror\=unguarded-availability-new -MMD -MT dependencies -MF /Users/bangcle/apple-llvm-project_ios/build/CMakeFiles/CMakeTmp/CMAKE_TRY_COMPILE.build/Debug-iphoneos/cmTC_d9beb.build/Objects-normal/arm64/CheckSymbolExists.d --serialize-diagnostics /Users/bangcle/apple-llvm-project_ios/build/CMakeFiles/CMakeTmp/CMAKE_TRY_COMPILE.build/Debug-iphoneos/cmTC_d9beb.build/Objects-normal/arm64/CheckSymbolExists.dia -c /Users/bangcle/apple-llvm-project_ios/build/CMakeFiles/CMakeTmp/CheckSymbolExists.c -o /Users/bangcle/apple-llvm-project_ios/build/CMakeFiles/CMakeTmp/CMAKE_TRY_COMPILE.build/Debug-iphoneos/cmTC_d9beb.build/Objects-normal/arm64/CheckSymbolExists.o
/Users/bangcle/apple-llvm-project_ios/build/CMakeFiles/CMakeTmp/CheckSymbolExists.c:8:19: error: 'futimens' is only available on iOS 11.0 or newer [-Werror,-Wunguarded-availability-new]
  return ((int*)(&futimens))[argc];
                  ^~~~~~~~
In file included from /Users/bangcle/apple-llvm-project_ios/build/CMakeFiles/CMakeTmp/CheckSymbolExists.c:2:
/Applications/Xcode.app/Contents/Developer/Platforms/iPhoneOS.platform/Developer/SDKs/iPhoneOS16.4.sdk/usr/include/sys/stat.h:400:9: note: 'futimens' has been marked as being introduced in iOS 11.0 here, but the deployment target is iOS 10.0.0
int     futimens(int __fd, const struct timespec __times[2]) __API_AVAILABLE(macosx(10.13), ios(11.0), tvos(11.0), watchos(4.0));
        ^
/Users/bangcle/apple-llvm-project_ios/build/CMakeFiles/CMakeTmp/CheckSymbolExists.c:8:19: note: enclose 'futimens' in a __builtin_available check to silence this warning
  return ((int*)(&futimens))[argc];
                  ^~~~~~~~
1 error generated.

/Users/bangcle/apple-llvm-project_ios/build/CMakeFiles/CMakeTmp/CMAKE_TRY_COMPILE.xcodeproj: warning: The iOS deployment target 'IPHONEOS_DEPLOYMENT_TARGET' is set to 10.0, but the range of supported deployment target versions is 11.0 to 16.4.99. (in target 'cmTC_d9beb' from project 'CMAKE_TRY_COMPILE')
** BUILD FAILED **


The following build commands failed:
	CompileC /Users/bangcle/apple-llvm-project_ios/build/CMakeFiles/CMakeTmp/CMAKE_TRY_COMPILE.build/Debug-iphoneos/cmTC_d9beb.build/Objects-normal/arm64/CheckSymbolExists.o /Users/bangcle/apple-llvm-project_ios/build/CMakeFiles/CMakeTmp/CheckSymbolExists.c normal arm64 c com.apple.compilers.llvm.clang.1_0.compiler (in target 'cmTC_d9beb' from project 'CMAKE_TRY_COMPILE')
(1 failure)


File /Users/bangcle/apple-llvm-project_ios/build/CMakeFiles/CMakeTmp/CheckSymbolExists.c:
/* */
#include <sys/stat.h>

int main(int argc, char** argv)
{
  (void)argv;
#ifndef futimens
  return ((int*)(&futimens))[argc];
#else
  (void)argc;
  return 0;
#endif
}
Determining if the lseek64 exist failed with the following output:
Change Dir: /Users/bangcle/apple-llvm-project_ios/build/CMakeFiles/CMakeTmp

Run Build Command(s):/usr/bin/xcodebuild -project CMAKE_TRY_COMPILE.xcodeproj build -target cmTC_4c80e -parallelizeTargets -configuration Debug -hideShellScriptEnvironment && 2023-05-09 11:03:32.118 xcodebuild[14830:5375467] DVTCoreDeviceEnabledState: DVTCoreDeviceEnabledState_Disabled set via user default (DVTEnableCoreDevice=disabled)
Command line invocation:
    /Applications/Xcode.app/Contents/Developer/usr/bin/xcodebuild -project CMAKE_TRY_COMPILE.xcodeproj build -target cmTC_4c80e -parallelizeTargets -configuration Debug -hideShellScriptEnvironment

User defaults from command line:
    HideShellScriptEnvironment = YES
    IDEPackageSupportUseBuiltinSCM = YES

Computing target dependency graph and provisioning inputs

Create build description
Build description signature: be040a1dbe78259d6a27869361bdec4f
Build description path: /Users/bangcle/apple-llvm-project_ios/build/CMakeFiles/CMakeTmp/build/XCBuildData/be040a1dbe78259d6a27869361bdec4f.xcbuilddata

note: Building targets in dependency order
CreateBuildDirectory /Users/bangcle/apple-llvm-project_ios/build/CMakeFiles/CMakeTmp
    cd /Users/bangcle/apple-llvm-project_ios/build/CMakeFiles/CMakeTmp/CMAKE_TRY_COMPILE.xcodeproj
    builtin-create-build-directory /Users/bangcle/apple-llvm-project_ios/build/CMakeFiles/CMakeTmp

ClangStatCache /Applications/Xcode.app/Contents/Developer/Toolchains/XcodeDefault.xctoolchain/usr/bin/clang-stat-cache /Applications/Xcode.app/Contents/Developer/Platforms/iPhoneOS.platform/Developer/SDKs/iPhoneOS16.4.sdk /var/folders/30/2gj68zcd49l4mylgmzd1d7n40000gn/C/com.apple.DeveloperTools/14.3-14E222b/Xcode/SDKStatCaches.noindex/iphoneos16.4-20E238-.sdkstatcache
    cd /Users/bangcle/apple-llvm-project_ios/build/CMakeFiles/CMakeTmp/CMAKE_TRY_COMPILE.xcodeproj
    /Applications/Xcode.app/Contents/Developer/Toolchains/XcodeDefault.xctoolchain/usr/bin/clang-stat-cache /Applications/Xcode.app/Contents/Developer/Platforms/iPhoneOS.platform/Developer/SDKs/iPhoneOS16.4.sdk -o /var/folders/30/2gj68zcd49l4mylgmzd1d7n40000gn/C/com.apple.DeveloperTools/14.3-14E222b/Xcode/SDKStatCaches.noindex/iphoneos16.4-20E238-.sdkstatcache

CreateBuildDirectory /Users/bangcle/apple-llvm-project_ios/build/CMakeFiles/CMakeTmp/Debug
    cd /Users/bangcle/apple-llvm-project_ios/build/CMakeFiles/CMakeTmp/CMAKE_TRY_COMPILE.xcodeproj
    builtin-create-build-directory /Users/bangcle/apple-llvm-project_ios/build/CMakeFiles/CMakeTmp/Debug

CreateBuildDirectory /Users/bangcle/apple-llvm-project_ios/build/CMakeFiles/CMakeTmp/EagerLinkingTBDs/Debug-iphoneos
    cd /Users/bangcle/apple-llvm-project_ios/build/CMakeFiles/CMakeTmp/CMAKE_TRY_COMPILE.xcodeproj
    builtin-create-build-directory /Users/bangcle/apple-llvm-project_ios/build/CMakeFiles/CMakeTmp/EagerLinkingTBDs/Debug-iphoneos

WriteAuxiliaryFile /Users/bangcle/apple-llvm-project_ios/build/CMakeFiles/CMakeTmp/CMAKE_TRY_COMPILE.build/Debug-iphoneos/cmTC_4c80e.build/Objects-normal/arm64/cmTC_4c80e.LinkFileList (in target 'cmTC_4c80e' from project 'CMAKE_TRY_COMPILE')
    cd /Users/bangcle/apple-llvm-project_ios/build/CMakeFiles/CMakeTmp
    write-file /Users/bangcle/apple-llvm-project_ios/build/CMakeFiles/CMakeTmp/CMAKE_TRY_COMPILE.build/Debug-iphoneos/cmTC_4c80e.build/Objects-normal/arm64/cmTC_4c80e.LinkFileList

CompileC /Users/bangcle/apple-llvm-project_ios/build/CMakeFiles/CMakeTmp/CMAKE_TRY_COMPILE.build/Debug-iphoneos/cmTC_4c80e.build/Objects-normal/arm64/CheckSymbolExists.o /Users/bangcle/apple-llvm-project_ios/build/CMakeFiles/CMakeTmp/CheckSymbolExists.c normal arm64 c com.apple.compilers.llvm.clang.1_0.compiler (in target 'cmTC_4c80e' from project 'CMAKE_TRY_COMPILE')
    cd /Users/bangcle/apple-llvm-project_ios/build/CMakeFiles/CMakeTmp
    /Applications/Xcode.app/Contents/Developer/Toolchains/XcodeDefault.xctoolchain/usr/bin/clang -x c -ivfsstatcache /var/folders/30/2gj68zcd49l4mylgmzd1d7n40000gn/C/com.apple.DeveloperTools/14.3-14E222b/Xcode/SDKStatCaches.noindex/iphoneos16.4-20E238-.sdkstatcache -target arm64-apple-ios10.0 -fmessage-length\=0 -fdiagnostics-show-note-include-stack -fmacro-backtrace-limit\=0 -Wno-trigraphs -fpascal-strings -O0 -Wno-missing-field-initializers -Wno-missing-prototypes -Wno-return-type -Wno-missing-braces -Wparentheses -Wswitch -Wno-unused-function -Wno-unused-label -Wno-unused-parameter -Wno-unused-variable -Wunused-value -Wno-empty-body -Wno-uninitialized -Wno-unknown-pragmas -Wno-shadow -Wno-four-char-constants -Wno-conversion -Wno-constant-conversion -Wno-int-conversion -Wno-bool-conversion -Wno-enum-conversion -Wno-float-conversion -Wno-non-literal-null-conversion -Wno-objc-literal-conversion -Wshorten-64-to-32 -Wpointer-sign -Wno-newline-eof -Wno-implicit-fallthrough -DCMAKE_INTDIR\=\"Debug-iphoneos\" -D_LARGEFILE64_SOURCE -isysroot /Applications/Xcode.app/Contents/Developer/Platforms/iPhoneOS.platform/Developer/SDKs/iPhoneOS16.4.sdk -fstrict-aliasing -Wdeprecated-declarations -g -Wno-sign-conversion -Wno-infinite-recursion -Wno-comma -Wno-block-capture-autoreleasing -Wno-strict-prototypes -Wno-semicolon-before-method-body -I/Users/bangcle/apple-llvm-project_ios/build/CMakeFiles/CMakeTmp/Debug/include -I/Users/bangcle/apple-llvm-project_ios/build/CMakeFiles/CMakeTmp/CMAKE_TRY_COMPILE.build/Debug-iphoneos/cmTC_4c80e.build/DerivedSources-normal/arm64 -I/Users/bangcle/apple-llvm-project_ios/build/CMakeFiles/CMakeTmp/CMAKE_TRY_COMPILE.build/Debug-iphoneos/cmTC_4c80e.build/DerivedSources/arm64 -I/Users/bangcle/apple-llvm-project_ios/build/CMakeFiles/CMakeTmp/CMAKE_TRY_COMPILE.build/Debug-iphoneos/cmTC_4c80e.build/DerivedSources -F/Users/bangcle/apple-llvm-project_ios/build/CMakeFiles/CMakeTmp/Debug -Werror\=unguarded-availability-new -MMD -MT dependencies -MF /Users/bangcle/apple-llvm-project_ios/build/CMakeFiles/CMakeTmp/CMAKE_TRY_COMPILE.build/Debug-iphoneos/cmTC_4c80e.build/Objects-normal/arm64/CheckSymbolExists.d --serialize-diagnostics /Users/bangcle/apple-llvm-project_ios/build/CMakeFiles/CMakeTmp/CMAKE_TRY_COMPILE.build/Debug-iphoneos/cmTC_4c80e.build/Objects-normal/arm64/CheckSymbolExists.dia -c /Users/bangcle/apple-llvm-project_ios/build/CMakeFiles/CMakeTmp/CheckSymbolExists.c -o /Users/bangcle/apple-llvm-project_ios/build/CMakeFiles/CMakeTmp/CMAKE_TRY_COMPILE.build/Debug-iphoneos/cmTC_4c80e.build/Objects-normal/arm64/CheckSymbolExists.o
/Users/bangcle/apple-llvm-project_ios/build/CMakeFiles/CMakeTmp/CheckSymbolExists.c:9:19: error: use of undeclared identifier 'lseek64'; did you mean 'lseek'?
  return ((int*)(&lseek64))[argc];
                  ^~~~~~~
                  lseek
In file included from /Users/bangcle/apple-llvm-project_ios/build/CMakeFiles/CMakeTmp/CheckSymbolExists.c:3:
/Applications/Xcode.app/Contents/Developer/Platforms/iPhoneOS.platform/Developer/SDKs/iPhoneOS16.4.sdk/usr/include/unistd.h:465:8: note: 'lseek' declared here
off_t    lseek(int, off_t, int);
         ^
1 error generated.

/Users/bangcle/apple-llvm-project_ios/build/CMakeFiles/CMakeTmp/CMAKE_TRY_COMPILE.xcodeproj: warning: The iOS deployment target 'IPHONEOS_DEPLOYMENT_TARGET' is set to 10.0, but the range of supported deployment target versions is 11.0 to 16.4.99. (in target 'cmTC_4c80e' from project 'CMAKE_TRY_COMPILE')
** BUILD FAILED **


The following build commands failed:
	CompileC /Users/bangcle/apple-llvm-project_ios/build/CMakeFiles/CMakeTmp/CMAKE_TRY_COMPILE.build/Debug-iphoneos/cmTC_4c80e.build/Objects-normal/arm64/CheckSymbolExists.o /Users/bangcle/apple-llvm-project_ios/build/CMakeFiles/CMakeTmp/CheckSymbolExists.c normal arm64 c com.apple.compilers.llvm.clang.1_0.compiler (in target 'cmTC_4c80e' from project 'CMAKE_TRY_COMPILE')
(1 failure)


File /Users/bangcle/apple-llvm-project_ios/build/CMakeFiles/CMakeTmp/CheckSymbolExists.c:
/* */
#include <sys/types.h>
#include <unistd.h>

int main(int argc, char** argv)
{
  (void)argv;
#ifndef lseek64
  return ((int*)(&lseek64))[argc];
#else
  (void)argc;
  return 0;
#endif
}
Determining if the mallctl exist failed with the following output:
Change Dir: /Users/bangcle/apple-llvm-project_ios/build/CMakeFiles/CMakeTmp

Run Build Command(s):/usr/bin/xcodebuild -project CMAKE_TRY_COMPILE.xcodeproj build -target cmTC_0b277 -parallelizeTargets -configuration Debug -hideShellScriptEnvironment && 2023-05-09 11:03:33.909 xcodebuild[14852:5375644] DVTCoreDeviceEnabledState: DVTCoreDeviceEnabledState_Disabled set via user default (DVTEnableCoreDevice=disabled)
Command line invocation:
    /Applications/Xcode.app/Contents/Developer/usr/bin/xcodebuild -project CMAKE_TRY_COMPILE.xcodeproj build -target cmTC_0b277 -parallelizeTargets -configuration Debug -hideShellScriptEnvironment

User defaults from command line:
    HideShellScriptEnvironment = YES
    IDEPackageSupportUseBuiltinSCM = YES

Computing target dependency graph and provisioning inputs

Create build description
Build description signature: b901acc55e1e3fadbd55a6735792e5b3
Build description path: /Users/bangcle/apple-llvm-project_ios/build/CMakeFiles/CMakeTmp/build/XCBuildData/b901acc55e1e3fadbd55a6735792e5b3.xcbuilddata

note: Building targets in dependency order
CreateBuildDirectory /Users/bangcle/apple-llvm-project_ios/build/CMakeFiles/CMakeTmp
    cd /Users/bangcle/apple-llvm-project_ios/build/CMakeFiles/CMakeTmp/CMAKE_TRY_COMPILE.xcodeproj
    builtin-create-build-directory /Users/bangcle/apple-llvm-project_ios/build/CMakeFiles/CMakeTmp

ClangStatCache /Applications/Xcode.app/Contents/Developer/Toolchains/XcodeDefault.xctoolchain/usr/bin/clang-stat-cache /Applications/Xcode.app/Contents/Developer/Platforms/iPhoneOS.platform/Developer/SDKs/iPhoneOS16.4.sdk /var/folders/30/2gj68zcd49l4mylgmzd1d7n40000gn/C/com.apple.DeveloperTools/14.3-14E222b/Xcode/SDKStatCaches.noindex/iphoneos16.4-20E238-.sdkstatcache
    cd /Users/bangcle/apple-llvm-project_ios/build/CMakeFiles/CMakeTmp/CMAKE_TRY_COMPILE.xcodeproj
    /Applications/Xcode.app/Contents/Developer/Toolchains/XcodeDefault.xctoolchain/usr/bin/clang-stat-cache /Applications/Xcode.app/Contents/Developer/Platforms/iPhoneOS.platform/Developer/SDKs/iPhoneOS16.4.sdk -o /var/folders/30/2gj68zcd49l4mylgmzd1d7n40000gn/C/com.apple.DeveloperTools/14.3-14E222b/Xcode/SDKStatCaches.noindex/iphoneos16.4-20E238-.sdkstatcache

CreateBuildDirectory /Users/bangcle/apple-llvm-project_ios/build/CMakeFiles/CMakeTmp/Debug
    cd /Users/bangcle/apple-llvm-project_ios/build/CMakeFiles/CMakeTmp/CMAKE_TRY_COMPILE.xcodeproj
    builtin-create-build-directory /Users/bangcle/apple-llvm-project_ios/build/CMakeFiles/CMakeTmp/Debug

CreateBuildDirectory /Users/bangcle/apple-llvm-project_ios/build/CMakeFiles/CMakeTmp/EagerLinkingTBDs/Debug-iphoneos
    cd /Users/bangcle/apple-llvm-project_ios/build/CMakeFiles/CMakeTmp/CMAKE_TRY_COMPILE.xcodeproj
    builtin-create-build-directory /Users/bangcle/apple-llvm-project_ios/build/CMakeFiles/CMakeTmp/EagerLinkingTBDs/Debug-iphoneos

WriteAuxiliaryFile /Users/bangcle/apple-llvm-project_ios/build/CMakeFiles/CMakeTmp/CMAKE_TRY_COMPILE.build/Debug-iphoneos/cmTC_0b277.build/Objects-normal/arm64/cmTC_0b277.LinkFileList (in target 'cmTC_0b277' from project 'CMAKE_TRY_COMPILE')
    cd /Users/bangcle/apple-llvm-project_ios/build/CMakeFiles/CMakeTmp
    write-file /Users/bangcle/apple-llvm-project_ios/build/CMakeFiles/CMakeTmp/CMAKE_TRY_COMPILE.build/Debug-iphoneos/cmTC_0b277.build/Objects-normal/arm64/cmTC_0b277.LinkFileList

CompileC /Users/bangcle/apple-llvm-project_ios/build/CMakeFiles/CMakeTmp/CMAKE_TRY_COMPILE.build/Debug-iphoneos/cmTC_0b277.build/Objects-normal/arm64/CheckSymbolExists.o /Users/bangcle/apple-llvm-project_ios/build/CMakeFiles/CMakeTmp/CheckSymbolExists.c normal arm64 c com.apple.compilers.llvm.clang.1_0.compiler (in target 'cmTC_0b277' from project 'CMAKE_TRY_COMPILE')
    cd /Users/bangcle/apple-llvm-project_ios/build/CMakeFiles/CMakeTmp
    /Applications/Xcode.app/Contents/Developer/Toolchains/XcodeDefault.xctoolchain/usr/bin/clang -x c -ivfsstatcache /var/folders/30/2gj68zcd49l4mylgmzd1d7n40000gn/C/com.apple.DeveloperTools/14.3-14E222b/Xcode/SDKStatCaches.noindex/iphoneos16.4-20E238-.sdkstatcache -target arm64-apple-ios10.0 -fmessage-length\=0 -fdiagnostics-show-note-include-stack -fmacro-backtrace-limit\=0 -Wno-trigraphs -fpascal-strings -O0 -Wno-missing-field-initializers -Wno-missing-prototypes -Wno-return-type -Wno-missing-braces -Wparentheses -Wswitch -Wno-unused-function -Wno-unused-label -Wno-unused-parameter -Wno-unused-variable -Wunused-value -Wno-empty-body -Wno-uninitialized -Wno-unknown-pragmas -Wno-shadow -Wno-four-char-constants -Wno-conversion -Wno-constant-conversion -Wno-int-conversion -Wno-bool-conversion -Wno-enum-conversion -Wno-float-conversion -Wno-non-literal-null-conversion -Wno-objc-literal-conversion -Wshorten-64-to-32 -Wpointer-sign -Wno-newline-eof -Wno-implicit-fallthrough -DCMAKE_INTDIR\=\"Debug-iphoneos\" -isysroot /Applications/Xcode.app/Contents/Developer/Platforms/iPhoneOS.platform/Developer/SDKs/iPhoneOS16.4.sdk -fstrict-aliasing -Wdeprecated-declarations -g -Wno-sign-conversion -Wno-infinite-recursion -Wno-comma -Wno-block-capture-autoreleasing -Wno-strict-prototypes -Wno-semicolon-before-method-body -I/Users/bangcle/apple-llvm-project_ios/build/CMakeFiles/CMakeTmp/Debug/include -I/Users/bangcle/apple-llvm-project_ios/build/CMakeFiles/CMakeTmp/CMAKE_TRY_COMPILE.build/Debug-iphoneos/cmTC_0b277.build/DerivedSources-normal/arm64 -I/Users/bangcle/apple-llvm-project_ios/build/CMakeFiles/CMakeTmp/CMAKE_TRY_COMPILE.build/Debug-iphoneos/cmTC_0b277.build/DerivedSources/arm64 -I/Users/bangcle/apple-llvm-project_ios/build/CMakeFiles/CMakeTmp/CMAKE_TRY_COMPILE.build/Debug-iphoneos/cmTC_0b277.build/DerivedSources -F/Users/bangcle/apple-llvm-project_ios/build/CMakeFiles/CMakeTmp/Debug -Werror\=unguarded-availability-new -MMD -MT dependencies -MF /Users/bangcle/apple-llvm-project_ios/build/CMakeFiles/CMakeTmp/CMAKE_TRY_COMPILE.build/Debug-iphoneos/cmTC_0b277.build/Objects-normal/arm64/CheckSymbolExists.d --serialize-diagnostics /Users/bangcle/apple-llvm-project_ios/build/CMakeFiles/CMakeTmp/CMAKE_TRY_COMPILE.build/Debug-iphoneos/cmTC_0b277.build/Objects-normal/arm64/CheckSymbolExists.dia -c /Users/bangcle/apple-llvm-project_ios/build/CMakeFiles/CMakeTmp/CheckSymbolExists.c -o /Users/bangcle/apple-llvm-project_ios/build/CMakeFiles/CMakeTmp/CMAKE_TRY_COMPILE.build/Debug-iphoneos/cmTC_0b277.build/Objects-normal/arm64/CheckSymbolExists.o
/Users/bangcle/apple-llvm-project_ios/build/CMakeFiles/CMakeTmp/CheckSymbolExists.c:2:10: fatal error: 'malloc_np.h' file not found
#include <malloc_np.h>
         ^~~~~~~~~~~~~
1 error generated.

/Users/bangcle/apple-llvm-project_ios/build/CMakeFiles/CMakeTmp/CMAKE_TRY_COMPILE.xcodeproj: warning: The iOS deployment target 'IPHONEOS_DEPLOYMENT_TARGET' is set to 10.0, but the range of supported deployment target versions is 11.0 to 16.4.99. (in target 'cmTC_0b277' from project 'CMAKE_TRY_COMPILE')
** BUILD FAILED **


The following build commands failed:
	CompileC /Users/bangcle/apple-llvm-project_ios/build/CMakeFiles/CMakeTmp/CMAKE_TRY_COMPILE.build/Debug-iphoneos/cmTC_0b277.build/Objects-normal/arm64/CheckSymbolExists.o /Users/bangcle/apple-llvm-project_ios/build/CMakeFiles/CMakeTmp/CheckSymbolExists.c normal arm64 c com.apple.compilers.llvm.clang.1_0.compiler (in target 'cmTC_0b277' from project 'CMAKE_TRY_COMPILE')
(1 failure)


File /Users/bangcle/apple-llvm-project_ios/build/CMakeFiles/CMakeTmp/CheckSymbolExists.c:
/* */
#include <malloc_np.h>

int main(int argc, char** argv)
{
  (void)argv;
#ifndef mallctl
  return ((int*)(&mallctl))[argc];
#else
  (void)argc;
  return 0;
#endif
}
Determining if the mallinfo exist failed with the following output:
Change Dir: /Users/bangcle/apple-llvm-project_ios/build/CMakeFiles/CMakeTmp

Run Build Command(s):/usr/bin/xcodebuild -project CMAKE_TRY_COMPILE.xcodeproj build -target cmTC_43091 -parallelizeTargets -configuration Debug -hideShellScriptEnvironment && 2023-05-09 11:03:35.721 xcodebuild[14874:5375824] DVTCoreDeviceEnabledState: DVTCoreDeviceEnabledState_Disabled set via user default (DVTEnableCoreDevice=disabled)
Command line invocation:
    /Applications/Xcode.app/Contents/Developer/usr/bin/xcodebuild -project CMAKE_TRY_COMPILE.xcodeproj build -target cmTC_43091 -parallelizeTargets -configuration Debug -hideShellScriptEnvironment

User defaults from command line:
    HideShellScriptEnvironment = YES
    IDEPackageSupportUseBuiltinSCM = YES

Computing target dependency graph and provisioning inputs

Create build description
Build description signature: 082e18fd0306b58d638482d9ead657a4
Build description path: /Users/bangcle/apple-llvm-project_ios/build/CMakeFiles/CMakeTmp/build/XCBuildData/082e18fd0306b58d638482d9ead657a4.xcbuilddata

note: Building targets in dependency order
CreateBuildDirectory /Users/bangcle/apple-llvm-project_ios/build/CMakeFiles/CMakeTmp
    cd /Users/bangcle/apple-llvm-project_ios/build/CMakeFiles/CMakeTmp/CMAKE_TRY_COMPILE.xcodeproj
    builtin-create-build-directory /Users/bangcle/apple-llvm-project_ios/build/CMakeFiles/CMakeTmp

ClangStatCache /Applications/Xcode.app/Contents/Developer/Toolchains/XcodeDefault.xctoolchain/usr/bin/clang-stat-cache /Applications/Xcode.app/Contents/Developer/Platforms/iPhoneOS.platform/Developer/SDKs/iPhoneOS16.4.sdk /var/folders/30/2gj68zcd49l4mylgmzd1d7n40000gn/C/com.apple.DeveloperTools/14.3-14E222b/Xcode/SDKStatCaches.noindex/iphoneos16.4-20E238-.sdkstatcache
    cd /Users/bangcle/apple-llvm-project_ios/build/CMakeFiles/CMakeTmp/CMAKE_TRY_COMPILE.xcodeproj
    /Applications/Xcode.app/Contents/Developer/Toolchains/XcodeDefault.xctoolchain/usr/bin/clang-stat-cache /Applications/Xcode.app/Contents/Developer/Platforms/iPhoneOS.platform/Developer/SDKs/iPhoneOS16.4.sdk -o /var/folders/30/2gj68zcd49l4mylgmzd1d7n40000gn/C/com.apple.DeveloperTools/14.3-14E222b/Xcode/SDKStatCaches.noindex/iphoneos16.4-20E238-.sdkstatcache

CreateBuildDirectory /Users/bangcle/apple-llvm-project_ios/build/CMakeFiles/CMakeTmp/Debug
    cd /Users/bangcle/apple-llvm-project_ios/build/CMakeFiles/CMakeTmp/CMAKE_TRY_COMPILE.xcodeproj
    builtin-create-build-directory /Users/bangcle/apple-llvm-project_ios/build/CMakeFiles/CMakeTmp/Debug

CreateBuildDirectory /Users/bangcle/apple-llvm-project_ios/build/CMakeFiles/CMakeTmp/EagerLinkingTBDs/Debug-iphoneos
    cd /Users/bangcle/apple-llvm-project_ios/build/CMakeFiles/CMakeTmp/CMAKE_TRY_COMPILE.xcodeproj
    builtin-create-build-directory /Users/bangcle/apple-llvm-project_ios/build/CMakeFiles/CMakeTmp/EagerLinkingTBDs/Debug-iphoneos

WriteAuxiliaryFile /Users/bangcle/apple-llvm-project_ios/build/CMakeFiles/CMakeTmp/CMAKE_TRY_COMPILE.build/Debug-iphoneos/cmTC_43091.build/Objects-normal/arm64/cmTC_43091.LinkFileList (in target 'cmTC_43091' from project 'CMAKE_TRY_COMPILE')
    cd /Users/bangcle/apple-llvm-project_ios/build/CMakeFiles/CMakeTmp
    write-file /Users/bangcle/apple-llvm-project_ios/build/CMakeFiles/CMakeTmp/CMAKE_TRY_COMPILE.build/Debug-iphoneos/cmTC_43091.build/Objects-normal/arm64/cmTC_43091.LinkFileList

CompileC /Users/bangcle/apple-llvm-project_ios/build/CMakeFiles/CMakeTmp/CMAKE_TRY_COMPILE.build/Debug-iphoneos/cmTC_43091.build/Objects-normal/arm64/CheckSymbolExists.o /Users/bangcle/apple-llvm-project_ios/build/CMakeFiles/CMakeTmp/CheckSymbolExists.c normal arm64 c com.apple.compilers.llvm.clang.1_0.compiler (in target 'cmTC_43091' from project 'CMAKE_TRY_COMPILE')
    cd /Users/bangcle/apple-llvm-project_ios/build/CMakeFiles/CMakeTmp
    /Applications/Xcode.app/Contents/Developer/Toolchains/XcodeDefault.xctoolchain/usr/bin/clang -x c -ivfsstatcache /var/folders/30/2gj68zcd49l4mylgmzd1d7n40000gn/C/com.apple.DeveloperTools/14.3-14E222b/Xcode/SDKStatCaches.noindex/iphoneos16.4-20E238-.sdkstatcache -target arm64-apple-ios10.0 -fmessage-length\=0 -fdiagnostics-show-note-include-stack -fmacro-backtrace-limit\=0 -Wno-trigraphs -fpascal-strings -O0 -Wno-missing-field-initializers -Wno-missing-prototypes -Wno-return-type -Wno-missing-braces -Wparentheses -Wswitch -Wno-unused-function -Wno-unused-label -Wno-unused-parameter -Wno-unused-variable -Wunused-value -Wno-empty-body -Wno-uninitialized -Wno-unknown-pragmas -Wno-shadow -Wno-four-char-constants -Wno-conversion -Wno-constant-conversion -Wno-int-conversion -Wno-bool-conversion -Wno-enum-conversion -Wno-float-conversion -Wno-non-literal-null-conversion -Wno-objc-literal-conversion -Wshorten-64-to-32 -Wpointer-sign -Wno-newline-eof -Wno-implicit-fallthrough -DCMAKE_INTDIR\=\"Debug-iphoneos\" -isysroot /Applications/Xcode.app/Contents/Developer/Platforms/iPhoneOS.platform/Developer/SDKs/iPhoneOS16.4.sdk -fstrict-aliasing -Wdeprecated-declarations -g -Wno-sign-conversion -Wno-infinite-recursion -Wno-comma -Wno-block-capture-autoreleasing -Wno-strict-prototypes -Wno-semicolon-before-method-body -I/Users/bangcle/apple-llvm-project_ios/build/CMakeFiles/CMakeTmp/Debug/include -I/Users/bangcle/apple-llvm-project_ios/build/CMakeFiles/CMakeTmp/CMAKE_TRY_COMPILE.build/Debug-iphoneos/cmTC_43091.build/DerivedSources-normal/arm64 -I/Users/bangcle/apple-llvm-project_ios/build/CMakeFiles/CMakeTmp/CMAKE_TRY_COMPILE.build/Debug-iphoneos/cmTC_43091.build/DerivedSources/arm64 -I/Users/bangcle/apple-llvm-project_ios/build/CMakeFiles/CMakeTmp/CMAKE_TRY_COMPILE.build/Debug-iphoneos/cmTC_43091.build/DerivedSources -F/Users/bangcle/apple-llvm-project_ios/build/CMakeFiles/CMakeTmp/Debug -Werror\=unguarded-availability-new -MMD -MT dependencies -MF /Users/bangcle/apple-llvm-project_ios/build/CMakeFiles/CMakeTmp/CMAKE_TRY_COMPILE.build/Debug-iphoneos/cmTC_43091.build/Objects-normal/arm64/CheckSymbolExists.d --serialize-diagnostics /Users/bangcle/apple-llvm-project_ios/build/CMakeFiles/CMakeTmp/CMAKE_TRY_COMPILE.build/Debug-iphoneos/cmTC_43091.build/Objects-normal/arm64/CheckSymbolExists.dia -c /Users/bangcle/apple-llvm-project_ios/build/CMakeFiles/CMakeTmp/CheckSymbolExists.c -o /Users/bangcle/apple-llvm-project_ios/build/CMakeFiles/CMakeTmp/CMAKE_TRY_COMPILE.build/Debug-iphoneos/cmTC_43091.build/Objects-normal/arm64/CheckSymbolExists.o
/Users/bangcle/apple-llvm-project_ios/build/CMakeFiles/CMakeTmp/CheckSymbolExists.c:2:10: fatal error: 'malloc.h' file not found
#include <malloc.h>
         ^~~~~~~~~~
1 error generated.

/Users/bangcle/apple-llvm-project_ios/build/CMakeFiles/CMakeTmp/CMAKE_TRY_COMPILE.xcodeproj: warning: The iOS deployment target 'IPHONEOS_DEPLOYMENT_TARGET' is set to 10.0, but the range of supported deployment target versions is 11.0 to 16.4.99. (in target 'cmTC_43091' from project 'CMAKE_TRY_COMPILE')
** BUILD FAILED **


The following build commands failed:
	CompileC /Users/bangcle/apple-llvm-project_ios/build/CMakeFiles/CMakeTmp/CMAKE_TRY_COMPILE.build/Debug-iphoneos/cmTC_43091.build/Objects-normal/arm64/CheckSymbolExists.o /Users/bangcle/apple-llvm-project_ios/build/CMakeFiles/CMakeTmp/CheckSymbolExists.c normal arm64 c com.apple.compilers.llvm.clang.1_0.compiler (in target 'cmTC_43091' from project 'CMAKE_TRY_COMPILE')
(1 failure)


File /Users/bangcle/apple-llvm-project_ios/build/CMakeFiles/CMakeTmp/CheckSymbolExists.c:
/* */
#include <malloc.h>

int main(int argc, char** argv)
{
  (void)argv;
#ifndef mallinfo
  return ((int*)(&mallinfo))[argc];
#else
  (void)argc;
  return 0;
#endif
}
Determining if the mallinfo2 exist failed with the following output:
Change Dir: /Users/bangcle/apple-llvm-project_ios/build/CMakeFiles/CMakeTmp

Run Build Command(s):/usr/bin/xcodebuild -project CMAKE_TRY_COMPILE.xcodeproj build -target cmTC_e3b8e -parallelizeTargets -configuration Debug -hideShellScriptEnvironment && 2023-05-09 11:03:37.671 xcodebuild[14896:5375995] DVTCoreDeviceEnabledState: DVTCoreDeviceEnabledState_Disabled set via user default (DVTEnableCoreDevice=disabled)
Command line invocation:
    /Applications/Xcode.app/Contents/Developer/usr/bin/xcodebuild -project CMAKE_TRY_COMPILE.xcodeproj build -target cmTC_e3b8e -parallelizeTargets -configuration Debug -hideShellScriptEnvironment

User defaults from command line:
    HideShellScriptEnvironment = YES
    IDEPackageSupportUseBuiltinSCM = YES

Computing target dependency graph and provisioning inputs

Create build description
Build description signature: 507c3a7b25f4641763b7fb646ee3236b
Build description path: /Users/bangcle/apple-llvm-project_ios/build/CMakeFiles/CMakeTmp/build/XCBuildData/507c3a7b25f4641763b7fb646ee3236b.xcbuilddata

note: Building targets in dependency order
CreateBuildDirectory /Users/bangcle/apple-llvm-project_ios/build/CMakeFiles/CMakeTmp
    cd /Users/bangcle/apple-llvm-project_ios/build/CMakeFiles/CMakeTmp/CMAKE_TRY_COMPILE.xcodeproj
    builtin-create-build-directory /Users/bangcle/apple-llvm-project_ios/build/CMakeFiles/CMakeTmp

ClangStatCache /Applications/Xcode.app/Contents/Developer/Toolchains/XcodeDefault.xctoolchain/usr/bin/clang-stat-cache /Applications/Xcode.app/Contents/Developer/Platforms/iPhoneOS.platform/Developer/SDKs/iPhoneOS16.4.sdk /var/folders/30/2gj68zcd49l4mylgmzd1d7n40000gn/C/com.apple.DeveloperTools/14.3-14E222b/Xcode/SDKStatCaches.noindex/iphoneos16.4-20E238-.sdkstatcache
    cd /Users/bangcle/apple-llvm-project_ios/build/CMakeFiles/CMakeTmp/CMAKE_TRY_COMPILE.xcodeproj
    /Applications/Xcode.app/Contents/Developer/Toolchains/XcodeDefault.xctoolchain/usr/bin/clang-stat-cache /Applications/Xcode.app/Contents/Developer/Platforms/iPhoneOS.platform/Developer/SDKs/iPhoneOS16.4.sdk -o /var/folders/30/2gj68zcd49l4mylgmzd1d7n40000gn/C/com.apple.DeveloperTools/14.3-14E222b/Xcode/SDKStatCaches.noindex/iphoneos16.4-20E238-.sdkstatcache

CreateBuildDirectory /Users/bangcle/apple-llvm-project_ios/build/CMakeFiles/CMakeTmp/Debug
    cd /Users/bangcle/apple-llvm-project_ios/build/CMakeFiles/CMakeTmp/CMAKE_TRY_COMPILE.xcodeproj
    builtin-create-build-directory /Users/bangcle/apple-llvm-project_ios/build/CMakeFiles/CMakeTmp/Debug

CreateBuildDirectory /Users/bangcle/apple-llvm-project_ios/build/CMakeFiles/CMakeTmp/EagerLinkingTBDs/Debug-iphoneos
    cd /Users/bangcle/apple-llvm-project_ios/build/CMakeFiles/CMakeTmp/CMAKE_TRY_COMPILE.xcodeproj
    builtin-create-build-directory /Users/bangcle/apple-llvm-project_ios/build/CMakeFiles/CMakeTmp/EagerLinkingTBDs/Debug-iphoneos

WriteAuxiliaryFile /Users/bangcle/apple-llvm-project_ios/build/CMakeFiles/CMakeTmp/CMAKE_TRY_COMPILE.build/Debug-iphoneos/cmTC_e3b8e.build/Objects-normal/arm64/cmTC_e3b8e.LinkFileList (in target 'cmTC_e3b8e' from project 'CMAKE_TRY_COMPILE')
    cd /Users/bangcle/apple-llvm-project_ios/build/CMakeFiles/CMakeTmp
    write-file /Users/bangcle/apple-llvm-project_ios/build/CMakeFiles/CMakeTmp/CMAKE_TRY_COMPILE.build/Debug-iphoneos/cmTC_e3b8e.build/Objects-normal/arm64/cmTC_e3b8e.LinkFileList

CompileC /Users/bangcle/apple-llvm-project_ios/build/CMakeFiles/CMakeTmp/CMAKE_TRY_COMPILE.build/Debug-iphoneos/cmTC_e3b8e.build/Objects-normal/arm64/CheckSymbolExists.o /Users/bangcle/apple-llvm-project_ios/build/CMakeFiles/CMakeTmp/CheckSymbolExists.c normal arm64 c com.apple.compilers.llvm.clang.1_0.compiler (in target 'cmTC_e3b8e' from project 'CMAKE_TRY_COMPILE')
    cd /Users/bangcle/apple-llvm-project_ios/build/CMakeFiles/CMakeTmp
    /Applications/Xcode.app/Contents/Developer/Toolchains/XcodeDefault.xctoolchain/usr/bin/clang -x c -ivfsstatcache /var/folders/30/2gj68zcd49l4mylgmzd1d7n40000gn/C/com.apple.DeveloperTools/14.3-14E222b/Xcode/SDKStatCaches.noindex/iphoneos16.4-20E238-.sdkstatcache -target arm64-apple-ios10.0 -fmessage-length\=0 -fdiagnostics-show-note-include-stack -fmacro-backtrace-limit\=0 -Wno-trigraphs -fpascal-strings -O0 -Wno-missing-field-initializers -Wno-missing-prototypes -Wno-return-type -Wno-missing-braces -Wparentheses -Wswitch -Wno-unused-function -Wno-unused-label -Wno-unused-parameter -Wno-unused-variable -Wunused-value -Wno-empty-body -Wno-uninitialized -Wno-unknown-pragmas -Wno-shadow -Wno-four-char-constants -Wno-conversion -Wno-constant-conversion -Wno-int-conversion -Wno-bool-conversion -Wno-enum-conversion -Wno-float-conversion -Wno-non-literal-null-conversion -Wno-objc-literal-conversion -Wshorten-64-to-32 -Wpointer-sign -Wno-newline-eof -Wno-implicit-fallthrough -DCMAKE_INTDIR\=\"Debug-iphoneos\" -isysroot /Applications/Xcode.app/Contents/Developer/Platforms/iPhoneOS.platform/Developer/SDKs/iPhoneOS16.4.sdk -fstrict-aliasing -Wdeprecated-declarations -g -Wno-sign-conversion -Wno-infinite-recursion -Wno-comma -Wno-block-capture-autoreleasing -Wno-strict-prototypes -Wno-semicolon-before-method-body -I/Users/bangcle/apple-llvm-project_ios/build/CMakeFiles/CMakeTmp/Debug/include -I/Users/bangcle/apple-llvm-project_ios/build/CMakeFiles/CMakeTmp/CMAKE_TRY_COMPILE.build/Debug-iphoneos/cmTC_e3b8e.build/DerivedSources-normal/arm64 -I/Users/bangcle/apple-llvm-project_ios/build/CMakeFiles/CMakeTmp/CMAKE_TRY_COMPILE.build/Debug-iphoneos/cmTC_e3b8e.build/DerivedSources/arm64 -I/Users/bangcle/apple-llvm-project_ios/build/CMakeFiles/CMakeTmp/CMAKE_TRY_COMPILE.build/Debug-iphoneos/cmTC_e3b8e.build/DerivedSources -F/Users/bangcle/apple-llvm-project_ios/build/CMakeFiles/CMakeTmp/Debug -Werror\=unguarded-availability-new -MMD -MT dependencies -MF /Users/bangcle/apple-llvm-project_ios/build/CMakeFiles/CMakeTmp/CMAKE_TRY_COMPILE.build/Debug-iphoneos/cmTC_e3b8e.build/Objects-normal/arm64/CheckSymbolExists.d --serialize-diagnostics /Users/bangcle/apple-llvm-project_ios/build/CMakeFiles/CMakeTmp/CMAKE_TRY_COMPILE.build/Debug-iphoneos/cmTC_e3b8e.build/Objects-normal/arm64/CheckSymbolExists.dia -c /Users/bangcle/apple-llvm-project_ios/build/CMakeFiles/CMakeTmp/CheckSymbolExists.c -o /Users/bangcle/apple-llvm-project_ios/build/CMakeFiles/CMakeTmp/CMAKE_TRY_COMPILE.build/Debug-iphoneos/cmTC_e3b8e.build/Objects-normal/arm64/CheckSymbolExists.o
/Users/bangcle/apple-llvm-project_ios/build/CMakeFiles/CMakeTmp/CheckSymbolExists.c:2:10: fatal error: 'malloc.h' file not found
#include <malloc.h>
         ^~~~~~~~~~
1 error generated.

/Users/bangcle/apple-llvm-project_ios/build/CMakeFiles/CMakeTmp/CMAKE_TRY_COMPILE.xcodeproj: warning: The iOS deployment target 'IPHONEOS_DEPLOYMENT_TARGET' is set to 10.0, but the range of supported deployment target versions is 11.0 to 16.4.99. (in target 'cmTC_e3b8e' from project 'CMAKE_TRY_COMPILE')
** BUILD FAILED **


The following build commands failed:
	CompileC /Users/bangcle/apple-llvm-project_ios/build/CMakeFiles/CMakeTmp/CMAKE_TRY_COMPILE.build/Debug-iphoneos/cmTC_e3b8e.build/Objects-normal/arm64/CheckSymbolExists.o /Users/bangcle/apple-llvm-project_ios/build/CMakeFiles/CMakeTmp/CheckSymbolExists.c normal arm64 c com.apple.compilers.llvm.clang.1_0.compiler (in target 'cmTC_e3b8e' from project 'CMAKE_TRY_COMPILE')
(1 failure)


File /Users/bangcle/apple-llvm-project_ios/build/CMakeFiles/CMakeTmp/CheckSymbolExists.c:
/* */
#include <malloc.h>

int main(int argc, char** argv)
{
  (void)argv;
#ifndef mallinfo2
  return ((int*)(&mallinfo2))[argc];
#else
  (void)argc;
  return 0;
#endif
}
Determining if the strerror_s exist failed with the following output:
Change Dir: /Users/bangcle/apple-llvm-project_ios/build/CMakeFiles/CMakeTmp

Run Build Command(s):/usr/bin/xcodebuild -project CMAKE_TRY_COMPILE.xcodeproj build -target cmTC_1cb49 -parallelizeTargets -configuration Debug -hideShellScriptEnvironment && 2023-05-09 11:03:52.696 xcodebuild[15094:5377527] DVTCoreDeviceEnabledState: DVTCoreDeviceEnabledState_Disabled set via user default (DVTEnableCoreDevice=disabled)
Command line invocation:
    /Applications/Xcode.app/Contents/Developer/usr/bin/xcodebuild -project CMAKE_TRY_COMPILE.xcodeproj build -target cmTC_1cb49 -parallelizeTargets -configuration Debug -hideShellScriptEnvironment

User defaults from command line:
    HideShellScriptEnvironment = YES
    IDEPackageSupportUseBuiltinSCM = YES

Computing target dependency graph and provisioning inputs

Create build description
Build description signature: 985b6a46d8c76ac4afc617554b885f76
Build description path: /Users/bangcle/apple-llvm-project_ios/build/CMakeFiles/CMakeTmp/build/XCBuildData/985b6a46d8c76ac4afc617554b885f76.xcbuilddata

note: Building targets in dependency order
CreateBuildDirectory /Users/bangcle/apple-llvm-project_ios/build/CMakeFiles/CMakeTmp
    cd /Users/bangcle/apple-llvm-project_ios/build/CMakeFiles/CMakeTmp/CMAKE_TRY_COMPILE.xcodeproj
    builtin-create-build-directory /Users/bangcle/apple-llvm-project_ios/build/CMakeFiles/CMakeTmp

ClangStatCache /Applications/Xcode.app/Contents/Developer/Toolchains/XcodeDefault.xctoolchain/usr/bin/clang-stat-cache /Applications/Xcode.app/Contents/Developer/Platforms/iPhoneOS.platform/Developer/SDKs/iPhoneOS16.4.sdk /var/folders/30/2gj68zcd49l4mylgmzd1d7n40000gn/C/com.apple.DeveloperTools/14.3-14E222b/Xcode/SDKStatCaches.noindex/iphoneos16.4-20E238-.sdkstatcache
    cd /Users/bangcle/apple-llvm-project_ios/build/CMakeFiles/CMakeTmp/CMAKE_TRY_COMPILE.xcodeproj
    /Applications/Xcode.app/Contents/Developer/Toolchains/XcodeDefault.xctoolchain/usr/bin/clang-stat-cache /Applications/Xcode.app/Contents/Developer/Platforms/iPhoneOS.platform/Developer/SDKs/iPhoneOS16.4.sdk -o /var/folders/30/2gj68zcd49l4mylgmzd1d7n40000gn/C/com.apple.DeveloperTools/14.3-14E222b/Xcode/SDKStatCaches.noindex/iphoneos16.4-20E238-.sdkstatcache

CreateBuildDirectory /Users/bangcle/apple-llvm-project_ios/build/CMakeFiles/CMakeTmp/Debug
    cd /Users/bangcle/apple-llvm-project_ios/build/CMakeFiles/CMakeTmp/CMAKE_TRY_COMPILE.xcodeproj
    builtin-create-build-directory /Users/bangcle/apple-llvm-project_ios/build/CMakeFiles/CMakeTmp/Debug

CreateBuildDirectory /Users/bangcle/apple-llvm-project_ios/build/CMakeFiles/CMakeTmp/EagerLinkingTBDs/Debug-iphoneos
    cd /Users/bangcle/apple-llvm-project_ios/build/CMakeFiles/CMakeTmp/CMAKE_TRY_COMPILE.xcodeproj
    builtin-create-build-directory /Users/bangcle/apple-llvm-project_ios/build/CMakeFiles/CMakeTmp/EagerLinkingTBDs/Debug-iphoneos

WriteAuxiliaryFile /Users/bangcle/apple-llvm-project_ios/build/CMakeFiles/CMakeTmp/CMAKE_TRY_COMPILE.build/Debug-iphoneos/cmTC_1cb49.build/Objects-normal/arm64/cmTC_1cb49.LinkFileList (in target 'cmTC_1cb49' from project 'CMAKE_TRY_COMPILE')
    cd /Users/bangcle/apple-llvm-project_ios/build/CMakeFiles/CMakeTmp
    write-file /Users/bangcle/apple-llvm-project_ios/build/CMakeFiles/CMakeTmp/CMAKE_TRY_COMPILE.build/Debug-iphoneos/cmTC_1cb49.build/Objects-normal/arm64/cmTC_1cb49.LinkFileList

CompileC /Users/bangcle/apple-llvm-project_ios/build/CMakeFiles/CMakeTmp/CMAKE_TRY_COMPILE.build/Debug-iphoneos/cmTC_1cb49.build/Objects-normal/arm64/CheckSymbolExists.o /Users/bangcle/apple-llvm-project_ios/build/CMakeFiles/CMakeTmp/CheckSymbolExists.c normal arm64 c com.apple.compilers.llvm.clang.1_0.compiler (in target 'cmTC_1cb49' from project 'CMAKE_TRY_COMPILE')
    cd /Users/bangcle/apple-llvm-project_ios/build/CMakeFiles/CMakeTmp
    /Applications/Xcode.app/Contents/Developer/Toolchains/XcodeDefault.xctoolchain/usr/bin/clang -x c -ivfsstatcache /var/folders/30/2gj68zcd49l4mylgmzd1d7n40000gn/C/com.apple.DeveloperTools/14.3-14E222b/Xcode/SDKStatCaches.noindex/iphoneos16.4-20E238-.sdkstatcache -target arm64-apple-ios10.0 -fmessage-length\=0 -fdiagnostics-show-note-include-stack -fmacro-backtrace-limit\=0 -Wno-trigraphs -fpascal-strings -O0 -Wno-missing-field-initializers -Wno-missing-prototypes -Wno-return-type -Wno-missing-braces -Wparentheses -Wswitch -Wno-unused-function -Wno-unused-label -Wno-unused-parameter -Wno-unused-variable -Wunused-value -Wno-empty-body -Wno-uninitialized -Wno-unknown-pragmas -Wno-shadow -Wno-four-char-constants -Wno-conversion -Wno-constant-conversion -Wno-int-conversion -Wno-bool-conversion -Wno-enum-conversion -Wno-float-conversion -Wno-non-literal-null-conversion -Wno-objc-literal-conversion -Wshorten-64-to-32 -Wpointer-sign -Wno-newline-eof -Wno-implicit-fallthrough -DCMAKE_INTDIR\=\"Debug-iphoneos\" -isysroot /Applications/Xcode.app/Contents/Developer/Platforms/iPhoneOS.platform/Developer/SDKs/iPhoneOS16.4.sdk -fstrict-aliasing -Wdeprecated-declarations -g -Wno-sign-conversion -Wno-infinite-recursion -Wno-comma -Wno-block-capture-autoreleasing -Wno-strict-prototypes -Wno-semicolon-before-method-body -I/Users/bangcle/apple-llvm-project_ios/build/CMakeFiles/CMakeTmp/Debug/include -I/Users/bangcle/apple-llvm-project_ios/build/CMakeFiles/CMakeTmp/CMAKE_TRY_COMPILE.build/Debug-iphoneos/cmTC_1cb49.build/DerivedSources-normal/arm64 -I/Users/bangcle/apple-llvm-project_ios/build/CMakeFiles/CMakeTmp/CMAKE_TRY_COMPILE.build/Debug-iphoneos/cmTC_1cb49.build/DerivedSources/arm64 -I/Users/bangcle/apple-llvm-project_ios/build/CMakeFiles/CMakeTmp/CMAKE_TRY_COMPILE.build/Debug-iphoneos/cmTC_1cb49.build/DerivedSources -F/Users/bangcle/apple-llvm-project_ios/build/CMakeFiles/CMakeTmp/Debug -Werror\=unguarded-availability-new -MMD -MT dependencies -MF /Users/bangcle/apple-llvm-project_ios/build/CMakeFiles/CMakeTmp/CMAKE_TRY_COMPILE.build/Debug-iphoneos/cmTC_1cb49.build/Objects-normal/arm64/CheckSymbolExists.d --serialize-diagnostics /Users/bangcle/apple-llvm-project_ios/build/CMakeFiles/CMakeTmp/CMAKE_TRY_COMPILE.build/Debug-iphoneos/cmTC_1cb49.build/Objects-normal/arm64/CheckSymbolExists.dia -c /Users/bangcle/apple-llvm-project_ios/build/CMakeFiles/CMakeTmp/CheckSymbolExists.c -o /Users/bangcle/apple-llvm-project_ios/build/CMakeFiles/CMakeTmp/CMAKE_TRY_COMPILE.build/Debug-iphoneos/cmTC_1cb49.build/Objects-normal/arm64/CheckSymbolExists.o
/Users/bangcle/apple-llvm-project_ios/build/CMakeFiles/CMakeTmp/CheckSymbolExists.c:8:19: error: use of undeclared identifier 'strerror_s'; did you mean 'strerror_r'?
  return ((int*)(&strerror_s))[argc];
                  ^~~~~~~~~~
                  strerror_r
In file included from /Users/bangcle/apple-llvm-project_ios/build/CMakeFiles/CMakeTmp/CheckSymbolExists.c:2:
/Applications/Xcode.app/Contents/Developer/Platforms/iPhoneOS.platform/Developer/SDKs/iPhoneOS16.4.sdk/usr/include/string.h:116:6: note: 'strerror_r' declared here
int      strerror_r(int __errnum, char *__strerrbuf, size_t __buflen);
         ^
1 error generated.

/Users/bangcle/apple-llvm-project_ios/build/CMakeFiles/CMakeTmp/CMAKE_TRY_COMPILE.xcodeproj: warning: The iOS deployment target 'IPHONEOS_DEPLOYMENT_TARGET' is set to 10.0, but the range of supported deployment target versions is 11.0 to 16.4.99. (in target 'cmTC_1cb49' from project 'CMAKE_TRY_COMPILE')
** BUILD FAILED **


The following build commands failed:
	CompileC /Users/bangcle/apple-llvm-project_ios/build/CMakeFiles/CMakeTmp/CMAKE_TRY_COMPILE.build/Debug-iphoneos/cmTC_1cb49.build/Objects-normal/arm64/CheckSymbolExists.o /Users/bangcle/apple-llvm-project_ios/build/CMakeFiles/CMakeTmp/CheckSymbolExists.c normal arm64 c com.apple.compilers.llvm.clang.1_0.compiler (in target 'cmTC_1cb49' from project 'CMAKE_TRY_COMPILE')
(1 failure)


File /Users/bangcle/apple-llvm-project_ios/build/CMakeFiles/CMakeTmp/CheckSymbolExists.c:
/* */
#include <string.h>

int main(int argc, char** argv)
{
  (void)argv;
#ifndef strerror_s
  return ((int*)(&strerror_s))[argc];
#else
  (void)argc;
  return 0;
#endif
}
Performing C SOURCE FILE Test HAVE_STRUCT_STAT_ST_MTIM_TV_NSEC failed with the following output:
Change Dir: /Users/bangcle/apple-llvm-project_ios/build/CMakeFiles/CMakeTmp

Run Build Command(s):/usr/bin/xcodebuild -project CMAKE_TRY_COMPILE.xcodeproj build -target cmTC_37c0b -parallelizeTargets -configuration Debug -hideShellScriptEnvironment && 2023-05-09 11:04:02.713 xcodebuild[15233:5378579] DVTCoreDeviceEnabledState: DVTCoreDeviceEnabledState_Disabled set via user default (DVTEnableCoreDevice=disabled)
Command line invocation:
    /Applications/Xcode.app/Contents/Developer/usr/bin/xcodebuild -project CMAKE_TRY_COMPILE.xcodeproj build -target cmTC_37c0b -parallelizeTargets -configuration Debug -hideShellScriptEnvironment

User defaults from command line:
    HideShellScriptEnvironment = YES
    IDEPackageSupportUseBuiltinSCM = YES

Computing target dependency graph and provisioning inputs

Create build description
Build description signature: fcc78a55b177e415f1666134f7fdcd48
Build description path: /Users/bangcle/apple-llvm-project_ios/build/CMakeFiles/CMakeTmp/build/XCBuildData/fcc78a55b177e415f1666134f7fdcd48.xcbuilddata

note: Building targets in dependency order
CreateBuildDirectory /Users/bangcle/apple-llvm-project_ios/build/CMakeFiles/CMakeTmp
    cd /Users/bangcle/apple-llvm-project_ios/build/CMakeFiles/CMakeTmp/CMAKE_TRY_COMPILE.xcodeproj
    builtin-create-build-directory /Users/bangcle/apple-llvm-project_ios/build/CMakeFiles/CMakeTmp

ClangStatCache /Applications/Xcode.app/Contents/Developer/Toolchains/XcodeDefault.xctoolchain/usr/bin/clang-stat-cache /Applications/Xcode.app/Contents/Developer/Platforms/iPhoneOS.platform/Developer/SDKs/iPhoneOS16.4.sdk /var/folders/30/2gj68zcd49l4mylgmzd1d7n40000gn/C/com.apple.DeveloperTools/14.3-14E222b/Xcode/SDKStatCaches.noindex/iphoneos16.4-20E238-.sdkstatcache
    cd /Users/bangcle/apple-llvm-project_ios/build/CMakeFiles/CMakeTmp/CMAKE_TRY_COMPILE.xcodeproj
    /Applications/Xcode.app/Contents/Developer/Toolchains/XcodeDefault.xctoolchain/usr/bin/clang-stat-cache /Applications/Xcode.app/Contents/Developer/Platforms/iPhoneOS.platform/Developer/SDKs/iPhoneOS16.4.sdk -o /var/folders/30/2gj68zcd49l4mylgmzd1d7n40000gn/C/com.apple.DeveloperTools/14.3-14E222b/Xcode/SDKStatCaches.noindex/iphoneos16.4-20E238-.sdkstatcache

CreateBuildDirectory /Users/bangcle/apple-llvm-project_ios/build/CMakeFiles/CMakeTmp/Debug
    cd /Users/bangcle/apple-llvm-project_ios/build/CMakeFiles/CMakeTmp/CMAKE_TRY_COMPILE.xcodeproj
    builtin-create-build-directory /Users/bangcle/apple-llvm-project_ios/build/CMakeFiles/CMakeTmp/Debug

CreateBuildDirectory /Users/bangcle/apple-llvm-project_ios/build/CMakeFiles/CMakeTmp/EagerLinkingTBDs/Debug-iphoneos
    cd /Users/bangcle/apple-llvm-project_ios/build/CMakeFiles/CMakeTmp/CMAKE_TRY_COMPILE.xcodeproj
    builtin-create-build-directory /Users/bangcle/apple-llvm-project_ios/build/CMakeFiles/CMakeTmp/EagerLinkingTBDs/Debug-iphoneos

WriteAuxiliaryFile /Users/bangcle/apple-llvm-project_ios/build/CMakeFiles/CMakeTmp/CMAKE_TRY_COMPILE.build/Debug-iphoneos/cmTC_37c0b.build/Objects-normal/arm64/cmTC_37c0b.LinkFileList (in target 'cmTC_37c0b' from project 'CMAKE_TRY_COMPILE')
    cd /Users/bangcle/apple-llvm-project_ios/build/CMakeFiles/CMakeTmp
    write-file /Users/bangcle/apple-llvm-project_ios/build/CMakeFiles/CMakeTmp/CMAKE_TRY_COMPILE.build/Debug-iphoneos/cmTC_37c0b.build/Objects-normal/arm64/cmTC_37c0b.LinkFileList

CompileC /Users/bangcle/apple-llvm-project_ios/build/CMakeFiles/CMakeTmp/CMAKE_TRY_COMPILE.build/Debug-iphoneos/cmTC_37c0b.build/Objects-normal/arm64/src.o /Users/bangcle/apple-llvm-project_ios/build/CMakeFiles/CMakeTmp/src.c normal arm64 c com.apple.compilers.llvm.clang.1_0.compiler (in target 'cmTC_37c0b' from project 'CMAKE_TRY_COMPILE')
    cd /Users/bangcle/apple-llvm-project_ios/build/CMakeFiles/CMakeTmp
    /Applications/Xcode.app/Contents/Developer/Toolchains/XcodeDefault.xctoolchain/usr/bin/clang -x c -ivfsstatcache /var/folders/30/2gj68zcd49l4mylgmzd1d7n40000gn/C/com.apple.DeveloperTools/14.3-14E222b/Xcode/SDKStatCaches.noindex/iphoneos16.4-20E238-.sdkstatcache -target arm64-apple-ios10.0 -fmessage-length\=0 -fdiagnostics-show-note-include-stack -fmacro-backtrace-limit\=0 -Wno-trigraphs -fpascal-strings -O0 -Wno-missing-field-initializers -Wno-missing-prototypes -Wno-return-type -Wno-missing-braces -Wparentheses -Wswitch -Wno-unused-function -Wno-unused-label -Wno-unused-parameter -Wno-unused-variable -Wunused-value -Wno-empty-body -Wno-uninitialized -Wno-unknown-pragmas -Wno-shadow -Wno-four-char-constants -Wno-conversion -Wno-constant-conversion -Wno-int-conversion -Wno-bool-conversion -Wno-enum-conversion -Wno-float-conversion -Wno-non-literal-null-conversion -Wno-objc-literal-conversion -Wshorten-64-to-32 -Wpointer-sign -Wno-newline-eof -Wno-implicit-fallthrough -DCMAKE_INTDIR\=\"Debug-iphoneos\" -DHAVE_STRUCT_STAT_ST_MTIM_TV_NSEC -isysroot /Applications/Xcode.app/Contents/Developer/Platforms/iPhoneOS.platform/Developer/SDKs/iPhoneOS16.4.sdk -fstrict-aliasing -Wdeprecated-declarations -g -Wno-sign-conversion -Wno-infinite-recursion -Wno-comma -Wno-block-capture-autoreleasing -Wno-strict-prototypes -Wno-semicolon-before-method-body -I/Users/bangcle/apple-llvm-project_ios/build/CMakeFiles/CMakeTmp/Debug/include -I/Users/bangcle/apple-llvm-project_ios/build/CMakeFiles/CMakeTmp/CMAKE_TRY_COMPILE.build/Debug-iphoneos/cmTC_37c0b.build/DerivedSources-normal/arm64 -I/Users/bangcle/apple-llvm-project_ios/build/CMakeFiles/CMakeTmp/CMAKE_TRY_COMPILE.build/Debug-iphoneos/cmTC_37c0b.build/DerivedSources/arm64 -I/Users/bangcle/apple-llvm-project_ios/build/CMakeFiles/CMakeTmp/CMAKE_TRY_COMPILE.build/Debug-iphoneos/cmTC_37c0b.build/DerivedSources -F/Users/bangcle/apple-llvm-project_ios/build/CMakeFiles/CMakeTmp/Debug -Werror\=unguarded-availability-new -MMD -MT dependencies -MF /Users/bangcle/apple-llvm-project_ios/build/CMakeFiles/CMakeTmp/CMAKE_TRY_COMPILE.build/Debug-iphoneos/cmTC_37c0b.build/Objects-normal/arm64/src.d --serialize-diagnostics /Users/bangcle/apple-llvm-project_ios/build/CMakeFiles/CMakeTmp/CMAKE_TRY_COMPILE.build/Debug-iphoneos/cmTC_37c0b.build/Objects-normal/arm64/src.dia -c /Users/bangcle/apple-llvm-project_ios/build/CMakeFiles/CMakeTmp/src.c -o /Users/bangcle/apple-llvm-project_ios/build/CMakeFiles/CMakeTmp/CMAKE_TRY_COMPILE.build/Debug-iphoneos/cmTC_37c0b.build/Objects-normal/arm64/src.o
/Users/bangcle/apple-llvm-project_ios/build/CMakeFiles/CMakeTmp/src.c:7:36: error: no member named 'st_mtim' in 'struct stat'
  (void)sizeof(((struct stat *)0)->st_mtim.tv_nsec);
               ~~~~~~~~~~~~~~~~~~  ^
1 error generated.

/Users/bangcle/apple-llvm-project_ios/build/CMakeFiles/CMakeTmp/CMAKE_TRY_COMPILE.xcodeproj: warning: The iOS deployment target 'IPHONEOS_DEPLOYMENT_TARGET' is set to 10.0, but the range of supported deployment target versions is 11.0 to 16.4.99. (in target 'cmTC_37c0b' from project 'CMAKE_TRY_COMPILE')
** BUILD FAILED **


The following build commands failed:
	CompileC /Users/bangcle/apple-llvm-project_ios/build/CMakeFiles/CMakeTmp/CMAKE_TRY_COMPILE.build/Debug-iphoneos/cmTC_37c0b.build/Objects-normal/arm64/src.o /Users/bangcle/apple-llvm-project_ios/build/CMakeFiles/CMakeTmp/src.c normal arm64 c com.apple.compilers.llvm.clang.1_0.compiler (in target 'cmTC_37c0b' from project 'CMAKE_TRY_COMPILE')
(1 failure)


Source file was:

#include <sys/types.h>
#include <sys/stat.h>

int main()
{
  (void)sizeof(((struct stat *)0)->st_mtim.tv_nsec);
  return 0;
}

Determining if the __GLIBC__ exist failed with the following output:
Change Dir: /Users/bangcle/apple-llvm-project_ios/build/CMakeFiles/CMakeTmp

Run Build Command(s):/usr/bin/xcodebuild -project CMAKE_TRY_COMPILE.xcodeproj build -target cmTC_d022e -parallelizeTargets -configuration Debug -hideShellScriptEnvironment && 2023-05-09 11:04:04.666 xcodebuild[15258:5378773] DVTCoreDeviceEnabledState: DVTCoreDeviceEnabledState_Disabled set via user default (DVTEnableCoreDevice=disabled)
Command line invocation:
    /Applications/Xcode.app/Contents/Developer/usr/bin/xcodebuild -project CMAKE_TRY_COMPILE.xcodeproj build -target cmTC_d022e -parallelizeTargets -configuration Debug -hideShellScriptEnvironment

User defaults from command line:
    HideShellScriptEnvironment = YES
    IDEPackageSupportUseBuiltinSCM = YES

Computing target dependency graph and provisioning inputs

Create build description
Build description signature: 17d93943778ee7e99ddc5186ade37bd7
Build description path: /Users/bangcle/apple-llvm-project_ios/build/CMakeFiles/CMakeTmp/build/XCBuildData/17d93943778ee7e99ddc5186ade37bd7.xcbuilddata

note: Building targets in dependency order
CreateBuildDirectory /Users/bangcle/apple-llvm-project_ios/build/CMakeFiles/CMakeTmp
    cd /Users/bangcle/apple-llvm-project_ios/build/CMakeFiles/CMakeTmp/CMAKE_TRY_COMPILE.xcodeproj
    builtin-create-build-directory /Users/bangcle/apple-llvm-project_ios/build/CMakeFiles/CMakeTmp

ClangStatCache /Applications/Xcode.app/Contents/Developer/Toolchains/XcodeDefault.xctoolchain/usr/bin/clang-stat-cache /Applications/Xcode.app/Contents/Developer/Platforms/iPhoneOS.platform/Developer/SDKs/iPhoneOS16.4.sdk /var/folders/30/2gj68zcd49l4mylgmzd1d7n40000gn/C/com.apple.DeveloperTools/14.3-14E222b/Xcode/SDKStatCaches.noindex/iphoneos16.4-20E238-.sdkstatcache
    cd /Users/bangcle/apple-llvm-project_ios/build/CMakeFiles/CMakeTmp/CMAKE_TRY_COMPILE.xcodeproj
    /Applications/Xcode.app/Contents/Developer/Toolchains/XcodeDefault.xctoolchain/usr/bin/clang-stat-cache /Applications/Xcode.app/Contents/Developer/Platforms/iPhoneOS.platform/Developer/SDKs/iPhoneOS16.4.sdk -o /var/folders/30/2gj68zcd49l4mylgmzd1d7n40000gn/C/com.apple.DeveloperTools/14.3-14E222b/Xcode/SDKStatCaches.noindex/iphoneos16.4-20E238-.sdkstatcache

CreateBuildDirectory /Users/bangcle/apple-llvm-project_ios/build/CMakeFiles/CMakeTmp/Debug
    cd /Users/bangcle/apple-llvm-project_ios/build/CMakeFiles/CMakeTmp/CMAKE_TRY_COMPILE.xcodeproj
    builtin-create-build-directory /Users/bangcle/apple-llvm-project_ios/build/CMakeFiles/CMakeTmp/Debug

CreateBuildDirectory /Users/bangcle/apple-llvm-project_ios/build/CMakeFiles/CMakeTmp/EagerLinkingTBDs/Debug-iphoneos
    cd /Users/bangcle/apple-llvm-project_ios/build/CMakeFiles/CMakeTmp/CMAKE_TRY_COMPILE.xcodeproj
    builtin-create-build-directory /Users/bangcle/apple-llvm-project_ios/build/CMakeFiles/CMakeTmp/EagerLinkingTBDs/Debug-iphoneos

WriteAuxiliaryFile /Users/bangcle/apple-llvm-project_ios/build/CMakeFiles/CMakeTmp/CMAKE_TRY_COMPILE.build/Debug-iphoneos/cmTC_d022e.build/Objects-normal/arm64/cmTC_d022e.LinkFileList (in target 'cmTC_d022e' from project 'CMAKE_TRY_COMPILE')
    cd /Users/bangcle/apple-llvm-project_ios/build/CMakeFiles/CMakeTmp
    write-file /Users/bangcle/apple-llvm-project_ios/build/CMakeFiles/CMakeTmp/CMAKE_TRY_COMPILE.build/Debug-iphoneos/cmTC_d022e.build/Objects-normal/arm64/cmTC_d022e.LinkFileList

CompileC /Users/bangcle/apple-llvm-project_ios/build/CMakeFiles/CMakeTmp/CMAKE_TRY_COMPILE.build/Debug-iphoneos/cmTC_d022e.build/Objects-normal/arm64/CheckSymbolExists.o /Users/bangcle/apple-llvm-project_ios/build/CMakeFiles/CMakeTmp/CheckSymbolExists.c normal arm64 c com.apple.compilers.llvm.clang.1_0.compiler (in target 'cmTC_d022e' from project 'CMAKE_TRY_COMPILE')
    cd /Users/bangcle/apple-llvm-project_ios/build/CMakeFiles/CMakeTmp
    /Applications/Xcode.app/Contents/Developer/Toolchains/XcodeDefault.xctoolchain/usr/bin/clang -x c -ivfsstatcache /var/folders/30/2gj68zcd49l4mylgmzd1d7n40000gn/C/com.apple.DeveloperTools/14.3-14E222b/Xcode/SDKStatCaches.noindex/iphoneos16.4-20E238-.sdkstatcache -target arm64-apple-ios10.0 -fmessage-length\=0 -fdiagnostics-show-note-include-stack -fmacro-backtrace-limit\=0 -Wno-trigraphs -fpascal-strings -O0 -Wno-missing-field-initializers -Wno-missing-prototypes -Wno-return-type -Wno-missing-braces -Wparentheses -Wswitch -Wno-unused-function -Wno-unused-label -Wno-unused-parameter -Wno-unused-variable -Wunused-value -Wno-empty-body -Wno-uninitialized -Wno-unknown-pragmas -Wno-shadow -Wno-four-char-constants -Wno-conversion -Wno-constant-conversion -Wno-int-conversion -Wno-bool-conversion -Wno-enum-conversion -Wno-float-conversion -Wno-non-literal-null-conversion -Wno-objc-literal-conversion -Wshorten-64-to-32 -Wpointer-sign -Wno-newline-eof -Wno-implicit-fallthrough -DCMAKE_INTDIR\=\"Debug-iphoneos\" -isysroot /Applications/Xcode.app/Contents/Developer/Platforms/iPhoneOS.platform/Developer/SDKs/iPhoneOS16.4.sdk -fstrict-aliasing -Wdeprecated-declarations -g -Wno-sign-conversion -Wno-infinite-recursion -Wno-comma -Wno-block-capture-autoreleasing -Wno-strict-prototypes -Wno-semicolon-before-method-body -I/Users/bangcle/apple-llvm-project_ios/build/CMakeFiles/CMakeTmp/Debug/include -I/Users/bangcle/apple-llvm-project_ios/build/CMakeFiles/CMakeTmp/CMAKE_TRY_COMPILE.build/Debug-iphoneos/cmTC_d022e.build/DerivedSources-normal/arm64 -I/Users/bangcle/apple-llvm-project_ios/build/CMakeFiles/CMakeTmp/CMAKE_TRY_COMPILE.build/Debug-iphoneos/cmTC_d022e.build/DerivedSources/arm64 -I/Users/bangcle/apple-llvm-project_ios/build/CMakeFiles/CMakeTmp/CMAKE_TRY_COMPILE.build/Debug-iphoneos/cmTC_d022e.build/DerivedSources -F/Users/bangcle/apple-llvm-project_ios/build/CMakeFiles/CMakeTmp/Debug -Werror\=unguarded-availability-new -MMD -MT dependencies -MF /Users/bangcle/apple-llvm-project_ios/build/CMakeFiles/CMakeTmp/CMAKE_TRY_COMPILE.build/Debug-iphoneos/cmTC_d022e.build/Objects-normal/arm64/CheckSymbolExists.d --serialize-diagnostics /Users/bangcle/apple-llvm-project_ios/build/CMakeFiles/CMakeTmp/CMAKE_TRY_COMPILE.build/Debug-iphoneos/cmTC_d022e.build/Objects-normal/arm64/CheckSymbolExists.dia -c /Users/bangcle/apple-llvm-project_ios/build/CMakeFiles/CMakeTmp/CheckSymbolExists.c -o /Users/bangcle/apple-llvm-project_ios/build/CMakeFiles/CMakeTmp/CMAKE_TRY_COMPILE.build/Debug-iphoneos/cmTC_d022e.build/Objects-normal/arm64/CheckSymbolExists.o
/Users/bangcle/apple-llvm-project_ios/build/CMakeFiles/CMakeTmp/CheckSymbolExists.c:8:19: error: use of undeclared identifier '__GLIBC__'
  return ((int*)(&__GLIBC__))[argc];
                  ^
1 error generated.

/Users/bangcle/apple-llvm-project_ios/build/CMakeFiles/CMakeTmp/CMAKE_TRY_COMPILE.xcodeproj: warning: The iOS deployment target 'IPHONEOS_DEPLOYMENT_TARGET' is set to 10.0, but the range of supported deployment target versions is 11.0 to 16.4.99. (in target 'cmTC_d022e' from project 'CMAKE_TRY_COMPILE')
** BUILD FAILED **


The following build commands failed:
	CompileC /Users/bangcle/apple-llvm-project_ios/build/CMakeFiles/CMakeTmp/CMAKE_TRY_COMPILE.build/Debug-iphoneos/cmTC_d022e.build/Objects-normal/arm64/CheckSymbolExists.o /Users/bangcle/apple-llvm-project_ios/build/CMakeFiles/CMakeTmp/CheckSymbolExists.c normal arm64 c com.apple.compilers.llvm.clang.1_0.compiler (in target 'cmTC_d022e' from project 'CMAKE_TRY_COMPILE')
(1 failure)


File /Users/bangcle/apple-llvm-project_ios/build/CMakeFiles/CMakeTmp/CheckSymbolExists.c:
/* */
#include <stdio.h>

int main(int argc, char** argv)
{
  (void)argv;
#ifndef __GLIBC__
  return ((int*)(&__GLIBC__))[argc];
#else
  (void)argc;
  return 0;
#endif
}
Performing C++ SOURCE FILE Test CXX_SUPPORTS_CLASS_MEMACCESS_FLAG failed with the following output:
Change Dir: /Users/bangcle/apple-llvm-project_ios/build/CMakeFiles/CMakeTmp

Run Build Command(s):/usr/bin/xcodebuild -project CMAKE_TRY_COMPILE.xcodeproj build -target cmTC_9f4ad -parallelizeTargets -configuration Debug -hideShellScriptEnvironment && 2023-05-09 11:04:50.984 xcodebuild[15849:5383357] DVTCoreDeviceEnabledState: DVTCoreDeviceEnabledState_Disabled set via user default (DVTEnableCoreDevice=disabled)
Command line invocation:
    /Applications/Xcode.app/Contents/Developer/usr/bin/xcodebuild -project CMAKE_TRY_COMPILE.xcodeproj build -target cmTC_9f4ad -parallelizeTargets -configuration Debug -hideShellScriptEnvironment

User defaults from command line:
    HideShellScriptEnvironment = YES
    IDEPackageSupportUseBuiltinSCM = YES

Computing target dependency graph and provisioning inputs

Create build description
Build description signature: c5a7595bb31885a9dc9b48d72f0f9474
Build description path: /Users/bangcle/apple-llvm-project_ios/build/CMakeFiles/CMakeTmp/build/XCBuildData/c5a7595bb31885a9dc9b48d72f0f9474.xcbuilddata

note: Building targets in dependency order
CreateBuildDirectory /Users/bangcle/apple-llvm-project_ios/build/CMakeFiles/CMakeTmp
    cd /Users/bangcle/apple-llvm-project_ios/build/CMakeFiles/CMakeTmp/CMAKE_TRY_COMPILE.xcodeproj
    builtin-create-build-directory /Users/bangcle/apple-llvm-project_ios/build/CMakeFiles/CMakeTmp

ClangStatCache /Applications/Xcode.app/Contents/Developer/Toolchains/XcodeDefault.xctoolchain/usr/bin/clang-stat-cache /Applications/Xcode.app/Contents/Developer/Platforms/iPhoneOS.platform/Developer/SDKs/iPhoneOS16.4.sdk /var/folders/30/2gj68zcd49l4mylgmzd1d7n40000gn/C/com.apple.DeveloperTools/14.3-14E222b/Xcode/SDKStatCaches.noindex/iphoneos16.4-20E238-.sdkstatcache
    cd /Users/bangcle/apple-llvm-project_ios/build/CMakeFiles/CMakeTmp/CMAKE_TRY_COMPILE.xcodeproj
    /Applications/Xcode.app/Contents/Developer/Toolchains/XcodeDefault.xctoolchain/usr/bin/clang-stat-cache /Applications/Xcode.app/Contents/Developer/Platforms/iPhoneOS.platform/Developer/SDKs/iPhoneOS16.4.sdk -o /var/folders/30/2gj68zcd49l4mylgmzd1d7n40000gn/C/com.apple.DeveloperTools/14.3-14E222b/Xcode/SDKStatCaches.noindex/iphoneos16.4-20E238-.sdkstatcache

CreateBuildDirectory /Users/bangcle/apple-llvm-project_ios/build/CMakeFiles/CMakeTmp/Debug
    cd /Users/bangcle/apple-llvm-project_ios/build/CMakeFiles/CMakeTmp/CMAKE_TRY_COMPILE.xcodeproj
    builtin-create-build-directory /Users/bangcle/apple-llvm-project_ios/build/CMakeFiles/CMakeTmp/Debug

CreateBuildDirectory /Users/bangcle/apple-llvm-project_ios/build/CMakeFiles/CMakeTmp/EagerLinkingTBDs/Debug-iphoneos
    cd /Users/bangcle/apple-llvm-project_ios/build/CMakeFiles/CMakeTmp/CMAKE_TRY_COMPILE.xcodeproj
    builtin-create-build-directory /Users/bangcle/apple-llvm-project_ios/build/CMakeFiles/CMakeTmp/EagerLinkingTBDs/Debug-iphoneos

WriteAuxiliaryFile /Users/bangcle/apple-llvm-project_ios/build/CMakeFiles/CMakeTmp/CMAKE_TRY_COMPILE.build/Debug-iphoneos/cmTC_9f4ad.build/Objects-normal/arm64/cmTC_9f4ad.LinkFileList (in target 'cmTC_9f4ad' from project 'CMAKE_TRY_COMPILE')
    cd /Users/bangcle/apple-llvm-project_ios/build/CMakeFiles/CMakeTmp
    write-file /Users/bangcle/apple-llvm-project_ios/build/CMakeFiles/CMakeTmp/CMAKE_TRY_COMPILE.build/Debug-iphoneos/cmTC_9f4ad.build/Objects-normal/arm64/cmTC_9f4ad.LinkFileList

CompileC /Users/bangcle/apple-llvm-project_ios/build/CMakeFiles/CMakeTmp/CMAKE_TRY_COMPILE.build/Debug-iphoneos/cmTC_9f4ad.build/Objects-normal/arm64/src.o /Users/bangcle/apple-llvm-project_ios/build/CMakeFiles/CMakeTmp/src.cxx normal arm64 c++ com.apple.compilers.llvm.clang.1_0.compiler (in target 'cmTC_9f4ad' from project 'CMAKE_TRY_COMPILE')
    cd /Users/bangcle/apple-llvm-project_ios/build/CMakeFiles/CMakeTmp
    /Applications/Xcode.app/Contents/Developer/Toolchains/XcodeDefault.xctoolchain/usr/bin/clang -x c++ -ivfsstatcache /var/folders/30/2gj68zcd49l4mylgmzd1d7n40000gn/C/com.apple.DeveloperTools/14.3-14E222b/Xcode/SDKStatCaches.noindex/iphoneos16.4-20E238-.sdkstatcache -target arm64-apple-ios10.0 -fmessage-length\=0 -fdiagnostics-show-note-include-stack -fmacro-backtrace-limit\=0 -Wno-trigraphs -fpascal-strings -O0 -Wno-missing-field-initializers -Wno-missing-prototypes -Wno-return-type -Wno-non-virtual-dtor -Wno-overloaded-virtual -Wno-exit-time-destructors -Wno-missing-braces -Wparentheses -Wswitch -Wno-unused-function -Wno-unused-label -Wno-unused-parameter -Wno-unused-variable -Wunused-value -Wno-empty-body -Wno-uninitialized -Wno-unknown-pragmas -Wno-shadow -Wno-four-char-constants -Wno-conversion -Wno-constant-conversion -Wno-int-conversion -Wno-bool-conversion -Wno-enum-conversion -Wno-float-conversion -Wno-non-literal-null-conversion -Wno-objc-literal-conversion -Wshorten-64-to-32 -Wno-newline-eof -Wno-c++11-extensions -Wno-implicit-fallthrough -DCMAKE_INTDIR\=\"Debug-iphoneos\" -DCXX_SUPPORTS_CLASS_MEMACCESS_FLAG -isysroot /Applications/Xcode.app/Contents/Developer/Platforms/iPhoneOS.platform/Developer/SDKs/iPhoneOS16.4.sdk -fstrict-aliasing -Wdeprecated-declarations -Winvalid-offsetof -g -Wno-sign-conversion -Wno-infinite-recursion -Wno-move -Wno-comma -Wno-block-capture-autoreleasing -Wno-strict-prototypes -Wno-range-loop-analysis -Wno-semicolon-before-method-body -I/Users/bangcle/apple-llvm-project_ios/build/CMakeFiles/CMakeTmp/Debug/include -I/Users/bangcle/apple-llvm-project_ios/build/CMakeFiles/CMakeTmp/CMAKE_TRY_COMPILE.build/Debug-iphoneos/cmTC_9f4ad.build/DerivedSources-normal/arm64 -I/Users/bangcle/apple-llvm-project_ios/build/CMakeFiles/CMakeTmp/CMAKE_TRY_COMPILE.build/Debug-iphoneos/cmTC_9f4ad.build/DerivedSources/arm64 -I/Users/bangcle/apple-llvm-project_ios/build/CMakeFiles/CMakeTmp/CMAKE_TRY_COMPILE.build/Debug-iphoneos/cmTC_9f4ad.build/DerivedSources -F/Users/bangcle/apple-llvm-project_ios/build/CMakeFiles/CMakeTmp/Debug -DWITH_BKS -DWITH_FBS -DWITH_LOCKDOWN -fvisibility-inlines-hidden -Werror\=date-time -Werror\=unguarded-availability-new -Wall -Wextra -Wno-unused-parameter -Wwrite-strings -Wcast-qual -Wmissing-field-initializers -pedantic -Wno-long-long -Wc++98-compat-extra-semi -Wimplicit-fallthrough -Wcovered-switch-default -Werror\=unguarded-availability-new -std\=c++14 -Wclass-memaccess -MMD -MT dependencies -MF /Users/bangcle/apple-llvm-project_ios/build/CMakeFiles/CMakeTmp/CMAKE_TRY_COMPILE.build/Debug-iphoneos/cmTC_9f4ad.build/Objects-normal/arm64/src.d --serialize-diagnostics /Users/bangcle/apple-llvm-project_ios/build/CMakeFiles/CMakeTmp/CMAKE_TRY_COMPILE.build/Debug-iphoneos/cmTC_9f4ad.build/Objects-normal/arm64/src.dia -c /Users/bangcle/apple-llvm-project_ios/build/CMakeFiles/CMakeTmp/src.cxx -o /Users/bangcle/apple-llvm-project_ios/build/CMakeFiles/CMakeTmp/CMAKE_TRY_COMPILE.build/Debug-iphoneos/cmTC_9f4ad.build/Objects-normal/arm64/src.o
warning: unknown warning option '-Wclass-memaccess'; did you mean '-Wclass-varargs'? [-Wunknown-warning-option]
1 warning generated.

Ld /Users/bangcle/apple-llvm-project_ios/build/CMakeFiles/CMakeTmp/Debug/cmTC_9f4ad normal (in target 'cmTC_9f4ad' from project 'CMAKE_TRY_COMPILE')
    cd /Users/bangcle/apple-llvm-project_ios/build/CMakeFiles/CMakeTmp
    /Applications/Xcode.app/Contents/Developer/Toolchains/XcodeDefault.xctoolchain/usr/bin/clang++ -Xlinker -reproducible -target arm64-apple-ios10.0 -isysroot /Applications/Xcode.app/Contents/Developer/Platforms/iPhoneOS.platform/Developer/SDKs/iPhoneOS16.4.sdk -L/Users/bangcle/apple-llvm-project_ios/build/CMakeFiles/CMakeTmp/EagerLinkingTBDs/Debug-iphoneos -L/Users/bangcle/apple-llvm-project_ios/build/CMakeFiles/CMakeTmp/Debug -F/Users/bangcle/apple-llvm-project_ios/build/CMakeFiles/CMakeTmp/EagerLinkingTBDs/Debug-iphoneos -F/Users/bangcle/apple-llvm-project_ios/build/CMakeFiles/CMakeTmp/Debug -filelist /Users/bangcle/apple-llvm-project_ios/build/CMakeFiles/CMakeTmp/CMAKE_TRY_COMPILE.build/Debug-iphoneos/cmTC_9f4ad.build/Objects-normal/arm64/cmTC_9f4ad.LinkFileList -dead_strip -Xlinker -object_path_lto -Xlinker /Users/bangcle/apple-llvm-project_ios/build/CMakeFiles/CMakeTmp/CMAKE_TRY_COMPILE.build/Debug-iphoneos/cmTC_9f4ad.build/Objects-normal/arm64/cmTC_9f4ad_lto.o -Xlinker -no_deduplicate -Wl,-search_paths_first -Wl,-headerpad_max_install_names -Xlinker -dependency_info -Xlinker /Users/bangcle/apple-llvm-project_ios/build/CMakeFiles/CMakeTmp/CMAKE_TRY_COMPILE.build/Debug-iphoneos/cmTC_9f4ad.build/Objects-normal/arm64/cmTC_9f4ad_dependency_info.dat -o /Users/bangcle/apple-llvm-project_ios/build/CMakeFiles/CMakeTmp/Debug/cmTC_9f4ad

GenerateDSYMFile /Users/bangcle/apple-llvm-project_ios/build/CMakeFiles/CMakeTmp/Debug/cmTC_9f4ad.dSYM /Users/bangcle/apple-llvm-project_ios/build/CMakeFiles/CMakeTmp/Debug/cmTC_9f4ad (in target 'cmTC_9f4ad' from project 'CMAKE_TRY_COMPILE')
    cd /Users/bangcle/apple-llvm-project_ios/build/CMakeFiles/CMakeTmp
    /Applications/Xcode.app/Contents/Developer/Toolchains/XcodeDefault.xctoolchain/usr/bin/dsymutil /Users/bangcle/apple-llvm-project_ios/build/CMakeFiles/CMakeTmp/Debug/cmTC_9f4ad -o /Users/bangcle/apple-llvm-project_ios/build/CMakeFiles/CMakeTmp/Debug/cmTC_9f4ad.dSYM

RegisterExecutionPolicyException /Users/bangcle/apple-llvm-project_ios/build/CMakeFiles/CMakeTmp/Debug/cmTC_9f4ad (in target 'cmTC_9f4ad' from project 'CMAKE_TRY_COMPILE')
    cd /Users/bangcle/apple-llvm-project_ios/build/CMakeFiles/CMakeTmp
    builtin-RegisterExecutionPolicyException /Users/bangcle/apple-llvm-project_ios/build/CMakeFiles/CMakeTmp/Debug/cmTC_9f4ad

/Users/bangcle/apple-llvm-project_ios/build/CMakeFiles/CMakeTmp/CMAKE_TRY_COMPILE.xcodeproj: warning: The iOS deployment target 'IPHONEOS_DEPLOYMENT_TARGET' is set to 10.0, but the range of supported deployment target versions is 11.0 to 16.4.99. (in target 'cmTC_9f4ad' from project 'CMAKE_TRY_COMPILE')
** BUILD SUCCEEDED **



Source file was:
int main() { return 0; }
Performing C++ SOURCE FILE Test macos_signposts_usable failed with the following output:
Change Dir: /Users/bangcle/apple-llvm-project_ios/build/CMakeFiles/CMakeTmp

Run Build Command(s):/usr/bin/xcodebuild -project CMAKE_TRY_COMPILE.xcodeproj build -target cmTC_e1496 -parallelizeTargets -configuration Debug -hideShellScriptEnvironment && 2023-05-09 11:05:14.690 xcodebuild[16150:5385704] DVTCoreDeviceEnabledState: DVTCoreDeviceEnabledState_Disabled set via user default (DVTEnableCoreDevice=disabled)
Command line invocation:
    /Applications/Xcode.app/Contents/Developer/usr/bin/xcodebuild -project CMAKE_TRY_COMPILE.xcodeproj build -target cmTC_e1496 -parallelizeTargets -configuration Debug -hideShellScriptEnvironment

User defaults from command line:
    HideShellScriptEnvironment = YES
    IDEPackageSupportUseBuiltinSCM = YES

Computing target dependency graph and provisioning inputs

Create build description
Build description signature: bbc25ce0783881c2aff7c2ae2359da07
Build description path: /Users/bangcle/apple-llvm-project_ios/build/CMakeFiles/CMakeTmp/build/XCBuildData/bbc25ce0783881c2aff7c2ae2359da07.xcbuilddata

note: Building targets in dependency order
CreateBuildDirectory /Users/bangcle/apple-llvm-project_ios/build/CMakeFiles/CMakeTmp
    cd /Users/bangcle/apple-llvm-project_ios/build/CMakeFiles/CMakeTmp/CMAKE_TRY_COMPILE.xcodeproj
    builtin-create-build-directory /Users/bangcle/apple-llvm-project_ios/build/CMakeFiles/CMakeTmp

ClangStatCache /Applications/Xcode.app/Contents/Developer/Toolchains/XcodeDefault.xctoolchain/usr/bin/clang-stat-cache /Applications/Xcode.app/Contents/Developer/Platforms/iPhoneOS.platform/Developer/SDKs/iPhoneOS16.4.sdk /var/folders/30/2gj68zcd49l4mylgmzd1d7n40000gn/C/com.apple.DeveloperTools/14.3-14E222b/Xcode/SDKStatCaches.noindex/iphoneos16.4-20E238-.sdkstatcache
    cd /Users/bangcle/apple-llvm-project_ios/build/CMakeFiles/CMakeTmp/CMAKE_TRY_COMPILE.xcodeproj
    /Applications/Xcode.app/Contents/Developer/Toolchains/XcodeDefault.xctoolchain/usr/bin/clang-stat-cache /Applications/Xcode.app/Contents/Developer/Platforms/iPhoneOS.platform/Developer/SDKs/iPhoneOS16.4.sdk -o /var/folders/30/2gj68zcd49l4mylgmzd1d7n40000gn/C/com.apple.DeveloperTools/14.3-14E222b/Xcode/SDKStatCaches.noindex/iphoneos16.4-20E238-.sdkstatcache

CreateBuildDirectory /Users/bangcle/apple-llvm-project_ios/build/CMakeFiles/CMakeTmp/Debug
    cd /Users/bangcle/apple-llvm-project_ios/build/CMakeFiles/CMakeTmp/CMAKE_TRY_COMPILE.xcodeproj
    builtin-create-build-directory /Users/bangcle/apple-llvm-project_ios/build/CMakeFiles/CMakeTmp/Debug

CreateBuildDirectory /Users/bangcle/apple-llvm-project_ios/build/CMakeFiles/CMakeTmp/EagerLinkingTBDs/Debug-iphoneos
    cd /Users/bangcle/apple-llvm-project_ios/build/CMakeFiles/CMakeTmp/CMAKE_TRY_COMPILE.xcodeproj
    builtin-create-build-directory /Users/bangcle/apple-llvm-project_ios/build/CMakeFiles/CMakeTmp/EagerLinkingTBDs/Debug-iphoneos

WriteAuxiliaryFile /Users/bangcle/apple-llvm-project_ios/build/CMakeFiles/CMakeTmp/CMAKE_TRY_COMPILE.build/Debug-iphoneos/cmTC_e1496.build/Objects-normal/arm64/cmTC_e1496.LinkFileList (in target 'cmTC_e1496' from project 'CMAKE_TRY_COMPILE')
    cd /Users/bangcle/apple-llvm-project_ios/build/CMakeFiles/CMakeTmp
    write-file /Users/bangcle/apple-llvm-project_ios/build/CMakeFiles/CMakeTmp/CMAKE_TRY_COMPILE.build/Debug-iphoneos/cmTC_e1496.build/Objects-normal/arm64/cmTC_e1496.LinkFileList

CompileC /Users/bangcle/apple-llvm-project_ios/build/CMakeFiles/CMakeTmp/CMAKE_TRY_COMPILE.build/Debug-iphoneos/cmTC_e1496.build/Objects-normal/arm64/src.o /Users/bangcle/apple-llvm-project_ios/build/CMakeFiles/CMakeTmp/src.cxx normal arm64 c++ com.apple.compilers.llvm.clang.1_0.compiler (in target 'cmTC_e1496' from project 'CMAKE_TRY_COMPILE')
    cd /Users/bangcle/apple-llvm-project_ios/build/CMakeFiles/CMakeTmp
    /Applications/Xcode.app/Contents/Developer/Toolchains/XcodeDefault.xctoolchain/usr/bin/clang -x c++ -ivfsstatcache /var/folders/30/2gj68zcd49l4mylgmzd1d7n40000gn/C/com.apple.DeveloperTools/14.3-14E222b/Xcode/SDKStatCaches.noindex/iphoneos16.4-20E238-.sdkstatcache -target arm64-apple-ios10.0 -fmessage-length\=0 -fdiagnostics-show-note-include-stack -fmacro-backtrace-limit\=0 -Wno-trigraphs -fpascal-strings -O0 -Wno-missing-field-initializers -Wno-missing-prototypes -Wno-return-type -Wno-non-virtual-dtor -Wno-overloaded-virtual -Wno-exit-time-destructors -Wno-missing-braces -Wparentheses -Wswitch -Wno-unused-function -Wno-unused-label -Wno-unused-parameter -Wno-unused-variable -Wunused-value -Wno-empty-body -Wno-uninitialized -Wno-unknown-pragmas -Wno-shadow -Wno-four-char-constants -Wno-conversion -Wno-constant-conversion -Wno-int-conversion -Wno-bool-conversion -Wno-enum-conversion -Wno-float-conversion -Wno-non-literal-null-conversion -Wno-objc-literal-conversion -Wshorten-64-to-32 -Wno-newline-eof -Wno-c++11-extensions -Wno-implicit-fallthrough -DCMAKE_INTDIR\=\"Debug-iphoneos\" -Dmacos_signposts_usable -isysroot /Applications/Xcode.app/Contents/Developer/Platforms/iPhoneOS.platform/Developer/SDKs/iPhoneOS16.4.sdk -fstrict-aliasing -Wdeprecated-declarations -Winvalid-offsetof -g -Wno-sign-conversion -Wno-infinite-recursion -Wno-move -Wno-comma -Wno-block-capture-autoreleasing -Wno-strict-prototypes -Wno-range-loop-analysis -Wno-semicolon-before-method-body -I/Users/bangcle/apple-llvm-project_ios/build/CMakeFiles/CMakeTmp/Debug/include -I/Users/bangcle/apple-llvm-project_ios/build/CMakeFiles/CMakeTmp/CMAKE_TRY_COMPILE.build/Debug-iphoneos/cmTC_e1496.build/DerivedSources-normal/arm64 -I/Users/bangcle/apple-llvm-project_ios/build/CMakeFiles/CMakeTmp/CMAKE_TRY_COMPILE.build/Debug-iphoneos/cmTC_e1496.build/DerivedSources/arm64 -I/Users/bangcle/apple-llvm-project_ios/build/CMakeFiles/CMakeTmp/CMAKE_TRY_COMPILE.build/Debug-iphoneos/cmTC_e1496.build/DerivedSources -F/Users/bangcle/apple-llvm-project_ios/build/CMakeFiles/CMakeTmp/Debug -DWITH_BKS -DWITH_FBS -DWITH_LOCKDOWN -fvisibility-inlines-hidden -Werror\=date-time -Werror\=unguarded-availability-new -Wall -Wextra -Wno-unused-parameter -Wwrite-strings -Wcast-qual -Wmissing-field-initializers -pedantic -Wno-long-long -Wc++98-compat-extra-semi -Wimplicit-fallthrough -Wcovered-switch-default -Wno-noexcept-type -Wnon-virtual-dtor -Wdelete-non-virtual-dtor -Wsuggest-override -Wstring-conversion -Wmisleading-indentation -Werror\=unguarded-availability-new -std\=c++14 -MMD -MT dependencies -MF /Users/bangcle/apple-llvm-project_ios/build/CMakeFiles/CMakeTmp/CMAKE_TRY_COMPILE.build/Debug-iphoneos/cmTC_e1496.build/Objects-normal/arm64/src.d --serialize-diagnostics /Users/bangcle/apple-llvm-project_ios/build/CMakeFiles/CMakeTmp/CMAKE_TRY_COMPILE.build/Debug-iphoneos/cmTC_e1496.build/Objects-normal/arm64/src.dia -c /Users/bangcle/apple-llvm-project_ios/build/CMakeFiles/CMakeTmp/src.cxx -o /Users/bangcle/apple-llvm-project_ios/build/CMakeFiles/CMakeTmp/CMAKE_TRY_COMPILE.build/Debug-iphoneos/cmTC_e1496.build/Objects-normal/arm64/src.o
/Users/bangcle/apple-llvm-project_ios/build/CMakeFiles/CMakeTmp/src.cxx:2:18: error: '_os_signpost_emit_with_name_impl' is only available on iOS 12.0 or newer [-Werror,-Wunguarded-availability-new]
    int main() { os_signpost_interval_begin(nullptr, 0, "", ""); return 0; }
                 ^~~~~~~~~~~~~~~~~~~~~~~~~~~~~~~~~~~~~~~~~~~~~~
In file included from /Users/bangcle/apple-llvm-project_ios/build/CMakeFiles/CMakeTmp/src.cxx:1:
/Applications/Xcode.app/Contents/Developer/Platforms/iPhoneOS.platform/Developer/SDKs/iPhoneOS16.4.sdk/usr/include/os/signpost.h:227:9: note: expanded from macro 'os_signpost_interval_begin'
        os_signpost_emit_with_type(log, OS_SIGNPOST_INTERVAL_BEGIN, \
        ^~~~~~~~~~~~~~~~~~~~~~~~~~~~~~~~~~~~~~~~~~~~~~~~~~~~~~~~~~~~~
/Applications/Xcode.app/Contents/Developer/Platforms/iPhoneOS.platform/Developer/SDKs/iPhoneOS16.4.sdk/usr/include/os/signpost.h:403:13: note: expanded from macro 'os_signpost_emit_with_type'
        if (_os_signpost_emit_with_name_impl != NULL) { \
            ^~~~~~~~~~~~~~~~~~~~~~~~~~~~~~~~
/Applications/Xcode.app/Contents/Developer/Platforms/iPhoneOS.platform/Developer/SDKs/iPhoneOS16.4.sdk/usr/include/os/signpost.h:378:1: note: '_os_signpost_emit_with_name_impl' has been marked as being introduced in iOS 12.0 here, but the deployment target is iOS 10.0.0
_os_signpost_emit_with_name_impl(void *dso, os_log_t log,
^
/Users/bangcle/apple-llvm-project_ios/build/CMakeFiles/CMakeTmp/src.cxx:2:18: note: enclose '_os_signpost_emit_with_name_impl' in a __builtin_available check to silence this warning
    int main() { os_signpost_interval_begin(nullptr, 0, "", ""); return 0; }
                 ^~~~~~~~~~~~~~~~~~~~~~~~~~~~~~~~~~~~~~~~~~~~~~
In file included from /Users/bangcle/apple-llvm-project_ios/build/CMakeFiles/CMakeTmp/src.cxx:1:
/Applications/Xcode.app/Contents/Developer/Platforms/iPhoneOS.platform/Developer/SDKs/iPhoneOS16.4.sdk/usr/include/os/signpost.h:227:9: note: expanded from macro 'os_signpost_interval_begin'
        os_signpost_emit_with_type(log, OS_SIGNPOST_INTERVAL_BEGIN, \
        ^~~~~~~~~~~~~~~~~~~~~~~~~~~~~~~~~~~~~~~~~~~~~~~~~~~~~~~~~~~~~
/Applications/Xcode.app/Contents/Developer/Platforms/iPhoneOS.platform/Developer/SDKs/iPhoneOS16.4.sdk/usr/include/os/signpost.h:403:13: note: expanded from macro 'os_signpost_emit_with_type'
        if (_os_signpost_emit_with_name_impl != NULL) { \
            ^~~~~~~~~~~~~~~~~~~~~~~~~~~~~~~~
/Users/bangcle/apple-llvm-project_ios/build/CMakeFiles/CMakeTmp/src.cxx:2:18: error: 'os_signpost_enabled' is only available on iOS 12.0 or newer [-Werror,-Wunguarded-availability-new]
    int main() { os_signpost_interval_begin(nullptr, 0, "", ""); return 0; }
                 ^~~~~~~~~~~~~~~~~~~~~~~~~~~~~~~~~~~~~~~~~~~~~~
In file included from /Users/bangcle/apple-llvm-project_ios/build/CMakeFiles/CMakeTmp/src.cxx:1:
/Applications/Xcode.app/Contents/Developer/Platforms/iPhoneOS.platform/Developer/SDKs/iPhoneOS16.4.sdk/usr/include/os/signpost.h:227:9: note: expanded from macro 'os_signpost_interval_begin'
        os_signpost_emit_with_type(log, OS_SIGNPOST_INTERVAL_BEGIN, \
        ^~~~~~~~~~~~~~~~~~~~~~~~~~~~~~~~~~~~~~~~~~~~~~~~~~~~~~~~~~~~~
/Applications/Xcode.app/Contents/Developer/Platforms/iPhoneOS.platform/Developer/SDKs/iPhoneOS16.4.sdk/usr/include/os/signpost.h:404:13: note: expanded from macro 'os_signpost_emit_with_type'
            _os_signpost_emit_with_type(_os_signpost_emit_with_name_impl, log, \
            ^~~~~~~~~~~~~~~~~~~~~~~~~~~~~~~~~~~~~~~~~~~~~~~~~~~~~~~~~~~~~~~~~~~~
/Applications/Xcode.app/Contents/Developer/Platforms/iPhoneOS.platform/Developer/SDKs/iPhoneOS16.4.sdk/usr/include/os/signpost.h:389:17: note: expanded from macro '_os_signpost_emit_with_type'
                os_signpost_enabled(_log_tmp)) { \
                ^~~~~~~~~~~~~~~~~~~
/Applications/Xcode.app/Contents/Developer/Platforms/iPhoneOS.platform/Developer/SDKs/iPhoneOS16.4.sdk/usr/include/os/signpost.h:204:1: note: 'os_signpost_enabled' has been marked as being introduced in iOS 12.0 here, but the deployment target is iOS 10.0.0
os_signpost_enabled(os_log_t log);
^
/Users/bangcle/apple-llvm-project_ios/build/CMakeFiles/CMakeTmp/src.cxx:2:18: note: enclose 'os_signpost_enabled' in a __builtin_available check to silence this warning
    int main() { os_signpost_interval_begin(nullptr, 0, "", ""); return 0; }
                 ^~~~~~~~~~~~~~~~~~~~~~~~~~~~~~~~~~~~~~~~~~~~~~
In file included from /Users/bangcle/apple-llvm-project_ios/build/CMakeFiles/CMakeTmp/src.cxx:1:
/Applications/Xcode.app/Contents/Developer/Platforms/iPhoneOS.platform/Developer/SDKs/iPhoneOS16.4.sdk/usr/include/os/signpost.h:227:9: note: expanded from macro 'os_signpost_interval_begin'
        os_signpost_emit_with_type(log, OS_SIGNPOST_INTERVAL_BEGIN, \
        ^~~~~~~~~~~~~~~~~~~~~~~~~~~~~~~~~~~~~~~~~~~~~~~~~~~~~~~~~~~~~
/Applications/Xcode.app/Contents/Developer/Platforms/iPhoneOS.platform/Developer/SDKs/iPhoneOS16.4.sdk/usr/include/os/signpost.h:404:13: note: expanded from macro 'os_signpost_emit_with_type'
            _os_signpost_emit_with_type(_os_signpost_emit_with_name_impl, log, \
            ^~~~~~~~~~~~~~~~~~~~~~~~~~~~~~~~~~~~~~~~~~~~~~~~~~~~~~~~~~~~~~~~~~~~
/Applications/Xcode.app/Contents/Developer/Platforms/iPhoneOS.platform/Developer/SDKs/iPhoneOS16.4.sdk/usr/include/os/signpost.h:389:17: note: expanded from macro '_os_signpost_emit_with_type'
                os_signpost_enabled(_log_tmp)) { \
                ^~~~~~~~~~~~~~~~~~~
/Users/bangcle/apple-llvm-project_ios/build/CMakeFiles/CMakeTmp/src.cxx:2:18: error: '_os_signpost_emit_with_name_impl' is only available on iOS 12.0 or newer [-Werror,-Wunguarded-availability-new]
    int main() { os_signpost_interval_begin(nullptr, 0, "", ""); return 0; }
                 ^~~~~~~~~~~~~~~~~~~~~~~~~~~~~~~~~~~~~~~~~~~~~~
In file included from /Users/bangcle/apple-llvm-project_ios/build/CMakeFiles/CMakeTmp/src.cxx:1:
/Applications/Xcode.app/Contents/Developer/Platforms/iPhoneOS.platform/Developer/SDKs/iPhoneOS16.4.sdk/usr/include/os/signpost.h:227:9: note: expanded from macro 'os_signpost_interval_begin'
        os_signpost_emit_with_type(log, OS_SIGNPOST_INTERVAL_BEGIN, \
        ^~~~~~~~~~~~~~~~~~~~~~~~~~~~~~~~~~~~~~~~~~~~~~~~~~~~~~~~~~~~~
/Applications/Xcode.app/Contents/Developer/Platforms/iPhoneOS.platform/Developer/SDKs/iPhoneOS16.4.sdk/usr/include/os/signpost.h:404:41: note: expanded from macro 'os_signpost_emit_with_type'
            _os_signpost_emit_with_type(_os_signpost_emit_with_name_impl, log, \
                                        ^~~~~~~~~~~~~~~~~~~~~~~~~~~~~~~~
/Applications/Xcode.app/Contents/Developer/Platforms/iPhoneOS.platform/Developer/SDKs/iPhoneOS16.4.sdk/usr/include/os/signpost.h:390:43: note: expanded from macro '_os_signpost_emit_with_type'
            OS_LOG_CALL_WITH_FORMAT_NAME((emitfn), \
                                          ^~~~~~
In file included from /Users/bangcle/apple-llvm-project_ios/build/CMakeFiles/CMakeTmp/src.cxx:1:
In file included from /Applications/Xcode.app/Contents/Developer/Platforms/iPhoneOS.platform/Developer/SDKs/iPhoneOS16.4.sdk/usr/include/os/signpost.h:8:
In file included from /Applications/Xcode.app/Contents/Developer/Platforms/iPhoneOS.platform/Developer/SDKs/iPhoneOS16.4.sdk/usr/include/os/log.h:14:
In file included from /Applications/Xcode.app/Contents/Developer/Platforms/iPhoneOS.platform/Developer/SDKs/iPhoneOS16.4.sdk/usr/include/os/trace.h:8:
/Applications/Xcode.app/Contents/Developer/Platforms/iPhoneOS.platform/Developer/SDKs/iPhoneOS16.4.sdk/usr/include/os/trace_base.h:98:9: note: expanded from macro 'OS_LOG_CALL_WITH_FORMAT_NAME'
        fun(OS_LOG_REMOVE_PARENS fun_args, _os_name_str, _os_fmt_str, \
        ^~~
In file included from /Users/bangcle/apple-llvm-project_ios/build/CMakeFiles/CMakeTmp/src.cxx:1:
/Applications/Xcode.app/Contents/Developer/Platforms/iPhoneOS.platform/Developer/SDKs/iPhoneOS16.4.sdk/usr/include/os/signpost.h:378:1: note: '_os_signpost_emit_with_name_impl' has been marked as being introduced in iOS 12.0 here, but the deployment target is iOS 10.0.0
_os_signpost_emit_with_name_impl(void *dso, os_log_t log,
^
/Users/bangcle/apple-llvm-project_ios/build/CMakeFiles/CMakeTmp/src.cxx:2:18: note: enclose '_os_signpost_emit_with_name_impl' in a __builtin_available check to silence this warning
    int main() { os_signpost_interval_begin(nullptr, 0, "", ""); return 0; }
                 ^~~~~~~~~~~~~~~~~~~~~~~~~~~~~~~~~~~~~~~~~~~~~~
In file included from /Users/bangcle/apple-llvm-project_ios/build/CMakeFiles/CMakeTmp/src.cxx:1:
/Applications/Xcode.app/Contents/Developer/Platforms/iPhoneOS.platform/Developer/SDKs/iPhoneOS16.4.sdk/usr/include/os/signpost.h:227:9: note: expanded from macro 'os_signpost_interval_begin'
        os_signpost_emit_with_type(log, OS_SIGNPOST_INTERVAL_BEGIN, \
        ^~~~~~~~~~~~~~~~~~~~~~~~~~~~~~~~~~~~~~~~~~~~~~~~~~~~~~~~~~~~~
/Applications/Xcode.app/Contents/Developer/Platforms/iPhoneOS.platform/Developer/SDKs/iPhoneOS16.4.sdk/usr/include/os/signpost.h:404:41: note: expanded from macro 'os_signpost_emit_with_type'
            _os_signpost_emit_with_type(_os_signpost_emit_with_name_impl, log, \
                                        ^~~~~~~~~~~~~~~~~~~~~~~~~~~~~~~~
/Applications/Xcode.app/Contents/Developer/Platforms/iPhoneOS.platform/Developer/SDKs/iPhoneOS16.4.sdk/usr/include/os/signpost.h:390:43: note: expanded from macro '_os_signpost_emit_with_type'
            OS_LOG_CALL_WITH_FORMAT_NAME((emitfn), \
                                          ^~~~~~
In file included from /Users/bangcle/apple-llvm-project_ios/build/CMakeFiles/CMakeTmp/src.cxx:1:
In file included from /Applications/Xcode.app/Contents/Developer/Platforms/iPhoneOS.platform/Developer/SDKs/iPhoneOS16.4.sdk/usr/include/os/signpost.h:8:
In file included from /Applications/Xcode.app/Contents/Developer/Platforms/iPhoneOS.platform/Developer/SDKs/iPhoneOS16.4.sdk/usr/include/os/log.h:14:
In file included from /Applications/Xcode.app/Contents/Developer/Platforms/iPhoneOS.platform/Developer/SDKs/iPhoneOS16.4.sdk/usr/include/os/trace.h:8:
/Applications/Xcode.app/Contents/Developer/Platforms/iPhoneOS.platform/Developer/SDKs/iPhoneOS16.4.sdk/usr/include/os/trace_base.h:98:9: note: expanded from macro 'OS_LOG_CALL_WITH_FORMAT_NAME'
        fun(OS_LOG_REMOVE_PARENS fun_args, _os_name_str, _os_fmt_str, \
        ^~~
3 errors generated.

/Users/bangcle/apple-llvm-project_ios/build/CMakeFiles/CMakeTmp/CMAKE_TRY_COMPILE.xcodeproj: warning: The iOS deployment target 'IPHONEOS_DEPLOYMENT_TARGET' is set to 10.0, but the range of supported deployment target versions is 11.0 to 16.4.99. (in target 'cmTC_e1496' from project 'CMAKE_TRY_COMPILE')
** BUILD FAILED **


The following build commands failed:
	CompileC /Users/bangcle/apple-llvm-project_ios/build/CMakeFiles/CMakeTmp/CMAKE_TRY_COMPILE.build/Debug-iphoneos/cmTC_e1496.build/Objects-normal/arm64/src.o /Users/bangcle/apple-llvm-project_ios/build/CMakeFiles/CMakeTmp/src.cxx normal arm64 c++ com.apple.compilers.llvm.clang.1_0.compiler (in target 'cmTC_e1496' from project 'CMAKE_TRY_COMPILE')
(1 failure)


Source file was:
#include <os/signpost.h>
    int main() { os_signpost_interval_begin(nullptr, 0, "", ""); return 0; }
Performing C++ SOURCE FILE Test LLVM_HAS_NOGLOBAL_CTOR_MUTEX failed with the following output:
Change Dir: /Users/bangcle/apple-llvm-project_ios/build/CMakeFiles/CMakeTmp

Run Build Command(s):/usr/bin/xcodebuild -project CMAKE_TRY_COMPILE.xcodeproj build -target cmTC_0dd3e -parallelizeTargets -configuration Debug -hideShellScriptEnvironment && 2023-05-09 11:05:19.263 xcodebuild[16217:5386185] DVTCoreDeviceEnabledState: DVTCoreDeviceEnabledState_Disabled set via user default (DVTEnableCoreDevice=disabled)
Command line invocation:
    /Applications/Xcode.app/Contents/Developer/usr/bin/xcodebuild -project CMAKE_TRY_COMPILE.xcodeproj build -target cmTC_0dd3e -parallelizeTargets -configuration Debug -hideShellScriptEnvironment

User defaults from command line:
    HideShellScriptEnvironment = YES
    IDEPackageSupportUseBuiltinSCM = YES

Computing target dependency graph and provisioning inputs

Create build description
Build description signature: ba81188a051668a3f4a719fd2be73ba1
Build description path: /Users/bangcle/apple-llvm-project_ios/build/CMakeFiles/CMakeTmp/build/XCBuildData/ba81188a051668a3f4a719fd2be73ba1.xcbuilddata

note: Building targets in dependency order
CreateBuildDirectory /Users/bangcle/apple-llvm-project_ios/build/CMakeFiles/CMakeTmp
    cd /Users/bangcle/apple-llvm-project_ios/build/CMakeFiles/CMakeTmp/CMAKE_TRY_COMPILE.xcodeproj
    builtin-create-build-directory /Users/bangcle/apple-llvm-project_ios/build/CMakeFiles/CMakeTmp

ClangStatCache /Applications/Xcode.app/Contents/Developer/Toolchains/XcodeDefault.xctoolchain/usr/bin/clang-stat-cache /Applications/Xcode.app/Contents/Developer/Platforms/iPhoneOS.platform/Developer/SDKs/iPhoneOS16.4.sdk /var/folders/30/2gj68zcd49l4mylgmzd1d7n40000gn/C/com.apple.DeveloperTools/14.3-14E222b/Xcode/SDKStatCaches.noindex/iphoneos16.4-20E238-.sdkstatcache
    cd /Users/bangcle/apple-llvm-project_ios/build/CMakeFiles/CMakeTmp/CMAKE_TRY_COMPILE.xcodeproj
    /Applications/Xcode.app/Contents/Developer/Toolchains/XcodeDefault.xctoolchain/usr/bin/clang-stat-cache /Applications/Xcode.app/Contents/Developer/Platforms/iPhoneOS.platform/Developer/SDKs/iPhoneOS16.4.sdk -o /var/folders/30/2gj68zcd49l4mylgmzd1d7n40000gn/C/com.apple.DeveloperTools/14.3-14E222b/Xcode/SDKStatCaches.noindex/iphoneos16.4-20E238-.sdkstatcache

CreateBuildDirectory /Users/bangcle/apple-llvm-project_ios/build/CMakeFiles/CMakeTmp/Debug
    cd /Users/bangcle/apple-llvm-project_ios/build/CMakeFiles/CMakeTmp/CMAKE_TRY_COMPILE.xcodeproj
    builtin-create-build-directory /Users/bangcle/apple-llvm-project_ios/build/CMakeFiles/CMakeTmp/Debug

CreateBuildDirectory /Users/bangcle/apple-llvm-project_ios/build/CMakeFiles/CMakeTmp/EagerLinkingTBDs/Debug-iphoneos
    cd /Users/bangcle/apple-llvm-project_ios/build/CMakeFiles/CMakeTmp/CMAKE_TRY_COMPILE.xcodeproj
    builtin-create-build-directory /Users/bangcle/apple-llvm-project_ios/build/CMakeFiles/CMakeTmp/EagerLinkingTBDs/Debug-iphoneos

WriteAuxiliaryFile /Users/bangcle/apple-llvm-project_ios/build/CMakeFiles/CMakeTmp/CMAKE_TRY_COMPILE.build/Debug-iphoneos/cmTC_0dd3e.build/Objects-normal/arm64/cmTC_0dd3e.LinkFileList (in target 'cmTC_0dd3e' from project 'CMAKE_TRY_COMPILE')
    cd /Users/bangcle/apple-llvm-project_ios/build/CMakeFiles/CMakeTmp
    write-file /Users/bangcle/apple-llvm-project_ios/build/CMakeFiles/CMakeTmp/CMAKE_TRY_COMPILE.build/Debug-iphoneos/cmTC_0dd3e.build/Objects-normal/arm64/cmTC_0dd3e.LinkFileList

CompileC /Users/bangcle/apple-llvm-project_ios/build/CMakeFiles/CMakeTmp/CMAKE_TRY_COMPILE.build/Debug-iphoneos/cmTC_0dd3e.build/Objects-normal/arm64/src.o /Users/bangcle/apple-llvm-project_ios/build/CMakeFiles/CMakeTmp/src.cxx normal arm64 c++ com.apple.compilers.llvm.clang.1_0.compiler (in target 'cmTC_0dd3e' from project 'CMAKE_TRY_COMPILE')
    cd /Users/bangcle/apple-llvm-project_ios/build/CMakeFiles/CMakeTmp
    /Applications/Xcode.app/Contents/Developer/Toolchains/XcodeDefault.xctoolchain/usr/bin/clang -x c++ -ivfsstatcache /var/folders/30/2gj68zcd49l4mylgmzd1d7n40000gn/C/com.apple.DeveloperTools/14.3-14E222b/Xcode/SDKStatCaches.noindex/iphoneos16.4-20E238-.sdkstatcache -target arm64-apple-ios10.0 -fmessage-length\=0 -fdiagnostics-show-note-include-stack -fmacro-backtrace-limit\=0 -Wno-trigraphs -fpascal-strings -O0 -Wno-missing-field-initializers -Wno-missing-prototypes -Wno-return-type -Wno-non-virtual-dtor -Wno-overloaded-virtual -Wno-exit-time-destructors -Wno-missing-braces -Wparentheses -Wswitch -Wno-unused-function -Wno-unused-label -Wno-unused-parameter -Wno-unused-variable -Wunused-value -Wno-empty-body -Wno-uninitialized -Wno-unknown-pragmas -Wno-shadow -Wno-four-char-constants -Wno-conversion -Wno-constant-conversion -Wno-int-conversion -Wno-bool-conversion -Wno-enum-conversion -Wno-float-conversion -Wno-non-literal-null-conversion -Wno-objc-literal-conversion -Wshorten-64-to-32 -Wno-newline-eof -Wno-c++11-extensions -Wno-implicit-fallthrough -DCMAKE_INTDIR\=\"Debug-iphoneos\" -DLLVM_HAS_NOGLOBAL_CTOR_MUTEX -isysroot /Applications/Xcode.app/Contents/Developer/Platforms/iPhoneOS.platform/Developer/SDKs/iPhoneOS16.4.sdk -fstrict-aliasing -Wdeprecated-declarations -Winvalid-offsetof -g -Wno-sign-conversion -Wno-infinite-recursion -Wno-move -Wno-comma -Wno-block-capture-autoreleasing -Wno-strict-prototypes -Wno-range-loop-analysis -Wno-semicolon-before-method-body -I/Users/bangcle/apple-llvm-project_ios/build/CMakeFiles/CMakeTmp/Debug/include -I/Users/bangcle/apple-llvm-project_ios/build/CMakeFiles/CMakeTmp/CMAKE_TRY_COMPILE.build/Debug-iphoneos/cmTC_0dd3e.build/DerivedSources-normal/arm64 -I/Users/bangcle/apple-llvm-project_ios/build/CMakeFiles/CMakeTmp/CMAKE_TRY_COMPILE.build/Debug-iphoneos/cmTC_0dd3e.build/DerivedSources/arm64 -I/Users/bangcle/apple-llvm-project_ios/build/CMakeFiles/CMakeTmp/CMAKE_TRY_COMPILE.build/Debug-iphoneos/cmTC_0dd3e.build/DerivedSources -F/Users/bangcle/apple-llvm-project_ios/build/CMakeFiles/CMakeTmp/Debug -DWITH_BKS -DWITH_FBS -DWITH_LOCKDOWN -fvisibility-inlines-hidden -Werror\=date-time -Werror\=unguarded-availability-new -Wall -Wextra -Wno-unused-parameter -Wwrite-strings -Wcast-qual -Wmissing-field-initializers -pedantic -Wno-long-long -Wc++98-compat-extra-semi -Wimplicit-fallthrough -Wcovered-switch-default -Wno-noexcept-type -Wnon-virtual-dtor -Wdelete-non-virtual-dtor -Wsuggest-override -Wstring-conversion -Wmisleading-indentation -Werror\=global-constructors -Werror\=unguarded-availability-new -std\=c++14 -MMD -MT dependencies -MF /Users/bangcle/apple-llvm-project_ios/build/CMakeFiles/CMakeTmp/CMAKE_TRY_COMPILE.build/Debug-iphoneos/cmTC_0dd3e.build/Objects-normal/arm64/src.d --serialize-diagnostics /Users/bangcle/apple-llvm-project_ios/build/CMakeFiles/CMakeTmp/CMAKE_TRY_COMPILE.build/Debug-iphoneos/cmTC_0dd3e.build/Objects-normal/arm64/src.dia -c /Users/bangcle/apple-llvm-project_ios/build/CMakeFiles/CMakeTmp/src.cxx -o /Users/bangcle/apple-llvm-project_ios/build/CMakeFiles/CMakeTmp/CMAKE_TRY_COMPILE.build/Debug-iphoneos/cmTC_0dd3e.build/Objects-normal/arm64/src.o
/Users/bangcle/apple-llvm-project_ios/build/CMakeFiles/CMakeTmp/src.cxx:3:21: error: declaration requires a global destructor [-Werror,-Wglobal-constructors]
  static std::mutex TestGlobalCtorDtor;
                    ^
/Users/bangcle/apple-llvm-project_ios/build/CMakeFiles/CMakeTmp/src.cxx:4:31: error: declaration requires a global destructor [-Werror,-Wglobal-constructors]
  static std::recursive_mutex TestGlobalCtorDtor2;
                              ^
2 errors generated.

/Users/bangcle/apple-llvm-project_ios/build/CMakeFiles/CMakeTmp/CMAKE_TRY_COMPILE.xcodeproj: warning: The iOS deployment target 'IPHONEOS_DEPLOYMENT_TARGET' is set to 10.0, but the range of supported deployment target versions is 11.0 to 16.4.99. (in target 'cmTC_0dd3e' from project 'CMAKE_TRY_COMPILE')
** BUILD FAILED **


The following build commands failed:
	CompileC /Users/bangcle/apple-llvm-project_ios/build/CMakeFiles/CMakeTmp/CMAKE_TRY_COMPILE.build/Debug-iphoneos/cmTC_0dd3e.build/Objects-normal/arm64/src.o /Users/bangcle/apple-llvm-project_ios/build/CMakeFiles/CMakeTmp/src.cxx normal arm64 c++ com.apple.compilers.llvm.clang.1_0.compiler (in target 'cmTC_0dd3e' from project 'CMAKE_TRY_COMPILE')
(1 failure)


Source file was:

  #include <mutex>
  static std::mutex TestGlobalCtorDtor;
  static std::recursive_mutex TestGlobalCtorDtor2;
  int main() { (void)TestGlobalCtorDtor; (void)TestGlobalCtorDtor2; return 0;}
  
Determining if the __x86_64__ exist failed with the following output:
Change Dir: /Users/bangcle/apple-llvm-project_ios/build/CMakeFiles/CMakeTmp

Run Build Command(s):/usr/bin/xcodebuild -project CMAKE_TRY_COMPILE.xcodeproj build -target cmTC_e2507 -parallelizeTargets -configuration Debug -hideShellScriptEnvironment && 2023-05-09 11:05:21.831 xcodebuild[16241:5386383] DVTCoreDeviceEnabledState: DVTCoreDeviceEnabledState_Disabled set via user default (DVTEnableCoreDevice=disabled)
Command line invocation:
    /Applications/Xcode.app/Contents/Developer/usr/bin/xcodebuild -project CMAKE_TRY_COMPILE.xcodeproj build -target cmTC_e2507 -parallelizeTargets -configuration Debug -hideShellScriptEnvironment

User defaults from command line:
    HideShellScriptEnvironment = YES
    IDEPackageSupportUseBuiltinSCM = YES

Computing target dependency graph and provisioning inputs

Create build description
Build description signature: 2779edb27e7341b4300b27d9c0fe3448
Build description path: /Users/bangcle/apple-llvm-project_ios/build/CMakeFiles/CMakeTmp/build/XCBuildData/2779edb27e7341b4300b27d9c0fe3448.xcbuilddata

note: Building targets in dependency order
CreateBuildDirectory /Users/bangcle/apple-llvm-project_ios/build/CMakeFiles/CMakeTmp
    cd /Users/bangcle/apple-llvm-project_ios/build/CMakeFiles/CMakeTmp/CMAKE_TRY_COMPILE.xcodeproj
    builtin-create-build-directory /Users/bangcle/apple-llvm-project_ios/build/CMakeFiles/CMakeTmp

ClangStatCache /Applications/Xcode.app/Contents/Developer/Toolchains/XcodeDefault.xctoolchain/usr/bin/clang-stat-cache /Applications/Xcode.app/Contents/Developer/Platforms/iPhoneOS.platform/Developer/SDKs/iPhoneOS16.4.sdk /var/folders/30/2gj68zcd49l4mylgmzd1d7n40000gn/C/com.apple.DeveloperTools/14.3-14E222b/Xcode/SDKStatCaches.noindex/iphoneos16.4-20E238-.sdkstatcache
    cd /Users/bangcle/apple-llvm-project_ios/build/CMakeFiles/CMakeTmp/CMAKE_TRY_COMPILE.xcodeproj
    /Applications/Xcode.app/Contents/Developer/Toolchains/XcodeDefault.xctoolchain/usr/bin/clang-stat-cache /Applications/Xcode.app/Contents/Developer/Platforms/iPhoneOS.platform/Developer/SDKs/iPhoneOS16.4.sdk -o /var/folders/30/2gj68zcd49l4mylgmzd1d7n40000gn/C/com.apple.DeveloperTools/14.3-14E222b/Xcode/SDKStatCaches.noindex/iphoneos16.4-20E238-.sdkstatcache

CreateBuildDirectory /Users/bangcle/apple-llvm-project_ios/build/CMakeFiles/CMakeTmp/Debug
    cd /Users/bangcle/apple-llvm-project_ios/build/CMakeFiles/CMakeTmp/CMAKE_TRY_COMPILE.xcodeproj
    builtin-create-build-directory /Users/bangcle/apple-llvm-project_ios/build/CMakeFiles/CMakeTmp/Debug

CreateBuildDirectory /Users/bangcle/apple-llvm-project_ios/build/CMakeFiles/CMakeTmp/EagerLinkingTBDs/Debug-iphoneos
    cd /Users/bangcle/apple-llvm-project_ios/build/CMakeFiles/CMakeTmp/CMAKE_TRY_COMPILE.xcodeproj
    builtin-create-build-directory /Users/bangcle/apple-llvm-project_ios/build/CMakeFiles/CMakeTmp/EagerLinkingTBDs/Debug-iphoneos

WriteAuxiliaryFile /Users/bangcle/apple-llvm-project_ios/build/CMakeFiles/CMakeTmp/CMAKE_TRY_COMPILE.build/Debug-iphoneos/cmTC_e2507.build/Objects-normal/arm64/cmTC_e2507.LinkFileList (in target 'cmTC_e2507' from project 'CMAKE_TRY_COMPILE')
    cd /Users/bangcle/apple-llvm-project_ios/build/CMakeFiles/CMakeTmp
    write-file /Users/bangcle/apple-llvm-project_ios/build/CMakeFiles/CMakeTmp/CMAKE_TRY_COMPILE.build/Debug-iphoneos/cmTC_e2507.build/Objects-normal/arm64/cmTC_e2507.LinkFileList

CompileC /Users/bangcle/apple-llvm-project_ios/build/CMakeFiles/CMakeTmp/CMAKE_TRY_COMPILE.build/Debug-iphoneos/cmTC_e2507.build/Objects-normal/arm64/CheckSymbolExists.o /Users/bangcle/apple-llvm-project_ios/build/CMakeFiles/CMakeTmp/CheckSymbolExists.c normal arm64 c com.apple.compilers.llvm.clang.1_0.compiler (in target 'cmTC_e2507' from project 'CMAKE_TRY_COMPILE')
    cd /Users/bangcle/apple-llvm-project_ios/build/CMakeFiles/CMakeTmp
    /Applications/Xcode.app/Contents/Developer/Toolchains/XcodeDefault.xctoolchain/usr/bin/clang -x c -ivfsstatcache /var/folders/30/2gj68zcd49l4mylgmzd1d7n40000gn/C/com.apple.DeveloperTools/14.3-14E222b/Xcode/SDKStatCaches.noindex/iphoneos16.4-20E238-.sdkstatcache -target arm64-apple-ios10.0 -fmessage-length\=0 -fdiagnostics-show-note-include-stack -fmacro-backtrace-limit\=0 -Wno-trigraphs -fpascal-strings -O0 -Wno-missing-field-initializers -Wno-missing-prototypes -Wno-return-type -Wno-missing-braces -Wparentheses -Wswitch -Wno-unused-function -Wno-unused-label -Wno-unused-parameter -Wno-unused-variable -Wunused-value -Wno-empty-body -Wno-uninitialized -Wno-unknown-pragmas -Wno-shadow -Wno-four-char-constants -Wno-conversion -Wno-constant-conversion -Wno-int-conversion -Wno-bool-conversion -Wno-enum-conversion -Wno-float-conversion -Wno-non-literal-null-conversion -Wno-objc-literal-conversion -Wshorten-64-to-32 -Wpointer-sign -Wno-newline-eof -Wno-implicit-fallthrough -DCMAKE_INTDIR\=\"Debug-iphoneos\" -isysroot /Applications/Xcode.app/Contents/Developer/Platforms/iPhoneOS.platform/Developer/SDKs/iPhoneOS16.4.sdk -fstrict-aliasing -Wdeprecated-declarations -g -Wno-sign-conversion -Wno-infinite-recursion -Wno-comma -Wno-block-capture-autoreleasing -Wno-strict-prototypes -Wno-semicolon-before-method-body -I/Users/bangcle/apple-llvm-project_ios/build/CMakeFiles/CMakeTmp/Debug/include -I/Users/bangcle/apple-llvm-project_ios/build/CMakeFiles/CMakeTmp/CMAKE_TRY_COMPILE.build/Debug-iphoneos/cmTC_e2507.build/DerivedSources-normal/arm64 -I/Users/bangcle/apple-llvm-project_ios/build/CMakeFiles/CMakeTmp/CMAKE_TRY_COMPILE.build/Debug-iphoneos/cmTC_e2507.build/DerivedSources/arm64 -I/Users/bangcle/apple-llvm-project_ios/build/CMakeFiles/CMakeTmp/CMAKE_TRY_COMPILE.build/Debug-iphoneos/cmTC_e2507.build/DerivedSources -F/Users/bangcle/apple-llvm-project_ios/build/CMakeFiles/CMakeTmp/Debug -Wall -Wextra -Wno-unused-parameter -Wwrite-strings -Wmissing-field-initializers -pedantic -Wno-long-long -Wc++98-compat-extra-semi -Wimplicit-fallthrough -Wcovered-switch-default -Wstring-conversion -Wmisleading-indentation -Werror\=unguarded-availability-new -MMD -MT dependencies -MF /Users/bangcle/apple-llvm-project_ios/build/CMakeFiles/CMakeTmp/CMAKE_TRY_COMPILE.build/Debug-iphoneos/cmTC_e2507.build/Objects-normal/arm64/CheckSymbolExists.d --serialize-diagnostics /Users/bangcle/apple-llvm-project_ios/build/CMakeFiles/CMakeTmp/CMAKE_TRY_COMPILE.build/Debug-iphoneos/cmTC_e2507.build/Objects-normal/arm64/CheckSymbolExists.dia -c /Users/bangcle/apple-llvm-project_ios/build/CMakeFiles/CMakeTmp/CheckSymbolExists.c -o /Users/bangcle/apple-llvm-project_ios/build/CMakeFiles/CMakeTmp/CMAKE_TRY_COMPILE.build/Debug-iphoneos/cmTC_e2507.build/Objects-normal/arm64/CheckSymbolExists.o
/Users/bangcle/apple-llvm-project_ios/build/CMakeFiles/CMakeTmp/CheckSymbolExists.c:7:19: error: use of undeclared identifier '__x86_64__'
  return ((int*)(&__x86_64__))[argc];
                  ^
1 error generated.

/Users/bangcle/apple-llvm-project_ios/build/CMakeFiles/CMakeTmp/CMAKE_TRY_COMPILE.xcodeproj: warning: The iOS deployment target 'IPHONEOS_DEPLOYMENT_TARGET' is set to 10.0, but the range of supported deployment target versions is 11.0 to 16.4.99. (in target 'cmTC_e2507' from project 'CMAKE_TRY_COMPILE')
** BUILD FAILED **


The following build commands failed:
	CompileC /Users/bangcle/apple-llvm-project_ios/build/CMakeFiles/CMakeTmp/CMAKE_TRY_COMPILE.build/Debug-iphoneos/cmTC_e2507.build/Objects-normal/arm64/CheckSymbolExists.o /Users/bangcle/apple-llvm-project_ios/build/CMakeFiles/CMakeTmp/CheckSymbolExists.c normal arm64 c com.apple.compilers.llvm.clang.1_0.compiler (in target 'cmTC_e2507' from project 'CMAKE_TRY_COMPILE')
(1 failure)


File /Users/bangcle/apple-llvm-project_ios/build/CMakeFiles/CMakeTmp/CheckSymbolExists.c:
/* */

int main(int argc, char** argv)
{
  (void)argv;
#ifndef __x86_64__
  return ((int*)(&__x86_64__))[argc];
#else
  (void)argc;
  return 0;
#endif
}
Performing C++ SOURCE FILE Test CXX_SUPPORTS_STRINGOP_TRUNCATION failed with the following output:
Change Dir: /Users/bangcle/apple-llvm-project_ios/build/CMakeFiles/CMakeTmp

Run Build Command(s):/usr/bin/xcodebuild -project CMAKE_TRY_COMPILE.xcodeproj build -target cmTC_f98ca -parallelizeTargets -configuration Debug -hideShellScriptEnvironment && 2023-05-09 11:05:50.357 xcodebuild[16571:5388679] DVTCoreDeviceEnabledState: DVTCoreDeviceEnabledState_Disabled set via user default (DVTEnableCoreDevice=disabled)
Command line invocation:
    /Applications/Xcode.app/Contents/Developer/usr/bin/xcodebuild -project CMAKE_TRY_COMPILE.xcodeproj build -target cmTC_f98ca -parallelizeTargets -configuration Debug -hideShellScriptEnvironment

User defaults from command line:
    HideShellScriptEnvironment = YES
    IDEPackageSupportUseBuiltinSCM = YES

Computing target dependency graph and provisioning inputs

Create build description
Build description signature: 70e85849e355f3f34c5d05538a541376
Build description path: /Users/bangcle/apple-llvm-project_ios/build/CMakeFiles/CMakeTmp/build/XCBuildData/70e85849e355f3f34c5d05538a541376.xcbuilddata

note: Building targets in dependency order
CreateBuildDirectory /Users/bangcle/apple-llvm-project_ios/build/CMakeFiles/CMakeTmp
    cd /Users/bangcle/apple-llvm-project_ios/build/CMakeFiles/CMakeTmp/CMAKE_TRY_COMPILE.xcodeproj
    builtin-create-build-directory /Users/bangcle/apple-llvm-project_ios/build/CMakeFiles/CMakeTmp

ClangStatCache /Applications/Xcode.app/Contents/Developer/Toolchains/XcodeDefault.xctoolchain/usr/bin/clang-stat-cache /Applications/Xcode.app/Contents/Developer/Platforms/iPhoneOS.platform/Developer/SDKs/iPhoneOS16.4.sdk /var/folders/30/2gj68zcd49l4mylgmzd1d7n40000gn/C/com.apple.DeveloperTools/14.3-14E222b/Xcode/SDKStatCaches.noindex/iphoneos16.4-20E238-.sdkstatcache
    cd /Users/bangcle/apple-llvm-project_ios/build/CMakeFiles/CMakeTmp/CMAKE_TRY_COMPILE.xcodeproj
    /Applications/Xcode.app/Contents/Developer/Toolchains/XcodeDefault.xctoolchain/usr/bin/clang-stat-cache /Applications/Xcode.app/Contents/Developer/Platforms/iPhoneOS.platform/Developer/SDKs/iPhoneOS16.4.sdk -o /var/folders/30/2gj68zcd49l4mylgmzd1d7n40000gn/C/com.apple.DeveloperTools/14.3-14E222b/Xcode/SDKStatCaches.noindex/iphoneos16.4-20E238-.sdkstatcache

CreateBuildDirectory /Users/bangcle/apple-llvm-project_ios/build/CMakeFiles/CMakeTmp/Debug
    cd /Users/bangcle/apple-llvm-project_ios/build/CMakeFiles/CMakeTmp/CMAKE_TRY_COMPILE.xcodeproj
    builtin-create-build-directory /Users/bangcle/apple-llvm-project_ios/build/CMakeFiles/CMakeTmp/Debug

CreateBuildDirectory /Users/bangcle/apple-llvm-project_ios/build/CMakeFiles/CMakeTmp/EagerLinkingTBDs/Debug-iphoneos
    cd /Users/bangcle/apple-llvm-project_ios/build/CMakeFiles/CMakeTmp/CMAKE_TRY_COMPILE.xcodeproj
    builtin-create-build-directory /Users/bangcle/apple-llvm-project_ios/build/CMakeFiles/CMakeTmp/EagerLinkingTBDs/Debug-iphoneos

WriteAuxiliaryFile /Users/bangcle/apple-llvm-project_ios/build/CMakeFiles/CMakeTmp/CMAKE_TRY_COMPILE.build/Debug-iphoneos/cmTC_f98ca.build/Objects-normal/arm64/cmTC_f98ca.LinkFileList (in target 'cmTC_f98ca' from project 'CMAKE_TRY_COMPILE')
    cd /Users/bangcle/apple-llvm-project_ios/build/CMakeFiles/CMakeTmp
    write-file /Users/bangcle/apple-llvm-project_ios/build/CMakeFiles/CMakeTmp/CMAKE_TRY_COMPILE.build/Debug-iphoneos/cmTC_f98ca.build/Objects-normal/arm64/cmTC_f98ca.LinkFileList

CompileC /Users/bangcle/apple-llvm-project_ios/build/CMakeFiles/CMakeTmp/CMAKE_TRY_COMPILE.build/Debug-iphoneos/cmTC_f98ca.build/Objects-normal/arm64/src.o /Users/bangcle/apple-llvm-project_ios/build/CMakeFiles/CMakeTmp/src.cxx normal arm64 c++ com.apple.compilers.llvm.clang.1_0.compiler (in target 'cmTC_f98ca' from project 'CMAKE_TRY_COMPILE')
    cd /Users/bangcle/apple-llvm-project_ios/build/CMakeFiles/CMakeTmp
    /Applications/Xcode.app/Contents/Developer/Toolchains/XcodeDefault.xctoolchain/usr/bin/clang -x c++ -ivfsstatcache /var/folders/30/2gj68zcd49l4mylgmzd1d7n40000gn/C/com.apple.DeveloperTools/14.3-14E222b/Xcode/SDKStatCaches.noindex/iphoneos16.4-20E238-.sdkstatcache -target arm64-apple-ios10.0 -fmessage-length\=0 -fdiagnostics-show-note-include-stack -fmacro-backtrace-limit\=0 -Wno-trigraphs -fpascal-strings -O0 -Wno-missing-field-initializers -Wno-missing-prototypes -Wno-return-type -Wno-non-virtual-dtor -Wno-overloaded-virtual -Wno-exit-time-destructors -Wno-missing-braces -Wparentheses -Wswitch -Wno-unused-function -Wno-unused-label -Wno-unused-parameter -Wno-unused-variable -Wunused-value -Wno-empty-body -Wno-uninitialized -Wno-unknown-pragmas -Wno-shadow -Wno-four-char-constants -Wno-conversion -Wno-constant-conversion -Wno-int-conversion -Wno-bool-conversion -Wno-enum-conversion -Wno-float-conversion -Wno-non-literal-null-conversion -Wno-objc-literal-conversion -Wshorten-64-to-32 -Wno-newline-eof -Wno-c++11-extensions -Wno-implicit-fallthrough -DCMAKE_INTDIR\=\"Debug-iphoneos\" -DCXX_SUPPORTS_STRINGOP_TRUNCATION -isysroot /Applications/Xcode.app/Contents/Developer/Platforms/iPhoneOS.platform/Developer/SDKs/iPhoneOS16.4.sdk -fstrict-aliasing -Wdeprecated-declarations -Winvalid-offsetof -g -Wno-sign-conversion -Wno-infinite-recursion -Wno-move -Wno-comma -Wno-block-capture-autoreleasing -Wno-strict-prototypes -Wno-range-loop-analysis -Wno-semicolon-before-method-body -I/Users/bangcle/apple-llvm-project_ios/build/CMakeFiles/CMakeTmp/Debug/include -I/Users/bangcle/apple-llvm-project_ios/build/CMakeFiles/CMakeTmp/CMAKE_TRY_COMPILE.build/Debug-iphoneos/cmTC_f98ca.build/DerivedSources-normal/arm64 -I/Users/bangcle/apple-llvm-project_ios/build/CMakeFiles/CMakeTmp/CMAKE_TRY_COMPILE.build/Debug-iphoneos/cmTC_f98ca.build/DerivedSources/arm64 -I/Users/bangcle/apple-llvm-project_ios/build/CMakeFiles/CMakeTmp/CMAKE_TRY_COMPILE.build/Debug-iphoneos/cmTC_f98ca.build/DerivedSources -F/Users/bangcle/apple-llvm-project_ios/build/CMakeFiles/CMakeTmp/Debug -DWITH_BKS -DWITH_FBS -DWITH_LOCKDOWN -fvisibility-inlines-hidden -Werror\=date-time -Werror\=unguarded-availability-new -Wall -Wextra -Wno-unused-parameter -Wwrite-strings -Wcast-qual -Wmissing-field-initializers -pedantic -Wno-long-long -Wc++98-compat-extra-semi -Wimplicit-fallthrough -Wcovered-switch-default -Wno-noexcept-type -Wnon-virtual-dtor -Wdelete-non-virtual-dtor -Wsuggest-override -Wstring-conversion -Wmisleading-indentation -Wno-deprecated-declarations -Wno-unknown-pragmas -Wno-strict-aliasing -Werror\=unguarded-availability-new -std\=c++14 -Wstringop-truncation -MMD -MT dependencies -MF /Users/bangcle/apple-llvm-project_ios/build/CMakeFiles/CMakeTmp/CMAKE_TRY_COMPILE.build/Debug-iphoneos/cmTC_f98ca.build/Objects-normal/arm64/src.d --serialize-diagnostics /Users/bangcle/apple-llvm-project_ios/build/CMakeFiles/CMakeTmp/CMAKE_TRY_COMPILE.build/Debug-iphoneos/cmTC_f98ca.build/Objects-normal/arm64/src.dia -c /Users/bangcle/apple-llvm-project_ios/build/CMakeFiles/CMakeTmp/src.cxx -o /Users/bangcle/apple-llvm-project_ios/build/CMakeFiles/CMakeTmp/CMAKE_TRY_COMPILE.build/Debug-iphoneos/cmTC_f98ca.build/Objects-normal/arm64/src.o
warning: unknown warning option '-Wstringop-truncation'; did you mean '-Wstring-concatenation'? [-Wunknown-warning-option]
1 warning generated.

Ld /Users/bangcle/apple-llvm-project_ios/build/CMakeFiles/CMakeTmp/Debug/cmTC_f98ca normal (in target 'cmTC_f98ca' from project 'CMAKE_TRY_COMPILE')
    cd /Users/bangcle/apple-llvm-project_ios/build/CMakeFiles/CMakeTmp
    /Applications/Xcode.app/Contents/Developer/Toolchains/XcodeDefault.xctoolchain/usr/bin/clang++ -Xlinker -reproducible -target arm64-apple-ios10.0 -isysroot /Applications/Xcode.app/Contents/Developer/Platforms/iPhoneOS.platform/Developer/SDKs/iPhoneOS16.4.sdk -L/Users/bangcle/apple-llvm-project_ios/build/CMakeFiles/CMakeTmp/EagerLinkingTBDs/Debug-iphoneos -L/Users/bangcle/apple-llvm-project_ios/build/CMakeFiles/CMakeTmp/Debug -F/Users/bangcle/apple-llvm-project_ios/build/CMakeFiles/CMakeTmp/EagerLinkingTBDs/Debug-iphoneos -F/Users/bangcle/apple-llvm-project_ios/build/CMakeFiles/CMakeTmp/Debug -filelist /Users/bangcle/apple-llvm-project_ios/build/CMakeFiles/CMakeTmp/CMAKE_TRY_COMPILE.build/Debug-iphoneos/cmTC_f98ca.build/Objects-normal/arm64/cmTC_f98ca.LinkFileList -dead_strip -Xlinker -object_path_lto -Xlinker /Users/bangcle/apple-llvm-project_ios/build/CMakeFiles/CMakeTmp/CMAKE_TRY_COMPILE.build/Debug-iphoneos/cmTC_f98ca.build/Objects-normal/arm64/cmTC_f98ca_lto.o -Xlinker -no_deduplicate -Wl,-search_paths_first -Wl,-headerpad_max_install_names -Xlinker -dependency_info -Xlinker /Users/bangcle/apple-llvm-project_ios/build/CMakeFiles/CMakeTmp/CMAKE_TRY_COMPILE.build/Debug-iphoneos/cmTC_f98ca.build/Objects-normal/arm64/cmTC_f98ca_dependency_info.dat -o /Users/bangcle/apple-llvm-project_ios/build/CMakeFiles/CMakeTmp/Debug/cmTC_f98ca

GenerateDSYMFile /Users/bangcle/apple-llvm-project_ios/build/CMakeFiles/CMakeTmp/Debug/cmTC_f98ca.dSYM /Users/bangcle/apple-llvm-project_ios/build/CMakeFiles/CMakeTmp/Debug/cmTC_f98ca (in target 'cmTC_f98ca' from project 'CMAKE_TRY_COMPILE')
    cd /Users/bangcle/apple-llvm-project_ios/build/CMakeFiles/CMakeTmp
    /Applications/Xcode.app/Contents/Developer/Toolchains/XcodeDefault.xctoolchain/usr/bin/dsymutil /Users/bangcle/apple-llvm-project_ios/build/CMakeFiles/CMakeTmp/Debug/cmTC_f98ca -o /Users/bangcle/apple-llvm-project_ios/build/CMakeFiles/CMakeTmp/Debug/cmTC_f98ca.dSYM

RegisterExecutionPolicyException /Users/bangcle/apple-llvm-project_ios/build/CMakeFiles/CMakeTmp/Debug/cmTC_f98ca (in target 'cmTC_f98ca' from project 'CMAKE_TRY_COMPILE')
    cd /Users/bangcle/apple-llvm-project_ios/build/CMakeFiles/CMakeTmp
    builtin-RegisterExecutionPolicyException /Users/bangcle/apple-llvm-project_ios/build/CMakeFiles/CMakeTmp/Debug/cmTC_f98ca

/Users/bangcle/apple-llvm-project_ios/build/CMakeFiles/CMakeTmp/CMAKE_TRY_COMPILE.xcodeproj: warning: The iOS deployment target 'IPHONEOS_DEPLOYMENT_TARGET' is set to 10.0, but the range of supported deployment target versions is 11.0 to 16.4.99. (in target 'cmTC_f98ca' from project 'CMAKE_TRY_COMPILE')
** BUILD SUCCEEDED **



Source file was:
int main() { return 0; }
Determining if the ppoll exist failed with the following output:
Change Dir: /Users/bangcle/apple-llvm-project_ios/build/CMakeFiles/CMakeTmp

Run Build Command(s):/usr/bin/xcodebuild -project CMAKE_TRY_COMPILE.xcodeproj build -target cmTC_46bb6 -parallelizeTargets -configuration Debug -hideShellScriptEnvironment && 2023-05-09 11:05:56.270 xcodebuild[16663:5389294] DVTCoreDeviceEnabledState: DVTCoreDeviceEnabledState_Disabled set via user default (DVTEnableCoreDevice=disabled)
Command line invocation:
    /Applications/Xcode.app/Contents/Developer/usr/bin/xcodebuild -project CMAKE_TRY_COMPILE.xcodeproj build -target cmTC_46bb6 -parallelizeTargets -configuration Debug -hideShellScriptEnvironment

User defaults from command line:
    HideShellScriptEnvironment = YES
    IDEPackageSupportUseBuiltinSCM = YES

Computing target dependency graph and provisioning inputs

Create build description
Build description signature: 678be2a09d6cc21168c7b993d518fd45
Build description path: /Users/bangcle/apple-llvm-project_ios/build/CMakeFiles/CMakeTmp/build/XCBuildData/678be2a09d6cc21168c7b993d518fd45.xcbuilddata

note: Building targets in dependency order
CreateBuildDirectory /Users/bangcle/apple-llvm-project_ios/build/CMakeFiles/CMakeTmp
    cd /Users/bangcle/apple-llvm-project_ios/build/CMakeFiles/CMakeTmp/CMAKE_TRY_COMPILE.xcodeproj
    builtin-create-build-directory /Users/bangcle/apple-llvm-project_ios/build/CMakeFiles/CMakeTmp

ClangStatCache /Applications/Xcode.app/Contents/Developer/Toolchains/XcodeDefault.xctoolchain/usr/bin/clang-stat-cache /Applications/Xcode.app/Contents/Developer/Platforms/iPhoneOS.platform/Developer/SDKs/iPhoneOS16.4.sdk /var/folders/30/2gj68zcd49l4mylgmzd1d7n40000gn/C/com.apple.DeveloperTools/14.3-14E222b/Xcode/SDKStatCaches.noindex/iphoneos16.4-20E238-.sdkstatcache
    cd /Users/bangcle/apple-llvm-project_ios/build/CMakeFiles/CMakeTmp/CMAKE_TRY_COMPILE.xcodeproj
    /Applications/Xcode.app/Contents/Developer/Toolchains/XcodeDefault.xctoolchain/usr/bin/clang-stat-cache /Applications/Xcode.app/Contents/Developer/Platforms/iPhoneOS.platform/Developer/SDKs/iPhoneOS16.4.sdk -o /var/folders/30/2gj68zcd49l4mylgmzd1d7n40000gn/C/com.apple.DeveloperTools/14.3-14E222b/Xcode/SDKStatCaches.noindex/iphoneos16.4-20E238-.sdkstatcache

CreateBuildDirectory /Users/bangcle/apple-llvm-project_ios/build/CMakeFiles/CMakeTmp/Debug
    cd /Users/bangcle/apple-llvm-project_ios/build/CMakeFiles/CMakeTmp/CMAKE_TRY_COMPILE.xcodeproj
    builtin-create-build-directory /Users/bangcle/apple-llvm-project_ios/build/CMakeFiles/CMakeTmp/Debug

CreateBuildDirectory /Users/bangcle/apple-llvm-project_ios/build/CMakeFiles/CMakeTmp/EagerLinkingTBDs/Debug-iphoneos
    cd /Users/bangcle/apple-llvm-project_ios/build/CMakeFiles/CMakeTmp/CMAKE_TRY_COMPILE.xcodeproj
    builtin-create-build-directory /Users/bangcle/apple-llvm-project_ios/build/CMakeFiles/CMakeTmp/EagerLinkingTBDs/Debug-iphoneos

WriteAuxiliaryFile /Users/bangcle/apple-llvm-project_ios/build/CMakeFiles/CMakeTmp/CMAKE_TRY_COMPILE.build/Debug-iphoneos/cmTC_46bb6.build/Objects-normal/arm64/cmTC_46bb6.LinkFileList (in target 'cmTC_46bb6' from project 'CMAKE_TRY_COMPILE')
    cd /Users/bangcle/apple-llvm-project_ios/build/CMakeFiles/CMakeTmp
    write-file /Users/bangcle/apple-llvm-project_ios/build/CMakeFiles/CMakeTmp/CMAKE_TRY_COMPILE.build/Debug-iphoneos/cmTC_46bb6.build/Objects-normal/arm64/cmTC_46bb6.LinkFileList

CompileC /Users/bangcle/apple-llvm-project_ios/build/CMakeFiles/CMakeTmp/CMAKE_TRY_COMPILE.build/Debug-iphoneos/cmTC_46bb6.build/Objects-normal/arm64/CheckSymbolExists.o /Users/bangcle/apple-llvm-project_ios/build/CMakeFiles/CMakeTmp/CheckSymbolExists.c normal arm64 c com.apple.compilers.llvm.clang.1_0.compiler (in target 'cmTC_46bb6' from project 'CMAKE_TRY_COMPILE')
    cd /Users/bangcle/apple-llvm-project_ios/build/CMakeFiles/CMakeTmp
    /Applications/Xcode.app/Contents/Developer/Toolchains/XcodeDefault.xctoolchain/usr/bin/clang -x c -ivfsstatcache /var/folders/30/2gj68zcd49l4mylgmzd1d7n40000gn/C/com.apple.DeveloperTools/14.3-14E222b/Xcode/SDKStatCaches.noindex/iphoneos16.4-20E238-.sdkstatcache -target arm64-apple-ios10.0 -fmessage-length\=0 -fdiagnostics-show-note-include-stack -fmacro-backtrace-limit\=0 -Wno-trigraphs -fpascal-strings -O0 -Wno-missing-field-initializers -Wno-missing-prototypes -Wno-return-type -Wno-missing-braces -Wparentheses -Wswitch -Wno-unused-function -Wno-unused-label -Wno-unused-parameter -Wno-unused-variable -Wunused-value -Wno-empty-body -Wno-uninitialized -Wno-unknown-pragmas -Wno-shadow -Wno-four-char-constants -Wno-conversion -Wno-constant-conversion -Wno-int-conversion -Wno-bool-conversion -Wno-enum-conversion -Wno-float-conversion -Wno-non-literal-null-conversion -Wno-objc-literal-conversion -Wshorten-64-to-32 -Wpointer-sign -Wno-newline-eof -Wno-implicit-fallthrough -DCMAKE_INTDIR\=\"Debug-iphoneos\" -D_GNU_SOURCE -isysroot /Applications/Xcode.app/Contents/Developer/Platforms/iPhoneOS.platform/Developer/SDKs/iPhoneOS16.4.sdk -fstrict-aliasing -Wdeprecated-declarations -g -Wno-sign-conversion -Wno-infinite-recursion -Wno-comma -Wno-block-capture-autoreleasing -Wno-strict-prototypes -Wno-semicolon-before-method-body -I/Users/bangcle/apple-llvm-project_ios/build/CMakeFiles/CMakeTmp/Debug/include -I/Users/bangcle/apple-llvm-project_ios/build/CMakeFiles/CMakeTmp/CMAKE_TRY_COMPILE.build/Debug-iphoneos/cmTC_46bb6.build/DerivedSources-normal/arm64 -I/Users/bangcle/apple-llvm-project_ios/build/CMakeFiles/CMakeTmp/CMAKE_TRY_COMPILE.build/Debug-iphoneos/cmTC_46bb6.build/DerivedSources/arm64 -I/Users/bangcle/apple-llvm-project_ios/build/CMakeFiles/CMakeTmp/CMAKE_TRY_COMPILE.build/Debug-iphoneos/cmTC_46bb6.build/DerivedSources -F/Users/bangcle/apple-llvm-project_ios/build/CMakeFiles/CMakeTmp/Debug -Wall -Wextra -Wno-unused-parameter -Wwrite-strings -Wmissing-field-initializers -pedantic -Wno-long-long -Wc++98-compat-extra-semi -Wimplicit-fallthrough -Wcovered-switch-default -Wstring-conversion -Wmisleading-indentation -Werror\=unguarded-availability-new -MMD -MT dependencies -MF /Users/bangcle/apple-llvm-project_ios/build/CMakeFiles/CMakeTmp/CMAKE_TRY_COMPILE.build/Debug-iphoneos/cmTC_46bb6.build/Objects-normal/arm64/CheckSymbolExists.d --serialize-diagnostics /Users/bangcle/apple-llvm-project_ios/build/CMakeFiles/CMakeTmp/CMAKE_TRY_COMPILE.build/Debug-iphoneos/cmTC_46bb6.build/Objects-normal/arm64/CheckSymbolExists.dia -c /Users/bangcle/apple-llvm-project_ios/build/CMakeFiles/CMakeTmp/CheckSymbolExists.c -o /Users/bangcle/apple-llvm-project_ios/build/CMakeFiles/CMakeTmp/CMAKE_TRY_COMPILE.build/Debug-iphoneos/cmTC_46bb6.build/Objects-normal/arm64/CheckSymbolExists.o
/Users/bangcle/apple-llvm-project_ios/build/CMakeFiles/CMakeTmp/CheckSymbolExists.c:8:19: error: use of undeclared identifier 'ppoll'; did you mean 'poll'?
  return ((int*)(&ppoll))[argc];
                  ^~~~~
                  poll
In file included from /Users/bangcle/apple-llvm-project_ios/build/CMakeFiles/CMakeTmp/CheckSymbolExists.c:2:
In file included from /Applications/Xcode.app/Contents/Developer/Platforms/iPhoneOS.platform/Developer/SDKs/iPhoneOS16.4.sdk/usr/include/poll.h:23:
/Applications/Xcode.app/Contents/Developer/Platforms/iPhoneOS.platform/Developer/SDKs/iPhoneOS16.4.sdk/usr/include/sys/poll.h:113:12: note: 'poll' declared here
extern int poll(struct pollfd *, nfds_t, int) __DARWIN_ALIAS_C(poll);
           ^
1 error generated.

/Users/bangcle/apple-llvm-project_ios/build/CMakeFiles/CMakeTmp/CMAKE_TRY_COMPILE.xcodeproj: warning: The iOS deployment target 'IPHONEOS_DEPLOYMENT_TARGET' is set to 10.0, but the range of supported deployment target versions is 11.0 to 16.4.99. (in target 'cmTC_46bb6' from project 'CMAKE_TRY_COMPILE')
** BUILD FAILED **


The following build commands failed:
	CompileC /Users/bangcle/apple-llvm-project_ios/build/CMakeFiles/CMakeTmp/CMAKE_TRY_COMPILE.build/Debug-iphoneos/cmTC_46bb6.build/Objects-normal/arm64/CheckSymbolExists.o /Users/bangcle/apple-llvm-project_ios/build/CMakeFiles/CMakeTmp/CheckSymbolExists.c normal arm64 c com.apple.compilers.llvm.clang.1_0.compiler (in target 'cmTC_46bb6' from project 'CMAKE_TRY_COMPILE')
(1 failure)


File /Users/bangcle/apple-llvm-project_ios/build/CMakeFiles/CMakeTmp/CheckSymbolExists.c:
/* */
#include <poll.h>

int main(int argc, char** argv)
{
  (void)argv;
#ifndef ppoll
  return ((int*)(&ppoll))[argc];
#else
  (void)argc;
  return 0;
#endif
}
Determining if the ptsname_r exist failed with the following output:
Change Dir: /Users/bangcle/apple-llvm-project_ios/build/CMakeFiles/CMakeTmp

Run Build Command(s):/usr/bin/xcodebuild -project CMAKE_TRY_COMPILE.xcodeproj build -target cmTC_c2330 -parallelizeTargets -configuration Debug -hideShellScriptEnvironment && 2023-05-09 11:05:58.218 xcodebuild[16685:5389473] DVTCoreDeviceEnabledState: DVTCoreDeviceEnabledState_Disabled set via user default (DVTEnableCoreDevice=disabled)
Command line invocation:
    /Applications/Xcode.app/Contents/Developer/usr/bin/xcodebuild -project CMAKE_TRY_COMPILE.xcodeproj build -target cmTC_c2330 -parallelizeTargets -configuration Debug -hideShellScriptEnvironment

User defaults from command line:
    HideShellScriptEnvironment = YES
    IDEPackageSupportUseBuiltinSCM = YES

Computing target dependency graph and provisioning inputs

Create build description
Build description signature: c4f30ca301cd5eaeedae05d272feab5d
Build description path: /Users/bangcle/apple-llvm-project_ios/build/CMakeFiles/CMakeTmp/build/XCBuildData/c4f30ca301cd5eaeedae05d272feab5d.xcbuilddata

note: Building targets in dependency order
CreateBuildDirectory /Users/bangcle/apple-llvm-project_ios/build/CMakeFiles/CMakeTmp
    cd /Users/bangcle/apple-llvm-project_ios/build/CMakeFiles/CMakeTmp/CMAKE_TRY_COMPILE.xcodeproj
    builtin-create-build-directory /Users/bangcle/apple-llvm-project_ios/build/CMakeFiles/CMakeTmp

ClangStatCache /Applications/Xcode.app/Contents/Developer/Toolchains/XcodeDefault.xctoolchain/usr/bin/clang-stat-cache /Applications/Xcode.app/Contents/Developer/Platforms/iPhoneOS.platform/Developer/SDKs/iPhoneOS16.4.sdk /var/folders/30/2gj68zcd49l4mylgmzd1d7n40000gn/C/com.apple.DeveloperTools/14.3-14E222b/Xcode/SDKStatCaches.noindex/iphoneos16.4-20E238-.sdkstatcache
    cd /Users/bangcle/apple-llvm-project_ios/build/CMakeFiles/CMakeTmp/CMAKE_TRY_COMPILE.xcodeproj
    /Applications/Xcode.app/Contents/Developer/Toolchains/XcodeDefault.xctoolchain/usr/bin/clang-stat-cache /Applications/Xcode.app/Contents/Developer/Platforms/iPhoneOS.platform/Developer/SDKs/iPhoneOS16.4.sdk -o /var/folders/30/2gj68zcd49l4mylgmzd1d7n40000gn/C/com.apple.DeveloperTools/14.3-14E222b/Xcode/SDKStatCaches.noindex/iphoneos16.4-20E238-.sdkstatcache

CreateBuildDirectory /Users/bangcle/apple-llvm-project_ios/build/CMakeFiles/CMakeTmp/Debug
    cd /Users/bangcle/apple-llvm-project_ios/build/CMakeFiles/CMakeTmp/CMAKE_TRY_COMPILE.xcodeproj
    builtin-create-build-directory /Users/bangcle/apple-llvm-project_ios/build/CMakeFiles/CMakeTmp/Debug

CreateBuildDirectory /Users/bangcle/apple-llvm-project_ios/build/CMakeFiles/CMakeTmp/EagerLinkingTBDs/Debug-iphoneos
    cd /Users/bangcle/apple-llvm-project_ios/build/CMakeFiles/CMakeTmp/CMAKE_TRY_COMPILE.xcodeproj
    builtin-create-build-directory /Users/bangcle/apple-llvm-project_ios/build/CMakeFiles/CMakeTmp/EagerLinkingTBDs/Debug-iphoneos

WriteAuxiliaryFile /Users/bangcle/apple-llvm-project_ios/build/CMakeFiles/CMakeTmp/CMAKE_TRY_COMPILE.build/Debug-iphoneos/cmTC_c2330.build/Objects-normal/arm64/cmTC_c2330.LinkFileList (in target 'cmTC_c2330' from project 'CMAKE_TRY_COMPILE')
    cd /Users/bangcle/apple-llvm-project_ios/build/CMakeFiles/CMakeTmp
    write-file /Users/bangcle/apple-llvm-project_ios/build/CMakeFiles/CMakeTmp/CMAKE_TRY_COMPILE.build/Debug-iphoneos/cmTC_c2330.build/Objects-normal/arm64/cmTC_c2330.LinkFileList

CompileC /Users/bangcle/apple-llvm-project_ios/build/CMakeFiles/CMakeTmp/CMAKE_TRY_COMPILE.build/Debug-iphoneos/cmTC_c2330.build/Objects-normal/arm64/CheckSymbolExists.o /Users/bangcle/apple-llvm-project_ios/build/CMakeFiles/CMakeTmp/CheckSymbolExists.c normal arm64 c com.apple.compilers.llvm.clang.1_0.compiler (in target 'cmTC_c2330' from project 'CMAKE_TRY_COMPILE')
    cd /Users/bangcle/apple-llvm-project_ios/build/CMakeFiles/CMakeTmp
    /Applications/Xcode.app/Contents/Developer/Toolchains/XcodeDefault.xctoolchain/usr/bin/clang -x c -ivfsstatcache /var/folders/30/2gj68zcd49l4mylgmzd1d7n40000gn/C/com.apple.DeveloperTools/14.3-14E222b/Xcode/SDKStatCaches.noindex/iphoneos16.4-20E238-.sdkstatcache -target arm64-apple-ios10.0 -fmessage-length\=0 -fdiagnostics-show-note-include-stack -fmacro-backtrace-limit\=0 -Wno-trigraphs -fpascal-strings -O0 -Wno-missing-field-initializers -Wno-missing-prototypes -Wno-return-type -Wno-missing-braces -Wparentheses -Wswitch -Wno-unused-function -Wno-unused-label -Wno-unused-parameter -Wno-unused-variable -Wunused-value -Wno-empty-body -Wno-uninitialized -Wno-unknown-pragmas -Wno-shadow -Wno-four-char-constants -Wno-conversion -Wno-constant-conversion -Wno-int-conversion -Wno-bool-conversion -Wno-enum-conversion -Wno-float-conversion -Wno-non-literal-null-conversion -Wno-objc-literal-conversion -Wshorten-64-to-32 -Wpointer-sign -Wno-newline-eof -Wno-implicit-fallthrough -DCMAKE_INTDIR\=\"Debug-iphoneos\" -D_GNU_SOURCE -isysroot /Applications/Xcode.app/Contents/Developer/Platforms/iPhoneOS.platform/Developer/SDKs/iPhoneOS16.4.sdk -fstrict-aliasing -Wdeprecated-declarations -g -Wno-sign-conversion -Wno-infinite-recursion -Wno-comma -Wno-block-capture-autoreleasing -Wno-strict-prototypes -Wno-semicolon-before-method-body -I/Users/bangcle/apple-llvm-project_ios/build/CMakeFiles/CMakeTmp/Debug/include -I/Users/bangcle/apple-llvm-project_ios/build/CMakeFiles/CMakeTmp/CMAKE_TRY_COMPILE.build/Debug-iphoneos/cmTC_c2330.build/DerivedSources-normal/arm64 -I/Users/bangcle/apple-llvm-project_ios/build/CMakeFiles/CMakeTmp/CMAKE_TRY_COMPILE.build/Debug-iphoneos/cmTC_c2330.build/DerivedSources/arm64 -I/Users/bangcle/apple-llvm-project_ios/build/CMakeFiles/CMakeTmp/CMAKE_TRY_COMPILE.build/Debug-iphoneos/cmTC_c2330.build/DerivedSources -F/Users/bangcle/apple-llvm-project_ios/build/CMakeFiles/CMakeTmp/Debug -Wall -Wextra -Wno-unused-parameter -Wwrite-strings -Wmissing-field-initializers -pedantic -Wno-long-long -Wc++98-compat-extra-semi -Wimplicit-fallthrough -Wcovered-switch-default -Wstring-conversion -Wmisleading-indentation -Werror\=unguarded-availability-new -MMD -MT dependencies -MF /Users/bangcle/apple-llvm-project_ios/build/CMakeFiles/CMakeTmp/CMAKE_TRY_COMPILE.build/Debug-iphoneos/cmTC_c2330.build/Objects-normal/arm64/CheckSymbolExists.d --serialize-diagnostics /Users/bangcle/apple-llvm-project_ios/build/CMakeFiles/CMakeTmp/CMAKE_TRY_COMPILE.build/Debug-iphoneos/cmTC_c2330.build/Objects-normal/arm64/CheckSymbolExists.dia -c /Users/bangcle/apple-llvm-project_ios/build/CMakeFiles/CMakeTmp/CheckSymbolExists.c -o /Users/bangcle/apple-llvm-project_ios/build/CMakeFiles/CMakeTmp/CMAKE_TRY_COMPILE.build/Debug-iphoneos/cmTC_c2330.build/Objects-normal/arm64/CheckSymbolExists.o
/Users/bangcle/apple-llvm-project_ios/build/CMakeFiles/CMakeTmp/CheckSymbolExists.c:8:19: error: 'ptsname_r' is only available on iOS 11.3 or newer [-Werror,-Wunguarded-availability-new]
  return ((int*)(&ptsname_r))[argc];
                  ^~~~~~~~~
In file included from /Users/bangcle/apple-llvm-project_ios/build/CMakeFiles/CMakeTmp/CheckSymbolExists.c:2:
/Applications/Xcode.app/Contents/Developer/Platforms/iPhoneOS.platform/Developer/SDKs/iPhoneOS16.4.sdk/usr/include/stdlib.h:220:5: note: 'ptsname_r' has been marked as being introduced in iOS 11.3 here, but the deployment target is iOS 10.0.0
int ptsname_r(int fildes, char *buffer, size_t buflen) __API_AVAILABLE(macos(10.13.4), ios(11.3), tvos(11.3), watchos(4.3));
    ^
/Users/bangcle/apple-llvm-project_ios/build/CMakeFiles/CMakeTmp/CheckSymbolExists.c:8:19: note: enclose 'ptsname_r' in a __builtin_available check to silence this warning
  return ((int*)(&ptsname_r))[argc];
                  ^~~~~~~~~
1 error generated.

/Users/bangcle/apple-llvm-project_ios/build/CMakeFiles/CMakeTmp/CMAKE_TRY_COMPILE.xcodeproj: warning: The iOS deployment target 'IPHONEOS_DEPLOYMENT_TARGET' is set to 10.0, but the range of supported deployment target versions is 11.0 to 16.4.99. (in target 'cmTC_c2330' from project 'CMAKE_TRY_COMPILE')
** BUILD FAILED **


The following build commands failed:
	CompileC /Users/bangcle/apple-llvm-project_ios/build/CMakeFiles/CMakeTmp/CMAKE_TRY_COMPILE.build/Debug-iphoneos/cmTC_c2330.build/Objects-normal/arm64/CheckSymbolExists.o /Users/bangcle/apple-llvm-project_ios/build/CMakeFiles/CMakeTmp/CheckSymbolExists.c normal arm64 c com.apple.compilers.llvm.clang.1_0.compiler (in target 'cmTC_c2330' from project 'CMAKE_TRY_COMPILE')
(1 failure)


File /Users/bangcle/apple-llvm-project_ios/build/CMakeFiles/CMakeTmp/CheckSymbolExists.c:
/* */
#include <stdlib.h>

int main(int argc, char** argv)
{
  (void)argv;
#ifndef ptsname_r
  return ((int*)(&ptsname_r))[argc];
#else
  (void)argc;
  return 0;
#endif
}
Determining if the accept4 exist failed with the following output:
Change Dir: /Users/bangcle/apple-llvm-project_ios/build/CMakeFiles/CMakeTmp

Run Build Command(s):/usr/bin/xcodebuild -project CMAKE_TRY_COMPILE.xcodeproj build -target cmTC_94687 -parallelizeTargets -configuration Debug -hideShellScriptEnvironment && 2023-05-09 11:05:59.998 xcodebuild[16707:5389647] DVTCoreDeviceEnabledState: DVTCoreDeviceEnabledState_Disabled set via user default (DVTEnableCoreDevice=disabled)
Command line invocation:
    /Applications/Xcode.app/Contents/Developer/usr/bin/xcodebuild -project CMAKE_TRY_COMPILE.xcodeproj build -target cmTC_94687 -parallelizeTargets -configuration Debug -hideShellScriptEnvironment

User defaults from command line:
    HideShellScriptEnvironment = YES
    IDEPackageSupportUseBuiltinSCM = YES

Computing target dependency graph and provisioning inputs

Create build description
Build description signature: efb8536ad492ba8b5941043e5ba824cf
Build description path: /Users/bangcle/apple-llvm-project_ios/build/CMakeFiles/CMakeTmp/build/XCBuildData/efb8536ad492ba8b5941043e5ba824cf.xcbuilddata

note: Building targets in dependency order
CreateBuildDirectory /Users/bangcle/apple-llvm-project_ios/build/CMakeFiles/CMakeTmp
    cd /Users/bangcle/apple-llvm-project_ios/build/CMakeFiles/CMakeTmp/CMAKE_TRY_COMPILE.xcodeproj
    builtin-create-build-directory /Users/bangcle/apple-llvm-project_ios/build/CMakeFiles/CMakeTmp

ClangStatCache /Applications/Xcode.app/Contents/Developer/Toolchains/XcodeDefault.xctoolchain/usr/bin/clang-stat-cache /Applications/Xcode.app/Contents/Developer/Platforms/iPhoneOS.platform/Developer/SDKs/iPhoneOS16.4.sdk /var/folders/30/2gj68zcd49l4mylgmzd1d7n40000gn/C/com.apple.DeveloperTools/14.3-14E222b/Xcode/SDKStatCaches.noindex/iphoneos16.4-20E238-.sdkstatcache
    cd /Users/bangcle/apple-llvm-project_ios/build/CMakeFiles/CMakeTmp/CMAKE_TRY_COMPILE.xcodeproj
    /Applications/Xcode.app/Contents/Developer/Toolchains/XcodeDefault.xctoolchain/usr/bin/clang-stat-cache /Applications/Xcode.app/Contents/Developer/Platforms/iPhoneOS.platform/Developer/SDKs/iPhoneOS16.4.sdk -o /var/folders/30/2gj68zcd49l4mylgmzd1d7n40000gn/C/com.apple.DeveloperTools/14.3-14E222b/Xcode/SDKStatCaches.noindex/iphoneos16.4-20E238-.sdkstatcache

CreateBuildDirectory /Users/bangcle/apple-llvm-project_ios/build/CMakeFiles/CMakeTmp/Debug
    cd /Users/bangcle/apple-llvm-project_ios/build/CMakeFiles/CMakeTmp/CMAKE_TRY_COMPILE.xcodeproj
    builtin-create-build-directory /Users/bangcle/apple-llvm-project_ios/build/CMakeFiles/CMakeTmp/Debug

CreateBuildDirectory /Users/bangcle/apple-llvm-project_ios/build/CMakeFiles/CMakeTmp/EagerLinkingTBDs/Debug-iphoneos
    cd /Users/bangcle/apple-llvm-project_ios/build/CMakeFiles/CMakeTmp/CMAKE_TRY_COMPILE.xcodeproj
    builtin-create-build-directory /Users/bangcle/apple-llvm-project_ios/build/CMakeFiles/CMakeTmp/EagerLinkingTBDs/Debug-iphoneos

WriteAuxiliaryFile /Users/bangcle/apple-llvm-project_ios/build/CMakeFiles/CMakeTmp/CMAKE_TRY_COMPILE.build/Debug-iphoneos/cmTC_94687.build/Objects-normal/arm64/cmTC_94687.LinkFileList (in target 'cmTC_94687' from project 'CMAKE_TRY_COMPILE')
    cd /Users/bangcle/apple-llvm-project_ios/build/CMakeFiles/CMakeTmp
    write-file /Users/bangcle/apple-llvm-project_ios/build/CMakeFiles/CMakeTmp/CMAKE_TRY_COMPILE.build/Debug-iphoneos/cmTC_94687.build/Objects-normal/arm64/cmTC_94687.LinkFileList

CompileC /Users/bangcle/apple-llvm-project_ios/build/CMakeFiles/CMakeTmp/CMAKE_TRY_COMPILE.build/Debug-iphoneos/cmTC_94687.build/Objects-normal/arm64/CheckSymbolExists.o /Users/bangcle/apple-llvm-project_ios/build/CMakeFiles/CMakeTmp/CheckSymbolExists.cxx normal arm64 c++ com.apple.compilers.llvm.clang.1_0.compiler (in target 'cmTC_94687' from project 'CMAKE_TRY_COMPILE')
    cd /Users/bangcle/apple-llvm-project_ios/build/CMakeFiles/CMakeTmp
    /Applications/Xcode.app/Contents/Developer/Toolchains/XcodeDefault.xctoolchain/usr/bin/clang -x c++ -ivfsstatcache /var/folders/30/2gj68zcd49l4mylgmzd1d7n40000gn/C/com.apple.DeveloperTools/14.3-14E222b/Xcode/SDKStatCaches.noindex/iphoneos16.4-20E238-.sdkstatcache -target arm64-apple-ios10.0 -fmessage-length\=0 -fdiagnostics-show-note-include-stack -fmacro-backtrace-limit\=0 -Wno-trigraphs -fpascal-strings -O0 -Wno-missing-field-initializers -Wno-missing-prototypes -Wno-return-type -Wno-non-virtual-dtor -Wno-overloaded-virtual -Wno-exit-time-destructors -Wno-missing-braces -Wparentheses -Wswitch -Wno-unused-function -Wno-unused-label -Wno-unused-parameter -Wno-unused-variable -Wunused-value -Wno-empty-body -Wno-uninitialized -Wno-unknown-pragmas -Wno-shadow -Wno-four-char-constants -Wno-conversion -Wno-constant-conversion -Wno-int-conversion -Wno-bool-conversion -Wno-enum-conversion -Wno-float-conversion -Wno-non-literal-null-conversion -Wno-objc-literal-conversion -Wshorten-64-to-32 -Wno-newline-eof -Wno-c++11-extensions -Wno-implicit-fallthrough -DCMAKE_INTDIR\=\"Debug-iphoneos\" -isysroot /Applications/Xcode.app/Contents/Developer/Platforms/iPhoneOS.platform/Developer/SDKs/iPhoneOS16.4.sdk -fstrict-aliasing -Wdeprecated-declarations -Winvalid-offsetof -g -Wno-sign-conversion -Wno-infinite-recursion -Wno-move -Wno-comma -Wno-block-capture-autoreleasing -Wno-strict-prototypes -Wno-range-loop-analysis -Wno-semicolon-before-method-body -I/Users/bangcle/apple-llvm-project_ios/build/CMakeFiles/CMakeTmp/Debug/include -I/Users/bangcle/apple-llvm-project_ios/build/CMakeFiles/CMakeTmp/CMAKE_TRY_COMPILE.build/Debug-iphoneos/cmTC_94687.build/DerivedSources-normal/arm64 -I/Users/bangcle/apple-llvm-project_ios/build/CMakeFiles/CMakeTmp/CMAKE_TRY_COMPILE.build/Debug-iphoneos/cmTC_94687.build/DerivedSources/arm64 -I/Users/bangcle/apple-llvm-project_ios/build/CMakeFiles/CMakeTmp/CMAKE_TRY_COMPILE.build/Debug-iphoneos/cmTC_94687.build/DerivedSources -F/Users/bangcle/apple-llvm-project_ios/build/CMakeFiles/CMakeTmp/Debug -DWITH_BKS -DWITH_FBS -DWITH_LOCKDOWN -fvisibility-inlines-hidden -Werror\=date-time -Werror\=unguarded-availability-new -Wall -Wextra -Wno-unused-parameter -Wwrite-strings -Wcast-qual -Wmissing-field-initializers -pedantic -Wno-long-long -Wc++98-compat-extra-semi -Wimplicit-fallthrough -Wcovered-switch-default -Wno-noexcept-type -Wnon-virtual-dtor -Wdelete-non-virtual-dtor -Wsuggest-override -Wstring-conversion -Wmisleading-indentation -Wno-deprecated-declarations -Wno-unknown-pragmas -Wno-strict-aliasing -Wno-deprecated-register -Wno-vla-extension -Werror\=unguarded-availability-new -std\=c++14 -MMD -MT dependencies -MF /Users/bangcle/apple-llvm-project_ios/build/CMakeFiles/CMakeTmp/CMAKE_TRY_COMPILE.build/Debug-iphoneos/cmTC_94687.build/Objects-normal/arm64/CheckSymbolExists.d --serialize-diagnostics /Users/bangcle/apple-llvm-project_ios/build/CMakeFiles/CMakeTmp/CMAKE_TRY_COMPILE.build/Debug-iphoneos/cmTC_94687.build/Objects-normal/arm64/CheckSymbolExists.dia -c /Users/bangcle/apple-llvm-project_ios/build/CMakeFiles/CMakeTmp/CheckSymbolExists.cxx -o /Users/bangcle/apple-llvm-project_ios/build/CMakeFiles/CMakeTmp/CMAKE_TRY_COMPILE.build/Debug-iphoneos/cmTC_94687.build/Objects-normal/arm64/CheckSymbolExists.o
/Users/bangcle/apple-llvm-project_ios/build/CMakeFiles/CMakeTmp/CheckSymbolExists.cxx:8:19: error: use of undeclared identifier 'accept4'; did you mean 'accept'?
  return ((int*)(&accept4))[argc];
                  ^~~~~~~
                  accept
In file included from /Users/bangcle/apple-llvm-project_ios/build/CMakeFiles/CMakeTmp/CheckSymbolExists.cxx:2:
/Applications/Xcode.app/Contents/Developer/Platforms/iPhoneOS.platform/Developer/SDKs/iPhoneOS16.4.sdk/usr/include/sys/socket.h:724:9: note: 'accept' declared here
int     accept(int, struct sockaddr * __restrict, socklen_t * __restrict)
        ^
1 error generated.

/Users/bangcle/apple-llvm-project_ios/build/CMakeFiles/CMakeTmp/CMAKE_TRY_COMPILE.xcodeproj: warning: The iOS deployment target 'IPHONEOS_DEPLOYMENT_TARGET' is set to 10.0, but the range of supported deployment target versions is 11.0 to 16.4.99. (in target 'cmTC_94687' from project 'CMAKE_TRY_COMPILE')
** BUILD FAILED **


The following build commands failed:
	CompileC /Users/bangcle/apple-llvm-project_ios/build/CMakeFiles/CMakeTmp/CMAKE_TRY_COMPILE.build/Debug-iphoneos/cmTC_94687.build/Objects-normal/arm64/CheckSymbolExists.o /Users/bangcle/apple-llvm-project_ios/build/CMakeFiles/CMakeTmp/CheckSymbolExists.cxx normal arm64 c++ com.apple.compilers.llvm.clang.1_0.compiler (in target 'cmTC_94687' from project 'CMAKE_TRY_COMPILE')
(1 failure)


File /Users/bangcle/apple-llvm-project_ios/build/CMakeFiles/CMakeTmp/CheckSymbolExists.cxx:
/* */
#include <sys/socket.h>

int main(int argc, char** argv)
{
  (void)argv;
#ifndef accept4
  return ((int*)(&accept4))[argc];
#else
  (void)argc;
  return 0;
#endif
}
Determining if the process_vm_readv exist failed with the following output:
Change Dir: /Users/bangcle/apple-llvm-project_ios/build/CMakeFiles/CMakeTmp

Run Build Command(s):/usr/bin/xcodebuild -project CMAKE_TRY_COMPILE.xcodeproj build -target cmTC_5f68c -parallelizeTargets -configuration Debug -hideShellScriptEnvironment && 2023-05-09 11:06:03.836 xcodebuild[16757:5390041] DVTCoreDeviceEnabledState: DVTCoreDeviceEnabledState_Disabled set via user default (DVTEnableCoreDevice=disabled)
Command line invocation:
    /Applications/Xcode.app/Contents/Developer/usr/bin/xcodebuild -project CMAKE_TRY_COMPILE.xcodeproj build -target cmTC_5f68c -parallelizeTargets -configuration Debug -hideShellScriptEnvironment

User defaults from command line:
    HideShellScriptEnvironment = YES
    IDEPackageSupportUseBuiltinSCM = YES

Computing target dependency graph and provisioning inputs

Create build description
Build description signature: d8b0f5a9186a06e07854c00d6f15738b
Build description path: /Users/bangcle/apple-llvm-project_ios/build/CMakeFiles/CMakeTmp/build/XCBuildData/d8b0f5a9186a06e07854c00d6f15738b.xcbuilddata

note: Building targets in dependency order
CreateBuildDirectory /Users/bangcle/apple-llvm-project_ios/build/CMakeFiles/CMakeTmp
    cd /Users/bangcle/apple-llvm-project_ios/build/CMakeFiles/CMakeTmp/CMAKE_TRY_COMPILE.xcodeproj
    builtin-create-build-directory /Users/bangcle/apple-llvm-project_ios/build/CMakeFiles/CMakeTmp

ClangStatCache /Applications/Xcode.app/Contents/Developer/Toolchains/XcodeDefault.xctoolchain/usr/bin/clang-stat-cache /Applications/Xcode.app/Contents/Developer/Platforms/iPhoneOS.platform/Developer/SDKs/iPhoneOS16.4.sdk /var/folders/30/2gj68zcd49l4mylgmzd1d7n40000gn/C/com.apple.DeveloperTools/14.3-14E222b/Xcode/SDKStatCaches.noindex/iphoneos16.4-20E238-.sdkstatcache
    cd /Users/bangcle/apple-llvm-project_ios/build/CMakeFiles/CMakeTmp/CMAKE_TRY_COMPILE.xcodeproj
    /Applications/Xcode.app/Contents/Developer/Toolchains/XcodeDefault.xctoolchain/usr/bin/clang-stat-cache /Applications/Xcode.app/Contents/Developer/Platforms/iPhoneOS.platform/Developer/SDKs/iPhoneOS16.4.sdk -o /var/folders/30/2gj68zcd49l4mylgmzd1d7n40000gn/C/com.apple.DeveloperTools/14.3-14E222b/Xcode/SDKStatCaches.noindex/iphoneos16.4-20E238-.sdkstatcache

CreateBuildDirectory /Users/bangcle/apple-llvm-project_ios/build/CMakeFiles/CMakeTmp/Debug
    cd /Users/bangcle/apple-llvm-project_ios/build/CMakeFiles/CMakeTmp/CMAKE_TRY_COMPILE.xcodeproj
    builtin-create-build-directory /Users/bangcle/apple-llvm-project_ios/build/CMakeFiles/CMakeTmp/Debug

CreateBuildDirectory /Users/bangcle/apple-llvm-project_ios/build/CMakeFiles/CMakeTmp/EagerLinkingTBDs/Debug-iphoneos
    cd /Users/bangcle/apple-llvm-project_ios/build/CMakeFiles/CMakeTmp/CMAKE_TRY_COMPILE.xcodeproj
    builtin-create-build-directory /Users/bangcle/apple-llvm-project_ios/build/CMakeFiles/CMakeTmp/EagerLinkingTBDs/Debug-iphoneos

WriteAuxiliaryFile /Users/bangcle/apple-llvm-project_ios/build/CMakeFiles/CMakeTmp/CMAKE_TRY_COMPILE.build/Debug-iphoneos/cmTC_5f68c.build/Objects-normal/arm64/cmTC_5f68c.LinkFileList (in target 'cmTC_5f68c' from project 'CMAKE_TRY_COMPILE')
    cd /Users/bangcle/apple-llvm-project_ios/build/CMakeFiles/CMakeTmp
    write-file /Users/bangcle/apple-llvm-project_ios/build/CMakeFiles/CMakeTmp/CMAKE_TRY_COMPILE.build/Debug-iphoneos/cmTC_5f68c.build/Objects-normal/arm64/cmTC_5f68c.LinkFileList

CompileC /Users/bangcle/apple-llvm-project_ios/build/CMakeFiles/CMakeTmp/CMAKE_TRY_COMPILE.build/Debug-iphoneos/cmTC_5f68c.build/Objects-normal/arm64/CheckSymbolExists.o /Users/bangcle/apple-llvm-project_ios/build/CMakeFiles/CMakeTmp/CheckSymbolExists.cxx normal arm64 c++ com.apple.compilers.llvm.clang.1_0.compiler (in target 'cmTC_5f68c' from project 'CMAKE_TRY_COMPILE')
    cd /Users/bangcle/apple-llvm-project_ios/build/CMakeFiles/CMakeTmp
    /Applications/Xcode.app/Contents/Developer/Toolchains/XcodeDefault.xctoolchain/usr/bin/clang -x c++ -ivfsstatcache /var/folders/30/2gj68zcd49l4mylgmzd1d7n40000gn/C/com.apple.DeveloperTools/14.3-14E222b/Xcode/SDKStatCaches.noindex/iphoneos16.4-20E238-.sdkstatcache -target arm64-apple-ios10.0 -fmessage-length\=0 -fdiagnostics-show-note-include-stack -fmacro-backtrace-limit\=0 -Wno-trigraphs -fpascal-strings -O0 -Wno-missing-field-initializers -Wno-missing-prototypes -Wno-return-type -Wno-non-virtual-dtor -Wno-overloaded-virtual -Wno-exit-time-destructors -Wno-missing-braces -Wparentheses -Wswitch -Wno-unused-function -Wno-unused-label -Wno-unused-parameter -Wno-unused-variable -Wunused-value -Wno-empty-body -Wno-uninitialized -Wno-unknown-pragmas -Wno-shadow -Wno-four-char-constants -Wno-conversion -Wno-constant-conversion -Wno-int-conversion -Wno-bool-conversion -Wno-enum-conversion -Wno-float-conversion -Wno-non-literal-null-conversion -Wno-objc-literal-conversion -Wshorten-64-to-32 -Wno-newline-eof -Wno-c++11-extensions -Wno-implicit-fallthrough -DCMAKE_INTDIR\=\"Debug-iphoneos\" -isysroot /Applications/Xcode.app/Contents/Developer/Platforms/iPhoneOS.platform/Developer/SDKs/iPhoneOS16.4.sdk -fstrict-aliasing -Wdeprecated-declarations -Winvalid-offsetof -g -Wno-sign-conversion -Wno-infinite-recursion -Wno-move -Wno-comma -Wno-block-capture-autoreleasing -Wno-strict-prototypes -Wno-range-loop-analysis -Wno-semicolon-before-method-body -I/Users/bangcle/apple-llvm-project_ios/build/CMakeFiles/CMakeTmp/Debug/include -I/Users/bangcle/apple-llvm-project_ios/build/CMakeFiles/CMakeTmp/CMAKE_TRY_COMPILE.build/Debug-iphoneos/cmTC_5f68c.build/DerivedSources-normal/arm64 -I/Users/bangcle/apple-llvm-project_ios/build/CMakeFiles/CMakeTmp/CMAKE_TRY_COMPILE.build/Debug-iphoneos/cmTC_5f68c.build/DerivedSources/arm64 -I/Users/bangcle/apple-llvm-project_ios/build/CMakeFiles/CMakeTmp/CMAKE_TRY_COMPILE.build/Debug-iphoneos/cmTC_5f68c.build/DerivedSources -F/Users/bangcle/apple-llvm-project_ios/build/CMakeFiles/CMakeTmp/Debug -DWITH_BKS -DWITH_FBS -DWITH_LOCKDOWN -fvisibility-inlines-hidden -Werror\=date-time -Werror\=unguarded-availability-new -Wall -Wextra -Wno-unused-parameter -Wwrite-strings -Wcast-qual -Wmissing-field-initializers -pedantic -Wno-long-long -Wc++98-compat-extra-semi -Wimplicit-fallthrough -Wcovered-switch-default -Wno-noexcept-type -Wnon-virtual-dtor -Wdelete-non-virtual-dtor -Wsuggest-override -Wstring-conversion -Wmisleading-indentation -Wno-deprecated-declarations -Wno-unknown-pragmas -Wno-strict-aliasing -Wno-deprecated-register -Wno-vla-extension -Werror\=unguarded-availability-new -std\=c++14 -MMD -MT dependencies -MF /Users/bangcle/apple-llvm-project_ios/build/CMakeFiles/CMakeTmp/CMAKE_TRY_COMPILE.build/Debug-iphoneos/cmTC_5f68c.build/Objects-normal/arm64/CheckSymbolExists.d --serialize-diagnostics /Users/bangcle/apple-llvm-project_ios/build/CMakeFiles/CMakeTmp/CMAKE_TRY_COMPILE.build/Debug-iphoneos/cmTC_5f68c.build/Objects-normal/arm64/CheckSymbolExists.dia -c /Users/bangcle/apple-llvm-project_ios/build/CMakeFiles/CMakeTmp/CheckSymbolExists.cxx -o /Users/bangcle/apple-llvm-project_ios/build/CMakeFiles/CMakeTmp/CMAKE_TRY_COMPILE.build/Debug-iphoneos/cmTC_5f68c.build/Objects-normal/arm64/CheckSymbolExists.o
/Users/bangcle/apple-llvm-project_ios/build/CMakeFiles/CMakeTmp/CheckSymbolExists.cxx:8:19: error: use of undeclared identifier 'process_vm_readv'
  return ((int*)(&process_vm_readv))[argc];
                  ^
1 error generated.

/Users/bangcle/apple-llvm-project_ios/build/CMakeFiles/CMakeTmp/CMAKE_TRY_COMPILE.xcodeproj: warning: The iOS deployment target 'IPHONEOS_DEPLOYMENT_TARGET' is set to 10.0, but the range of supported deployment target versions is 11.0 to 16.4.99. (in target 'cmTC_5f68c' from project 'CMAKE_TRY_COMPILE')
** BUILD FAILED **


The following build commands failed:
	CompileC /Users/bangcle/apple-llvm-project_ios/build/CMakeFiles/CMakeTmp/CMAKE_TRY_COMPILE.build/Debug-iphoneos/cmTC_5f68c.build/Objects-normal/arm64/CheckSymbolExists.o /Users/bangcle/apple-llvm-project_ios/build/CMakeFiles/CMakeTmp/CheckSymbolExists.cxx normal arm64 c++ com.apple.compilers.llvm.clang.1_0.compiler (in target 'cmTC_5f68c' from project 'CMAKE_TRY_COMPILE')
(1 failure)


File /Users/bangcle/apple-llvm-project_ios/build/CMakeFiles/CMakeTmp/CheckSymbolExists.cxx:
/* */
#include <sys/uio.h>

int main(int argc, char** argv)
{
  (void)argv;
#ifndef process_vm_readv
  return ((int*)(&process_vm_readv))[argc];
#else
  (void)argc;
  return 0;
#endif
}
Determining if the __NR_process_vm_readv exist failed with the following output:
Change Dir: /Users/bangcle/apple-llvm-project_ios/build/CMakeFiles/CMakeTmp

Run Build Command(s):/usr/bin/xcodebuild -project CMAKE_TRY_COMPILE.xcodeproj build -target cmTC_75270 -parallelizeTargets -configuration Debug -hideShellScriptEnvironment && 2023-05-09 11:06:06.172 xcodebuild[16783:5390262] DVTCoreDeviceEnabledState: DVTCoreDeviceEnabledState_Disabled set via user default (DVTEnableCoreDevice=disabled)
Command line invocation:
    /Applications/Xcode.app/Contents/Developer/usr/bin/xcodebuild -project CMAKE_TRY_COMPILE.xcodeproj build -target cmTC_75270 -parallelizeTargets -configuration Debug -hideShellScriptEnvironment

User defaults from command line:
    HideShellScriptEnvironment = YES
    IDEPackageSupportUseBuiltinSCM = YES

Computing target dependency graph and provisioning inputs

Create build description
Build description signature: 68e22b48998cd60e962f0dc9a22dd242
Build description path: /Users/bangcle/apple-llvm-project_ios/build/CMakeFiles/CMakeTmp/build/XCBuildData/68e22b48998cd60e962f0dc9a22dd242.xcbuilddata

note: Building targets in dependency order
CreateBuildDirectory /Users/bangcle/apple-llvm-project_ios/build/CMakeFiles/CMakeTmp
    cd /Users/bangcle/apple-llvm-project_ios/build/CMakeFiles/CMakeTmp/CMAKE_TRY_COMPILE.xcodeproj
    builtin-create-build-directory /Users/bangcle/apple-llvm-project_ios/build/CMakeFiles/CMakeTmp

ClangStatCache /Applications/Xcode.app/Contents/Developer/Toolchains/XcodeDefault.xctoolchain/usr/bin/clang-stat-cache /Applications/Xcode.app/Contents/Developer/Platforms/iPhoneOS.platform/Developer/SDKs/iPhoneOS16.4.sdk /var/folders/30/2gj68zcd49l4mylgmzd1d7n40000gn/C/com.apple.DeveloperTools/14.3-14E222b/Xcode/SDKStatCaches.noindex/iphoneos16.4-20E238-.sdkstatcache
    cd /Users/bangcle/apple-llvm-project_ios/build/CMakeFiles/CMakeTmp/CMAKE_TRY_COMPILE.xcodeproj
    /Applications/Xcode.app/Contents/Developer/Toolchains/XcodeDefault.xctoolchain/usr/bin/clang-stat-cache /Applications/Xcode.app/Contents/Developer/Platforms/iPhoneOS.platform/Developer/SDKs/iPhoneOS16.4.sdk -o /var/folders/30/2gj68zcd49l4mylgmzd1d7n40000gn/C/com.apple.DeveloperTools/14.3-14E222b/Xcode/SDKStatCaches.noindex/iphoneos16.4-20E238-.sdkstatcache

CreateBuildDirectory /Users/bangcle/apple-llvm-project_ios/build/CMakeFiles/CMakeTmp/Debug
    cd /Users/bangcle/apple-llvm-project_ios/build/CMakeFiles/CMakeTmp/CMAKE_TRY_COMPILE.xcodeproj
    builtin-create-build-directory /Users/bangcle/apple-llvm-project_ios/build/CMakeFiles/CMakeTmp/Debug

CreateBuildDirectory /Users/bangcle/apple-llvm-project_ios/build/CMakeFiles/CMakeTmp/EagerLinkingTBDs/Debug-iphoneos
    cd /Users/bangcle/apple-llvm-project_ios/build/CMakeFiles/CMakeTmp/CMAKE_TRY_COMPILE.xcodeproj
    builtin-create-build-directory /Users/bangcle/apple-llvm-project_ios/build/CMakeFiles/CMakeTmp/EagerLinkingTBDs/Debug-iphoneos

WriteAuxiliaryFile /Users/bangcle/apple-llvm-project_ios/build/CMakeFiles/CMakeTmp/CMAKE_TRY_COMPILE.build/Debug-iphoneos/cmTC_75270.build/Objects-normal/arm64/cmTC_75270.LinkFileList (in target 'cmTC_75270' from project 'CMAKE_TRY_COMPILE')
    cd /Users/bangcle/apple-llvm-project_ios/build/CMakeFiles/CMakeTmp
    write-file /Users/bangcle/apple-llvm-project_ios/build/CMakeFiles/CMakeTmp/CMAKE_TRY_COMPILE.build/Debug-iphoneos/cmTC_75270.build/Objects-normal/arm64/cmTC_75270.LinkFileList

CompileC /Users/bangcle/apple-llvm-project_ios/build/CMakeFiles/CMakeTmp/CMAKE_TRY_COMPILE.build/Debug-iphoneos/cmTC_75270.build/Objects-normal/arm64/CheckSymbolExists.o /Users/bangcle/apple-llvm-project_ios/build/CMakeFiles/CMakeTmp/CheckSymbolExists.cxx normal arm64 c++ com.apple.compilers.llvm.clang.1_0.compiler (in target 'cmTC_75270' from project 'CMAKE_TRY_COMPILE')
    cd /Users/bangcle/apple-llvm-project_ios/build/CMakeFiles/CMakeTmp
    /Applications/Xcode.app/Contents/Developer/Toolchains/XcodeDefault.xctoolchain/usr/bin/clang -x c++ -ivfsstatcache /var/folders/30/2gj68zcd49l4mylgmzd1d7n40000gn/C/com.apple.DeveloperTools/14.3-14E222b/Xcode/SDKStatCaches.noindex/iphoneos16.4-20E238-.sdkstatcache -target arm64-apple-ios10.0 -fmessage-length\=0 -fdiagnostics-show-note-include-stack -fmacro-backtrace-limit\=0 -Wno-trigraphs -fpascal-strings -O0 -Wno-missing-field-initializers -Wno-missing-prototypes -Wno-return-type -Wno-non-virtual-dtor -Wno-overloaded-virtual -Wno-exit-time-destructors -Wno-missing-braces -Wparentheses -Wswitch -Wno-unused-function -Wno-unused-label -Wno-unused-parameter -Wno-unused-variable -Wunused-value -Wno-empty-body -Wno-uninitialized -Wno-unknown-pragmas -Wno-shadow -Wno-four-char-constants -Wno-conversion -Wno-constant-conversion -Wno-int-conversion -Wno-bool-conversion -Wno-enum-conversion -Wno-float-conversion -Wno-non-literal-null-conversion -Wno-objc-literal-conversion -Wshorten-64-to-32 -Wno-newline-eof -Wno-c++11-extensions -Wno-implicit-fallthrough -DCMAKE_INTDIR\=\"Debug-iphoneos\" -isysroot /Applications/Xcode.app/Contents/Developer/Platforms/iPhoneOS.platform/Developer/SDKs/iPhoneOS16.4.sdk -fstrict-aliasing -Wdeprecated-declarations -Winvalid-offsetof -g -Wno-sign-conversion -Wno-infinite-recursion -Wno-move -Wno-comma -Wno-block-capture-autoreleasing -Wno-strict-prototypes -Wno-range-loop-analysis -Wno-semicolon-before-method-body -I/Users/bangcle/apple-llvm-project_ios/build/CMakeFiles/CMakeTmp/Debug/include -I/Users/bangcle/apple-llvm-project_ios/build/CMakeFiles/CMakeTmp/CMAKE_TRY_COMPILE.build/Debug-iphoneos/cmTC_75270.build/DerivedSources-normal/arm64 -I/Users/bangcle/apple-llvm-project_ios/build/CMakeFiles/CMakeTmp/CMAKE_TRY_COMPILE.build/Debug-iphoneos/cmTC_75270.build/DerivedSources/arm64 -I/Users/bangcle/apple-llvm-project_ios/build/CMakeFiles/CMakeTmp/CMAKE_TRY_COMPILE.build/Debug-iphoneos/cmTC_75270.build/DerivedSources -F/Users/bangcle/apple-llvm-project_ios/build/CMakeFiles/CMakeTmp/Debug -DWITH_BKS -DWITH_FBS -DWITH_LOCKDOWN -fvisibility-inlines-hidden -Werror\=date-time -Werror\=unguarded-availability-new -Wall -Wextra -Wno-unused-parameter -Wwrite-strings -Wcast-qual -Wmissing-field-initializers -pedantic -Wno-long-long -Wc++98-compat-extra-semi -Wimplicit-fallthrough -Wcovered-switch-default -Wno-noexcept-type -Wnon-virtual-dtor -Wdelete-non-virtual-dtor -Wsuggest-override -Wstring-conversion -Wmisleading-indentation -Wno-deprecated-declarations -Wno-unknown-pragmas -Wno-strict-aliasing -Wno-deprecated-register -Wno-vla-extension -Werror\=unguarded-availability-new -std\=c++14 -MMD -MT dependencies -MF /Users/bangcle/apple-llvm-project_ios/build/CMakeFiles/CMakeTmp/CMAKE_TRY_COMPILE.build/Debug-iphoneos/cmTC_75270.build/Objects-normal/arm64/CheckSymbolExists.d --serialize-diagnostics /Users/bangcle/apple-llvm-project_ios/build/CMakeFiles/CMakeTmp/CMAKE_TRY_COMPILE.build/Debug-iphoneos/cmTC_75270.build/Objects-normal/arm64/CheckSymbolExists.dia -c /Users/bangcle/apple-llvm-project_ios/build/CMakeFiles/CMakeTmp/CheckSymbolExists.cxx -o /Users/bangcle/apple-llvm-project_ios/build/CMakeFiles/CMakeTmp/CMAKE_TRY_COMPILE.build/Debug-iphoneos/cmTC_75270.build/Objects-normal/arm64/CheckSymbolExists.o
/Users/bangcle/apple-llvm-project_ios/build/CMakeFiles/CMakeTmp/CheckSymbolExists.cxx:8:19: error: use of undeclared identifier '__NR_process_vm_readv'
  return ((int*)(&__NR_process_vm_readv))[argc];
                  ^
1 error generated.

/Users/bangcle/apple-llvm-project_ios/build/CMakeFiles/CMakeTmp/CMAKE_TRY_COMPILE.xcodeproj: warning: The iOS deployment target 'IPHONEOS_DEPLOYMENT_TARGET' is set to 10.0, but the range of supported deployment target versions is 11.0 to 16.4.99. (in target 'cmTC_75270' from project 'CMAKE_TRY_COMPILE')
** BUILD FAILED **


The following build commands failed:
	CompileC /Users/bangcle/apple-llvm-project_ios/build/CMakeFiles/CMakeTmp/CMAKE_TRY_COMPILE.build/Debug-iphoneos/cmTC_75270.build/Objects-normal/arm64/CheckSymbolExists.o /Users/bangcle/apple-llvm-project_ios/build/CMakeFiles/CMakeTmp/CheckSymbolExists.cxx normal arm64 c++ com.apple.compilers.llvm.clang.1_0.compiler (in target 'cmTC_75270' from project 'CMAKE_TRY_COMPILE')
(1 failure)


File /Users/bangcle/apple-llvm-project_ios/build/CMakeFiles/CMakeTmp/CheckSymbolExists.cxx:
/* */
#include <sys/syscall.h>

int main(int argc, char** argv)
{
  (void)argv;
#ifndef __NR_process_vm_readv
  return ((int*)(&__NR_process_vm_readv))[argc];
#else
  (void)argc;
  return 0;
#endif
}
Checking whether the ASM-ATT compiler is GNU using "--version" did not match "(GNU assembler)|(GCC)|(Free Software Foundation)":
Apple clang version 14.0.3 (clang-1403.0.22.14.1)
Target: x86_64-apple-darwin22.4.0
Thread model: posix
InstalledDir: /Applications/Xcode.app/Contents/Developer/Toolchains/XcodeDefault.xctoolchain/usr/bin
Performing C++ SOURCE FILE Test CXX_SUPPORTS_NO_EXTENDED_OFFSETOF failed with the following output:
Change Dir: /Users/bangcle/apple-llvm-project_ios/build/CMakeFiles/CMakeTmp

Run Build Command(s):/usr/bin/xcodebuild -project CMAKE_TRY_COMPILE.xcodeproj build -target cmTC_042f8 -parallelizeTargets -configuration Debug -hideShellScriptEnvironment && 2023-05-09 11:06:15.761 xcodebuild[16898:5391208] DVTCoreDeviceEnabledState: DVTCoreDeviceEnabledState_Disabled set via user default (DVTEnableCoreDevice=disabled)
Command line invocation:
    /Applications/Xcode.app/Contents/Developer/usr/bin/xcodebuild -project CMAKE_TRY_COMPILE.xcodeproj build -target cmTC_042f8 -parallelizeTargets -configuration Debug -hideShellScriptEnvironment

User defaults from command line:
    HideShellScriptEnvironment = YES
    IDEPackageSupportUseBuiltinSCM = YES

Computing target dependency graph and provisioning inputs

Create build description
Build description signature: 845616b2f140e211534dbca7a8b2bbb6
Build description path: /Users/bangcle/apple-llvm-project_ios/build/CMakeFiles/CMakeTmp/build/XCBuildData/845616b2f140e211534dbca7a8b2bbb6.xcbuilddata

note: Building targets in dependency order
CreateBuildDirectory /Users/bangcle/apple-llvm-project_ios/build/CMakeFiles/CMakeTmp
    cd /Users/bangcle/apple-llvm-project_ios/build/CMakeFiles/CMakeTmp/CMAKE_TRY_COMPILE.xcodeproj
    builtin-create-build-directory /Users/bangcle/apple-llvm-project_ios/build/CMakeFiles/CMakeTmp

ClangStatCache /Applications/Xcode.app/Contents/Developer/Toolchains/XcodeDefault.xctoolchain/usr/bin/clang-stat-cache /Applications/Xcode.app/Contents/Developer/Platforms/iPhoneOS.platform/Developer/SDKs/iPhoneOS16.4.sdk /var/folders/30/2gj68zcd49l4mylgmzd1d7n40000gn/C/com.apple.DeveloperTools/14.3-14E222b/Xcode/SDKStatCaches.noindex/iphoneos16.4-20E238-.sdkstatcache
    cd /Users/bangcle/apple-llvm-project_ios/build/CMakeFiles/CMakeTmp/CMAKE_TRY_COMPILE.xcodeproj
    /Applications/Xcode.app/Contents/Developer/Toolchains/XcodeDefault.xctoolchain/usr/bin/clang-stat-cache /Applications/Xcode.app/Contents/Developer/Platforms/iPhoneOS.platform/Developer/SDKs/iPhoneOS16.4.sdk -o /var/folders/30/2gj68zcd49l4mylgmzd1d7n40000gn/C/com.apple.DeveloperTools/14.3-14E222b/Xcode/SDKStatCaches.noindex/iphoneos16.4-20E238-.sdkstatcache

CreateBuildDirectory /Users/bangcle/apple-llvm-project_ios/build/CMakeFiles/CMakeTmp/Debug
    cd /Users/bangcle/apple-llvm-project_ios/build/CMakeFiles/CMakeTmp/CMAKE_TRY_COMPILE.xcodeproj
    builtin-create-build-directory /Users/bangcle/apple-llvm-project_ios/build/CMakeFiles/CMakeTmp/Debug

CreateBuildDirectory /Users/bangcle/apple-llvm-project_ios/build/CMakeFiles/CMakeTmp/EagerLinkingTBDs/Debug-iphoneos
    cd /Users/bangcle/apple-llvm-project_ios/build/CMakeFiles/CMakeTmp/CMAKE_TRY_COMPILE.xcodeproj
    builtin-create-build-directory /Users/bangcle/apple-llvm-project_ios/build/CMakeFiles/CMakeTmp/EagerLinkingTBDs/Debug-iphoneos

WriteAuxiliaryFile /Users/bangcle/apple-llvm-project_ios/build/CMakeFiles/CMakeTmp/CMAKE_TRY_COMPILE.build/Debug-iphoneos/cmTC_042f8.build/Objects-normal/arm64/cmTC_042f8.LinkFileList (in target 'cmTC_042f8' from project 'CMAKE_TRY_COMPILE')
    cd /Users/bangcle/apple-llvm-project_ios/build/CMakeFiles/CMakeTmp
    write-file /Users/bangcle/apple-llvm-project_ios/build/CMakeFiles/CMakeTmp/CMAKE_TRY_COMPILE.build/Debug-iphoneos/cmTC_042f8.build/Objects-normal/arm64/cmTC_042f8.LinkFileList

CompileC /Users/bangcle/apple-llvm-project_ios/build/CMakeFiles/CMakeTmp/CMAKE_TRY_COMPILE.build/Debug-iphoneos/cmTC_042f8.build/Objects-normal/arm64/src.o /Users/bangcle/apple-llvm-project_ios/build/CMakeFiles/CMakeTmp/src.cxx normal arm64 c++ com.apple.compilers.llvm.clang.1_0.compiler (in target 'cmTC_042f8' from project 'CMAKE_TRY_COMPILE')
    cd /Users/bangcle/apple-llvm-project_ios/build/CMakeFiles/CMakeTmp
    /Applications/Xcode.app/Contents/Developer/Toolchains/XcodeDefault.xctoolchain/usr/bin/clang -x c++ -ivfsstatcache /var/folders/30/2gj68zcd49l4mylgmzd1d7n40000gn/C/com.apple.DeveloperTools/14.3-14E222b/Xcode/SDKStatCaches.noindex/iphoneos16.4-20E238-.sdkstatcache -target arm64-apple-ios10.0 -fmessage-length\=0 -fdiagnostics-show-note-include-stack -fmacro-backtrace-limit\=0 -Wno-trigraphs -fpascal-strings -O0 -Wno-missing-field-initializers -Wno-missing-prototypes -Wno-return-type -Wno-non-virtual-dtor -Wno-overloaded-virtual -Wno-exit-time-destructors -Wno-missing-braces -Wparentheses -Wswitch -Wno-unused-function -Wno-unused-label -Wno-unused-parameter -Wno-unused-variable -Wunused-value -Wno-empty-body -Wno-uninitialized -Wno-unknown-pragmas -Wno-shadow -Wno-four-char-constants -Wno-conversion -Wno-constant-conversion -Wno-int-conversion -Wno-bool-conversion -Wno-enum-conversion -Wno-float-conversion -Wno-non-literal-null-conversion -Wno-objc-literal-conversion -Wshorten-64-to-32 -Wno-newline-eof -Wno-c++11-extensions -Wno-implicit-fallthrough -DCMAKE_INTDIR\=\"Debug-iphoneos\" -DCXX_SUPPORTS_NO_EXTENDED_OFFSETOF -isysroot /Applications/Xcode.app/Contents/Developer/Platforms/iPhoneOS.platform/Developer/SDKs/iPhoneOS16.4.sdk -fstrict-aliasing -Wdeprecated-declarations -Winvalid-offsetof -g -Wno-sign-conversion -Wno-infinite-recursion -Wno-move -Wno-comma -Wno-block-capture-autoreleasing -Wno-strict-prototypes -Wno-range-loop-analysis -Wno-semicolon-before-method-body -I/Users/bangcle/apple-llvm-project_ios/build/CMakeFiles/CMakeTmp/Debug/include -I/Users/bangcle/apple-llvm-project_ios/build/CMakeFiles/CMakeTmp/CMAKE_TRY_COMPILE.build/Debug-iphoneos/cmTC_042f8.build/DerivedSources-normal/arm64 -I/Users/bangcle/apple-llvm-project_ios/build/CMakeFiles/CMakeTmp/CMAKE_TRY_COMPILE.build/Debug-iphoneos/cmTC_042f8.build/DerivedSources/arm64 -I/Users/bangcle/apple-llvm-project_ios/build/CMakeFiles/CMakeTmp/CMAKE_TRY_COMPILE.build/Debug-iphoneos/cmTC_042f8.build/DerivedSources -F/Users/bangcle/apple-llvm-project_ios/build/CMakeFiles/CMakeTmp/Debug -DWITH_BKS -DWITH_FBS -DWITH_LOCKDOWN -fvisibility-inlines-hidden -Werror\=date-time -Werror\=unguarded-availability-new -Wall -Wextra -Wno-unused-parameter -Wwrite-strings -Wcast-qual -Wmissing-field-initializers -pedantic -Wno-long-long -Wc++98-compat-extra-semi -Wimplicit-fallthrough -Wcovered-switch-default -Wno-noexcept-type -Wnon-virtual-dtor -Wdelete-non-virtual-dtor -Wsuggest-override -Wstring-conversion -Wmisleading-indentation -Wno-deprecated-declarations -Wno-unknown-pragmas -Wno-strict-aliasing -Wno-deprecated-register -Wno-vla-extension -Wno-gnu-zero-variadic-macro-arguments -Wno-zero-length-array -Werror\=unguarded-availability-new -std\=c++14 -Wno-extended-offsetof -MMD -MT dependencies -MF /Users/bangcle/apple-llvm-project_ios/build/CMakeFiles/CMakeTmp/CMAKE_TRY_COMPILE.build/Debug-iphoneos/cmTC_042f8.build/Objects-normal/arm64/src.d --serialize-diagnostics /Users/bangcle/apple-llvm-project_ios/build/CMakeFiles/CMakeTmp/CMAKE_TRY_COMPILE.build/Debug-iphoneos/cmTC_042f8.build/Objects-normal/arm64/src.dia -c /Users/bangcle/apple-llvm-project_ios/build/CMakeFiles/CMakeTmp/src.cxx -o /Users/bangcle/apple-llvm-project_ios/build/CMakeFiles/CMakeTmp/CMAKE_TRY_COMPILE.build/Debug-iphoneos/cmTC_042f8.build/Objects-normal/arm64/src.o
warning: unknown warning option '-Wno-extended-offsetof'; did you mean '-Wno-invalid-offsetof'? [-Wunknown-warning-option]
1 warning generated.

Ld /Users/bangcle/apple-llvm-project_ios/build/CMakeFiles/CMakeTmp/Debug/cmTC_042f8 normal (in target 'cmTC_042f8' from project 'CMAKE_TRY_COMPILE')
    cd /Users/bangcle/apple-llvm-project_ios/build/CMakeFiles/CMakeTmp
    /Applications/Xcode.app/Contents/Developer/Toolchains/XcodeDefault.xctoolchain/usr/bin/clang++ -Xlinker -reproducible -target arm64-apple-ios10.0 -isysroot /Applications/Xcode.app/Contents/Developer/Platforms/iPhoneOS.platform/Developer/SDKs/iPhoneOS16.4.sdk -L/Users/bangcle/apple-llvm-project_ios/build/CMakeFiles/CMakeTmp/EagerLinkingTBDs/Debug-iphoneos -L/Users/bangcle/apple-llvm-project_ios/build/CMakeFiles/CMakeTmp/Debug -F/Users/bangcle/apple-llvm-project_ios/build/CMakeFiles/CMakeTmp/EagerLinkingTBDs/Debug-iphoneos -F/Users/bangcle/apple-llvm-project_ios/build/CMakeFiles/CMakeTmp/Debug -filelist /Users/bangcle/apple-llvm-project_ios/build/CMakeFiles/CMakeTmp/CMAKE_TRY_COMPILE.build/Debug-iphoneos/cmTC_042f8.build/Objects-normal/arm64/cmTC_042f8.LinkFileList -dead_strip -Xlinker -object_path_lto -Xlinker /Users/bangcle/apple-llvm-project_ios/build/CMakeFiles/CMakeTmp/CMAKE_TRY_COMPILE.build/Debug-iphoneos/cmTC_042f8.build/Objects-normal/arm64/cmTC_042f8_lto.o -Xlinker -no_deduplicate -stdlib\=libc++ -Wl,-sectcreate,__TEXT,__info_plist,/Users/bangcle/apple-llvm-project_ios/lldb/tools/debugserver/source/../resources/lldb-debugserver-Info.plist -Wl,-search_paths_first -Wl,-headerpad_max_install_names -Xlinker -dependency_info -Xlinker /Users/bangcle/apple-llvm-project_ios/build/CMakeFiles/CMakeTmp/CMAKE_TRY_COMPILE.build/Debug-iphoneos/cmTC_042f8.build/Objects-normal/arm64/cmTC_042f8_dependency_info.dat -o /Users/bangcle/apple-llvm-project_ios/build/CMakeFiles/CMakeTmp/Debug/cmTC_042f8

GenerateDSYMFile /Users/bangcle/apple-llvm-project_ios/build/CMakeFiles/CMakeTmp/Debug/cmTC_042f8.dSYM /Users/bangcle/apple-llvm-project_ios/build/CMakeFiles/CMakeTmp/Debug/cmTC_042f8 (in target 'cmTC_042f8' from project 'CMAKE_TRY_COMPILE')
    cd /Users/bangcle/apple-llvm-project_ios/build/CMakeFiles/CMakeTmp
    /Applications/Xcode.app/Contents/Developer/Toolchains/XcodeDefault.xctoolchain/usr/bin/dsymutil /Users/bangcle/apple-llvm-project_ios/build/CMakeFiles/CMakeTmp/Debug/cmTC_042f8 -o /Users/bangcle/apple-llvm-project_ios/build/CMakeFiles/CMakeTmp/Debug/cmTC_042f8.dSYM

RegisterExecutionPolicyException /Users/bangcle/apple-llvm-project_ios/build/CMakeFiles/CMakeTmp/Debug/cmTC_042f8 (in target 'cmTC_042f8' from project 'CMAKE_TRY_COMPILE')
    cd /Users/bangcle/apple-llvm-project_ios/build/CMakeFiles/CMakeTmp
    builtin-RegisterExecutionPolicyException /Users/bangcle/apple-llvm-project_ios/build/CMakeFiles/CMakeTmp/Debug/cmTC_042f8

/Users/bangcle/apple-llvm-project_ios/build/CMakeFiles/CMakeTmp/CMAKE_TRY_COMPILE.xcodeproj: warning: The iOS deployment target 'IPHONEOS_DEPLOYMENT_TARGET' is set to 10.0, but the range of supported deployment target versions is 11.0 to 16.4.99. (in target 'cmTC_042f8' from project 'CMAKE_TRY_COMPILE')
** BUILD SUCCEEDED **



Source file was:
int main() { return 0; }
Performing C SOURCE FILE Test BUILDING_FOR_ARM64_OSX failed with the following output:
Change Dir: /Users/bangcle/apple-llvm-project_ios/build/CMakeFiles/CMakeTmp

Run Build Command(s):/usr/bin/xcodebuild -project CMAKE_TRY_COMPILE.xcodeproj build -target cmTC_15500 -parallelizeTargets -configuration Debug -hideShellScriptEnvironment && 2023-05-09 11:06:17.641 xcodebuild[16926:5391403] DVTCoreDeviceEnabledState: DVTCoreDeviceEnabledState_Disabled set via user default (DVTEnableCoreDevice=disabled)
Command line invocation:
    /Applications/Xcode.app/Contents/Developer/usr/bin/xcodebuild -project CMAKE_TRY_COMPILE.xcodeproj build -target cmTC_15500 -parallelizeTargets -configuration Debug -hideShellScriptEnvironment

User defaults from command line:
    HideShellScriptEnvironment = YES
    IDEPackageSupportUseBuiltinSCM = YES

Computing target dependency graph and provisioning inputs

Create build description
Build description signature: 0d1a0dc46a42635a05110c77f0e0e714
Build description path: /Users/bangcle/apple-llvm-project_ios/build/CMakeFiles/CMakeTmp/build/XCBuildData/0d1a0dc46a42635a05110c77f0e0e714.xcbuilddata

note: Building targets in dependency order
CreateBuildDirectory /Users/bangcle/apple-llvm-project_ios/build/CMakeFiles/CMakeTmp
    cd /Users/bangcle/apple-llvm-project_ios/build/CMakeFiles/CMakeTmp/CMAKE_TRY_COMPILE.xcodeproj
    builtin-create-build-directory /Users/bangcle/apple-llvm-project_ios/build/CMakeFiles/CMakeTmp

ClangStatCache /Applications/Xcode.app/Contents/Developer/Toolchains/XcodeDefault.xctoolchain/usr/bin/clang-stat-cache /Applications/Xcode.app/Contents/Developer/Platforms/iPhoneOS.platform/Developer/SDKs/iPhoneOS16.4.sdk /var/folders/30/2gj68zcd49l4mylgmzd1d7n40000gn/C/com.apple.DeveloperTools/14.3-14E222b/Xcode/SDKStatCaches.noindex/iphoneos16.4-20E238-.sdkstatcache
    cd /Users/bangcle/apple-llvm-project_ios/build/CMakeFiles/CMakeTmp/CMAKE_TRY_COMPILE.xcodeproj
    /Applications/Xcode.app/Contents/Developer/Toolchains/XcodeDefault.xctoolchain/usr/bin/clang-stat-cache /Applications/Xcode.app/Contents/Developer/Platforms/iPhoneOS.platform/Developer/SDKs/iPhoneOS16.4.sdk -o /var/folders/30/2gj68zcd49l4mylgmzd1d7n40000gn/C/com.apple.DeveloperTools/14.3-14E222b/Xcode/SDKStatCaches.noindex/iphoneos16.4-20E238-.sdkstatcache

CreateBuildDirectory /Users/bangcle/apple-llvm-project_ios/build/CMakeFiles/CMakeTmp/Debug
    cd /Users/bangcle/apple-llvm-project_ios/build/CMakeFiles/CMakeTmp/CMAKE_TRY_COMPILE.xcodeproj
    builtin-create-build-directory /Users/bangcle/apple-llvm-project_ios/build/CMakeFiles/CMakeTmp/Debug

CreateBuildDirectory /Users/bangcle/apple-llvm-project_ios/build/CMakeFiles/CMakeTmp/EagerLinkingTBDs/Debug-iphoneos
    cd /Users/bangcle/apple-llvm-project_ios/build/CMakeFiles/CMakeTmp/CMAKE_TRY_COMPILE.xcodeproj
    builtin-create-build-directory /Users/bangcle/apple-llvm-project_ios/build/CMakeFiles/CMakeTmp/EagerLinkingTBDs/Debug-iphoneos

WriteAuxiliaryFile /Users/bangcle/apple-llvm-project_ios/build/CMakeFiles/CMakeTmp/CMAKE_TRY_COMPILE.build/Debug-iphoneos/cmTC_15500.build/Objects-normal/arm64/cmTC_15500.LinkFileList (in target 'cmTC_15500' from project 'CMAKE_TRY_COMPILE')
    cd /Users/bangcle/apple-llvm-project_ios/build/CMakeFiles/CMakeTmp
    write-file /Users/bangcle/apple-llvm-project_ios/build/CMakeFiles/CMakeTmp/CMAKE_TRY_COMPILE.build/Debug-iphoneos/cmTC_15500.build/Objects-normal/arm64/cmTC_15500.LinkFileList

CompileC /Users/bangcle/apple-llvm-project_ios/build/CMakeFiles/CMakeTmp/CMAKE_TRY_COMPILE.build/Debug-iphoneos/cmTC_15500.build/Objects-normal/arm64/src.o /Users/bangcle/apple-llvm-project_ios/build/CMakeFiles/CMakeTmp/src.c normal arm64 c com.apple.compilers.llvm.clang.1_0.compiler (in target 'cmTC_15500' from project 'CMAKE_TRY_COMPILE')
    cd /Users/bangcle/apple-llvm-project_ios/build/CMakeFiles/CMakeTmp
    /Applications/Xcode.app/Contents/Developer/Toolchains/XcodeDefault.xctoolchain/usr/bin/clang -x c -ivfsstatcache /var/folders/30/2gj68zcd49l4mylgmzd1d7n40000gn/C/com.apple.DeveloperTools/14.3-14E222b/Xcode/SDKStatCaches.noindex/iphoneos16.4-20E238-.sdkstatcache -target arm64-apple-ios10.0 -fmessage-length\=0 -fdiagnostics-show-note-include-stack -fmacro-backtrace-limit\=0 -Wno-trigraphs -fpascal-strings -O0 -Wno-missing-field-initializers -Wno-missing-prototypes -Wno-return-type -Wno-missing-braces -Wparentheses -Wswitch -Wno-unused-function -Wno-unused-label -Wno-unused-parameter -Wno-unused-variable -Wunused-value -Wno-empty-body -Wno-uninitialized -Wno-unknown-pragmas -Wno-shadow -Wno-four-char-constants -Wno-conversion -Wno-constant-conversion -Wno-int-conversion -Wno-bool-conversion -Wno-enum-conversion -Wno-float-conversion -Wno-non-literal-null-conversion -Wno-objc-literal-conversion -Wshorten-64-to-32 -Wpointer-sign -Wno-newline-eof -Wno-implicit-fallthrough -DCMAKE_INTDIR\=\"Debug-iphoneos\" -DBUILDING_FOR_ARM64_OSX -isysroot /Applications/Xcode.app/Contents/Developer/Platforms/iPhoneOS.platform/Developer/SDKs/iPhoneOS16.4.sdk -fstrict-aliasing -Wdeprecated-declarations -g -Wno-sign-conversion -Wno-infinite-recursion -Wno-comma -Wno-block-capture-autoreleasing -Wno-strict-prototypes -Wno-semicolon-before-method-body -I/Users/bangcle/apple-llvm-project_ios/build/CMakeFiles/CMakeTmp/Debug/include -I/Users/bangcle/apple-llvm-project_ios/build/CMakeFiles/CMakeTmp/CMAKE_TRY_COMPILE.build/Debug-iphoneos/cmTC_15500.build/DerivedSources-normal/arm64 -I/Users/bangcle/apple-llvm-project_ios/build/CMakeFiles/CMakeTmp/CMAKE_TRY_COMPILE.build/Debug-iphoneos/cmTC_15500.build/DerivedSources/arm64 -I/Users/bangcle/apple-llvm-project_ios/build/CMakeFiles/CMakeTmp/CMAKE_TRY_COMPILE.build/Debug-iphoneos/cmTC_15500.build/DerivedSources -F/Users/bangcle/apple-llvm-project_ios/build/CMakeFiles/CMakeTmp/Debug -Werror\=date-time -Werror\=unguarded-availability-new -Wall -Wextra -Wno-unused-parameter -Wwrite-strings -Wmissing-field-initializers -pedantic -Wno-long-long -Wc++98-compat-extra-semi -Wimplicit-fallthrough -Wcovered-switch-default -Wstring-conversion -Wmisleading-indentation -Werror\=unguarded-availability-new -MMD -MT dependencies -MF /Users/bangcle/apple-llvm-project_ios/build/CMakeFiles/CMakeTmp/CMAKE_TRY_COMPILE.build/Debug-iphoneos/cmTC_15500.build/Objects-normal/arm64/src.d --serialize-diagnostics /Users/bangcle/apple-llvm-project_ios/build/CMakeFiles/CMakeTmp/CMAKE_TRY_COMPILE.build/Debug-iphoneos/cmTC_15500.build/Objects-normal/arm64/src.dia -c /Users/bangcle/apple-llvm-project_ios/build/CMakeFiles/CMakeTmp/src.c -o /Users/bangcle/apple-llvm-project_ios/build/CMakeFiles/CMakeTmp/CMAKE_TRY_COMPILE.build/Debug-iphoneos/cmTC_15500.build/Objects-normal/arm64/src.o
/Users/bangcle/apple-llvm-project_ios/build/CMakeFiles/CMakeTmp/src.c:7:6: error: Not building for macOS
    #error Not building for macOS
     ^
1 error generated.

/Users/bangcle/apple-llvm-project_ios/build/CMakeFiles/CMakeTmp/CMAKE_TRY_COMPILE.xcodeproj: warning: The iOS deployment target 'IPHONEOS_DEPLOYMENT_TARGET' is set to 10.0, but the range of supported deployment target versions is 11.0 to 16.4.99. (in target 'cmTC_15500' from project 'CMAKE_TRY_COMPILE')
** BUILD FAILED **


The following build commands failed:
	CompileC /Users/bangcle/apple-llvm-project_ios/build/CMakeFiles/CMakeTmp/CMAKE_TRY_COMPILE.build/Debug-iphoneos/cmTC_15500.build/Objects-normal/arm64/src.o /Users/bangcle/apple-llvm-project_ios/build/CMakeFiles/CMakeTmp/src.c normal arm64 c com.apple.compilers.llvm.clang.1_0.compiler (in target 'cmTC_15500' from project 'CMAKE_TRY_COMPILE')
(1 failure)


Source file was:

    #include <TargetConditionals.h>
    #if TARGET_CPU_ARM64
    #if TARGET_OS_OSX
    #warning Building for macOS
    #else
    #error Not building for macOS
    #endif
    #else
    #error Not building for ARM64
    #endif
    int main() { return 0; }
    
